==========================================================================================
Information: 
Exchange parameters generated by TB2J 0.7.0
Generation time: 21/11/11 17:20:27
 Input from non-collinear Wannier90 data.
 Tight binding data from ./. 
 Prefix of wannier function files:wannier90.
Warning: Please check if the noise level of Wannier function Hamiltonian to make sure it is much smaller than the exchange values.
 The DMI component parallel to the spin orientation, the Jani which has the component of that orientation should be disregarded
 e.g. if the spins are along z, the xz, yz, zz, zx, zy components and the z component of DMI.
 If you need these component, try to do three calculations with spin along x, y, z,  or use structure with z rotated to x, y and z. And then use TB2J_merge.py to get the full set of parameters.


==========================================================================================
Cell (Angstrom):
-5.909   3.411   0.000
-5.909  -3.411   0.000
-0.000  -0.000  13.838

==========================================================================================
Atoms:  
(Note: charge and magmoms only count the wannier functions.)
Atom_number      x         y         z     w_charge    M(x)      M(y)      M(z)   
Cr1            -3.9391   -0.0000    6.9192    4.6105   -0.0000    0.0001    3.0892
Cr2            -7.8781    0.0000    6.9192    4.6105   -0.0000    0.0001    3.0892
I1             -2.0912    1.2074    5.3707    5.4608   -0.0001   -0.0002   -0.0274
I2             -7.9998    2.2040    8.4676    5.4608   -0.0003   -0.0002   -0.0274
I3             -5.9086    0.9966    5.3707    5.4609   -0.0002   -0.0000   -0.0272
I4             -5.9086   -0.9966    8.4676    5.4609   -0.0002   -0.0000   -0.0272
I5             -3.8174   -2.2040    5.3707    5.4608   -0.0003   -0.0002   -0.0274
I6             -9.7260   -1.2074    8.4676    5.4608   -0.0001   -0.0002   -0.0274
Total                                        41.9859   -0.0013   -0.0006    6.0142

==========================================================================================
Orbitals used in decomposition: 
The name of the orbitals for the decomposition: 
Cr1 : ['orb_1', 'orb_2', 'orb_3', 'orb_4', 'orb_5', 'orb_6', 'orb_7', 'orb_8', 'orb_9', 'orb_10']
Cr2 : ['orb_1', 'orb_2', 'orb_3', 'orb_4', 'orb_5', 'orb_6', 'orb_7', 'orb_8', 'orb_9', 'orb_10']

==========================================================================================
Exchange: 
    i      j          R        J_iso(meV)          vector          distance(A) 
----------------------------------------------------------------------------------------
   Cr1   Cr2   ( -1,   0,   0)  0.3122   ( 1.970, -3.411,  0.000)  3.939 
J_iso:  0.3122 
[Testing!] Jprime: 4.053,  B: -1.903
[Testing!] DMI: (-0.0000  0.0000 -0.0000)
[Testing!]J_ani:
[[-0.088 -0.027  0.06 ]
 [-0.027 -0.044  0.034]
 [ 0.06   0.034 -3.807]]
----------------------------------------------------------------------------------------
   Cr1   Cr2   (  0,  -1,   0)  0.3130   ( 1.970,  3.411,  0.000)  3.939 
J_iso:  0.3130 
[Testing!] Jprime: 4.048,  B: -1.901
[Testing!] DMI: ( 0.0000  0.0000  0.0000)
[Testing!]J_ani:
[[-0.099 -0.031  0.036]
 [-0.031 -0.035  0.032]
 [ 0.036  0.032 -3.802]]
----------------------------------------------------------------------------------------
   Cr2   Cr1   (  0,   1,   0)  0.3130   (-1.970, -3.411, -0.000)  3.939 
J_iso:  0.3130 
[Testing!] Jprime: 4.048,  B: -1.901
[Testing!] DMI: (-0.0000 -0.0000 -0.0000)
[Testing!]J_ani:
[[-0.099 -0.031  0.036]
 [-0.031 -0.035  0.032]
 [ 0.036  0.032 -3.802]]
----------------------------------------------------------------------------------------
   Cr2   Cr1   (  1,   0,   0)  0.3122   (-1.970,  3.411, -0.000)  3.939 
J_iso:  0.3122 
[Testing!] Jprime: 4.053,  B: -1.903
[Testing!] DMI: ( 0.0000 -0.0000  0.0000)
[Testing!]J_ani:
[[-0.088 -0.027  0.06 ]
 [-0.027 -0.044  0.034]
 [ 0.06   0.034 -3.807]]
----------------------------------------------------------------------------------------
   Cr1   Cr2   (  0,   0,   0)  0.3140   (-3.939,  0.000,  0.000)  3.939 
J_iso:  0.3140 
[Testing!] Jprime: 4.055,  B: -1.904
[Testing!] DMI: ( 0.0000  0.0000  0.0000)
[Testing!]J_ani:
[[-0.089 -0.037  0.05 ]
 [-0.037 -0.044  0.009]
 [ 0.05   0.009 -3.808]]
----------------------------------------------------------------------------------------
   Cr2   Cr1   (  0,   0,   0)  0.3140   ( 3.939, -0.000, -0.000)  3.939 
J_iso:  0.3140 
[Testing!] Jprime: 4.055,  B: -1.904
[Testing!] DMI: (-0.0000 -0.0000 -0.0000)
[Testing!]J_ani:
[[-0.089 -0.037  0.05 ]
 [-0.037 -0.044  0.009]
 [ 0.05   0.009 -3.808]]
----------------------------------------------------------------------------------------
   Cr1   Cr1   ( -1,   1,   0)  0.9157   ( 0.000, -6.823,  0.000)  6.823 
J_iso:  0.9157 
[Testing!] Jprime: 2.484,  B: -0.892
[Testing!] DMI: (-0.0098 -0.0132  0.0143)
[Testing!]J_ani:
[[-0.226 -0.021 -0.176]
 [-0.021 -0.207 -0.091]
 [-0.176 -0.091 -1.784]]
----------------------------------------------------------------------------------------
   Cr2   Cr2   ( -1,   1,   0)  0.9157   ( 0.000, -6.823,  0.000)  6.823 
J_iso:  0.9157 
[Testing!] Jprime: 2.484,  B: -0.892
[Testing!] DMI: ( 0.0098  0.0132 -0.0143)
[Testing!]J_ani:
[[-0.226 -0.021 -0.176]
 [-0.021 -0.207 -0.091]
 [-0.176 -0.091 -1.784]]
----------------------------------------------------------------------------------------
   Cr1   Cr1   (  1,  -1,   0)  0.9157   ( 0.000,  6.823,  0.000)  6.823 
J_iso:  0.9157 
[Testing!] Jprime: 2.484,  B: -0.892
[Testing!] DMI: ( 0.0098  0.0132 -0.0143)
[Testing!]J_ani:
[[-0.226 -0.021 -0.176]
 [-0.021 -0.207 -0.091]
 [-0.176 -0.091 -1.784]]
----------------------------------------------------------------------------------------
   Cr2   Cr2   (  1,  -1,   0)  0.9157   ( 0.000,  6.823,  0.000)  6.823 
J_iso:  0.9157 
[Testing!] Jprime: 2.484,  B: -0.892
[Testing!] DMI: (-0.0098 -0.0132  0.0143)
[Testing!]J_ani:
[[-0.226 -0.021 -0.176]
 [-0.021 -0.207 -0.091]
 [-0.176 -0.091 -1.784]]
----------------------------------------------------------------------------------------
   Cr1   Cr1   (  0,   1,   0)  0.9102   (-5.909, -3.411,  0.000)  6.823 
J_iso:  0.9102 
[Testing!] Jprime: 2.485,  B: -0.892
[Testing!] DMI: ( 0.0080  0.0098 -0.0143)
[Testing!]J_ani:
[[-0.22  -0.018 -0.174]
 [-0.018 -0.201 -0.087]
 [-0.174 -0.087 -1.785]]
----------------------------------------------------------------------------------------
   Cr1   Cr1   (  1,   0,   0)  0.9157   (-5.909,  3.411,  0.000)  6.823 
J_iso:  0.9157 
[Testing!] Jprime: 2.484,  B: -0.892
[Testing!] DMI: (-0.0116 -0.0100  0.0147)
[Testing!]J_ani:
[[-0.228 -0.019 -0.179]
 [-0.019 -0.205 -0.087]
 [-0.179 -0.087 -1.785]]
----------------------------------------------------------------------------------------
   Cr1   Cr1   ( -1,   0,   0)  0.9157   ( 5.909, -3.411,  0.000)  6.823 
J_iso:  0.9157 
[Testing!] Jprime: 2.484,  B: -0.892
[Testing!] DMI: ( 0.0116  0.0100 -0.0147)
[Testing!]J_ani:
[[-0.228 -0.019 -0.179]
 [-0.019 -0.205 -0.087]
 [-0.179 -0.087 -1.785]]
----------------------------------------------------------------------------------------
   Cr2   Cr2   ( -1,   0,   0)  0.9157   ( 5.909, -3.411,  0.000)  6.823 
J_iso:  0.9157 
[Testing!] Jprime: 2.484,  B: -0.892
[Testing!] DMI: (-0.0116 -0.0100  0.0147)
[Testing!]J_ani:
[[-0.228 -0.019 -0.179]
 [-0.019 -0.205 -0.087]
 [-0.179 -0.087 -1.785]]
----------------------------------------------------------------------------------------
   Cr1   Cr1   (  0,  -1,   0)  0.9102   ( 5.909,  3.411,  0.000)  6.823 
J_iso:  0.9102 
[Testing!] Jprime: 2.485,  B: -0.892
[Testing!] DMI: (-0.0080 -0.0098  0.0143)
[Testing!]J_ani:
[[-0.22  -0.018 -0.174]
 [-0.018 -0.201 -0.087]
 [-0.174 -0.087 -1.785]]
----------------------------------------------------------------------------------------
   Cr2   Cr2   (  0,  -1,   0)  0.9102   ( 5.909,  3.411,  0.000)  6.823 
J_iso:  0.9102 
[Testing!] Jprime: 2.485,  B: -0.892
[Testing!] DMI: ( 0.0080  0.0098 -0.0143)
[Testing!]J_ani:
[[-0.22  -0.018 -0.174]
 [-0.018 -0.201 -0.087]
 [-0.174 -0.087 -1.785]]
----------------------------------------------------------------------------------------
   Cr2   Cr2   (  0,   1,   0)  0.9102   (-5.909, -3.411,  0.000)  6.823 
J_iso:  0.9102 
[Testing!] Jprime: 2.485,  B: -0.892
[Testing!] DMI: (-0.0080 -0.0098  0.0143)
[Testing!]J_ani:
[[-0.22  -0.018 -0.174]
 [-0.018 -0.201 -0.087]
 [-0.174 -0.087 -1.785]]
----------------------------------------------------------------------------------------
   Cr2   Cr2   (  1,   0,   0)  0.9157   (-5.909,  3.411,  0.000)  6.823 
J_iso:  0.9157 
[Testing!] Jprime: 2.484,  B: -0.892
[Testing!] DMI: ( 0.0116  0.0100 -0.0147)
[Testing!]J_ani:
[[-0.228 -0.019 -0.179]
 [-0.019 -0.205 -0.087]
 [-0.179 -0.087 -1.785]]
----------------------------------------------------------------------------------------
   Cr1   Cr2   ( -1,   1,   0) -0.0506   (-3.939, -6.823,  0.000)  7.878 
J_iso: -0.0506 
[Testing!] Jprime: 0.001,  B: -0.087
[Testing!] DMI: ( 0.0000  0.0000  0.0000)
[Testing!]J_ani:
[[-0.178 -0.109 -0.111]
 [-0.109 -0.066 -0.052]
 [-0.111 -0.052 -0.174]]
----------------------------------------------------------------------------------------
   Cr2   Cr1   ( -1,   1,   0) -0.0415   ( 3.939, -6.823, -0.000)  7.878 
J_iso: -0.0415 
[Testing!] Jprime: -0.001,  B: -0.087
[Testing!] DMI: (-0.0000  0.0000  0.0000)
[Testing!]J_ani:
[[-0.208 -0.12  -0.11 ]
 [-0.12  -0.057 -0.052]
 [-0.11  -0.052 -0.173]]
----------------------------------------------------------------------------------------
   Cr1   Cr2   (  1,  -1,   0) -0.0415   (-3.939,  6.823,  0.000)  7.878 
J_iso: -0.0415 
[Testing!] Jprime: -0.001,  B: -0.087
[Testing!] DMI: ( 0.0000 -0.0000 -0.0000)
[Testing!]J_ani:
[[-0.208 -0.12  -0.11 ]
 [-0.12  -0.057 -0.052]
 [-0.11  -0.052 -0.173]]
----------------------------------------------------------------------------------------
   Cr2   Cr1   (  1,  -1,   0) -0.0506   ( 3.939,  6.823, -0.000)  7.878 
J_iso: -0.0506 
[Testing!] Jprime: 0.001,  B: -0.087
[Testing!] DMI: (-0.0000 -0.0000 -0.0000)
[Testing!]J_ani:
[[-0.178 -0.109 -0.111]
 [-0.109 -0.066 -0.052]
 [-0.111 -0.052 -0.174]]
----------------------------------------------------------------------------------------
   Cr1   Cr2   ( -1,  -1,   0) -0.0531   ( 7.878,  0.000,  0.000)  7.878 
J_iso: -0.0531 
[Testing!] Jprime: -0.002,  B: -0.086
[Testing!] DMI: ( 0.0000  0.0000 -0.0000)
[Testing!]J_ani:
[[-0.195 -0.097 -0.11 ]
 [-0.097 -0.045 -0.053]
 [-0.11  -0.053 -0.172]]
----------------------------------------------------------------------------------------
   Cr2   Cr1   (  1,   1,   0) -0.0531   (-7.878, -0.000, -0.000)  7.878 
J_iso: -0.0531 
[Testing!] Jprime: -0.002,  B: -0.086
[Testing!] DMI: (-0.0000 -0.0000  0.0000)
[Testing!]J_ani:
[[-0.195 -0.097 -0.11 ]
 [-0.097 -0.045 -0.053]
 [-0.11  -0.053 -0.172]]
----------------------------------------------------------------------------------------
   Cr1   Cr2   ( -2,   1,   0)  0.0516   ( 1.970, -10.234,  0.000) 10.422 
J_iso:  0.0516 
[Testing!] Jprime: 0.105,  B: -0.049
[Testing!] DMI: ( 0.0000 -0.0000  0.0000)
[Testing!]J_ani:
[[-0.059  0.004  0.008]
 [ 0.004 -0.031 -0.039]
 [ 0.008 -0.039 -0.099]]
----------------------------------------------------------------------------------------
   Cr2   Cr1   ( -1,   2,   0)  0.0686   (-1.970, -10.234, -0.000) 10.422 
J_iso:  0.0686 
[Testing!] Jprime: 0.105,  B: -0.049
[Testing!] DMI: (-0.0000  0.0000 -0.0000)
[Testing!]J_ani:
[[-0.027 -0.031 -0.024]
 [-0.031 -0.097  0.016]
 [-0.024  0.016 -0.098]]
----------------------------------------------------------------------------------------
   Cr1   Cr2   (  1,  -2,   0)  0.0686   ( 1.970, 10.234,  0.000) 10.422 
J_iso:  0.0686 
[Testing!] Jprime: 0.105,  B: -0.049
[Testing!] DMI: ( 0.0000 -0.0000  0.0000)
[Testing!]J_ani:
[[-0.027 -0.031 -0.024]
 [-0.031 -0.097  0.016]
 [-0.024  0.016 -0.098]]
----------------------------------------------------------------------------------------
   Cr2   Cr1   (  2,  -1,   0)  0.0516   (-1.970, 10.234, -0.000) 10.422 
J_iso:  0.0516 
[Testing!] Jprime: 0.105,  B: -0.049
[Testing!] DMI: (-0.0000  0.0000 -0.0000)
[Testing!]J_ani:
[[-0.059  0.004  0.008]
 [ 0.004 -0.031 -0.039]
 [ 0.008 -0.039 -0.099]]
----------------------------------------------------------------------------------------
   Cr1   Cr2   ( -2,   0,   0)  0.0651   ( 7.878, -6.823,  0.000) 10.422 
J_iso:  0.0651 
[Testing!] Jprime: 0.106,  B: -0.049
[Testing!] DMI: ( 0.0000 -0.0000 -0.0000)
[Testing!]J_ani:
[[-0.035 -0.033 -0.026]
 [-0.033 -0.08   0.024]
 [-0.026  0.024 -0.099]]
----------------------------------------------------------------------------------------
   Cr1   Cr2   (  0,  -2,   0)  0.0491   ( 7.878,  6.823,  0.000) 10.422 
J_iso:  0.0491 
[Testing!] Jprime: 0.104,  B: -0.049
[Testing!] DMI: ( 0.0000  0.0000  0.0000)
[Testing!]J_ani:
[[-0.049  0.006  0.01 ]
 [ 0.006 -0.037 -0.033]
 [ 0.01  -0.033 -0.098]]
----------------------------------------------------------------------------------------
   Cr2   Cr1   (  0,   2,   0)  0.0491   (-7.878, -6.823, -0.000) 10.422 
J_iso:  0.0491 
[Testing!] Jprime: 0.104,  B: -0.049
[Testing!] DMI: (-0.0000 -0.0000 -0.0000)
[Testing!]J_ani:
[[-0.049  0.006  0.01 ]
 [ 0.006 -0.037 -0.033]
 [ 0.01  -0.033 -0.098]]
----------------------------------------------------------------------------------------
   Cr2   Cr1   (  2,   0,   0)  0.0651   (-7.878,  6.823, -0.000) 10.422 
J_iso:  0.0651 
[Testing!] Jprime: 0.106,  B: -0.049
[Testing!] DMI: (-0.0000  0.0000  0.0000)
[Testing!]J_ani:
[[-0.035 -0.033 -0.026]
 [-0.033 -0.08   0.024]
 [-0.026  0.024 -0.099]]
----------------------------------------------------------------------------------------
   Cr2   Cr1   ( -1,   0,   0)  0.0535   ( 9.848, -3.411, -0.000) 10.422 
J_iso:  0.0535 
[Testing!] Jprime: 0.106,  B: -0.049
[Testing!] DMI: ( 0.0000  0.0000 -0.0000)
[Testing!]J_ani:
[[-0.059  0.013  0.003]
 [ 0.013 -0.034 -0.035]
 [ 0.003 -0.035 -0.099]]
----------------------------------------------------------------------------------------
   Cr2   Cr1   (  0,  -1,   0)  0.0579   ( 9.848,  3.411, -0.000) 10.422 
J_iso:  0.0579 
[Testing!] Jprime: 0.104,  B: -0.049
[Testing!] DMI: ( 0.0000  0.0000 -0.0000)
[Testing!]J_ani:
[[-0.026 -0.022 -0.019]
 [-0.022 -0.077  0.023]
 [-0.019  0.023 -0.098]]
----------------------------------------------------------------------------------------
   Cr1   Cr2   (  0,   1,   0)  0.0579   (-9.848, -3.411,  0.000) 10.422 
J_iso:  0.0579 
[Testing!] Jprime: 0.104,  B: -0.049
[Testing!] DMI: (-0.0000 -0.0000  0.0000)
[Testing!]J_ani:
[[-0.026 -0.022 -0.019]
 [-0.022 -0.077  0.023]
 [-0.019  0.023 -0.098]]
----------------------------------------------------------------------------------------
   Cr1   Cr2   (  1,   0,   0)  0.0535   (-9.848,  3.411,  0.000) 10.422 
J_iso:  0.0535 
[Testing!] Jprime: 0.106,  B: -0.049
[Testing!] DMI: (-0.0000 -0.0000  0.0000)
[Testing!]J_ani:
[[-0.059  0.013  0.003]
 [ 0.013 -0.034 -0.035]
 [ 0.003 -0.035 -0.099]]
----------------------------------------------------------------------------------------
   Cr1   Cr1   ( -2,   1,   0)  0.0032   ( 5.909, -10.234,  0.000) 11.817 
J_iso:  0.0032 
[Testing!] Jprime: 0.015,  B: -0.018
[Testing!] DMI: (-0.0100  0.0105 -0.0005)
[Testing!]J_ani:
[[-0.024 -0.002 -0.007]
 [-0.002 -0.026 -0.008]
 [-0.007 -0.008 -0.037]]
----------------------------------------------------------------------------------------
   Cr2   Cr2   ( -2,   1,   0)  0.0032   ( 5.909, -10.234,  0.000) 11.817 
J_iso:  0.0032 
[Testing!] Jprime: 0.015,  B: -0.018
[Testing!] DMI: ( 0.0100 -0.0105  0.0005)
[Testing!]J_ani:
[[-0.024 -0.002 -0.007]
 [-0.002 -0.026 -0.008]
 [-0.007 -0.008 -0.037]]
----------------------------------------------------------------------------------------
   Cr1   Cr1   ( -1,   2,   0)  0.0049   (-5.909, -10.234,  0.000) 11.817 
J_iso:  0.0049 
[Testing!] Jprime: 0.015,  B: -0.019
[Testing!] DMI: ( 0.0103 -0.0052  0.0010)
[Testing!]J_ani:
[[-0.025 -0.003 -0.004]
 [-0.003 -0.03  -0.008]
 [-0.004 -0.008 -0.037]]
----------------------------------------------------------------------------------------
   Cr2   Cr2   ( -1,   2,   0)  0.0049   (-5.909, -10.234,  0.000) 11.817 
J_iso:  0.0049 
[Testing!] Jprime: 0.015,  B: -0.019
[Testing!] DMI: (-0.0103  0.0052 -0.0010)
[Testing!]J_ani:
[[-0.025 -0.003 -0.004]
 [-0.003 -0.03  -0.008]
 [-0.004 -0.008 -0.037]]
----------------------------------------------------------------------------------------
   Cr1   Cr1   (  1,  -2,   0)  0.0049   ( 5.909, 10.234,  0.000) 11.817 
J_iso:  0.0049 
[Testing!] Jprime: 0.015,  B: -0.019
[Testing!] DMI: (-0.0103  0.0052 -0.0010)
[Testing!]J_ani:
[[-0.025 -0.003 -0.004]
 [-0.003 -0.03  -0.008]
 [-0.004 -0.008 -0.037]]
----------------------------------------------------------------------------------------
   Cr2   Cr2   (  1,  -2,   0)  0.0049   ( 5.909, 10.234,  0.000) 11.817 
J_iso:  0.0049 
[Testing!] Jprime: 0.015,  B: -0.019
[Testing!] DMI: ( 0.0103 -0.0052  0.0010)
[Testing!]J_ani:
[[-0.025 -0.003 -0.004]
 [-0.003 -0.03  -0.008]
 [-0.004 -0.008 -0.037]]
----------------------------------------------------------------------------------------
   Cr1   Cr1   (  2,  -1,   0)  0.0032   (-5.909, 10.234,  0.000) 11.817 
J_iso:  0.0032 
[Testing!] Jprime: 0.015,  B: -0.018
[Testing!] DMI: ( 0.0100 -0.0105  0.0005)
[Testing!]J_ani:
[[-0.024 -0.002 -0.007]
 [-0.002 -0.026 -0.008]
 [-0.007 -0.008 -0.037]]
----------------------------------------------------------------------------------------
   Cr2   Cr2   (  2,  -1,   0)  0.0032   (-5.909, 10.234,  0.000) 11.817 
J_iso:  0.0032 
[Testing!] Jprime: 0.015,  B: -0.018
[Testing!] DMI: (-0.0100  0.0105 -0.0005)
[Testing!]J_ani:
[[-0.024 -0.002 -0.007]
 [-0.002 -0.026 -0.008]
 [-0.007 -0.008 -0.037]]
----------------------------------------------------------------------------------------
   Cr2   Cr2   (  1,   1,   0) -0.0086   (-11.817,  0.000,  0.000) 11.817 
J_iso: -0.0086 
[Testing!] Jprime: 0.015,  B: -0.019
[Testing!] DMI: ( 0.0059 -0.0088  0.0008)
[Testing!]J_ani:
[[-0.013 -0.    -0.005]
 [-0.    -0.015 -0.004]
 [-0.005 -0.004 -0.037]]
----------------------------------------------------------------------------------------
   Cr1   Cr1   ( -1,  -1,   0) -0.0086   (11.817,  0.000,  0.000) 11.817 
J_iso: -0.0086 
[Testing!] Jprime: 0.015,  B: -0.019
[Testing!] DMI: ( 0.0059 -0.0088  0.0008)
[Testing!]J_ani:
[[-0.013 -0.    -0.005]
 [-0.    -0.015 -0.004]
 [-0.005 -0.004 -0.037]]
----------------------------------------------------------------------------------------
   Cr2   Cr2   ( -1,  -1,   0) -0.0086   (11.817,  0.000,  0.000) 11.817 
J_iso: -0.0086 
[Testing!] Jprime: 0.015,  B: -0.019
[Testing!] DMI: (-0.0059  0.0088 -0.0008)
[Testing!]J_ani:
[[-0.013 -0.    -0.005]
 [-0.    -0.015 -0.004]
 [-0.005 -0.004 -0.037]]
----------------------------------------------------------------------------------------
   Cr1   Cr1   (  1,   1,   0) -0.0086   (-11.817,  0.000,  0.000) 11.817 
J_iso: -0.0086 
[Testing!] Jprime: 0.015,  B: -0.019
[Testing!] DMI: (-0.0059  0.0088 -0.0008)
[Testing!]J_ani:
[[-0.013 -0.    -0.005]
 [-0.    -0.015 -0.004]
 [-0.005 -0.004 -0.037]]
----------------------------------------------------------------------------------------
   Cr1   Cr1   ( -2,   2,   0)  0.0101   ( 0.000, -13.645,  0.000) 13.645 
J_iso:  0.0101 
[Testing!] Jprime: -0.000,  B: -0.003
[Testing!] DMI: (-0.0002  0.0003  0.0020)
[Testing!]J_ani:
[[-0.019 -0.007 -0.   ]
 [-0.007 -0.013 -0.   ]
 [-0.    -0.    -0.006]]
----------------------------------------------------------------------------------------
   Cr2   Cr2   ( -2,   2,   0)  0.0101   ( 0.000, -13.645,  0.000) 13.645 
J_iso:  0.0101 
[Testing!] Jprime: -0.000,  B: -0.003
[Testing!] DMI: ( 0.0002 -0.0003 -0.0020)
[Testing!]J_ani:
[[-0.019 -0.007 -0.   ]
 [-0.007 -0.013 -0.   ]
 [-0.    -0.    -0.006]]
----------------------------------------------------------------------------------------
   Cr1   Cr1   (  2,  -2,   0)  0.0101   ( 0.000, 13.645,  0.000) 13.645 
J_iso:  0.0101 
[Testing!] Jprime: -0.000,  B: -0.003
[Testing!] DMI: ( 0.0002 -0.0003 -0.0020)
[Testing!]J_ani:
[[-0.019 -0.007 -0.   ]
 [-0.007 -0.013 -0.   ]
 [-0.    -0.    -0.006]]
----------------------------------------------------------------------------------------
   Cr2   Cr2   (  2,  -2,   0)  0.0101   ( 0.000, 13.645,  0.000) 13.645 
J_iso:  0.0101 
[Testing!] Jprime: -0.000,  B: -0.003
[Testing!] DMI: (-0.0002  0.0003  0.0020)
[Testing!]J_ani:
[[-0.019 -0.007 -0.   ]
 [-0.007 -0.013 -0.   ]
 [-0.    -0.    -0.006]]
----------------------------------------------------------------------------------------
   Cr2   Cr2   (  0,   2,   0)  0.0058   (-11.817, -6.823,  0.000) 13.645 
J_iso:  0.0058 
[Testing!] Jprime: -0.001,  B: -0.003
[Testing!] DMI: (-0.0001  0.0009  0.0019)
[Testing!]J_ani:
[[-0.015 -0.005 -0.   ]
 [-0.005 -0.009 -0.   ]
 [-0.    -0.    -0.006]]
----------------------------------------------------------------------------------------
   Cr2   Cr2   (  2,   0,   0)  0.0088   (-11.817,  6.823,  0.000) 13.645 
J_iso:  0.0088 
[Testing!] Jprime: -0.002,  B: -0.003
[Testing!] DMI: ( 0.0015 -0.0010 -0.0019)
[Testing!]J_ani:
[[-0.02  -0.006 -0.   ]
 [-0.006 -0.011 -0.   ]
 [-0.    -0.    -0.005]]
----------------------------------------------------------------------------------------
   Cr1   Cr1   ( -2,   0,   0)  0.0088   (11.817, -6.823,  0.000) 13.645 
J_iso:  0.0088 
[Testing!] Jprime: -0.002,  B: -0.003
[Testing!] DMI: ( 0.0015 -0.0010 -0.0019)
[Testing!]J_ani:
[[-0.02  -0.006 -0.   ]
 [-0.006 -0.011 -0.   ]
 [-0.    -0.    -0.005]]
----------------------------------------------------------------------------------------
   Cr2   Cr2   ( -2,   0,   0)  0.0088   (11.817, -6.823,  0.000) 13.645 
J_iso:  0.0088 
[Testing!] Jprime: -0.002,  B: -0.003
[Testing!] DMI: (-0.0015  0.0010  0.0019)
[Testing!]J_ani:
[[-0.02  -0.006 -0.   ]
 [-0.006 -0.011 -0.   ]
 [-0.    -0.    -0.005]]
----------------------------------------------------------------------------------------
   Cr1   Cr1   (  0,  -2,   0)  0.0058   (11.817,  6.823,  0.000) 13.645 
J_iso:  0.0058 
[Testing!] Jprime: -0.001,  B: -0.003
[Testing!] DMI: (-0.0001  0.0009  0.0019)
[Testing!]J_ani:
[[-0.015 -0.005 -0.   ]
 [-0.005 -0.009 -0.   ]
 [-0.    -0.    -0.006]]
----------------------------------------------------------------------------------------
   Cr2   Cr2   (  0,  -2,   0)  0.0058   (11.817,  6.823,  0.000) 13.645 
J_iso:  0.0058 
[Testing!] Jprime: -0.001,  B: -0.003
[Testing!] DMI: ( 0.0001 -0.0009 -0.0019)
[Testing!]J_ani:
[[-0.015 -0.005 -0.   ]
 [-0.005 -0.009 -0.   ]
 [-0.    -0.    -0.006]]
----------------------------------------------------------------------------------------
   Cr1   Cr1   (  0,   2,   0)  0.0058   (-11.817, -6.823,  0.000) 13.645 
J_iso:  0.0058 
[Testing!] Jprime: -0.001,  B: -0.003
[Testing!] DMI: ( 0.0001 -0.0009 -0.0019)
[Testing!]J_ani:
[[-0.015 -0.005 -0.   ]
 [-0.005 -0.009 -0.   ]
 [-0.    -0.    -0.006]]
----------------------------------------------------------------------------------------
   Cr1   Cr1   (  2,   0,   0)  0.0088   (-11.817,  6.823,  0.000) 13.645 
J_iso:  0.0088 
[Testing!] Jprime: -0.002,  B: -0.003
[Testing!] DMI: (-0.0015  0.0010  0.0019)
[Testing!]J_ani:
[[-0.02  -0.006 -0.   ]
 [-0.006 -0.011 -0.   ]
 [-0.    -0.    -0.005]]
----------------------------------------------------------------------------------------
   Cr1   Cr2   ( -2,   2,   0)  0.0113   (-3.939, -13.645,  0.000) 14.202 
J_iso:  0.0113 
[Testing!] Jprime: 0.006,  B: -0.003
[Testing!] DMI: ( 0.0000  0.0000  0.0000)
[Testing!]J_ani:
[[-0.017 -0.     0.001]
 [-0.    -0.006 -0.   ]
 [ 0.001 -0.    -0.006]]
----------------------------------------------------------------------------------------
   Cr2   Cr1   ( -2,   2,   0)  0.0089   ( 3.939, -13.645, -0.000) 14.202 
J_iso:  0.0089 
[Testing!] Jprime: 0.005,  B: -0.003
[Testing!] DMI: (-0.0000  0.0000  0.0000)
[Testing!]J_ani:
[[-0.012  0.001  0.001]
 [ 0.001 -0.006  0.003]
 [ 0.001  0.003 -0.006]]
----------------------------------------------------------------------------------------
   Cr1   Cr2   (  2,  -2,   0)  0.0089   (-3.939, 13.645,  0.000) 14.202 
J_iso:  0.0089 
[Testing!] Jprime: 0.005,  B: -0.003
[Testing!] DMI: ( 0.0000 -0.0000 -0.0000)
[Testing!]J_ani:
[[-0.012  0.001  0.001]
 [ 0.001 -0.006  0.003]
 [ 0.001  0.003 -0.006]]
----------------------------------------------------------------------------------------
   Cr2   Cr1   (  2,  -2,   0)  0.0113   ( 3.939, 13.645, -0.000) 14.202 
J_iso:  0.0113 
[Testing!] Jprime: 0.006,  B: -0.003
[Testing!] DMI: (-0.0000 -0.0000 -0.0000)
[Testing!]J_ani:
[[-0.017 -0.     0.001]
 [-0.    -0.006 -0.   ]
 [ 0.001 -0.    -0.006]]
----------------------------------------------------------------------------------------
   Cr2   Cr1   ( -2,   1,   0)  0.0133   ( 9.848, -10.234, -0.000) 14.202 
J_iso:  0.0133 
[Testing!] Jprime: 0.005,  B: -0.003
[Testing!] DMI: (-0.0000  0.0000 -0.0000)
[Testing!]J_ani:
[[-0.022  0.005  0.004]
 [ 0.005 -0.006  0.001]
 [ 0.004  0.001 -0.006]]
----------------------------------------------------------------------------------------
   Cr1   Cr2   ( -1,   2,   0)  0.0123   (-9.848, -10.234,  0.000) 14.202 
J_iso:  0.0123 
[Testing!] Jprime: 0.006,  B: -0.003
[Testing!] DMI: ( 0.0000 -0.0000 -0.0000)
[Testing!]J_ani:
[[-0.016 -0.003 -0.001]
 [-0.003 -0.009  0.004]
 [-0.001  0.004 -0.006]]
----------------------------------------------------------------------------------------
   Cr2   Cr1   (  1,  -2,   0)  0.0123   ( 9.848, 10.234, -0.000) 14.202 
J_iso:  0.0123 
[Testing!] Jprime: 0.006,  B: -0.003
[Testing!] DMI: (-0.0000  0.0000  0.0000)
[Testing!]J_ani:
[[-0.016 -0.003 -0.001]
 [-0.003 -0.009  0.004]
 [-0.001  0.004 -0.006]]
----------------------------------------------------------------------------------------
   Cr1   Cr2   (  2,  -1,   0)  0.0133   (-9.848, 10.234,  0.000) 14.202 
J_iso:  0.0133 
[Testing!] Jprime: 0.005,  B: -0.003
[Testing!] DMI: ( 0.0000 -0.0000  0.0000)
[Testing!]J_ani:
[[-0.022  0.005  0.004]
 [ 0.005 -0.006  0.001]
 [ 0.004  0.001 -0.006]]
----------------------------------------------------------------------------------------
   Cr1   Cr2   ( -2,  -1,   0)  0.0090   (13.787, -3.411,  0.000) 14.202 
J_iso:  0.0090 
[Testing!] Jprime: 0.005,  B: -0.003
[Testing!] DMI: (-0.0000 -0.0000  0.0000)
[Testing!]J_ani:
[[-0.007  0.001  0.   ]
 [ 0.001 -0.012  0.004]
 [ 0.     0.004 -0.006]]
----------------------------------------------------------------------------------------
   Cr1   Cr2   ( -1,  -2,   0)  0.0050   (13.787,  3.411,  0.000) 14.202 
J_iso:  0.0050 
[Testing!] Jprime: 0.005,  B: -0.003
[Testing!] DMI: (-0.0000  0.0000  0.0000)
[Testing!]J_ani:
[[-0.006  0.001  0.002]
 [ 0.001 -0.005 -0.001]
 [ 0.002 -0.001 -0.006]]
----------------------------------------------------------------------------------------
   Cr2   Cr1   (  1,   2,   0)  0.0050   (-13.787, -3.411, -0.000) 14.202 
J_iso:  0.0050 
[Testing!] Jprime: 0.005,  B: -0.003
[Testing!] DMI: ( 0.0000 -0.0000 -0.0000)
[Testing!]J_ani:
[[-0.006  0.001  0.002]
 [ 0.001 -0.005 -0.001]
 [ 0.002 -0.001 -0.006]]
----------------------------------------------------------------------------------------
   Cr2   Cr1   (  2,   1,   0)  0.0090   (-13.787,  3.411, -0.000) 14.202 
J_iso:  0.0090 
[Testing!] Jprime: 0.005,  B: -0.003
[Testing!] DMI: ( 0.0000  0.0000 -0.0000)
[Testing!]J_ani:
[[-0.007  0.001  0.   ]
 [ 0.001 -0.012  0.004]
 [ 0.     0.004 -0.006]]
----------------------------------------------------------------------------------------
   Cr1   Cr2   ( -3,   1,   0)  0.0040   ( 7.878, -13.645,  0.000) 15.756 
J_iso:  0.0040 
[Testing!] Jprime: 0.002,  B: -0.004
[Testing!] DMI: ( 0.0000  0.0000 -0.0000)
[Testing!]J_ani:
[[-0.01  -0.004  0.003]
 [-0.004 -0.009  0.004]
 [ 0.003  0.004 -0.008]]
----------------------------------------------------------------------------------------
   Cr2   Cr1   ( -1,   3,   0)  0.0054   (-7.878, -13.645, -0.000) 15.756 
J_iso:  0.0054 
[Testing!] Jprime: 0.002,  B: -0.004
[Testing!] DMI: (-0.0000 -0.0000  0.0000)
[Testing!]J_ani:
[[-0.01  -0.003 -0.   ]
 [-0.003 -0.011  0.004]
 [-0.     0.004 -0.007]]
----------------------------------------------------------------------------------------
   Cr1   Cr2   (  1,  -3,   0)  0.0054   ( 7.878, 13.645,  0.000) 15.756 
J_iso:  0.0054 
[Testing!] Jprime: 0.002,  B: -0.004
[Testing!] DMI: ( 0.0000  0.0000 -0.0000)
[Testing!]J_ani:
[[-0.01  -0.003 -0.   ]
 [-0.003 -0.011  0.004]
 [-0.     0.004 -0.007]]
----------------------------------------------------------------------------------------
   Cr2   Cr1   (  3,  -1,   0)  0.0040   (-7.878, 13.645, -0.000) 15.756 
J_iso:  0.0040 
[Testing!] Jprime: 0.002,  B: -0.004
[Testing!] DMI: (-0.0000 -0.0000  0.0000)
[Testing!]J_ani:
[[-0.01  -0.004  0.003]
 [-0.004 -0.009  0.004]
 [ 0.003  0.004 -0.008]]
----------------------------------------------------------------------------------------
   Cr1   Cr2   (  1,   1,   0)  0.0023   (-15.756,  0.000,  0.000) 15.756 
J_iso:  0.0023 
[Testing!] Jprime: 0.002,  B: -0.004
[Testing!] DMI: ( 0.0000  0.0000  0.0000)
[Testing!]J_ani:
[[-0.009 -0.003  0.001]
 [-0.003 -0.006  0.002]
 [ 0.001  0.002 -0.007]]
----------------------------------------------------------------------------------------
   Cr2   Cr1   ( -1,  -1,   0)  0.0023   (15.756, -0.000, -0.000) 15.756 
J_iso:  0.0023 
[Testing!] Jprime: 0.002,  B: -0.004
[Testing!] DMI: (-0.0000 -0.0000 -0.0000)
[Testing!]J_ani:
[[-0.009 -0.003  0.001]
 [-0.003 -0.006  0.002]
 [ 0.001  0.002 -0.007]]
----------------------------------------------------------------------------------------
   Cr1   Cr2   ( -3,   2,   0)  0.0045   ( 1.970, -17.057,  0.000) 17.170 
J_iso:  0.0045 
[Testing!] Jprime: 0.001,  B: -0.001
[Testing!] DMI: ( 0.0000  0.0000  0.0000)
[Testing!]J_ani:
[[-0.006 -0.     0.   ]
 [-0.    -0.005  0.   ]
 [ 0.     0.    -0.001]]
----------------------------------------------------------------------------------------
   Cr2   Cr1   ( -2,   3,   0)  0.0040   (-1.970, -17.057, -0.000) 17.170 
J_iso:  0.0040 
[Testing!] Jprime: 0.001,  B: -0.001
[Testing!] DMI: ( 0.0000 -0.0000  0.0000)
[Testing!]J_ani:
[[-0.006  0.    -0.   ]
 [ 0.    -0.004  0.001]
 [-0.     0.001 -0.002]]
----------------------------------------------------------------------------------------
   Cr1   Cr2   (  2,  -3,   0)  0.0040   ( 1.970, 17.057,  0.000) 17.170 
J_iso:  0.0040 
[Testing!] Jprime: 0.001,  B: -0.001
[Testing!] DMI: (-0.0000  0.0000 -0.0000)
[Testing!]J_ani:
[[-0.006  0.    -0.   ]
 [ 0.    -0.004  0.001]
 [-0.     0.001 -0.002]]
----------------------------------------------------------------------------------------
   Cr2   Cr1   (  3,  -2,   0)  0.0045   (-1.970, 17.057, -0.000) 17.170 
J_iso:  0.0045 
[Testing!] Jprime: 0.001,  B: -0.001
[Testing!] DMI: (-0.0000 -0.0000 -0.0000)
[Testing!]J_ani:
[[-0.006 -0.     0.   ]
 [-0.    -0.005  0.   ]
 [ 0.     0.    -0.001]]
----------------------------------------------------------------------------------------
   Cr1   Cr2   ( -3,   0,   0)  0.0069   (13.787, -10.234,  0.000) 17.170 
J_iso:  0.0069 
[Testing!] Jprime: 0.001,  B: -0.001
[Testing!] DMI: ( 0.0000 -0.0000 -0.0000)
[Testing!]J_ani:
[[-0.008 -0.     0.   ]
 [-0.    -0.007  0.002]
 [ 0.     0.002 -0.002]]
----------------------------------------------------------------------------------------
   Cr1   Cr2   (  0,  -3,   0)  0.0063   (13.787, 10.234,  0.000) 17.170 
J_iso:  0.0063 
[Testing!] Jprime: 0.001,  B: -0.001
[Testing!] DMI: (-0.0000 -0.0000  0.0000)
[Testing!]J_ani:
[[-0.008 -0.002  0.   ]
 [-0.002 -0.006  0.001]
 [ 0.     0.001 -0.001]]
----------------------------------------------------------------------------------------
   Cr2   Cr1   (  0,   3,   0)  0.0063   (-13.787, -10.234, -0.000) 17.170 
J_iso:  0.0063 
[Testing!] Jprime: 0.001,  B: -0.001
[Testing!] DMI: ( 0.0000  0.0000 -0.0000)
[Testing!]J_ani:
[[-0.008 -0.002  0.   ]
 [-0.002 -0.006  0.001]
 [ 0.     0.001 -0.001]]
----------------------------------------------------------------------------------------
   Cr2   Cr1   (  3,   0,   0)  0.0069   (-13.787, 10.234, -0.000) 17.170 
J_iso:  0.0069 
[Testing!] Jprime: 0.001,  B: -0.001
[Testing!] DMI: (-0.0000  0.0000  0.0000)
[Testing!]J_ani:
[[-0.008 -0.     0.   ]
 [-0.    -0.007  0.002]
 [ 0.     0.002 -0.002]]
----------------------------------------------------------------------------------------
   Cr1   Cr2   (  0,   2,   0)  0.0028   (-15.756, -6.823,  0.000) 17.170 
J_iso:  0.0028 
[Testing!] Jprime: 0.001,  B: -0.001
[Testing!] DMI: (-0.0000  0.0000 -0.0000)
[Testing!]J_ani:
[[-0.004 -0.     0.001]
 [-0.    -0.003  0.001]
 [ 0.001  0.001 -0.002]]
----------------------------------------------------------------------------------------
   Cr1   Cr2   (  2,   0,   0)  0.0066   (-15.756,  6.823,  0.000) 17.170 
J_iso:  0.0066 
[Testing!] Jprime: 0.001,  B: -0.001
[Testing!] DMI: (-0.0000 -0.0000  0.0000)
[Testing!]J_ani:
[[-0.01  -0.002 -0.   ]
 [-0.002 -0.005 -0.   ]
 [-0.    -0.    -0.001]]
----------------------------------------------------------------------------------------
   Cr2   Cr1   ( -2,   0,   0)  0.0066   (15.756, -6.823, -0.000) 17.170 
J_iso:  0.0066 
[Testing!] Jprime: 0.001,  B: -0.001
[Testing!] DMI: ( 0.0000  0.0000 -0.0000)
[Testing!]J_ani:
[[-0.01  -0.002 -0.   ]
 [-0.002 -0.005 -0.   ]
 [-0.    -0.    -0.001]]
----------------------------------------------------------------------------------------
   Cr2   Cr1   (  0,  -2,   0)  0.0028   (15.756,  6.823, -0.000) 17.170 
J_iso:  0.0028 
[Testing!] Jprime: 0.001,  B: -0.001
[Testing!] DMI: ( 0.0000 -0.0000  0.0000)
[Testing!]J_ani:
[[-0.004 -0.     0.001]
 [-0.    -0.003  0.001]
 [ 0.001  0.001 -0.002]]
----------------------------------------------------------------------------------------
   Cr1   Cr1   ( -3,   2,   0)  0.0116   ( 5.909, -17.057,  0.000) 18.051 
J_iso:  0.0116 
[Testing!] Jprime: 0.001,  B: -0.001
[Testing!] DMI: (-0.0002 -0.0007 -0.0006)
[Testing!]J_ani:
[[-0.013  0.     0.001]
 [ 0.    -0.013 -0.001]
 [ 0.001 -0.001 -0.002]]
----------------------------------------------------------------------------------------
   Cr2   Cr2   ( -3,   2,   0)  0.0116   ( 5.909, -17.057,  0.000) 18.051 
J_iso:  0.0116 
[Testing!] Jprime: 0.001,  B: -0.001
[Testing!] DMI: ( 0.0002  0.0007  0.0006)
[Testing!]J_ani:
[[-0.013  0.     0.001]
 [ 0.    -0.013 -0.001]
 [ 0.001 -0.001 -0.002]]
----------------------------------------------------------------------------------------
   Cr1   Cr1   ( -2,   3,   0)  0.0093   (-5.909, -17.057,  0.000) 18.051 
J_iso:  0.0093 
[Testing!] Jprime: 0.001,  B: -0.001
[Testing!] DMI: (-0.0006  0.0004  0.0008)
[Testing!]J_ani:
[[-0.011 -0.001 -0.001]
 [-0.001 -0.009  0.   ]
 [-0.001  0.    -0.002]]
----------------------------------------------------------------------------------------
   Cr2   Cr2   ( -2,   3,   0)  0.0093   (-5.909, -17.057,  0.000) 18.051 
J_iso:  0.0093 
[Testing!] Jprime: 0.001,  B: -0.001
[Testing!] DMI: ( 0.0006 -0.0004 -0.0008)
[Testing!]J_ani:
[[-0.011 -0.001 -0.001]
 [-0.001 -0.009  0.   ]
 [-0.001  0.    -0.002]]
----------------------------------------------------------------------------------------
   Cr1   Cr1   (  2,  -3,   0)  0.0093   ( 5.909, 17.057,  0.000) 18.051 
J_iso:  0.0093 
[Testing!] Jprime: 0.001,  B: -0.001
[Testing!] DMI: ( 0.0006 -0.0004 -0.0008)
[Testing!]J_ani:
[[-0.011 -0.001 -0.001]
 [-0.001 -0.009  0.   ]
 [-0.001  0.    -0.002]]
----------------------------------------------------------------------------------------
   Cr2   Cr2   (  2,  -3,   0)  0.0093   ( 5.909, 17.057,  0.000) 18.051 
J_iso:  0.0093 
[Testing!] Jprime: 0.001,  B: -0.001
[Testing!] DMI: (-0.0006  0.0004  0.0008)
[Testing!]J_ani:
[[-0.011 -0.001 -0.001]
 [-0.001 -0.009  0.   ]
 [-0.001  0.    -0.002]]
----------------------------------------------------------------------------------------
   Cr1   Cr1   (  3,  -2,   0)  0.0116   (-5.909, 17.057,  0.000) 18.051 
J_iso:  0.0116 
[Testing!] Jprime: 0.001,  B: -0.001
[Testing!] DMI: ( 0.0002  0.0007  0.0006)
[Testing!]J_ani:
[[-0.013  0.     0.001]
 [ 0.    -0.013 -0.001]
 [ 0.001 -0.001 -0.002]]
----------------------------------------------------------------------------------------
   Cr2   Cr2   (  3,  -2,   0)  0.0116   (-5.909, 17.057,  0.000) 18.051 
J_iso:  0.0116 
[Testing!] Jprime: 0.001,  B: -0.001
[Testing!] DMI: (-0.0002 -0.0007 -0.0006)
[Testing!]J_ani:
[[-0.013  0.     0.001]
 [ 0.    -0.013 -0.001]
 [ 0.001 -0.001 -0.002]]
----------------------------------------------------------------------------------------
   Cr1   Cr1   ( -1,   3,   0)  0.0300   (-11.817, -13.645,  0.000) 18.051 
J_iso:  0.0300 
[Testing!] Jprime: 0.001,  B: -0.001
[Testing!] DMI: (-0.0005  0.0011  0.0002)
[Testing!]J_ani:
[[-0.031  0.     0.001]
 [ 0.    -0.03  -0.001]
 [ 0.001 -0.001 -0.002]]
----------------------------------------------------------------------------------------
   Cr2   Cr2   ( -1,   3,   0)  0.0300   (-11.817, -13.645,  0.000) 18.051 
J_iso:  0.0300 
[Testing!] Jprime: 0.001,  B: -0.001
[Testing!] DMI: ( 0.0005 -0.0011 -0.0002)
[Testing!]J_ani:
[[-0.031  0.     0.001]
 [ 0.    -0.03  -0.001]
 [ 0.001 -0.001 -0.002]]
----------------------------------------------------------------------------------------
   Cr1   Cr1   (  1,  -3,   0)  0.0300   (11.817, 13.645,  0.000) 18.051 
J_iso:  0.0300 
[Testing!] Jprime: 0.001,  B: -0.001
[Testing!] DMI: ( 0.0005 -0.0011 -0.0002)
[Testing!]J_ani:
[[-0.031  0.     0.001]
 [ 0.    -0.03  -0.001]
 [ 0.001 -0.001 -0.002]]
----------------------------------------------------------------------------------------
   Cr2   Cr2   (  1,  -3,   0)  0.0300   (11.817, 13.645,  0.000) 18.051 
J_iso:  0.0300 
[Testing!] Jprime: 0.001,  B: -0.001
[Testing!] DMI: (-0.0005  0.0011  0.0002)
[Testing!]J_ani:
[[-0.031  0.     0.001]
 [ 0.    -0.03  -0.001]
 [ 0.001 -0.001 -0.002]]
----------------------------------------------------------------------------------------
   Cr1   Cr1   (  3,  -1,   0)  0.0255   (-11.817, 13.645,  0.000) 18.051 
J_iso:  0.0255 
[Testing!] Jprime: 0.002,  B: -0.001
[Testing!] DMI: (-0.0010  0.0001  0.0002)
[Testing!]J_ani:
[[-0.027 -0.001 -0.002]
 [-0.001 -0.023 -0.   ]
 [-0.002 -0.    -0.002]]
----------------------------------------------------------------------------------------
   Cr1   Cr1   ( -3,   1,   0)  0.0255   (11.817, -13.645,  0.000) 18.051 
J_iso:  0.0255 
[Testing!] Jprime: 0.002,  B: -0.001
[Testing!] DMI: ( 0.0010 -0.0001 -0.0002)
[Testing!]J_ani:
[[-0.027 -0.001 -0.002]
 [-0.001 -0.023 -0.   ]
 [-0.002 -0.    -0.002]]
----------------------------------------------------------------------------------------
   Cr2   Cr2   ( -3,   1,   0)  0.0255   (11.817, -13.645,  0.000) 18.051 
J_iso:  0.0255 
[Testing!] Jprime: 0.002,  B: -0.001
[Testing!] DMI: (-0.0010  0.0001  0.0002)
[Testing!]J_ani:
[[-0.027 -0.001 -0.002]
 [-0.001 -0.023 -0.   ]
 [-0.002 -0.    -0.002]]
----------------------------------------------------------------------------------------
   Cr2   Cr2   (  3,  -1,   0)  0.0255   (-11.817, 13.645,  0.000) 18.051 
J_iso:  0.0255 
[Testing!] Jprime: 0.002,  B: -0.001
[Testing!] DMI: ( 0.0010 -0.0001 -0.0002)
[Testing!]J_ani:
[[-0.027 -0.001 -0.002]
 [-0.001 -0.023 -0.   ]
 [-0.002 -0.    -0.002]]
----------------------------------------------------------------------------------------
   Cr1   Cr1   ( -2,  -1,   0)  0.0194   (17.726, -3.411,  0.000) 18.051 
J_iso:  0.0194 
[Testing!] Jprime: 0.001,  B: -0.001
[Testing!] DMI: (-0.0002  0.0010  0.0002)
[Testing!]J_ani:
[[-0.021  0.     0.   ]
 [ 0.    -0.02  -0.001]
 [ 0.    -0.001 -0.002]]
----------------------------------------------------------------------------------------
   Cr2   Cr2   ( -2,  -1,   0)  0.0194   (17.726, -3.411,  0.000) 18.051 
J_iso:  0.0194 
[Testing!] Jprime: 0.001,  B: -0.001
[Testing!] DMI: ( 0.0002 -0.0010 -0.0002)
[Testing!]J_ani:
[[-0.021  0.     0.   ]
 [ 0.    -0.02  -0.001]
 [ 0.    -0.001 -0.002]]
----------------------------------------------------------------------------------------
   Cr1   Cr1   ( -1,  -2,   0)  0.0072   (17.726,  3.411,  0.000) 18.051 
J_iso:  0.0072 
[Testing!] Jprime: 0.002,  B: -0.001
[Testing!] DMI: (-0.0004  0.0007  0.0002)
[Testing!]J_ani:
[[-0.008  0.    -0.001]
 [ 0.    -0.006  0.001]
 [-0.001  0.001 -0.002]]
----------------------------------------------------------------------------------------
   Cr2   Cr2   ( -1,  -2,   0)  0.0072   (17.726,  3.411,  0.000) 18.051 
J_iso:  0.0072 
[Testing!] Jprime: 0.002,  B: -0.001
[Testing!] DMI: ( 0.0004 -0.0007 -0.0002)
[Testing!]J_ani:
[[-0.008  0.    -0.001]
 [ 0.    -0.006  0.001]
 [-0.001  0.001 -0.002]]
----------------------------------------------------------------------------------------
   Cr1   Cr1   (  1,   2,   0)  0.0072   (-17.726, -3.411,  0.000) 18.051 
J_iso:  0.0072 
[Testing!] Jprime: 0.002,  B: -0.001
[Testing!] DMI: ( 0.0004 -0.0007 -0.0002)
[Testing!]J_ani:
[[-0.008  0.    -0.001]
 [ 0.    -0.006  0.001]
 [-0.001  0.001 -0.002]]
----------------------------------------------------------------------------------------
   Cr2   Cr2   (  1,   2,   0)  0.0072   (-17.726, -3.411,  0.000) 18.051 
J_iso:  0.0072 
[Testing!] Jprime: 0.002,  B: -0.001
[Testing!] DMI: (-0.0004  0.0007  0.0002)
[Testing!]J_ani:
[[-0.008  0.    -0.001]
 [ 0.    -0.006  0.001]
 [-0.001  0.001 -0.002]]
----------------------------------------------------------------------------------------
   Cr1   Cr1   (  2,   1,   0)  0.0194   (-17.726,  3.411,  0.000) 18.051 
J_iso:  0.0194 
[Testing!] Jprime: 0.001,  B: -0.001
[Testing!] DMI: ( 0.0002 -0.0010 -0.0002)
[Testing!]J_ani:
[[-0.021  0.     0.   ]
 [ 0.    -0.02  -0.001]
 [ 0.    -0.001 -0.002]]
----------------------------------------------------------------------------------------
   Cr2   Cr2   (  2,   1,   0)  0.0194   (-17.726,  3.411,  0.000) 18.051 
J_iso:  0.0194 
[Testing!] Jprime: 0.001,  B: -0.001
[Testing!] DMI: (-0.0002  0.0010  0.0002)
[Testing!]J_ani:
[[-0.021  0.     0.   ]
 [ 0.    -0.02  -0.001]
 [ 0.    -0.001 -0.002]]
----------------------------------------------------------------------------------------
   Cr1   Cr2   ( -2,   3,   0)  0.0082   (-9.848, -17.057,  0.000) 19.695 
J_iso:  0.0082 
[Testing!] Jprime: 0.001,  B: -0.000
[Testing!] DMI: ( 0.0000 -0.0000  0.0000)
[Testing!]J_ani:
[[-0.005 -0.002 -0.001]
 [-0.002 -0.011 -0.001]
 [-0.001 -0.001 -0.001]]
----------------------------------------------------------------------------------------
   Cr2   Cr1   (  2,  -3,   0)  0.0082   ( 9.848, 17.057, -0.000) 19.695 
J_iso:  0.0082 
[Testing!] Jprime: 0.001,  B: -0.000
[Testing!] DMI: (-0.0000  0.0000 -0.0000)
[Testing!]J_ani:
[[-0.005 -0.002 -0.001]
 [-0.002 -0.011 -0.001]
 [-0.001 -0.001 -0.001]]
----------------------------------------------------------------------------------------
   Cr2   Cr1   ( -3,   2,   0)  0.0068   ( 9.848, -17.057, -0.000) 19.695 
J_iso:  0.0068 
[Testing!] Jprime: 0.001,  B: -0.001
[Testing!] DMI: ( 0.0000  0.0000 -0.0000)
[Testing!]J_ani:
[[-0.004 -0.002 -0.001]
 [-0.002 -0.01  -0.001]
 [-0.001 -0.001 -0.001]]
----------------------------------------------------------------------------------------
   Cr1   Cr2   (  3,  -2,   0)  0.0068   (-9.848, 17.057,  0.000) 19.695 
J_iso:  0.0068 
[Testing!] Jprime: 0.001,  B: -0.001
[Testing!] DMI: (-0.0000 -0.0000  0.0000)
[Testing!]J_ani:
[[-0.004 -0.002 -0.001]
 [-0.002 -0.01  -0.001]
 [-0.001 -0.001 -0.001]]
----------------------------------------------------------------------------------------
   Cr1   Cr2   ( -2,  -2,   0)  0.0057   (19.695,  0.000,  0.000) 19.695 
J_iso:  0.0057 
[Testing!] Jprime: 0.001,  B: -0.000
[Testing!] DMI: (-0.0000 -0.0000 -0.0000)
[Testing!]J_ani:
[[-0.009  0.    -0.001]
 [ 0.    -0.002 -0.001]
 [-0.001 -0.001 -0.001]]
----------------------------------------------------------------------------------------
   Cr2   Cr1   (  2,   2,   0)  0.0057   (-19.695, -0.000, -0.000) 19.695 
J_iso:  0.0057 
[Testing!] Jprime: 0.001,  B: -0.000
[Testing!] DMI: ( 0.0000  0.0000  0.0000)
[Testing!]J_ani:
[[-0.009  0.    -0.001]
 [ 0.    -0.002 -0.001]
 [-0.001 -0.001 -0.001]]
----------------------------------------------------------------------------------------
   Cr1   Cr1   ( -3,   3,   0)  0.0010   ( 0.000, -20.468,  0.000) 20.468 
J_iso:  0.0010 
[Testing!] Jprime: 0.000,  B: -0.000
[Testing!] DMI: (-0.0003 -0.0003  0.0000)
[Testing!]J_ani:
[[-0.001 -0.     0.   ]
 [-0.    -0.001  0.   ]
 [ 0.     0.    -0.001]]
----------------------------------------------------------------------------------------
   Cr2   Cr2   ( -3,   3,   0)  0.0010   ( 0.000, -20.468,  0.000) 20.468 
J_iso:  0.0010 
[Testing!] Jprime: 0.000,  B: -0.000
[Testing!] DMI: ( 0.0003  0.0003 -0.0000)
[Testing!]J_ani:
[[-0.001 -0.     0.   ]
 [-0.    -0.001  0.   ]
 [ 0.     0.    -0.001]]
----------------------------------------------------------------------------------------
   Cr1   Cr1   (  3,  -3,   0)  0.0010   (-0.000, 20.468,  0.000) 20.468 
J_iso:  0.0010 
[Testing!] Jprime: 0.000,  B: -0.000
[Testing!] DMI: ( 0.0003  0.0003 -0.0000)
[Testing!]J_ani:
[[-0.001 -0.     0.   ]
 [-0.    -0.001  0.   ]
 [ 0.     0.    -0.001]]
----------------------------------------------------------------------------------------
   Cr2   Cr2   (  3,  -3,   0)  0.0010   (-0.000, 20.468,  0.000) 20.468 
J_iso:  0.0010 
[Testing!] Jprime: 0.000,  B: -0.000
[Testing!] DMI: (-0.0003 -0.0003  0.0000)
[Testing!]J_ani:
[[-0.001 -0.     0.   ]
 [-0.    -0.001  0.   ]
 [ 0.     0.    -0.001]]
----------------------------------------------------------------------------------------
   Cr1   Cr1   ( -3,   0,   0)  0.0059   (17.726, -10.234,  0.000) 20.468 
J_iso:  0.0059 
[Testing!] Jprime: 0.000,  B: -0.000
[Testing!] DMI: ( 0.0004  0.0002 -0.0001)
[Testing!]J_ani:
[[-0.007  0.     0.   ]
 [ 0.    -0.005 -0.   ]
 [ 0.    -0.    -0.   ]]
----------------------------------------------------------------------------------------
   Cr2   Cr2   ( -3,   0,   0)  0.0059   (17.726, -10.234,  0.000) 20.468 
J_iso:  0.0059 
[Testing!] Jprime: 0.000,  B: -0.000
[Testing!] DMI: (-0.0004 -0.0002  0.0001)
[Testing!]J_ani:
[[-0.007  0.     0.   ]
 [ 0.    -0.005 -0.   ]
 [ 0.    -0.    -0.   ]]
----------------------------------------------------------------------------------------
   Cr1   Cr1   (  0,  -3,   0)  0.0047   (17.726, 10.234,  0.000) 20.468 
J_iso:  0.0047 
[Testing!] Jprime: 0.000,  B: -0.000
[Testing!] DMI: (-0.0002 -0.0002  0.0000)
[Testing!]J_ani:
[[-0.005  0.    -0.   ]
 [ 0.    -0.005 -0.   ]
 [-0.    -0.    -0.001]]
----------------------------------------------------------------------------------------
   Cr2   Cr2   (  0,  -3,   0)  0.0047   (17.726, 10.234,  0.000) 20.468 
J_iso:  0.0047 
[Testing!] Jprime: 0.000,  B: -0.000
[Testing!] DMI: ( 0.0002  0.0002 -0.0000)
[Testing!]J_ani:
[[-0.005  0.    -0.   ]
 [ 0.    -0.005 -0.   ]
 [-0.    -0.    -0.001]]
----------------------------------------------------------------------------------------
   Cr1   Cr1   (  0,   3,   0)  0.0047   (-17.726, -10.234,  0.000) 20.468 
J_iso:  0.0047 
[Testing!] Jprime: 0.000,  B: -0.000
[Testing!] DMI: ( 0.0002  0.0002 -0.0000)
[Testing!]J_ani:
[[-0.005  0.    -0.   ]
 [ 0.    -0.005 -0.   ]
 [-0.    -0.    -0.001]]
----------------------------------------------------------------------------------------
   Cr2   Cr2   (  0,   3,   0)  0.0047   (-17.726, -10.234,  0.000) 20.468 
J_iso:  0.0047 
[Testing!] Jprime: 0.000,  B: -0.000
[Testing!] DMI: (-0.0002 -0.0002  0.0000)
[Testing!]J_ani:
[[-0.005  0.    -0.   ]
 [ 0.    -0.005 -0.   ]
 [-0.    -0.    -0.001]]
----------------------------------------------------------------------------------------
   Cr1   Cr1   (  3,   0,   0)  0.0059   (-17.726, 10.234,  0.000) 20.468 
J_iso:  0.0059 
[Testing!] Jprime: 0.000,  B: -0.000
[Testing!] DMI: (-0.0004 -0.0002  0.0001)
[Testing!]J_ani:
[[-0.007  0.     0.   ]
 [ 0.    -0.005 -0.   ]
 [ 0.    -0.    -0.   ]]
----------------------------------------------------------------------------------------
   Cr2   Cr2   (  3,   0,   0)  0.0059   (-17.726, 10.234,  0.000) 20.468 
J_iso:  0.0059 
[Testing!] Jprime: 0.000,  B: -0.000
[Testing!] DMI: ( 0.0004  0.0002 -0.0001)
[Testing!]J_ani:
[[-0.007  0.     0.   ]
 [ 0.    -0.005 -0.   ]
 [ 0.    -0.    -0.   ]]
----------------------------------------------------------------------------------------
   Cr1   Cr2   ( -3,   3,   0)  0.0043   (-3.939, -20.468,  0.000) 20.844 
J_iso:  0.0043 
[Testing!] Jprime: 0.000,  B: -0.000
[Testing!] DMI: (-0.0000 -0.0000  0.0000)
[Testing!]J_ani:
[[-0.005 -0.004  0.   ]
 [-0.004 -0.004 -0.   ]
 [ 0.    -0.    -0.   ]]
----------------------------------------------------------------------------------------
   Cr2   Cr1   ( -3,   3,   0)  0.0027   ( 3.939, -20.468, -0.000) 20.844 
J_iso:  0.0027 
[Testing!] Jprime: 0.000,  B: -0.000
[Testing!] DMI: (-0.0000 -0.0000  0.0000)
[Testing!]J_ani:
[[-0.003 -0.001 -0.   ]
 [-0.001 -0.003  0.   ]
 [-0.     0.    -0.   ]]
----------------------------------------------------------------------------------------
   Cr1   Cr2   (  3,  -3,   0)  0.0027   (-3.939, 20.468,  0.000) 20.844 
J_iso:  0.0027 
[Testing!] Jprime: 0.000,  B: -0.000
[Testing!] DMI: ( 0.0000  0.0000 -0.0000)
[Testing!]J_ani:
[[-0.003 -0.001 -0.   ]
 [-0.001 -0.003  0.   ]
 [-0.     0.    -0.   ]]
----------------------------------------------------------------------------------------
   Cr2   Cr1   (  3,  -3,   0)  0.0043   ( 3.939, 20.468, -0.000) 20.844 
J_iso:  0.0043 
[Testing!] Jprime: 0.000,  B: -0.000
[Testing!] DMI: ( 0.0000  0.0000 -0.0000)
[Testing!]J_ani:
[[-0.005 -0.004  0.   ]
 [-0.004 -0.004 -0.   ]
 [ 0.    -0.    -0.   ]]
----------------------------------------------------------------------------------------
   Cr1   Cr2   ( -1,   3,   0)  0.0058   (-15.756, -13.645,  0.000) 20.844 
J_iso:  0.0058 
[Testing!] Jprime: 0.000,  B: -0.000
[Testing!] DMI: ( 0.0000 -0.0000  0.0000)
[Testing!]J_ani:
[[-0.005  0.    -0.   ]
 [ 0.    -0.006  0.001]
 [-0.     0.001 -0.   ]]
----------------------------------------------------------------------------------------
   Cr2   Cr1   ( -3,   1,   0)  0.0090   (15.756, -13.645, -0.000) 20.844 
J_iso:  0.0090 
[Testing!] Jprime: 0.000,  B: -0.000
[Testing!] DMI: ( 0.0000  0.0000  0.0000)
[Testing!]J_ani:
[[-0.012 -0.007 -0.   ]
 [-0.007 -0.006  0.   ]
 [-0.     0.    -0.   ]]
----------------------------------------------------------------------------------------
   Cr2   Cr1   (  1,  -3,   0)  0.0058   (15.756, 13.645, -0.000) 20.844 
J_iso:  0.0058 
[Testing!] Jprime: 0.000,  B: -0.000
[Testing!] DMI: (-0.0000  0.0000 -0.0000)
[Testing!]J_ani:
[[-0.005  0.    -0.   ]
 [ 0.    -0.006  0.001]
 [-0.     0.001 -0.   ]]
----------------------------------------------------------------------------------------
   Cr1   Cr2   (  3,  -1,   0)  0.0090   (-15.756, 13.645,  0.000) 20.844 
J_iso:  0.0090 
[Testing!] Jprime: 0.000,  B: -0.000
[Testing!] DMI: (-0.0000 -0.0000 -0.0000)
[Testing!]J_ani:
[[-0.012 -0.007 -0.   ]
 [-0.007 -0.006  0.   ]
 [-0.     0.    -0.   ]]
----------------------------------------------------------------------------------------
   Cr1   Cr2   ( -3,  -1,   0)  0.0065   (19.695, -6.823,  0.000) 20.844 
J_iso:  0.0065 
[Testing!] Jprime: 0.000,  B: -0.000
[Testing!] DMI: ( 0.0000 -0.0000  0.0000)
[Testing!]J_ani:
[[-0.01  -0.    -0.001]
 [-0.    -0.004  0.001]
 [-0.001  0.001 -0.   ]]
----------------------------------------------------------------------------------------
   Cr1   Cr2   ( -1,  -3,   0)  0.0026   (19.695,  6.823,  0.000) 20.844 
J_iso:  0.0026 
[Testing!] Jprime: 0.000,  B: -0.000
[Testing!] DMI: (-0.0000 -0.0000 -0.0000)
[Testing!]J_ani:
[[-0.004 -0.     0.   ]
 [-0.    -0.002 -0.   ]
 [ 0.    -0.    -0.   ]]
----------------------------------------------------------------------------------------
   Cr2   Cr1   (  1,   3,   0)  0.0026   (-19.695, -6.823, -0.000) 20.844 
J_iso:  0.0026 
[Testing!] Jprime: 0.000,  B: -0.000
[Testing!] DMI: ( 0.0000  0.0000  0.0000)
[Testing!]J_ani:
[[-0.004 -0.     0.   ]
 [-0.    -0.002 -0.   ]
 [ 0.    -0.    -0.   ]]
----------------------------------------------------------------------------------------
   Cr2   Cr1   (  3,   1,   0)  0.0065   (-19.695,  6.823, -0.000) 20.844 
J_iso:  0.0065 
[Testing!] Jprime: 0.000,  B: -0.000
[Testing!] DMI: (-0.0000  0.0000 -0.0000)
[Testing!]J_ani:
[[-0.01  -0.    -0.001]
 [-0.    -0.004  0.001]
 [-0.001  0.001 -0.   ]]
----------------------------------------------------------------------------------------
   Cr2   Cr1   ( -2,  -1,   0)  0.0059   (21.665, -3.411, -0.000) 21.932 
J_iso:  0.0059 
[Testing!] Jprime: 0.000,  B: -0.000
[Testing!] DMI: (-0.0000  0.0000 -0.0000)
[Testing!]J_ani:
[[-0.008  0.003 -0.   ]
 [ 0.003 -0.004  0.   ]
 [-0.     0.    -0.   ]]
----------------------------------------------------------------------------------------
   Cr2   Cr1   ( -1,  -2,   0)  0.0021   (21.665,  3.411, -0.000) 21.932 
J_iso:  0.0021 
[Testing!] Jprime: 0.000,  B: -0.000
[Testing!] DMI: ( 0.0000 -0.0000 -0.0000)
[Testing!]J_ani:
[[-0.003  0.    -0.   ]
 [ 0.    -0.001 -0.   ]
 [-0.    -0.    -0.   ]]
----------------------------------------------------------------------------------------
   Cr1   Cr2   (  1,   2,   0)  0.0021   (-21.665, -3.411,  0.000) 21.932 
J_iso:  0.0021 
[Testing!] Jprime: 0.000,  B: -0.000
[Testing!] DMI: (-0.0000  0.0000  0.0000)
[Testing!]J_ani:
[[-0.003  0.    -0.   ]
 [ 0.    -0.001 -0.   ]
 [-0.    -0.    -0.   ]]
----------------------------------------------------------------------------------------
   Cr1   Cr2   (  2,   1,   0)  0.0059   (-21.665,  3.411,  0.000) 21.932 
J_iso:  0.0059 
[Testing!] Jprime: 0.000,  B: -0.000
[Testing!] DMI: ( 0.0000 -0.0000  0.0000)
[Testing!]J_ani:
[[-0.008  0.003 -0.   ]
 [ 0.003 -0.004  0.   ]
 [-0.     0.    -0.   ]]
----------------------------------------------------------------------------------------
   Cr1   Cr1   ( -2,  -2,   0)  0.0082   (23.634,  0.000,  0.000) 23.634 
J_iso:  0.0082 
[Testing!] Jprime: -0.000,  B: -0.000
[Testing!] DMI: (-0.0002  0.0008 -0.0001)
[Testing!]J_ani:
[[-0.009 -0.    -0.   ]
 [-0.    -0.009  0.   ]
 [-0.     0.    -0.   ]]
----------------------------------------------------------------------------------------
   Cr2   Cr2   ( -2,  -2,   0)  0.0082   (23.634,  0.000,  0.000) 23.634 
J_iso:  0.0082 
[Testing!] Jprime: -0.000,  B: -0.000
[Testing!] DMI: ( 0.0002 -0.0008  0.0001)
[Testing!]J_ani:
[[-0.009 -0.    -0.   ]
 [-0.    -0.009  0.   ]
 [-0.     0.    -0.   ]]
----------------------------------------------------------------------------------------
   Cr1   Cr1   (  2,   2,   0)  0.0082   (-23.634,  0.000,  0.000) 23.634 
J_iso:  0.0082 
[Testing!] Jprime: -0.000,  B: -0.000
[Testing!] DMI: ( 0.0002 -0.0008  0.0001)
[Testing!]J_ani:
[[-0.009 -0.    -0.   ]
 [-0.    -0.009  0.   ]
 [-0.     0.    -0.   ]]
----------------------------------------------------------------------------------------
   Cr2   Cr2   (  2,   2,   0)  0.0082   (-23.634,  0.000,  0.000) 23.634 
J_iso:  0.0082 
[Testing!] Jprime: -0.000,  B: -0.000
[Testing!] DMI: (-0.0002  0.0008 -0.0001)
[Testing!]J_ani:
[[-0.009 -0.    -0.   ]
 [-0.    -0.009  0.   ]
 [-0.     0.    -0.   ]]
----------------------------------------------------------------------------------------
   Cr2   Cr1   ( -3,   0,   0)  0.0048   (21.665, -10.234, -0.000) 23.960 
J_iso:  0.0048 
[Testing!] Jprime: 0.000,  B: -0.000
[Testing!] DMI: ( 0.0000 -0.0000 -0.0000)
[Testing!]J_ani:
[[-0.007  0.001  0.   ]
 [ 0.001 -0.002  0.   ]
 [ 0.     0.    -0.   ]]
----------------------------------------------------------------------------------------
   Cr2   Cr1   (  0,  -3,   0)  0.0030   (21.665, 10.234, -0.000) 23.960 
J_iso:  0.0030 
[Testing!] Jprime: 0.000,  B: -0.000
[Testing!] DMI: (-0.0000  0.0000 -0.0000)
[Testing!]J_ani:
[[-0.003  0.     0.   ]
 [ 0.    -0.003 -0.   ]
 [ 0.    -0.    -0.   ]]
----------------------------------------------------------------------------------------
   Cr1   Cr2   (  0,   3,   0)  0.0030   (-21.665, -10.234,  0.000) 23.960 
J_iso:  0.0030 
[Testing!] Jprime: 0.000,  B: -0.000
[Testing!] DMI: ( 0.0000 -0.0000  0.0000)
[Testing!]J_ani:
[[-0.003  0.     0.   ]
 [ 0.    -0.003 -0.   ]
 [ 0.    -0.    -0.   ]]
----------------------------------------------------------------------------------------
   Cr1   Cr2   (  3,   0,   0)  0.0048   (-21.665, 10.234,  0.000) 23.960 
J_iso:  0.0048 
[Testing!] Jprime: 0.000,  B: -0.000
[Testing!] DMI: (-0.0000  0.0000  0.0000)
[Testing!]J_ani:
[[-0.007  0.001  0.   ]
 [ 0.001 -0.002  0.   ]
 [ 0.     0.    -0.   ]]
----------------------------------------------------------------------------------------
   Cr1   Cr1   ( -3,  -1,   0)  0.0089   (23.634, -6.823,  0.000) 24.599 
J_iso:  0.0089 
[Testing!] Jprime: 0.000,  B: -0.000
[Testing!] DMI: (-0.0001  0.0004 -0.0000)
[Testing!]J_ani:
[[-0.01  -0.    -0.   ]
 [-0.    -0.008  0.   ]
 [-0.     0.    -0.   ]]
----------------------------------------------------------------------------------------
   Cr2   Cr2   ( -3,  -1,   0)  0.0089   (23.634, -6.823,  0.000) 24.599 
J_iso:  0.0089 
[Testing!] Jprime: 0.000,  B: -0.000
[Testing!] DMI: ( 0.0001 -0.0004  0.0000)
[Testing!]J_ani:
[[-0.01  -0.    -0.   ]
 [-0.    -0.008  0.   ]
 [-0.     0.    -0.   ]]
----------------------------------------------------------------------------------------
   Cr1   Cr1   ( -1,  -3,   0)  0.0056   (23.634,  6.823,  0.000) 24.599 
J_iso:  0.0056 
[Testing!] Jprime: 0.000,  B: -0.000
[Testing!] DMI: ( 0.0001  0.0002  0.0001)
[Testing!]J_ani:
[[-0.006 -0.001 -0.   ]
 [-0.001 -0.005  0.   ]
 [-0.     0.    -0.   ]]
----------------------------------------------------------------------------------------
   Cr2   Cr2   ( -1,  -3,   0)  0.0056   (23.634,  6.823,  0.000) 24.599 
J_iso:  0.0056 
[Testing!] Jprime: 0.000,  B: -0.000
[Testing!] DMI: (-0.0001 -0.0002 -0.0001)
[Testing!]J_ani:
[[-0.006 -0.001 -0.   ]
 [-0.001 -0.005  0.   ]
 [-0.     0.    -0.   ]]
----------------------------------------------------------------------------------------
   Cr1   Cr1   (  1,   3,   0)  0.0056   (-23.634, -6.823,  0.000) 24.599 
J_iso:  0.0056 
[Testing!] Jprime: 0.000,  B: -0.000
[Testing!] DMI: (-0.0001 -0.0002 -0.0001)
[Testing!]J_ani:
[[-0.006 -0.001 -0.   ]
 [-0.001 -0.005  0.   ]
 [-0.     0.    -0.   ]]
----------------------------------------------------------------------------------------
   Cr2   Cr2   (  1,   3,   0)  0.0056   (-23.634, -6.823,  0.000) 24.599 
J_iso:  0.0056 
[Testing!] Jprime: 0.000,  B: -0.000
[Testing!] DMI: ( 0.0001  0.0002  0.0001)
[Testing!]J_ani:
[[-0.006 -0.001 -0.   ]
 [-0.001 -0.005  0.   ]
 [-0.     0.    -0.   ]]
----------------------------------------------------------------------------------------
   Cr1   Cr1   (  3,   1,   0)  0.0089   (-23.634,  6.823,  0.000) 24.599 
J_iso:  0.0089 
[Testing!] Jprime: 0.000,  B: -0.000
[Testing!] DMI: ( 0.0001 -0.0004  0.0000)
[Testing!]J_ani:
[[-0.01  -0.    -0.   ]
 [-0.    -0.008  0.   ]
 [-0.     0.    -0.   ]]
----------------------------------------------------------------------------------------
   Cr2   Cr2   (  3,   1,   0)  0.0089   (-23.634,  6.823,  0.000) 24.599 
J_iso:  0.0089 
[Testing!] Jprime: 0.000,  B: -0.000
[Testing!] DMI: (-0.0001  0.0004 -0.0000)
[Testing!]J_ani:
[[-0.01  -0.    -0.   ]
 [-0.    -0.008  0.   ]
 [-0.     0.    -0.   ]]
----------------------------------------------------------------------------------------
   Cr1   Cr2   ( -2,  -3,   0)  0.0034   (25.604,  3.411,  0.000) 25.830 
J_iso:  0.0034 
[Testing!] Jprime: 0.000,  B: -0.000
[Testing!] DMI: ( 0.0000  0.0000  0.0000)
[Testing!]J_ani:
[[-0.004 -0.    -0.001]
 [-0.    -0.003 -0.   ]
 [-0.001 -0.    -0.   ]]
----------------------------------------------------------------------------------------
   Cr2   Cr1   (  2,   3,   0)  0.0034   (-25.604, -3.411, -0.000) 25.830 
J_iso:  0.0034 
[Testing!] Jprime: 0.000,  B: -0.000
[Testing!] DMI: (-0.0000 -0.0000 -0.0000)
[Testing!]J_ani:
[[-0.004 -0.    -0.001]
 [-0.    -0.003 -0.   ]
 [-0.001 -0.    -0.   ]]
----------------------------------------------------------------------------------------
   Cr2   Cr1   (  3,   2,   0)  0.0042   (-25.604,  3.411, -0.000) 25.830 
J_iso:  0.0042 
[Testing!] Jprime: 0.000,  B: -0.000
[Testing!] DMI: (-0.0000 -0.0000 -0.0000)
[Testing!]J_ani:
[[-0.007 -0.001 -0.001]
 [-0.001 -0.001 -0.   ]
 [-0.001 -0.    -0.   ]]
----------------------------------------------------------------------------------------
   Cr1   Cr2   ( -3,  -2,   0)  0.0042   (25.604, -3.411,  0.000) 25.830 
J_iso:  0.0042 
[Testing!] Jprime: 0.000,  B: -0.000
[Testing!] DMI: ( 0.0000  0.0000  0.0000)
[Testing!]J_ani:
[[-0.007 -0.001 -0.001]
 [-0.001 -0.001 -0.   ]
 [-0.001 -0.    -0.   ]]
----------------------------------------------------------------------------------------
   Cr2   Cr1   ( -2,  -2,   0)  0.0033   (27.573, -0.000, -0.000) 27.573 
J_iso:  0.0033 
[Testing!] Jprime: 0.001,  B: -0.000
[Testing!] DMI: (-0.0000 -0.0000  0.0000)
[Testing!]J_ani:
[[-0.003 -0.002  0.001]
 [-0.002 -0.003  0.001]
 [ 0.001  0.001 -0.001]]
----------------------------------------------------------------------------------------
   Cr1   Cr2   (  2,   2,   0)  0.0033   (-27.573,  0.000,  0.000) 27.573 
J_iso:  0.0033 
[Testing!] Jprime: 0.001,  B: -0.000
[Testing!] DMI: ( 0.0000  0.0000 -0.0000)
[Testing!]J_ani:
[[-0.003 -0.002  0.001]
 [-0.002 -0.003  0.001]
 [ 0.001  0.001 -0.001]]
----------------------------------------------------------------------------------------
   Cr2   Cr1   ( -3,  -1,   0)  0.0052   (27.573, -6.823, -0.000) 28.405 
J_iso:  0.0052 
[Testing!] Jprime: 0.000,  B: -0.000
[Testing!] DMI: (-0.0000 -0.0000 -0.0000)
[Testing!]J_ani:
[[-0.007 -0.001  0.   ]
 [-0.001 -0.003 -0.   ]
 [ 0.    -0.    -0.   ]]
----------------------------------------------------------------------------------------
   Cr2   Cr1   ( -1,  -3,   0)  0.0061   (27.573,  6.823, -0.000) 28.405 
J_iso:  0.0061 
[Testing!] Jprime: 0.000,  B: -0.000
[Testing!] DMI: ( 0.0000 -0.0000  0.0000)
[Testing!]J_ani:
[[-0.009  0.001 -0.   ]
 [ 0.001 -0.004  0.   ]
 [-0.     0.    -0.   ]]
----------------------------------------------------------------------------------------
   Cr1   Cr2   (  1,   3,   0)  0.0061   (-27.573, -6.823,  0.000) 28.405 
J_iso:  0.0061 
[Testing!] Jprime: 0.000,  B: -0.000
[Testing!] DMI: (-0.0000  0.0000 -0.0000)
[Testing!]J_ani:
[[-0.009  0.001 -0.   ]
 [ 0.001 -0.004  0.   ]
 [-0.     0.    -0.   ]]
----------------------------------------------------------------------------------------
   Cr1   Cr2   (  3,   1,   0)  0.0052   (-27.573,  6.823,  0.000) 28.405 
J_iso:  0.0052 
[Testing!] Jprime: 0.000,  B: -0.000
[Testing!] DMI: ( 0.0000  0.0000  0.0000)
[Testing!]J_ani:
[[-0.007 -0.001  0.   ]
 [-0.001 -0.003 -0.   ]
 [ 0.    -0.    -0.   ]]
----------------------------------------------------------------------------------------
   Cr1   Cr1   ( -2,  -3,   0)  0.0054   (29.543,  3.411,  0.000) 29.739 
J_iso:  0.0054 
[Testing!] Jprime: -0.000,  B: -0.000
[Testing!] DMI: (-0.0006  0.0008 -0.0006)
[Testing!]J_ani:
[[-0.006 -0.    -0.   ]
 [-0.    -0.007 -0.   ]
 [-0.    -0.    -0.001]]
----------------------------------------------------------------------------------------
   Cr2   Cr2   ( -2,  -3,   0)  0.0054   (29.543,  3.411,  0.000) 29.739 
J_iso:  0.0054 
[Testing!] Jprime: -0.000,  B: -0.000
[Testing!] DMI: ( 0.0006 -0.0008  0.0006)
[Testing!]J_ani:
[[-0.006 -0.    -0.   ]
 [-0.    -0.007 -0.   ]
 [-0.    -0.    -0.001]]
----------------------------------------------------------------------------------------
   Cr1   Cr1   (  2,   3,   0)  0.0054   (-29.543, -3.411,  0.000) 29.739 
J_iso:  0.0054 
[Testing!] Jprime: -0.000,  B: -0.000
[Testing!] DMI: ( 0.0006 -0.0008  0.0006)
[Testing!]J_ani:
[[-0.006 -0.    -0.   ]
 [-0.    -0.007 -0.   ]
 [-0.    -0.    -0.001]]
----------------------------------------------------------------------------------------
   Cr2   Cr2   (  2,   3,   0)  0.0054   (-29.543, -3.411,  0.000) 29.739 
J_iso:  0.0054 
[Testing!] Jprime: -0.000,  B: -0.000
[Testing!] DMI: (-0.0006  0.0008 -0.0006)
[Testing!]J_ani:
[[-0.006 -0.    -0.   ]
 [-0.    -0.007 -0.   ]
 [-0.    -0.    -0.001]]
----------------------------------------------------------------------------------------
   Cr1   Cr1   (  3,   2,   0)  0.0008   (-29.543,  3.411,  0.000) 29.739 
J_iso:  0.0008 
[Testing!] Jprime: -0.001,  B: -0.000
[Testing!] DMI: ( 0.0007 -0.0009  0.0002)
[Testing!]J_ani:
[[-0.002 -0.001 -0.   ]
 [-0.001 -0.002 -0.   ]
 [-0.    -0.    -0.001]]
----------------------------------------------------------------------------------------
   Cr2   Cr2   (  3,   2,   0)  0.0008   (-29.543,  3.411,  0.000) 29.739 
J_iso:  0.0008 
[Testing!] Jprime: -0.001,  B: -0.000
[Testing!] DMI: (-0.0007  0.0009 -0.0002)
[Testing!]J_ani:
[[-0.002 -0.001 -0.   ]
 [-0.001 -0.002 -0.   ]
 [-0.    -0.    -0.001]]
----------------------------------------------------------------------------------------
   Cr1   Cr1   ( -3,  -2,   0)  0.0008   (29.543, -3.411,  0.000) 29.739 
J_iso:  0.0008 
[Testing!] Jprime: -0.001,  B: -0.000
[Testing!] DMI: (-0.0007  0.0009 -0.0002)
[Testing!]J_ani:
[[-0.002 -0.001 -0.   ]
 [-0.001 -0.002 -0.   ]
 [-0.    -0.    -0.001]]
----------------------------------------------------------------------------------------
   Cr2   Cr2   ( -3,  -2,   0)  0.0008   (29.543, -3.411,  0.000) 29.739 
J_iso:  0.0008 
[Testing!] Jprime: -0.001,  B: -0.000
[Testing!] DMI: ( 0.0007 -0.0009  0.0002)
[Testing!]J_ani:
[[-0.002 -0.001 -0.   ]
 [-0.001 -0.002 -0.   ]
 [-0.    -0.    -0.001]]
----------------------------------------------------------------------------------------
   Cr1   Cr2   ( -3,  -3,   0)  0.0029   (31.512, -0.000,  0.000) 31.512 
J_iso:  0.0029 
[Testing!] Jprime: 0.000,  B: -0.000
[Testing!] DMI: (-0.0000  0.0000 -0.0000)
[Testing!]J_ani:
[[-0.004 -0.001 -0.   ]
 [-0.001 -0.001 -0.   ]
 [-0.    -0.    -0.   ]]
----------------------------------------------------------------------------------------
   Cr2   Cr1   (  3,   3,   0)  0.0029   (-31.512,  0.000, -0.000) 31.512 
J_iso:  0.0029 
[Testing!] Jprime: 0.000,  B: -0.000
[Testing!] DMI: ( 0.0000 -0.0000  0.0000)
[Testing!]J_ani:
[[-0.004 -0.001 -0.   ]
 [-0.001 -0.001 -0.   ]
 [-0.    -0.    -0.   ]]
----------------------------------------------------------------------------------------
   Cr2   Cr1   ( -3,  -2,   0)  0.0033   (33.482, -3.411, -0.000) 33.655 
J_iso:  0.0033 
[Testing!] Jprime: 0.000,  B: -0.000
[Testing!] DMI: ( 0.0000  0.0000  0.0000)
[Testing!]J_ani:
[[-0.006 -0.    -0.   ]
 [-0.    -0.    -0.   ]
 [-0.    -0.    -0.   ]]
----------------------------------------------------------------------------------------
   Cr2   Cr1   ( -2,  -3,   0)  0.0036   (33.482,  3.411, -0.000) 33.655 
J_iso:  0.0036 
[Testing!] Jprime: 0.000,  B: -0.000
[Testing!] DMI: ( 0.0000 -0.0000 -0.0000)
[Testing!]J_ani:
[[-0.005  0.    -0.   ]
 [ 0.    -0.002 -0.   ]
 [-0.    -0.    -0.   ]]
----------------------------------------------------------------------------------------
   Cr1   Cr2   (  2,   3,   0)  0.0036   (-33.482, -3.411,  0.000) 33.655 
J_iso:  0.0036 
[Testing!] Jprime: 0.000,  B: -0.000
[Testing!] DMI: (-0.0000  0.0000  0.0000)
[Testing!]J_ani:
[[-0.005  0.    -0.   ]
 [ 0.    -0.002 -0.   ]
 [-0.    -0.    -0.   ]]
----------------------------------------------------------------------------------------
   Cr1   Cr2   (  3,   2,   0)  0.0033   (-33.482,  3.411,  0.000) 33.655 
J_iso:  0.0033 
[Testing!] Jprime: 0.000,  B: -0.000
[Testing!] DMI: (-0.0000 -0.0000 -0.0000)
[Testing!]J_ani:
[[-0.006 -0.    -0.   ]
 [-0.    -0.    -0.   ]
 [-0.    -0.    -0.   ]]
----------------------------------------------------------------------------------------
   Cr1   Cr1   ( -3,  -3,   0)  0.0073   (35.451, -0.000,  0.000) 35.451 
J_iso:  0.0073 
[Testing!] Jprime: 0.000,  B: -0.000
[Testing!] DMI: ( 0.0000  0.0003 -0.0001)
[Testing!]J_ani:
[[-0.008 -0.001 -0.   ]
 [-0.001 -0.007 -0.   ]
 [-0.    -0.    -0.   ]]
----------------------------------------------------------------------------------------
   Cr2   Cr2   ( -3,  -3,   0)  0.0073   (35.451, -0.000,  0.000) 35.451 
J_iso:  0.0073 
[Testing!] Jprime: 0.000,  B: -0.000
[Testing!] DMI: (-0.0000 -0.0003  0.0001)
[Testing!]J_ani:
[[-0.008 -0.001 -0.   ]
 [-0.001 -0.007 -0.   ]
 [-0.    -0.    -0.   ]]
----------------------------------------------------------------------------------------
   Cr1   Cr1   (  3,   3,   0)  0.0073   (-35.451,  0.000,  0.000) 35.451 
J_iso:  0.0073 
[Testing!] Jprime: 0.000,  B: -0.000
[Testing!] DMI: (-0.0000 -0.0003  0.0001)
[Testing!]J_ani:
[[-0.008 -0.001 -0.   ]
 [-0.001 -0.007 -0.   ]
 [-0.    -0.    -0.   ]]
----------------------------------------------------------------------------------------
   Cr2   Cr2   (  3,   3,   0)  0.0073   (-35.451,  0.000,  0.000) 35.451 
J_iso:  0.0073 
[Testing!] Jprime: 0.000,  B: -0.000
[Testing!] DMI: ( 0.0000  0.0003 -0.0001)
[Testing!]J_ani:
[[-0.008 -0.001 -0.   ]
 [-0.001 -0.007 -0.   ]
 [-0.    -0.    -0.   ]]
----------------------------------------------------------------------------------------
   Cr2   Cr1   ( -3,  -3,   0)  0.0021   (39.391, -0.000, -0.000) 39.391 
J_iso:  0.0021 
[Testing!] Jprime: 0.000,  B: -0.000
[Testing!] DMI: (-0.0000 -0.0000  0.0000)
[Testing!]J_ani:
[[-0.003  0.     0.   ]
 [ 0.    -0.001 -0.   ]
 [ 0.    -0.    -0.   ]]
----------------------------------------------------------------------------------------
   Cr1   Cr2   (  3,   3,   0)  0.0021   (-39.391,  0.000,  0.000) 39.391 
J_iso:  0.0021 
[Testing!] Jprime: 0.000,  B: -0.000
[Testing!] DMI: ( 0.0000  0.0000 -0.0000)
[Testing!]J_ani:
[[-0.003  0.     0.   ]
 [ 0.    -0.001 -0.   ]
 [ 0.    -0.    -0.   ]]
