==========================================================================================
Information: 
Exchange parameters generated by TB2J 0.3.1
Generation time: 20/09/14 09:34:38
 Input from collinear Siesta data.
 working directory: /home/ICN2/xhe/projects/TB2J_examples_full/Siesta/bccFe/PBE/DFT
 fdf_fname: siesta.fdf.

==========================================================================================
Cell (Angstrom):
 2.467   0.000   0.000
-0.822   2.325   0.000
-0.822  -1.163   2.014

==========================================================================================
Atoms:  
(Note: charge and magmoms only count the wannier functions.)
Atom_number      x         y         z     w_charge    M(x)      M(y)      M(z)   
Fe1             0.0000    0.0000    0.0000    7.9994    0.0000    0.0000    2.3197
Total                                         7.9994    0.0000    0.0000    2.3197

==========================================================================================
Exchange: 
    i      j          R        J_iso(meV)          vector          distance(A) 
----------------------------------------------------------------------------------------
   Fe1   Fe1   ( -1,   0,   0) 17.9376   (-2.467,  0.000,  0.000)  2.467 
J_iso: 17.9376 
[Experimental!] Jprime: 54.168,  B: -18.115
[Experimental!] DMI: ( 0.0000  0.0000 -0.0000)
[Experimental!]J_ani:
[[  0.     0.     0.  ]
 [  0.     0.     0.  ]
 [  0.     0.   -36.23]]
----------------------------------------------------------------------------------------
   Fe1   Fe1   (  0,  -1,   0) 17.9377   ( 0.822, -2.325,  0.000)  2.467 
J_iso: 17.9377 
[Experimental!] Jprime: 54.168,  B: -18.115
[Experimental!] DMI: ( 0.0000  0.0000  0.0000)
[Experimental!]J_ani:
[[  0.     0.     0.  ]
 [  0.     0.     0.  ]
 [  0.     0.   -36.23]]
----------------------------------------------------------------------------------------
   Fe1   Fe1   (  0,   0,  -1) 17.9377   ( 0.822,  1.163, -2.014)  2.467 
J_iso: 17.9377 
[Experimental!] Jprime: 54.168,  B: -18.115
[Experimental!] DMI: ( 0.0000  0.0000  0.0000)
[Experimental!]J_ani:
[[  0.      0.      0.   ]
 [  0.      0.      0.   ]
 [  0.      0.    -36.231]]
----------------------------------------------------------------------------------------
   Fe1   Fe1   (  0,   0,   1) 17.9377   (-0.822, -1.163,  2.014)  2.467 
J_iso: 17.9377 
[Experimental!] Jprime: 54.168,  B: -18.115
[Experimental!] DMI: ( 0.0000  0.0000 -0.0000)
[Experimental!]J_ani:
[[  0.      0.      0.   ]
 [  0.      0.      0.   ]
 [  0.      0.    -36.231]]
----------------------------------------------------------------------------------------
   Fe1   Fe1   (  0,   1,   0) 17.9377   (-0.822,  2.325,  0.000)  2.467 
J_iso: 17.9377 
[Experimental!] Jprime: 54.168,  B: -18.115
[Experimental!] DMI: ( 0.0000  0.0000 -0.0000)
[Experimental!]J_ani:
[[  0.     0.     0.  ]
 [  0.     0.     0.  ]
 [  0.     0.   -36.23]]
----------------------------------------------------------------------------------------
   Fe1   Fe1   (  1,   0,   0) 17.9376   ( 2.467,  0.000,  0.000)  2.467 
J_iso: 17.9376 
[Experimental!] Jprime: 54.168,  B: -18.115
[Experimental!] DMI: ( 0.0000  0.0000  0.0000)
[Experimental!]J_ani:
[[  0.     0.     0.  ]
 [  0.     0.     0.  ]
 [  0.     0.   -36.23]]
----------------------------------------------------------------------------------------
   Fe1   Fe1   ( -1,  -1,  -1) 18.1421   (-0.822, -1.163, -2.014)  2.467 
J_iso: 18.1421 
[Experimental!] Jprime: 54.809,  B: -18.334
[Experimental!] DMI: ( 0.0000  0.0000 -0.0000)
[Experimental!]J_ani:
[[  0.      0.      0.   ]
 [  0.      0.      0.   ]
 [  0.      0.    -36.667]]
----------------------------------------------------------------------------------------
   Fe1   Fe1   (  1,   1,   1) 18.1421   ( 0.822,  1.163,  2.014)  2.467 
J_iso: 18.1421 
[Experimental!] Jprime: 54.809,  B: -18.334
[Experimental!] DMI: ( 0.0000  0.0000  0.0000)
[Experimental!]J_ani:
[[  0.      0.      0.   ]
 [  0.      0.      0.   ]
 [  0.      0.    -36.667]]
----------------------------------------------------------------------------------------
   Fe1   Fe1   (  0,  -1,  -1) 12.5555   ( 1.644, -1.163, -2.014)  2.848 
J_iso: 12.5555 
[Experimental!] Jprime: 21.230,  B: -4.337
[Experimental!] DMI: ( 0.0000  0.0000  0.0000)
[Experimental!]J_ani:
[[ 0.     0.     0.   ]
 [ 0.     0.     0.   ]
 [ 0.     0.    -8.674]]
----------------------------------------------------------------------------------------
   Fe1   Fe1   (  0,   1,   1) 12.5555   (-1.644,  1.163,  2.014)  2.848 
J_iso: 12.5555 
[Experimental!] Jprime: 21.230,  B: -4.337
[Experimental!] DMI: ( 0.0000  0.0000 -0.0000)
[Experimental!]J_ani:
[[ 0.     0.     0.   ]
 [ 0.     0.     0.   ]
 [ 0.     0.    -8.674]]
----------------------------------------------------------------------------------------
   Fe1   Fe1   ( -1,  -1,   0) 12.5555   (-1.644, -2.325,  0.000)  2.848 
J_iso: 12.5555 
[Experimental!] Jprime: 21.230,  B: -4.337
[Experimental!] DMI: ( 0.0000  0.0000 -0.0000)
[Experimental!]J_ani:
[[ 0.     0.     0.   ]
 [ 0.     0.     0.   ]
 [ 0.     0.    -8.674]]
----------------------------------------------------------------------------------------
   Fe1   Fe1   ( -1,   0,  -1) 12.5555   (-1.644,  1.163, -2.014)  2.848 
J_iso: 12.5555 
[Experimental!] Jprime: 21.230,  B: -4.337
[Experimental!] DMI: ( 0.0000  0.0000  0.0000)
[Experimental!]J_ani:
[[ 0.     0.     0.   ]
 [ 0.     0.     0.   ]
 [ 0.     0.    -8.674]]
----------------------------------------------------------------------------------------
   Fe1   Fe1   (  1,   0,   1) 12.5555   ( 1.644, -1.163,  2.014)  2.848 
J_iso: 12.5555 
[Experimental!] Jprime: 21.230,  B: -4.337
[Experimental!] DMI: ( 0.0000  0.0000 -0.0000)
[Experimental!]J_ani:
[[ 0.     0.     0.   ]
 [ 0.     0.     0.   ]
 [ 0.     0.    -8.674]]
----------------------------------------------------------------------------------------
   Fe1   Fe1   (  1,   1,   0) 12.5555   ( 1.644,  2.325,  0.000)  2.848 
J_iso: 12.5555 
[Experimental!] Jprime: 21.230,  B: -4.337
[Experimental!] DMI: ( 0.0000  0.0000  0.0000)
[Experimental!]J_ani:
[[ 0.     0.     0.   ]
 [ 0.     0.     0.   ]
 [ 0.     0.    -8.674]]
----------------------------------------------------------------------------------------
   Fe1   Fe1   ( -1,   0,   1) -0.2138   (-3.289, -1.163,  2.014)  4.028 
J_iso: -0.2138 
[Experimental!] Jprime: 3.191,  B: -1.702
[Experimental!] DMI: ( 0.0000  0.0000  0.0000)
[Experimental!]J_ani:
[[ 0.     0.     0.   ]
 [ 0.     0.     0.   ]
 [ 0.     0.    -3.404]]
----------------------------------------------------------------------------------------
   Fe1   Fe1   ( -1,   1,   0) -0.2138   (-3.289,  2.325,  0.000)  4.028 
J_iso: -0.2138 
[Experimental!] Jprime: 3.191,  B: -1.702
[Experimental!] DMI: ( 0.0000  0.0000 -0.0000)
[Experimental!]J_ani:
[[ 0.     0.     0.   ]
 [ 0.     0.     0.   ]
 [ 0.     0.    -3.404]]
----------------------------------------------------------------------------------------
   Fe1   Fe1   (  0,  -1,   1) -0.2138   ( 0.000, -3.488,  2.014)  4.028 
J_iso: -0.2138 
[Experimental!] Jprime: 3.191,  B: -1.702
[Experimental!] DMI: ( 0.0000  0.0000  0.0000)
[Experimental!]J_ani:
[[ 0.     0.     0.   ]
 [ 0.     0.     0.   ]
 [ 0.     0.    -3.404]]
----------------------------------------------------------------------------------------
   Fe1   Fe1   (  0,   1,  -1) -0.2138   ( 0.000,  3.488, -2.014)  4.028 
J_iso: -0.2138 
[Experimental!] Jprime: 3.191,  B: -1.702
[Experimental!] DMI: ( 0.0000  0.0000 -0.0000)
[Experimental!]J_ani:
[[ 0.     0.     0.   ]
 [ 0.     0.     0.   ]
 [ 0.     0.    -3.404]]
----------------------------------------------------------------------------------------
   Fe1   Fe1   (  1,  -1,   0) -0.2138   ( 3.289, -2.325,  0.000)  4.028 
J_iso: -0.2138 
[Experimental!] Jprime: 3.191,  B: -1.702
[Experimental!] DMI: ( 0.0000  0.0000  0.0000)
[Experimental!]J_ani:
[[ 0.     0.     0.   ]
 [ 0.     0.     0.   ]
 [ 0.     0.    -3.404]]
----------------------------------------------------------------------------------------
   Fe1   Fe1   (  1,   0,  -1) -0.2138   ( 3.289,  1.163, -2.014)  4.028 
J_iso: -0.2138 
[Experimental!] Jprime: 3.191,  B: -1.702
[Experimental!] DMI: ( 0.0000  0.0000 -0.0000)
[Experimental!]J_ani:
[[ 0.     0.     0.   ]
 [ 0.     0.     0.   ]
 [ 0.     0.    -3.404]]
----------------------------------------------------------------------------------------
   Fe1   Fe1   ( -2,  -1,  -1) -0.2204   (-3.289, -1.163, -2.014)  4.028 
J_iso: -0.2204 
[Experimental!] Jprime: 3.140,  B: -1.680
[Experimental!] DMI: ( 0.0000  0.0000 -0.0000)
[Experimental!]J_ani:
[[ 0.     0.     0.   ]
 [ 0.     0.     0.   ]
 [ 0.     0.    -3.361]]
----------------------------------------------------------------------------------------
   Fe1   Fe1   ( -1,  -2,  -1) -0.2204   (-0.000, -3.488, -2.014)  4.028 
J_iso: -0.2204 
[Experimental!] Jprime: 3.140,  B: -1.680
[Experimental!] DMI: ( 0.0000  0.0000  0.0000)
[Experimental!]J_ani:
[[ 0.     0.     0.   ]
 [ 0.     0.     0.   ]
 [ 0.     0.    -3.361]]
----------------------------------------------------------------------------------------
   Fe1   Fe1   ( -1,  -1,  -2) -0.2204   (-0.000, -0.000, -4.028)  4.028 
J_iso: -0.2204 
[Experimental!] Jprime: 3.140,  B: -1.680
[Experimental!] DMI: ( 0.0000  0.0000 -0.0000)
[Experimental!]J_ani:
[[ 0.     0.     0.   ]
 [ 0.     0.     0.   ]
 [ 0.     0.    -3.361]]
----------------------------------------------------------------------------------------
   Fe1   Fe1   (  1,   1,   2) -0.2204   ( 0.000,  0.000,  4.028)  4.028 
J_iso: -0.2204 
[Experimental!] Jprime: 3.140,  B: -1.680
[Experimental!] DMI: ( 0.0000  0.0000  0.0000)
[Experimental!]J_ani:
[[ 0.     0.     0.   ]
 [ 0.     0.     0.   ]
 [ 0.     0.    -3.361]]
----------------------------------------------------------------------------------------
   Fe1   Fe1   (  1,   2,   1) -0.2204   ( 0.000,  3.488,  2.014)  4.028 
J_iso: -0.2204 
[Experimental!] Jprime: 3.140,  B: -1.680
[Experimental!] DMI: ( 0.0000  0.0000 -0.0000)
[Experimental!]J_ani:
[[ 0.     0.     0.   ]
 [ 0.     0.     0.   ]
 [ 0.     0.    -3.361]]
----------------------------------------------------------------------------------------
   Fe1   Fe1   (  2,   1,   1) -0.2204   ( 3.289,  1.163,  2.014)  4.028 
J_iso: -0.2204 
[Experimental!] Jprime: 3.140,  B: -1.680
[Experimental!] DMI: ( 0.0000  0.0000  0.0000)
[Experimental!]J_ani:
[[ 0.     0.     0.   ]
 [ 0.     0.     0.   ]
 [ 0.     0.    -3.361]]
----------------------------------------------------------------------------------------
   Fe1   Fe1   ( -1,  -1,   1) -0.0901   (-2.467, -3.488,  2.014)  4.723 
J_iso: -0.0901 
[Experimental!] Jprime: 0.829,  B: -0.459
[Experimental!] DMI: ( 0.0000  0.0000 -0.0000)
[Experimental!]J_ani:
[[ 0.     0.     0.   ]
 [ 0.     0.     0.   ]
 [ 0.     0.    -0.919]]
----------------------------------------------------------------------------------------
   Fe1   Fe1   ( -1,   1,  -1) -0.0901   (-2.467,  3.488, -2.014)  4.723 
J_iso: -0.0901 
[Experimental!] Jprime: 0.829,  B: -0.459
[Experimental!] DMI: ( 0.0000  0.0000 -0.0000)
[Experimental!]J_ani:
[[ 0.     0.     0.   ]
 [ 0.     0.     0.   ]
 [ 0.     0.    -0.919]]
----------------------------------------------------------------------------------------
   Fe1   Fe1   ( -1,   1,   1) -0.0901   (-4.111,  1.163,  2.014)  4.723 
J_iso: -0.0901 
[Experimental!] Jprime: 0.829,  B: -0.459
[Experimental!] DMI: ( 0.0000  0.0000 -0.0000)
[Experimental!]J_ani:
[[ 0.     0.     0.   ]
 [ 0.     0.     0.   ]
 [ 0.     0.    -0.919]]
----------------------------------------------------------------------------------------
   Fe1   Fe1   (  1,  -1,  -1) -0.0901   ( 4.111, -1.163, -2.014)  4.723 
J_iso: -0.0901 
[Experimental!] Jprime: 0.829,  B: -0.459
[Experimental!] DMI: ( 0.0000  0.0000  0.0000)
[Experimental!]J_ani:
[[ 0.     0.     0.   ]
 [ 0.     0.     0.   ]
 [ 0.     0.    -0.919]]
----------------------------------------------------------------------------------------
   Fe1   Fe1   (  1,  -1,   1) -0.0901   ( 2.467, -3.488,  2.014)  4.723 
J_iso: -0.0901 
[Experimental!] Jprime: 0.829,  B: -0.459
[Experimental!] DMI: ( 0.0000  0.0000  0.0000)
[Experimental!]J_ani:
[[ 0.     0.     0.   ]
 [ 0.     0.     0.   ]
 [ 0.     0.    -0.919]]
----------------------------------------------------------------------------------------
   Fe1   Fe1   (  1,   1,  -1) -0.0901   ( 2.467,  3.488, -2.014)  4.723 
J_iso: -0.0901 
[Experimental!] Jprime: 0.829,  B: -0.459
[Experimental!] DMI: ( 0.0000  0.0000  0.0000)
[Experimental!]J_ani:
[[ 0.     0.     0.   ]
 [ 0.     0.     0.   ]
 [ 0.     0.    -0.919]]
----------------------------------------------------------------------------------------
   Fe1   Fe1   ( -2,  -1,   0) -0.0618   (-4.111, -2.325,  0.000)  4.723 
J_iso: -0.0618 
[Experimental!] Jprime: 0.867,  B: -0.464
[Experimental!] DMI: ( 0.0000  0.0000  0.0000)
[Experimental!]J_ani:
[[ 0.     0.     0.   ]
 [ 0.     0.     0.   ]
 [ 0.     0.    -0.929]]
----------------------------------------------------------------------------------------
   Fe1   Fe1   ( -2,   0,  -1) -0.0618   (-4.111,  1.163, -2.014)  4.723 
J_iso: -0.0618 
[Experimental!] Jprime: 0.867,  B: -0.464
[Experimental!] DMI: ( 0.0000  0.0000  0.0000)
[Experimental!]J_ani:
[[ 0.     0.     0.   ]
 [ 0.     0.     0.   ]
 [ 0.     0.    -0.929]]
----------------------------------------------------------------------------------------
   Fe1   Fe1   ( -1,  -2,   0) -0.0618   (-0.822, -4.651,  0.000)  4.723 
J_iso: -0.0618 
[Experimental!] Jprime: 0.867,  B: -0.464
[Experimental!] DMI: ( 0.0000  0.0000  0.0000)
[Experimental!]J_ani:
[[ 0.     0.     0.   ]
 [ 0.     0.     0.   ]
 [ 0.     0.    -0.929]]
----------------------------------------------------------------------------------------
   Fe1   Fe1   ( -1,   0,  -2) -0.0618   (-0.822,  2.325, -4.028)  4.723 
J_iso: -0.0618 
[Experimental!] Jprime: 0.867,  B: -0.464
[Experimental!] DMI: ( 0.0000  0.0000  0.0000)
[Experimental!]J_ani:
[[ 0.     0.     0.   ]
 [ 0.     0.     0.   ]
 [ 0.     0.    -0.929]]
----------------------------------------------------------------------------------------
   Fe1   Fe1   (  0,  -2,  -1) -0.0618   ( 2.467, -3.488, -2.014)  4.723 
J_iso: -0.0618 
[Experimental!] Jprime: 0.867,  B: -0.464
[Experimental!] DMI: ( 0.0000  0.0000 -0.0000)
[Experimental!]J_ani:
[[ 0.     0.     0.   ]
 [ 0.     0.     0.   ]
 [ 0.     0.    -0.929]]
----------------------------------------------------------------------------------------
   Fe1   Fe1   (  0,  -1,  -2) -0.0618   ( 2.467, -0.000, -4.028)  4.723 
J_iso: -0.0618 
[Experimental!] Jprime: 0.867,  B: -0.464
[Experimental!] DMI: ( 0.0000  0.0000 -0.0000)
[Experimental!]J_ani:
[[ 0.     0.     0.   ]
 [ 0.     0.     0.   ]
 [ 0.     0.    -0.929]]
----------------------------------------------------------------------------------------
   Fe1   Fe1   (  0,   1,   2) -0.0618   (-2.467,  0.000,  4.028)  4.723 
J_iso: -0.0618 
[Experimental!] Jprime: 0.867,  B: -0.464
[Experimental!] DMI: ( 0.0000  0.0000  0.0000)
[Experimental!]J_ani:
[[ 0.     0.     0.   ]
 [ 0.     0.     0.   ]
 [ 0.     0.    -0.929]]
----------------------------------------------------------------------------------------
   Fe1   Fe1   (  0,   2,   1) -0.0618   (-2.467,  3.488,  2.014)  4.723 
J_iso: -0.0618 
[Experimental!] Jprime: 0.867,  B: -0.464
[Experimental!] DMI: ( 0.0000  0.0000  0.0000)
[Experimental!]J_ani:
[[ 0.     0.     0.   ]
 [ 0.     0.     0.   ]
 [ 0.     0.    -0.929]]
----------------------------------------------------------------------------------------
   Fe1   Fe1   (  1,   0,   2) -0.0618   ( 0.822, -2.325,  4.028)  4.723 
J_iso: -0.0618 
[Experimental!] Jprime: 0.867,  B: -0.464
[Experimental!] DMI: ( 0.0000  0.0000 -0.0000)
[Experimental!]J_ani:
[[ 0.     0.     0.   ]
 [ 0.     0.     0.   ]
 [ 0.     0.    -0.929]]
----------------------------------------------------------------------------------------
   Fe1   Fe1   (  1,   2,   0) -0.0618   ( 0.822,  4.651,  0.000)  4.723 
J_iso: -0.0618 
[Experimental!] Jprime: 0.867,  B: -0.464
[Experimental!] DMI: ( 0.0000  0.0000 -0.0000)
[Experimental!]J_ani:
[[ 0.     0.     0.   ]
 [ 0.     0.     0.   ]
 [ 0.     0.    -0.929]]
----------------------------------------------------------------------------------------
   Fe1   Fe1   (  2,   0,   1) -0.0618   ( 4.111, -1.163,  2.014)  4.723 
J_iso: -0.0618 
[Experimental!] Jprime: 0.867,  B: -0.464
[Experimental!] DMI: ( 0.0000  0.0000 -0.0000)
[Experimental!]J_ani:
[[ 0.     0.     0.   ]
 [ 0.     0.     0.   ]
 [ 0.     0.    -0.929]]
----------------------------------------------------------------------------------------
   Fe1   Fe1   (  2,   1,   0) -0.0618   ( 4.111,  2.325,  0.000)  4.723 
J_iso: -0.0618 
[Experimental!] Jprime: 0.867,  B: -0.464
[Experimental!] DMI: ( 0.0000  0.0000 -0.0000)
[Experimental!]J_ani:
[[ 0.     0.     0.   ]
 [ 0.     0.     0.   ]
 [ 0.     0.    -0.929]]
----------------------------------------------------------------------------------------
   Fe1   Fe1   ( -2,  -2,  -1) -0.0769   (-2.467, -3.488, -2.014)  4.723 
J_iso: -0.0769 
[Experimental!] Jprime: 0.844,  B: -0.461
[Experimental!] DMI: ( 0.0000  0.0000  0.0000)
[Experimental!]J_ani:
[[ 0.     0.     0.   ]
 [ 0.     0.     0.   ]
 [ 0.     0.    -0.921]]
----------------------------------------------------------------------------------------
   Fe1   Fe1   ( -2,  -1,  -2) -0.0768   (-2.467, -0.000, -4.028)  4.723 
J_iso: -0.0768 
[Experimental!] Jprime: 0.844,  B: -0.461
[Experimental!] DMI: ( 0.0000  0.0000 -0.0000)
[Experimental!]J_ani:
[[ 0.     0.     0.   ]
 [ 0.     0.     0.   ]
 [ 0.     0.    -0.921]]
----------------------------------------------------------------------------------------
   Fe1   Fe1   ( -1,  -2,  -2) -0.0768   ( 0.822, -2.325, -4.028)  4.723 
J_iso: -0.0768 
[Experimental!] Jprime: 0.844,  B: -0.461
[Experimental!] DMI: ( 0.0000  0.0000 -0.0000)
[Experimental!]J_ani:
[[ 0.     0.     0.   ]
 [ 0.     0.     0.   ]
 [ 0.     0.    -0.921]]
----------------------------------------------------------------------------------------
   Fe1   Fe1   (  1,   2,   2) -0.0768   (-0.822,  2.325,  4.028)  4.723 
J_iso: -0.0768 
[Experimental!] Jprime: 0.844,  B: -0.461
[Experimental!] DMI: ( 0.0000  0.0000  0.0000)
[Experimental!]J_ani:
[[ 0.     0.     0.   ]
 [ 0.     0.     0.   ]
 [ 0.     0.    -0.921]]
----------------------------------------------------------------------------------------
   Fe1   Fe1   (  2,   1,   2) -0.0768   ( 2.467,  0.000,  4.028)  4.723 
J_iso: -0.0768 
[Experimental!] Jprime: 0.844,  B: -0.461
[Experimental!] DMI: ( 0.0000  0.0000  0.0000)
[Experimental!]J_ani:
[[ 0.     0.     0.   ]
 [ 0.     0.     0.   ]
 [ 0.     0.    -0.921]]
----------------------------------------------------------------------------------------
   Fe1   Fe1   (  2,   2,   1) -0.0769   ( 2.467,  3.488,  2.014)  4.723 
J_iso: -0.0769 
[Experimental!] Jprime: 0.844,  B: -0.461
[Experimental!] DMI: ( 0.0000  0.0000 -0.0000)
[Experimental!]J_ani:
[[ 0.     0.     0.   ]
 [ 0.     0.     0.   ]
 [ 0.     0.    -0.921]]
----------------------------------------------------------------------------------------
   Fe1   Fe1   ( -2,   0,   0) -0.0768   (-4.933,  0.000,  0.000)  4.933 
J_iso: -0.0768 
[Experimental!] Jprime: -3.350,  B: 1.637
[Experimental!] DMI: ( 0.0000  0.0000  0.0000)
[Experimental!]J_ani:
[[0.    0.    0.   ]
 [0.    0.    0.   ]
 [0.    0.    3.274]]
----------------------------------------------------------------------------------------
   Fe1   Fe1   (  0,  -2,   0) -0.0768   ( 1.644, -4.651,  0.000)  4.933 
J_iso: -0.0768 
[Experimental!] Jprime: -3.350,  B: 1.637
[Experimental!] DMI: ( 0.0000  0.0000 -0.0000)
[Experimental!]J_ani:
[[0.    0.    0.   ]
 [0.    0.    0.   ]
 [0.    0.    3.274]]
----------------------------------------------------------------------------------------
   Fe1   Fe1   (  0,   0,  -2) -0.0768   ( 1.644,  2.325, -4.028)  4.933 
J_iso: -0.0768 
[Experimental!] Jprime: -3.350,  B: 1.637
[Experimental!] DMI: ( 0.0000  0.0000  0.0000)
[Experimental!]J_ani:
[[0.    0.    0.   ]
 [0.    0.    0.   ]
 [0.    0.    3.274]]
----------------------------------------------------------------------------------------
   Fe1   Fe1   (  0,   0,   2) -0.0768   (-1.644, -2.325,  4.028)  4.933 
J_iso: -0.0768 
[Experimental!] Jprime: -3.350,  B: 1.637
[Experimental!] DMI: ( 0.0000  0.0000 -0.0000)
[Experimental!]J_ani:
[[0.    0.    0.   ]
 [0.    0.    0.   ]
 [0.    0.    3.274]]
----------------------------------------------------------------------------------------
   Fe1   Fe1   (  0,   2,   0) -0.0768   (-1.644,  4.651,  0.000)  4.933 
J_iso: -0.0768 
[Experimental!] Jprime: -3.350,  B: 1.637
[Experimental!] DMI: ( 0.0000  0.0000  0.0000)
[Experimental!]J_ani:
[[0.    0.    0.   ]
 [0.    0.    0.   ]
 [0.    0.    3.274]]
----------------------------------------------------------------------------------------
   Fe1   Fe1   (  2,   0,   0) -0.0768   ( 4.933,  0.000,  0.000)  4.933 
J_iso: -0.0768 
[Experimental!] Jprime: -3.350,  B: 1.637
[Experimental!] DMI: ( 0.0000  0.0000 -0.0000)
[Experimental!]J_ani:
[[0.    0.    0.   ]
 [0.    0.    0.   ]
 [0.    0.    3.274]]
----------------------------------------------------------------------------------------
   Fe1   Fe1   ( -2,  -2,  -2) -0.1418   (-1.644, -2.325, -4.028)  4.933 
J_iso: -0.1418 
[Experimental!] Jprime: -3.501,  B: 1.680
[Experimental!] DMI: ( 0.0000  0.0000  0.0000)
[Experimental!]J_ani:
[[0.   0.   0.  ]
 [0.   0.   0.  ]
 [0.   0.   3.36]]
----------------------------------------------------------------------------------------
   Fe1   Fe1   (  2,   2,   2) -0.1418   ( 1.644,  2.325,  4.028)  4.933 
J_iso: -0.1418 
[Experimental!] Jprime: -3.501,  B: 1.680
[Experimental!] DMI: ( 0.0000  0.0000 -0.0000)
[Experimental!]J_ani:
[[0.   0.   0.  ]
 [0.   0.   0.  ]
 [0.   0.   3.36]]
----------------------------------------------------------------------------------------
   Fe1   Fe1   (  0,  -2,  -2)  0.2778   ( 3.289, -2.325, -4.028)  5.696 
J_iso:  0.2778 
[Experimental!] Jprime: -1.324,  B: 0.801
[Experimental!] DMI: ( 0.0000  0.0000  0.0000)
[Experimental!]J_ani:
[[0.    0.    0.   ]
 [0.    0.    0.   ]
 [0.    0.    1.602]]
----------------------------------------------------------------------------------------
   Fe1   Fe1   (  0,   2,   2)  0.2778   (-3.289,  2.325,  4.028)  5.696 
J_iso:  0.2778 
[Experimental!] Jprime: -1.324,  B: 0.801
[Experimental!] DMI: ( 0.0000  0.0000 -0.0000)
[Experimental!]J_ani:
[[0.    0.    0.   ]
 [0.    0.    0.   ]
 [0.    0.    1.602]]
----------------------------------------------------------------------------------------
   Fe1   Fe1   ( -2,  -2,   0)  0.2778   (-3.289, -4.651,  0.000)  5.696 
J_iso:  0.2778 
[Experimental!] Jprime: -1.324,  B: 0.801
[Experimental!] DMI: ( 0.0000  0.0000 -0.0000)
[Experimental!]J_ani:
[[0.    0.    0.   ]
 [0.    0.    0.   ]
 [0.    0.    1.602]]
----------------------------------------------------------------------------------------
   Fe1   Fe1   ( -2,   0,  -2)  0.2778   (-3.289,  2.325, -4.028)  5.696 
J_iso:  0.2778 
[Experimental!] Jprime: -1.324,  B: 0.801
[Experimental!] DMI: ( 0.0000  0.0000 -0.0000)
[Experimental!]J_ani:
[[0.    0.    0.   ]
 [0.    0.    0.   ]
 [0.    0.    1.602]]
----------------------------------------------------------------------------------------
   Fe1   Fe1   (  2,   0,   2)  0.2778   ( 3.289, -2.325,  4.028)  5.696 
J_iso:  0.2778 
[Experimental!] Jprime: -1.324,  B: 0.801
[Experimental!] DMI: ( 0.0000  0.0000  0.0000)
[Experimental!]J_ani:
[[0.    0.    0.   ]
 [0.    0.    0.   ]
 [0.    0.    1.602]]
----------------------------------------------------------------------------------------
   Fe1   Fe1   (  2,   2,   0)  0.2778   ( 3.289,  4.651,  0.000)  5.696 
J_iso:  0.2778 
[Experimental!] Jprime: -1.324,  B: 0.801
[Experimental!] DMI: ( 0.0000  0.0000  0.0000)
[Experimental!]J_ani:
[[0.    0.    0.   ]
 [0.    0.    0.   ]
 [0.    0.    1.602]]
----------------------------------------------------------------------------------------
   Fe1   Fe1   ( -1,   0,   2) -0.6047   (-4.111, -2.325,  4.028)  6.207 
J_iso: -0.6047 
[Experimental!] Jprime: 0.694,  B: -0.649
[Experimental!] DMI: ( 0.0000  0.0000  0.0000)
[Experimental!]J_ani:
[[ 0.     0.     0.   ]
 [ 0.     0.     0.   ]
 [ 0.     0.    -1.298]]
----------------------------------------------------------------------------------------
   Fe1   Fe1   (  1,   0,  -2) -0.6047   ( 4.111,  2.325, -4.028)  6.207 
J_iso: -0.6047 
[Experimental!] Jprime: 0.694,  B: -0.649
[Experimental!] DMI: ( 0.0000  0.0000 -0.0000)
[Experimental!]J_ani:
[[ 0.     0.     0.   ]
 [ 0.     0.     0.   ]
 [ 0.     0.    -1.298]]
----------------------------------------------------------------------------------------
   Fe1   Fe1   ( -2,   0,   1) -0.6047   (-5.755, -1.163,  2.014)  6.207 
J_iso: -0.6047 
[Experimental!] Jprime: 0.694,  B: -0.649
[Experimental!] DMI: ( 0.0000  0.0000 -0.0000)
[Experimental!]J_ani:
[[ 0.     0.     0.   ]
 [ 0.     0.     0.   ]
 [ 0.     0.    -1.298]]
----------------------------------------------------------------------------------------
   Fe1   Fe1   ( -2,   1,   0) -0.6047   (-5.755,  2.325,  0.000)  6.207 
J_iso: -0.6047 
[Experimental!] Jprime: 0.694,  B: -0.649
[Experimental!] DMI: ( 0.0000  0.0000 -0.0000)
[Experimental!]J_ani:
[[ 0.     0.     0.   ]
 [ 0.     0.     0.   ]
 [ 0.     0.    -1.298]]
----------------------------------------------------------------------------------------
   Fe1   Fe1   ( -1,   2,   0) -0.6047   (-4.111,  4.651,  0.000)  6.207 
J_iso: -0.6047 
[Experimental!] Jprime: 0.694,  B: -0.649
[Experimental!] DMI: ( 0.0000  0.0000  0.0000)
[Experimental!]J_ani:
[[ 0.     0.     0.   ]
 [ 0.     0.     0.   ]
 [ 0.     0.    -1.298]]
----------------------------------------------------------------------------------------
   Fe1   Fe1   (  0,  -2,   1) -0.6047   ( 0.822, -5.814,  2.014)  6.207 
J_iso: -0.6047 
[Experimental!] Jprime: 0.694,  B: -0.649
[Experimental!] DMI: ( 0.0000  0.0000 -0.0000)
[Experimental!]J_ani:
[[ 0.     0.     0.   ]
 [ 0.     0.     0.   ]
 [ 0.     0.    -1.298]]
----------------------------------------------------------------------------------------
   Fe1   Fe1   (  0,  -1,   2) -0.6047   (-0.822, -4.651,  4.028)  6.207 
J_iso: -0.6047 
[Experimental!] Jprime: 0.694,  B: -0.649
[Experimental!] DMI: ( 0.0000  0.0000 -0.0000)
[Experimental!]J_ani:
[[ 0.     0.     0.   ]
 [ 0.     0.     0.   ]
 [ 0.     0.    -1.298]]
----------------------------------------------------------------------------------------
   Fe1   Fe1   (  0,   1,  -2) -0.6047   ( 0.822,  4.651, -4.028)  6.207 
J_iso: -0.6047 
[Experimental!] Jprime: 0.694,  B: -0.649
[Experimental!] DMI: ( 0.0000  0.0000  0.0000)
[Experimental!]J_ani:
[[ 0.     0.     0.   ]
 [ 0.     0.     0.   ]
 [ 0.     0.    -1.298]]
----------------------------------------------------------------------------------------
   Fe1   Fe1   (  0,   2,  -1) -0.6047   (-0.822,  5.814, -2.014)  6.207 
J_iso: -0.6047 
[Experimental!] Jprime: 0.694,  B: -0.649
[Experimental!] DMI: ( 0.0000  0.0000  0.0000)
[Experimental!]J_ani:
[[ 0.     0.     0.   ]
 [ 0.     0.     0.   ]
 [ 0.     0.    -1.298]]
----------------------------------------------------------------------------------------
   Fe1   Fe1   (  1,  -2,   0) -0.6047   ( 4.111, -4.651,  0.000)  6.207 
J_iso: -0.6047 
[Experimental!] Jprime: 0.694,  B: -0.649
[Experimental!] DMI: ( 0.0000  0.0000 -0.0000)
[Experimental!]J_ani:
[[ 0.     0.     0.   ]
 [ 0.     0.     0.   ]
 [ 0.     0.    -1.298]]
----------------------------------------------------------------------------------------
   Fe1   Fe1   (  2,  -1,   0) -0.6047   ( 5.755, -2.325,  0.000)  6.207 
J_iso: -0.6047 
[Experimental!] Jprime: 0.694,  B: -0.649
[Experimental!] DMI: ( 0.0000  0.0000  0.0000)
[Experimental!]J_ani:
[[ 0.     0.     0.   ]
 [ 0.     0.     0.   ]
 [ 0.     0.    -1.298]]
----------------------------------------------------------------------------------------
   Fe1   Fe1   (  2,   0,  -1) -0.6047   ( 5.755,  1.163, -2.014)  6.207 
J_iso: -0.6047 
[Experimental!] Jprime: 0.694,  B: -0.649
[Experimental!] DMI: ( 0.0000  0.0000  0.0000)
[Experimental!]J_ani:
[[ 0.     0.     0.   ]
 [ 0.     0.     0.   ]
 [ 0.     0.    -1.298]]
----------------------------------------------------------------------------------------
   Fe1   Fe1   ( -1,  -1,  -3) -0.6069   ( 0.822,  1.163, -6.042)  6.207 
J_iso: -0.6069 
[Experimental!] Jprime: 0.695,  B: -0.651
[Experimental!] DMI: ( 0.0000  0.0000  0.0000)
[Experimental!]J_ani:
[[ 0.     0.     0.   ]
 [ 0.     0.     0.   ]
 [ 0.     0.    -1.302]]
----------------------------------------------------------------------------------------
   Fe1   Fe1   (  1,   1,   3) -0.6069   (-0.822, -1.163,  6.042)  6.207 
J_iso: -0.6069 
[Experimental!] Jprime: 0.695,  B: -0.651
[Experimental!] DMI: ( 0.0000  0.0000 -0.0000)
[Experimental!]J_ani:
[[ 0.     0.     0.   ]
 [ 0.     0.     0.   ]
 [ 0.     0.    -1.302]]
----------------------------------------------------------------------------------------
   Fe1   Fe1   ( -3,  -1,  -1) -0.6068   (-5.755, -1.163, -2.014)  6.207 
J_iso: -0.6068 
[Experimental!] Jprime: 0.695,  B: -0.651
[Experimental!] DMI: ( 0.0000  0.0000 -0.0000)
[Experimental!]J_ani:
[[ 0.     0.     0.   ]
 [ 0.     0.     0.   ]
 [ 0.     0.    -1.302]]
----------------------------------------------------------------------------------------
   Fe1   Fe1   ( -1,  -3,  -1) -0.6069   ( 0.822, -5.814, -2.014)  6.207 
J_iso: -0.6069 
[Experimental!] Jprime: 0.695,  B: -0.651
[Experimental!] DMI: ( 0.0000  0.0000 -0.0000)
[Experimental!]J_ani:
[[ 0.     0.     0.   ]
 [ 0.     0.     0.   ]
 [ 0.     0.    -1.302]]
----------------------------------------------------------------------------------------
   Fe1   Fe1   (  1,   3,   1) -0.6069   (-0.822,  5.814,  2.014)  6.207 
J_iso: -0.6069 
[Experimental!] Jprime: 0.695,  B: -0.651
[Experimental!] DMI: ( 0.0000  0.0000  0.0000)
[Experimental!]J_ani:
[[ 0.     0.     0.   ]
 [ 0.     0.     0.   ]
 [ 0.     0.    -1.302]]
----------------------------------------------------------------------------------------
   Fe1   Fe1   (  3,   1,   1) -0.6068   ( 5.755,  1.163,  2.014)  6.207 
J_iso: -0.6068 
[Experimental!] Jprime: 0.695,  B: -0.651
[Experimental!] DMI: ( 0.0000  0.0000  0.0000)
[Experimental!]J_ani:
[[ 0.     0.     0.   ]
 [ 0.     0.     0.   ]
 [ 0.     0.    -1.302]]
----------------------------------------------------------------------------------------
   Fe1   Fe1   ( -3,  -2,  -2) -0.6265   (-4.111, -2.325, -4.028)  6.207 
J_iso: -0.6265 
[Experimental!] Jprime: 0.635,  B: -0.631
[Experimental!] DMI: ( 0.0000  0.0000  0.0000)
[Experimental!]J_ani:
[[ 0.     0.     0.   ]
 [ 0.     0.     0.   ]
 [ 0.     0.    -1.261]]
----------------------------------------------------------------------------------------
   Fe1   Fe1   ( -2,  -2,  -3) -0.6265   (-0.822, -1.163, -6.042)  6.207 
J_iso: -0.6265 
[Experimental!] Jprime: 0.635,  B: -0.631
[Experimental!] DMI: ( 0.0000  0.0000  0.0000)
[Experimental!]J_ani:
[[ 0.     0.     0.   ]
 [ 0.     0.     0.   ]
 [ 0.     0.    -1.261]]
----------------------------------------------------------------------------------------
   Fe1   Fe1   (  2,   2,   3) -0.6265   ( 0.822,  1.163,  6.042)  6.207 
J_iso: -0.6265 
[Experimental!] Jprime: 0.635,  B: -0.631
[Experimental!] DMI: ( 0.0000  0.0000 -0.0000)
[Experimental!]J_ani:
[[ 0.     0.     0.   ]
 [ 0.     0.     0.   ]
 [ 0.     0.    -1.261]]
----------------------------------------------------------------------------------------
   Fe1   Fe1   (  3,   2,   2) -0.6265   ( 4.111,  2.325,  4.028)  6.207 
J_iso: -0.6265 
[Experimental!] Jprime: 0.635,  B: -0.631
[Experimental!] DMI: ( 0.0000  0.0000 -0.0000)
[Experimental!]J_ani:
[[ 0.     0.     0.   ]
 [ 0.     0.     0.   ]
 [ 0.     0.    -1.261]]
----------------------------------------------------------------------------------------
   Fe1   Fe1   ( -2,  -3,  -2) -0.6265   (-0.822, -4.651, -4.028)  6.207 
J_iso: -0.6265 
[Experimental!] Jprime: 0.635,  B: -0.631
[Experimental!] DMI: ( 0.0000  0.0000  0.0000)
[Experimental!]J_ani:
[[ 0.     0.     0.   ]
 [ 0.     0.     0.   ]
 [ 0.     0.    -1.261]]
----------------------------------------------------------------------------------------
   Fe1   Fe1   (  2,   3,   2) -0.6265   ( 0.822,  4.651,  4.028)  6.207 
J_iso: -0.6265 
[Experimental!] Jprime: 0.635,  B: -0.631
[Experimental!] DMI: ( 0.0000  0.0000 -0.0000)
[Experimental!]J_ani:
[[ 0.     0.     0.   ]
 [ 0.     0.     0.   ]
 [ 0.     0.    -1.261]]
----------------------------------------------------------------------------------------
   Fe1   Fe1   ( -2,  -1,   1)  0.6632   (-4.933, -3.488,  2.014)  6.369 
J_iso:  0.6632 
[Experimental!] Jprime: 1.833,  B: -0.585
[Experimental!] DMI: ( 0.0000  0.0000 -0.0000)
[Experimental!]J_ani:
[[ 0.    0.    0.  ]
 [ 0.    0.    0.  ]
 [ 0.    0.   -1.17]]
----------------------------------------------------------------------------------------
   Fe1   Fe1   ( -2,   1,  -1)  0.6632   (-4.933,  3.488, -2.014)  6.369 
J_iso:  0.6632 
[Experimental!] Jprime: 1.833,  B: -0.585
[Experimental!] DMI: ( 0.0000  0.0000 -0.0000)
[Experimental!]J_ani:
[[ 0.     0.     0.   ]
 [ 0.     0.     0.   ]
 [ 0.     0.    -1.169]]
----------------------------------------------------------------------------------------
   Fe1   Fe1   (  2,  -1,   1)  0.6632   ( 4.933, -3.488,  2.014)  6.369 
J_iso:  0.6632 
[Experimental!] Jprime: 1.833,  B: -0.585
[Experimental!] DMI: ( 0.0000  0.0000  0.0000)
[Experimental!]J_ani:
[[ 0.     0.     0.   ]
 [ 0.     0.     0.   ]
 [ 0.     0.    -1.169]]
----------------------------------------------------------------------------------------
   Fe1   Fe1   (  2,   1,  -1)  0.6632   ( 4.933,  3.488, -2.014)  6.369 
J_iso:  0.6632 
[Experimental!] Jprime: 1.833,  B: -0.585
[Experimental!] DMI: ( 0.0000  0.0000  0.0000)
[Experimental!]J_ani:
[[ 0.    0.    0.  ]
 [ 0.    0.    0.  ]
 [ 0.    0.   -1.17]]
----------------------------------------------------------------------------------------
   Fe1   Fe1   ( -1,   1,  -2)  0.6632   (-1.644,  4.651, -4.028)  6.369 
J_iso:  0.6632 
[Experimental!] Jprime: 1.833,  B: -0.585
[Experimental!] DMI: ( 0.0000  0.0000 -0.0000)
[Experimental!]J_ani:
[[ 0.     0.     0.   ]
 [ 0.     0.     0.   ]
 [ 0.     0.    -1.169]]
----------------------------------------------------------------------------------------
   Fe1   Fe1   ( -1,   1,   2)  0.6632   (-4.933,  0.000,  4.028)  6.369 
J_iso:  0.6632 
[Experimental!] Jprime: 1.833,  B: -0.585
[Experimental!] DMI: ( 0.0000  0.0000  0.0000)
[Experimental!]J_ani:
[[ 0.     0.     0.   ]
 [ 0.     0.     0.   ]
 [ 0.     0.    -1.169]]
----------------------------------------------------------------------------------------
   Fe1   Fe1   ( -1,   2,   1)  0.6632   (-4.933,  3.488,  2.014)  6.369 
J_iso:  0.6632 
[Experimental!] Jprime: 1.833,  B: -0.585
[Experimental!] DMI: ( 0.0000  0.0000 -0.0000)
[Experimental!]J_ani:
[[ 0.     0.     0.   ]
 [ 0.     0.     0.   ]
 [ 0.     0.    -1.169]]
----------------------------------------------------------------------------------------
   Fe1   Fe1   (  1,  -2,  -1)  0.6632   ( 4.933, -3.488, -2.014)  6.369 
J_iso:  0.6632 
[Experimental!] Jprime: 1.833,  B: -0.585
[Experimental!] DMI: ( 0.0000  0.0000  0.0000)
[Experimental!]J_ani:
[[ 0.     0.     0.   ]
 [ 0.     0.     0.   ]
 [ 0.     0.    -1.169]]
----------------------------------------------------------------------------------------
   Fe1   Fe1   (  1,  -1,  -2)  0.6632   ( 4.933, -0.000, -4.028)  6.369 
J_iso:  0.6632 
[Experimental!] Jprime: 1.833,  B: -0.585
[Experimental!] DMI: ( 0.0000  0.0000 -0.0000)
[Experimental!]J_ani:
[[ 0.     0.     0.   ]
 [ 0.     0.     0.   ]
 [ 0.     0.    -1.169]]
----------------------------------------------------------------------------------------
   Fe1   Fe1   (  1,  -1,   2)  0.6632   ( 1.644, -4.651,  4.028)  6.369 
J_iso:  0.6632 
[Experimental!] Jprime: 1.833,  B: -0.585
[Experimental!] DMI: ( 0.0000  0.0000  0.0000)
[Experimental!]J_ani:
[[ 0.     0.     0.   ]
 [ 0.     0.     0.   ]
 [ 0.     0.    -1.169]]
----------------------------------------------------------------------------------------
   Fe1   Fe1   ( -1,  -2,   1)  0.6632   (-1.644, -5.814,  2.014)  6.369 
J_iso:  0.6632 
[Experimental!] Jprime: 1.833,  B: -0.585
[Experimental!] DMI: ( 0.0000  0.0000  0.0000)
[Experimental!]J_ani:
[[ 0.     0.     0.   ]
 [ 0.     0.     0.   ]
 [ 0.     0.    -1.169]]
----------------------------------------------------------------------------------------
   Fe1   Fe1   (  1,   2,  -1)  0.6632   ( 1.644,  5.814, -2.014)  6.369 
J_iso:  0.6632 
[Experimental!] Jprime: 1.833,  B: -0.585
[Experimental!] DMI: ( 0.0000  0.0000 -0.0000)
[Experimental!]J_ani:
[[ 0.     0.     0.   ]
 [ 0.     0.     0.   ]
 [ 0.     0.    -1.169]]
----------------------------------------------------------------------------------------
   Fe1   Fe1   ( -2,  -1,  -3)  0.6660   (-1.644,  1.163, -6.042)  6.369 
J_iso:  0.6660 
[Experimental!] Jprime: 1.827,  B: -0.580
[Experimental!] DMI: ( 0.0000  0.0000 -0.0000)
[Experimental!]J_ani:
[[ 0.     0.     0.   ]
 [ 0.     0.     0.   ]
 [ 0.     0.    -1.161]]
----------------------------------------------------------------------------------------
   Fe1   Fe1   ( -1,  -2,  -3)  0.6660   ( 1.644, -1.163, -6.042)  6.369 
J_iso:  0.6660 
[Experimental!] Jprime: 1.827,  B: -0.580
[Experimental!] DMI: ( 0.0000  0.0000 -0.0000)
[Experimental!]J_ani:
[[ 0.     0.     0.   ]
 [ 0.     0.     0.   ]
 [ 0.     0.    -1.161]]
----------------------------------------------------------------------------------------
   Fe1   Fe1   (  1,   2,   3)  0.6660   (-1.644,  1.163,  6.042)  6.369 
J_iso:  0.6660 
[Experimental!] Jprime: 1.827,  B: -0.580
[Experimental!] DMI: ( 0.0000  0.0000  0.0000)
[Experimental!]J_ani:
[[ 0.     0.     0.   ]
 [ 0.     0.     0.   ]
 [ 0.     0.    -1.161]]
----------------------------------------------------------------------------------------
   Fe1   Fe1   (  2,   1,   3)  0.6660   ( 1.644, -1.163,  6.042)  6.369 
J_iso:  0.6660 
[Experimental!] Jprime: 1.827,  B: -0.580
[Experimental!] DMI: ( 0.0000  0.0000  0.0000)
[Experimental!]J_ani:
[[ 0.     0.     0.   ]
 [ 0.     0.     0.   ]
 [ 0.     0.    -1.161]]
----------------------------------------------------------------------------------------
   Fe1   Fe1   ( -3,  -2,  -1)  0.6660   (-4.933, -3.488, -2.014)  6.369 
J_iso:  0.6660 
[Experimental!] Jprime: 1.827,  B: -0.580
[Experimental!] DMI: ( 0.0000  0.0000 -0.0000)
[Experimental!]J_ani:
[[ 0.     0.     0.   ]
 [ 0.     0.     0.   ]
 [ 0.     0.    -1.161]]
----------------------------------------------------------------------------------------
   Fe1   Fe1   ( -3,  -1,  -2)  0.6660   (-4.933, -0.000, -4.028)  6.369 
J_iso:  0.6660 
[Experimental!] Jprime: 1.827,  B: -0.580
[Experimental!] DMI: ( 0.0000  0.0000 -0.0000)
[Experimental!]J_ani:
[[ 0.     0.     0.   ]
 [ 0.     0.     0.   ]
 [ 0.     0.    -1.161]]
----------------------------------------------------------------------------------------
   Fe1   Fe1   ( -1,  -3,  -2)  0.6660   ( 1.644, -4.651, -4.028)  6.369 
J_iso:  0.6660 
[Experimental!] Jprime: 1.827,  B: -0.580
[Experimental!] DMI: ( 0.0000  0.0000  0.0000)
[Experimental!]J_ani:
[[ 0.     0.     0.   ]
 [ 0.     0.     0.   ]
 [ 0.     0.    -1.161]]
----------------------------------------------------------------------------------------
   Fe1   Fe1   (  1,   3,   2)  0.6660   (-1.644,  4.651,  4.028)  6.369 
J_iso:  0.6660 
[Experimental!] Jprime: 1.827,  B: -0.580
[Experimental!] DMI: ( 0.0000  0.0000 -0.0000)
[Experimental!]J_ani:
[[ 0.     0.     0.   ]
 [ 0.     0.     0.   ]
 [ 0.     0.    -1.161]]
----------------------------------------------------------------------------------------
   Fe1   Fe1   (  3,   1,   2)  0.6660   ( 4.933,  0.000,  4.028)  6.369 
J_iso:  0.6660 
[Experimental!] Jprime: 1.827,  B: -0.580
[Experimental!] DMI: ( 0.0000  0.0000  0.0000)
[Experimental!]J_ani:
[[ 0.     0.     0.   ]
 [ 0.     0.     0.   ]
 [ 0.     0.    -1.161]]
----------------------------------------------------------------------------------------
   Fe1   Fe1   (  3,   2,   1)  0.6660   ( 4.933,  3.488,  2.014)  6.369 
J_iso:  0.6660 
[Experimental!] Jprime: 1.827,  B: -0.580
[Experimental!] DMI: ( 0.0000  0.0000  0.0000)
[Experimental!]J_ani:
[[ 0.     0.     0.   ]
 [ 0.     0.     0.   ]
 [ 0.     0.    -1.161]]
----------------------------------------------------------------------------------------
   Fe1   Fe1   ( -2,  -3,  -1)  0.6660   (-1.644, -5.814, -2.014)  6.369 
J_iso:  0.6660 
[Experimental!] Jprime: 1.827,  B: -0.580
[Experimental!] DMI: ( 0.0000  0.0000  0.0000)
[Experimental!]J_ani:
[[ 0.     0.     0.   ]
 [ 0.     0.     0.   ]
 [ 0.     0.    -1.161]]
----------------------------------------------------------------------------------------
   Fe1   Fe1   (  2,   3,   1)  0.6660   ( 1.644,  5.814,  2.014)  6.369 
J_iso:  0.6660 
[Experimental!] Jprime: 1.827,  B: -0.580
[Experimental!] DMI: ( 0.0000  0.0000 -0.0000)
[Experimental!]J_ani:
[[ 0.     0.     0.   ]
 [ 0.     0.     0.   ]
 [ 0.     0.    -1.161]]
----------------------------------------------------------------------------------------
   Fe1   Fe1   ( -2,   1,   1) -0.0941   (-6.577,  1.163,  2.014)  6.976 
J_iso: -0.0941 
[Experimental!] Jprime: 0.320,  B: -0.207
[Experimental!] DMI: ( 0.0000  0.0000  0.0000)
[Experimental!]J_ani:
[[ 0.     0.     0.   ]
 [ 0.     0.     0.   ]
 [ 0.     0.    -0.414]]
----------------------------------------------------------------------------------------
   Fe1   Fe1   ( -1,  -1,   2) -0.0941   (-3.289, -4.651,  4.028)  6.976 
J_iso: -0.0941 
[Experimental!] Jprime: 0.320,  B: -0.207
[Experimental!] DMI: ( 0.0000  0.0000  0.0000)
[Experimental!]J_ani:
[[ 0.     0.     0.   ]
 [ 0.     0.     0.   ]
 [ 0.     0.    -0.414]]
----------------------------------------------------------------------------------------
   Fe1   Fe1   (  1,   1,  -2) -0.0941   ( 3.289,  4.651, -4.028)  6.976 
J_iso: -0.0941 
[Experimental!] Jprime: 0.320,  B: -0.207
[Experimental!] DMI: ( 0.0000  0.0000 -0.0000)
[Experimental!]J_ani:
[[ 0.     0.     0.   ]
 [ 0.     0.     0.   ]
 [ 0.     0.    -0.414]]
----------------------------------------------------------------------------------------
   Fe1   Fe1   (  2,  -1,  -1) -0.0941   ( 6.577, -1.163, -2.014)  6.976 
J_iso: -0.0941 
[Experimental!] Jprime: 0.320,  B: -0.207
[Experimental!] DMI: ( 0.0000  0.0000 -0.0000)
[Experimental!]J_ani:
[[ 0.     0.     0.   ]
 [ 0.     0.     0.   ]
 [ 0.     0.    -0.414]]
----------------------------------------------------------------------------------------
   Fe1   Fe1   ( -1,   2,  -1) -0.0941   (-3.289,  5.814, -2.014)  6.976 
J_iso: -0.0941 
[Experimental!] Jprime: 0.320,  B: -0.207
[Experimental!] DMI: ( 0.0000  0.0000 -0.0000)
[Experimental!]J_ani:
[[ 0.     0.     0.   ]
 [ 0.     0.     0.   ]
 [ 0.     0.    -0.414]]
----------------------------------------------------------------------------------------
   Fe1   Fe1   (  1,  -2,   1) -0.0941   ( 3.289, -5.814,  2.014)  6.976 
J_iso: -0.0941 
[Experimental!] Jprime: 0.320,  B: -0.207
[Experimental!] DMI: ( 0.0000  0.0000  0.0000)
[Experimental!]J_ani:
[[ 0.     0.     0.   ]
 [ 0.     0.     0.   ]
 [ 0.     0.    -0.414]]
----------------------------------------------------------------------------------------
   Fe1   Fe1   (  0,  -1,  -3) -0.1015   ( 3.289,  1.163, -6.042)  6.976 
J_iso: -0.1015 
[Experimental!] Jprime: 0.316,  B: -0.209
[Experimental!] DMI: ( 0.0000  0.0000  0.0000)
[Experimental!]J_ani:
[[ 0.     0.     0.   ]
 [ 0.     0.     0.   ]
 [ 0.     0.    -0.417]]
----------------------------------------------------------------------------------------
   Fe1   Fe1   (  0,   1,   3) -0.1015   (-3.289, -1.163,  6.042)  6.976 
J_iso: -0.1015 
[Experimental!] Jprime: 0.316,  B: -0.209
[Experimental!] DMI: ( 0.0000  0.0000 -0.0000)
[Experimental!]J_ani:
[[ 0.     0.     0.   ]
 [ 0.     0.     0.   ]
 [ 0.     0.    -0.417]]
----------------------------------------------------------------------------------------
   Fe1   Fe1   ( -3,  -1,   0) -0.1015   (-6.577, -2.325,  0.000)  6.976 
J_iso: -0.1015 
[Experimental!] Jprime: 0.316,  B: -0.209
[Experimental!] DMI: ( 0.0000  0.0000 -0.0000)
[Experimental!]J_ani:
[[ 0.     0.     0.   ]
 [ 0.     0.     0.   ]
 [ 0.     0.    -0.417]]
----------------------------------------------------------------------------------------
   Fe1   Fe1   ( -3,   0,  -1) -0.1015   (-6.577,  1.163, -2.014)  6.976 
J_iso: -0.1015 
[Experimental!] Jprime: 0.316,  B: -0.209
[Experimental!] DMI: ( 0.0000  0.0000 -0.0000)
[Experimental!]J_ani:
[[ 0.     0.     0.   ]
 [ 0.     0.     0.   ]
 [ 0.     0.    -0.417]]
----------------------------------------------------------------------------------------
   Fe1   Fe1   ( -1,   0,  -3) -0.1015   (-0.000,  3.488, -6.042)  6.976 
J_iso: -0.1015 
[Experimental!] Jprime: 0.316,  B: -0.209
[Experimental!] DMI: ( 0.0000  0.0000  0.0000)
[Experimental!]J_ani:
[[ 0.     0.     0.   ]
 [ 0.     0.     0.   ]
 [ 0.     0.    -0.417]]
----------------------------------------------------------------------------------------
   Fe1   Fe1   (  0,  -3,  -1) -0.1015   ( 3.289, -5.814, -2.014)  6.976 
J_iso: -0.1015 
[Experimental!] Jprime: 0.316,  B: -0.209
[Experimental!] DMI: ( 0.0000  0.0000  0.0000)
[Experimental!]J_ani:
[[ 0.     0.     0.   ]
 [ 0.     0.     0.   ]
 [ 0.     0.    -0.417]]
----------------------------------------------------------------------------------------
   Fe1   Fe1   (  0,   3,   1) -0.1015   (-3.289,  5.814,  2.014)  6.976 
J_iso: -0.1015 
[Experimental!] Jprime: 0.316,  B: -0.209
[Experimental!] DMI: ( 0.0000  0.0000 -0.0000)
[Experimental!]J_ani:
[[ 0.     0.     0.   ]
 [ 0.     0.     0.   ]
 [ 0.     0.    -0.417]]
----------------------------------------------------------------------------------------
   Fe1   Fe1   (  1,   0,   3) -0.1015   ( 0.000, -3.488,  6.042)  6.976 
J_iso: -0.1015 
[Experimental!] Jprime: 0.316,  B: -0.209
[Experimental!] DMI: ( 0.0000  0.0000 -0.0000)
[Experimental!]J_ani:
[[ 0.     0.     0.   ]
 [ 0.     0.     0.   ]
 [ 0.     0.    -0.417]]
----------------------------------------------------------------------------------------
   Fe1   Fe1   (  3,   0,   1) -0.1015   ( 6.577, -1.163,  2.014)  6.976 
J_iso: -0.1015 
[Experimental!] Jprime: 0.316,  B: -0.209
[Experimental!] DMI: ( 0.0000  0.0000  0.0000)
[Experimental!]J_ani:
[[ 0.     0.     0.   ]
 [ 0.     0.     0.   ]
 [ 0.     0.    -0.417]]
----------------------------------------------------------------------------------------
   Fe1   Fe1   (  3,   1,   0) -0.1015   ( 6.577,  2.325,  0.000)  6.976 
J_iso: -0.1015 
[Experimental!] Jprime: 0.316,  B: -0.209
[Experimental!] DMI: ( 0.0000  0.0000  0.0000)
[Experimental!]J_ani:
[[ 0.     0.     0.   ]
 [ 0.     0.     0.   ]
 [ 0.     0.    -0.417]]
----------------------------------------------------------------------------------------
   Fe1   Fe1   ( -1,  -3,   0) -0.1015   (-0.000, -6.976,  0.000)  6.976 
J_iso: -0.1015 
[Experimental!] Jprime: 0.316,  B: -0.209
[Experimental!] DMI: ( 0.0000  0.0000 -0.0000)
[Experimental!]J_ani:
[[ 0.     0.     0.   ]
 [ 0.     0.     0.   ]
 [ 0.     0.    -0.417]]
----------------------------------------------------------------------------------------
   Fe1   Fe1   (  1,   3,   0) -0.1015   ( 0.000,  6.976,  0.000)  6.976 
J_iso: -0.1015 
[Experimental!] Jprime: 0.316,  B: -0.209
[Experimental!] DMI: ( 0.0000  0.0000  0.0000)
[Experimental!]J_ani:
[[ 0.     0.     0.   ]
 [ 0.     0.     0.   ]
 [ 0.     0.    -0.417]]
----------------------------------------------------------------------------------------
   Fe1   Fe1   ( -3,  -2,  -3) -0.0994   (-3.289, -1.163, -6.042)  6.976 
J_iso: -0.0994 
[Experimental!] Jprime: 0.287,  B: -0.193
[Experimental!] DMI: ( 0.0000  0.0000 -0.0000)
[Experimental!]J_ani:
[[ 0.     0.     0.   ]
 [ 0.     0.     0.   ]
 [ 0.     0.    -0.386]]
----------------------------------------------------------------------------------------
   Fe1   Fe1   (  3,   2,   3) -0.0994   ( 3.289,  1.163,  6.042)  6.976 
J_iso: -0.0994 
[Experimental!] Jprime: 0.287,  B: -0.193
[Experimental!] DMI: ( 0.0000  0.0000  0.0000)
[Experimental!]J_ani:
[[ 0.     0.     0.   ]
 [ 0.     0.     0.   ]
 [ 0.     0.    -0.386]]
----------------------------------------------------------------------------------------
   Fe1   Fe1   ( -3,  -3,  -2) -0.0993   (-3.289, -4.651, -4.028)  6.976 
J_iso: -0.0993 
[Experimental!] Jprime: 0.287,  B: -0.193
[Experimental!] DMI: ( 0.0000  0.0000 -0.0000)
[Experimental!]J_ani:
[[ 0.     0.     0.   ]
 [ 0.     0.     0.   ]
 [ 0.     0.    -0.386]]
----------------------------------------------------------------------------------------
   Fe1   Fe1   ( -2,  -3,  -3) -0.0994   (-0.000, -3.488, -6.042)  6.976 
J_iso: -0.0994 
[Experimental!] Jprime: 0.287,  B: -0.193
[Experimental!] DMI: ( 0.0000  0.0000  0.0000)
[Experimental!]J_ani:
[[ 0.     0.     0.   ]
 [ 0.     0.     0.   ]
 [ 0.     0.    -0.386]]
----------------------------------------------------------------------------------------
   Fe1   Fe1   (  2,   3,   3) -0.0994   ( 0.000,  3.488,  6.042)  6.976 
J_iso: -0.0994 
[Experimental!] Jprime: 0.287,  B: -0.193
[Experimental!] DMI: ( 0.0000  0.0000 -0.0000)
[Experimental!]J_ani:
[[ 0.     0.     0.   ]
 [ 0.     0.     0.   ]
 [ 0.     0.    -0.386]]
----------------------------------------------------------------------------------------
   Fe1   Fe1   (  3,   3,   2) -0.0993   ( 3.289,  4.651,  4.028)  6.976 
J_iso: -0.0993 
[Experimental!] Jprime: 0.287,  B: -0.193
[Experimental!] DMI: ( 0.0000  0.0000  0.0000)
[Experimental!]J_ani:
[[ 0.     0.     0.   ]
 [ 0.     0.     0.   ]
 [ 0.     0.    -0.386]]
----------------------------------------------------------------------------------------
   Fe1   Fe1   (  0,   0,  -3)  1.5492   ( 2.467,  3.488, -6.042)  7.400 
J_iso:  1.5492 
[Experimental!] Jprime: 3.486,  B: -0.968
[Experimental!] DMI: ( 0.0000  0.0000 -0.0000)
[Experimental!]J_ani:
[[ 0.     0.     0.   ]
 [ 0.     0.     0.   ]
 [ 0.     0.    -1.937]]
----------------------------------------------------------------------------------------
   Fe1   Fe1   (  0,   0,   3)  1.5492   (-2.467, -3.488,  6.042)  7.400 
J_iso:  1.5492 
[Experimental!] Jprime: 3.486,  B: -0.968
[Experimental!] DMI: ( 0.0000  0.0000  0.0000)
[Experimental!]J_ani:
[[ 0.     0.     0.   ]
 [ 0.     0.     0.   ]
 [ 0.     0.    -1.937]]
----------------------------------------------------------------------------------------
   Fe1   Fe1   ( -3,   0,   0)  1.5492   (-7.400,  0.000,  0.000)  7.400 
J_iso:  1.5492 
[Experimental!] Jprime: 3.486,  B: -0.968
[Experimental!] DMI: ( 0.0000  0.0000 -0.0000)
[Experimental!]J_ani:
[[ 0.     0.     0.   ]
 [ 0.     0.     0.   ]
 [ 0.     0.    -1.937]]
----------------------------------------------------------------------------------------
   Fe1   Fe1   ( -2,   1,  -2) -0.1230   (-4.111,  4.651, -4.028)  7.400 
J_iso: -0.1230 
[Experimental!] Jprime: -0.557,  B: 0.217
[Experimental!] DMI: ( 0.0000  0.0000  0.0000)
[Experimental!]J_ani:
[[0.    0.    0.   ]
 [0.    0.    0.   ]
 [0.    0.    0.434]]
----------------------------------------------------------------------------------------
   Fe1   Fe1   ( -1,   2,   2) -0.1230   (-5.755,  2.325,  4.028)  7.400 
J_iso: -0.1230 
[Experimental!] Jprime: -0.557,  B: 0.217
[Experimental!] DMI: ( 0.0000  0.0000  0.0000)
[Experimental!]J_ani:
[[0.    0.    0.   ]
 [0.    0.    0.   ]
 [0.    0.    0.434]]
----------------------------------------------------------------------------------------
   Fe1   Fe1   (  1,  -2,  -2) -0.1230   ( 5.755, -2.325, -4.028)  7.400 
J_iso: -0.1230 
[Experimental!] Jprime: -0.557,  B: 0.217
[Experimental!] DMI: ( 0.0000  0.0000 -0.0000)
[Experimental!]J_ani:
[[0.    0.    0.   ]
 [0.    0.    0.   ]
 [0.    0.    0.434]]
----------------------------------------------------------------------------------------
   Fe1   Fe1   (  2,  -1,   2) -0.1230   ( 4.111, -4.651,  4.028)  7.400 
J_iso: -0.1230 
[Experimental!] Jprime: -0.557,  B: 0.217
[Experimental!] DMI: ( 0.0000  0.0000 -0.0000)
[Experimental!]J_ani:
[[0.    0.    0.   ]
 [0.    0.    0.   ]
 [0.    0.    0.434]]
----------------------------------------------------------------------------------------
   Fe1   Fe1   (  3,   0,   0)  1.5492   ( 7.400,  0.000,  0.000)  7.400 
J_iso:  1.5492 
[Experimental!] Jprime: 3.486,  B: -0.968
[Experimental!] DMI: ( 0.0000  0.0000  0.0000)
[Experimental!]J_ani:
[[ 0.     0.     0.   ]
 [ 0.     0.     0.   ]
 [ 0.     0.    -1.937]]
----------------------------------------------------------------------------------------
   Fe1   Fe1   ( -2,  -2,   1) -0.1230   (-4.111, -5.814,  2.014)  7.400 
J_iso: -0.1230 
[Experimental!] Jprime: -0.557,  B: 0.217
[Experimental!] DMI: ( 0.0000  0.0000 -0.0000)
[Experimental!]J_ani:
[[0.    0.    0.   ]
 [0.    0.    0.   ]
 [0.    0.    0.434]]
----------------------------------------------------------------------------------------
   Fe1   Fe1   (  0,  -3,   0)  1.5492   ( 2.467, -6.976,  0.000)  7.400 
J_iso:  1.5492 
[Experimental!] Jprime: 3.486,  B: -0.968
[Experimental!] DMI: ( 0.0000  0.0000  0.0000)
[Experimental!]J_ani:
[[ 0.     0.     0.   ]
 [ 0.     0.     0.   ]
 [ 0.     0.    -1.937]]
----------------------------------------------------------------------------------------
   Fe1   Fe1   (  0,   3,   0)  1.5492   (-2.467,  6.976,  0.000)  7.400 
J_iso:  1.5492 
[Experimental!] Jprime: 3.486,  B: -0.968
[Experimental!] DMI: ( 0.0000  0.0000 -0.0000)
[Experimental!]J_ani:
[[ 0.     0.     0.   ]
 [ 0.     0.     0.   ]
 [ 0.     0.    -1.937]]
----------------------------------------------------------------------------------------
   Fe1   Fe1   (  2,   2,  -1) -0.1230   ( 4.111,  5.814, -2.014)  7.400 
J_iso: -0.1230 
[Experimental!] Jprime: -0.557,  B: 0.217
[Experimental!] DMI: ( 0.0000  0.0000  0.0000)
[Experimental!]J_ani:
[[0.    0.    0.   ]
 [0.    0.    0.   ]
 [0.    0.    0.434]]
----------------------------------------------------------------------------------------
   Fe1   Fe1   (  0,  -2,  -3) -0.1128   ( 4.111, -1.163, -6.042)  7.400 
J_iso: -0.1128 
[Experimental!] Jprime: -0.527,  B: 0.207
[Experimental!] DMI: ( 0.0000  0.0000  0.0000)
[Experimental!]J_ani:
[[0.    0.    0.   ]
 [0.    0.    0.   ]
 [0.    0.    0.415]]
----------------------------------------------------------------------------------------
   Fe1   Fe1   (  0,   2,   3) -0.1128   (-4.111,  1.163,  6.042)  7.400 
J_iso: -0.1128 
[Experimental!] Jprime: -0.527,  B: 0.207
[Experimental!] DMI: ( 0.0000  0.0000 -0.0000)
[Experimental!]J_ani:
[[0.    0.    0.   ]
 [0.    0.    0.   ]
 [0.    0.    0.415]]
----------------------------------------------------------------------------------------
   Fe1   Fe1   ( -3,   0,  -2) -0.1128   (-5.755,  2.325, -4.028)  7.400 
J_iso: -0.1128 
[Experimental!] Jprime: -0.527,  B: 0.207
[Experimental!] DMI: ( 0.0000  0.0000 -0.0000)
[Experimental!]J_ani:
[[0.    0.    0.   ]
 [0.    0.    0.   ]
 [0.    0.    0.415]]
----------------------------------------------------------------------------------------
   Fe1   Fe1   ( -2,   0,  -3) -0.1128   (-2.467,  3.488, -6.042)  7.400 
J_iso: -0.1128 
[Experimental!] Jprime: -0.527,  B: 0.207
[Experimental!] DMI: ( 0.0000  0.0000 -0.0000)
[Experimental!]J_ani:
[[0.    0.    0.   ]
 [0.    0.    0.   ]
 [0.    0.    0.415]]
----------------------------------------------------------------------------------------
   Fe1   Fe1   (  0,  -3,  -2) -0.1128   ( 4.111, -4.651, -4.028)  7.400 
J_iso: -0.1128 
[Experimental!] Jprime: -0.527,  B: 0.207
[Experimental!] DMI: ( 0.0000  0.0000 -0.0000)
[Experimental!]J_ani:
[[0.    0.    0.   ]
 [0.    0.    0.   ]
 [0.    0.    0.415]]
----------------------------------------------------------------------------------------
   Fe1   Fe1   (  0,   3,   2) -0.1128   (-4.111,  4.651,  4.028)  7.400 
J_iso: -0.1128 
[Experimental!] Jprime: -0.527,  B: 0.207
[Experimental!] DMI: ( 0.0000  0.0000  0.0000)
[Experimental!]J_ani:
[[0.    0.    0.   ]
 [0.    0.    0.   ]
 [0.    0.    0.415]]
----------------------------------------------------------------------------------------
   Fe1   Fe1   (  2,   0,   3) -0.1128   ( 2.467, -3.488,  6.042)  7.400 
J_iso: -0.1128 
[Experimental!] Jprime: -0.527,  B: 0.207
[Experimental!] DMI: ( 0.0000  0.0000  0.0000)
[Experimental!]J_ani:
[[0.    0.    0.   ]
 [0.    0.    0.   ]
 [0.    0.    0.415]]
----------------------------------------------------------------------------------------
   Fe1   Fe1   (  3,   0,   2) -0.1128   ( 5.755, -2.325,  4.028)  7.400 
J_iso: -0.1128 
[Experimental!] Jprime: -0.527,  B: 0.207
[Experimental!] DMI: ( 0.0000  0.0000  0.0000)
[Experimental!]J_ani:
[[0.    0.    0.   ]
 [0.    0.    0.   ]
 [0.    0.    0.415]]
----------------------------------------------------------------------------------------
   Fe1   Fe1   ( -3,  -2,   0) -0.1128   (-5.755, -4.651,  0.000)  7.400 
J_iso: -0.1128 
[Experimental!] Jprime: -0.527,  B: 0.207
[Experimental!] DMI: ( 0.0000  0.0000 -0.0000)
[Experimental!]J_ani:
[[0.    0.    0.   ]
 [0.    0.    0.   ]
 [0.    0.    0.415]]
----------------------------------------------------------------------------------------
   Fe1   Fe1   ( -2,  -3,   0) -0.1128   (-2.467, -6.976,  0.000)  7.400 
J_iso: -0.1128 
[Experimental!] Jprime: -0.527,  B: 0.207
[Experimental!] DMI: ( 0.0000  0.0000  0.0000)
[Experimental!]J_ani:
[[0.    0.    0.   ]
 [0.    0.    0.   ]
 [0.    0.    0.415]]
----------------------------------------------------------------------------------------
   Fe1   Fe1   (  2,   3,   0) -0.1128   ( 2.467,  6.976,  0.000)  7.400 
J_iso: -0.1128 
[Experimental!] Jprime: -0.527,  B: 0.207
[Experimental!] DMI: ( 0.0000  0.0000 -0.0000)
[Experimental!]J_ani:
[[0.    0.    0.   ]
 [0.    0.    0.   ]
 [0.    0.    0.415]]
----------------------------------------------------------------------------------------
   Fe1   Fe1   (  3,   2,   0) -0.1128   ( 5.755,  4.651,  0.000)  7.400 
J_iso: -0.1128 
[Experimental!] Jprime: -0.527,  B: 0.207
[Experimental!] DMI: ( 0.0000  0.0000  0.0000)
[Experimental!]J_ani:
[[0.    0.    0.   ]
 [0.    0.    0.   ]
 [0.    0.    0.415]]
----------------------------------------------------------------------------------------
   Fe1   Fe1   ( -3,  -3,  -1) -0.1163   (-4.111, -5.814, -2.014)  7.400 
J_iso: -0.1163 
[Experimental!] Jprime: -0.537,  B: 0.210
[Experimental!] DMI: ( 0.0000  0.0000 -0.0000)
[Experimental!]J_ani:
[[0.    0.    0.   ]
 [0.    0.    0.   ]
 [0.    0.    0.421]]
----------------------------------------------------------------------------------------
   Fe1   Fe1   ( -3,  -1,  -3) -0.1163   (-4.111,  1.163, -6.042)  7.400 
J_iso: -0.1163 
[Experimental!] Jprime: -0.537,  B: 0.210
[Experimental!] DMI: ( 0.0000  0.0000  0.0000)
[Experimental!]J_ani:
[[0.    0.    0.   ]
 [0.    0.    0.   ]
 [0.    0.    0.421]]
----------------------------------------------------------------------------------------
   Fe1   Fe1   ( -1,  -3,  -3) -0.1163   ( 2.467, -3.488, -6.042)  7.400 
J_iso: -0.1163 
[Experimental!] Jprime: -0.537,  B: 0.210
[Experimental!] DMI: ( 0.0000  0.0000 -0.0000)
[Experimental!]J_ani:
[[0.    0.    0.   ]
 [0.    0.    0.   ]
 [0.    0.    0.421]]
----------------------------------------------------------------------------------------
   Fe1   Fe1   (  1,   3,   3) -0.1163   (-2.467,  3.488,  6.042)  7.400 
J_iso: -0.1163 
[Experimental!] Jprime: -0.537,  B: 0.210
[Experimental!] DMI: ( 0.0000  0.0000  0.0000)
[Experimental!]J_ani:
[[0.    0.    0.   ]
 [0.    0.    0.   ]
 [0.    0.    0.421]]
----------------------------------------------------------------------------------------
   Fe1   Fe1   (  3,   1,   3) -0.1163   ( 4.111, -1.163,  6.042)  7.400 
J_iso: -0.1163 
[Experimental!] Jprime: -0.537,  B: 0.210
[Experimental!] DMI: ( 0.0000  0.0000 -0.0000)
[Experimental!]J_ani:
[[0.    0.    0.   ]
 [0.    0.    0.   ]
 [0.    0.    0.421]]
----------------------------------------------------------------------------------------
   Fe1   Fe1   (  3,   3,   1) -0.1163   ( 4.111,  5.814,  2.014)  7.400 
J_iso: -0.1163 
[Experimental!] Jprime: -0.537,  B: 0.210
[Experimental!] DMI: ( 0.0000  0.0000  0.0000)
[Experimental!]J_ani:
[[0.    0.    0.   ]
 [0.    0.    0.   ]
 [0.    0.    0.421]]
----------------------------------------------------------------------------------------
   Fe1   Fe1   ( -3,  -3,  -3)  1.5305   (-2.467, -3.488, -6.042)  7.400 
J_iso:  1.5305 
[Experimental!] Jprime: 3.473,  B: -0.971
[Experimental!] DMI: ( 0.0000  0.0000 -0.0000)
[Experimental!]J_ani:
[[ 0.     0.     0.   ]
 [ 0.     0.     0.   ]
 [ 0.     0.    -1.943]]
----------------------------------------------------------------------------------------
   Fe1   Fe1   (  3,   3,   3)  1.5305   ( 2.467,  3.488,  6.042)  7.400 
J_iso:  1.5305 
[Experimental!] Jprime: 3.473,  B: -0.971
[Experimental!] DMI: ( 0.0000  0.0000  0.0000)
[Experimental!]J_ani:
[[ 0.     0.     0.   ]
 [ 0.     0.     0.   ]
 [ 0.     0.    -1.943]]
----------------------------------------------------------------------------------------
   Fe1   Fe1   ( -2,   0,   2)  0.0599   (-6.577, -2.325,  4.028)  8.056 
J_iso:  0.0599 
[Experimental!] Jprime: 0.172,  B: -0.056
[Experimental!] DMI: ( 0.0000  0.0000 -0.0000)
[Experimental!]J_ani:
[[ 0.     0.     0.   ]
 [ 0.     0.     0.   ]
 [ 0.     0.    -0.112]]
----------------------------------------------------------------------------------------
   Fe1   Fe1   ( -2,   2,   0)  0.0599   (-6.577,  4.651,  0.000)  8.056 
J_iso:  0.0599 
[Experimental!] Jprime: 0.172,  B: -0.056
[Experimental!] DMI: ( 0.0000  0.0000  0.0000)
[Experimental!]J_ani:
[[ 0.     0.     0.   ]
 [ 0.     0.     0.   ]
 [ 0.     0.    -0.112]]
----------------------------------------------------------------------------------------
   Fe1   Fe1   (  0,  -2,   2)  0.0599   ( 0.000, -6.976,  4.028)  8.056 
J_iso:  0.0599 
[Experimental!] Jprime: 0.172,  B: -0.056
[Experimental!] DMI: ( 0.0000  0.0000  0.0000)
[Experimental!]J_ani:
[[ 0.     0.     0.   ]
 [ 0.     0.     0.   ]
 [ 0.     0.    -0.112]]
----------------------------------------------------------------------------------------
   Fe1   Fe1   (  0,   2,  -2)  0.0599   ( 0.000,  6.976, -4.028)  8.056 
J_iso:  0.0599 
[Experimental!] Jprime: 0.172,  B: -0.056
[Experimental!] DMI: ( 0.0000  0.0000 -0.0000)
[Experimental!]J_ani:
[[ 0.     0.     0.   ]
 [ 0.     0.     0.   ]
 [ 0.     0.    -0.112]]
----------------------------------------------------------------------------------------
   Fe1   Fe1   (  2,  -2,   0)  0.0599   ( 6.577, -4.651,  0.000)  8.056 
J_iso:  0.0599 
[Experimental!] Jprime: 0.172,  B: -0.056
[Experimental!] DMI: ( 0.0000  0.0000 -0.0000)
[Experimental!]J_ani:
[[ 0.     0.     0.   ]
 [ 0.     0.     0.   ]
 [ 0.     0.    -0.112]]
----------------------------------------------------------------------------------------
   Fe1   Fe1   (  2,   0,  -2)  0.0599   ( 6.577,  2.325, -4.028)  8.056 
J_iso:  0.0599 
[Experimental!] Jprime: 0.172,  B: -0.056
[Experimental!] DMI: ( 0.0000  0.0000  0.0000)
[Experimental!]J_ani:
[[ 0.     0.     0.   ]
 [ 0.     0.     0.   ]
 [ 0.     0.    -0.112]]
----------------------------------------------------------------------------------------
   Fe1   Fe1   ( -2,  -1,   2) -0.2008   (-5.755, -4.651,  4.028)  8.425 
J_iso: -0.2008 
[Experimental!] Jprime: 0.120,  B: -0.160
[Experimental!] DMI: ( 0.0000  0.0000 -0.0000)
[Experimental!]J_ani:
[[ 0.    0.    0.  ]
 [ 0.    0.    0.  ]
 [ 0.    0.   -0.32]]
----------------------------------------------------------------------------------------
   Fe1   Fe1   ( -2,   1,   2) -0.2008   (-7.400,  0.000,  4.028)  8.425 
J_iso: -0.2008 
[Experimental!] Jprime: 0.120,  B: -0.160
[Experimental!] DMI: ( 0.0000  0.0000  0.0000)
[Experimental!]J_ani:
[[ 0.    0.    0.  ]
 [ 0.    0.    0.  ]
 [ 0.    0.   -0.32]]
----------------------------------------------------------------------------------------
   Fe1   Fe1   ( -2,   2,  -1) -0.2008   (-5.755,  5.814, -2.014)  8.425 
J_iso: -0.2008 
[Experimental!] Jprime: 0.120,  B: -0.160
[Experimental!] DMI: ( 0.0000  0.0000  0.0000)
[Experimental!]J_ani:
[[ 0.    0.    0.  ]
 [ 0.    0.    0.  ]
 [ 0.    0.   -0.32]]
----------------------------------------------------------------------------------------
   Fe1   Fe1   ( -2,   2,   1) -0.2008   (-7.400,  3.488,  2.014)  8.425 
J_iso: -0.2008 
[Experimental!] Jprime: 0.120,  B: -0.160
[Experimental!] DMI: ( 0.0000  0.0000 -0.0000)
[Experimental!]J_ani:
[[ 0.    0.    0.  ]
 [ 0.    0.    0.  ]
 [ 0.    0.   -0.32]]
----------------------------------------------------------------------------------------
   Fe1   Fe1   ( -1,  -2,   2) -0.2008   (-2.467, -6.976,  4.028)  8.425 
J_iso: -0.2008 
[Experimental!] Jprime: 0.120,  B: -0.160
[Experimental!] DMI: ( 0.0000  0.0000  0.0000)
[Experimental!]J_ani:
[[ 0.    0.    0.  ]
 [ 0.    0.    0.  ]
 [ 0.    0.   -0.32]]
----------------------------------------------------------------------------------------
   Fe1   Fe1   ( -1,   2,  -2) -0.2008   (-2.467,  6.976, -4.028)  8.425 
J_iso: -0.2008 
[Experimental!] Jprime: 0.120,  B: -0.160
[Experimental!] DMI: ( 0.0000  0.0000 -0.0000)
[Experimental!]J_ani:
[[ 0.    0.    0.  ]
 [ 0.    0.    0.  ]
 [ 0.    0.   -0.32]]
----------------------------------------------------------------------------------------
   Fe1   Fe1   (  1,  -2,   2) -0.2008   ( 2.467, -6.976,  4.028)  8.425 
J_iso: -0.2008 
[Experimental!] Jprime: 0.120,  B: -0.160
[Experimental!] DMI: ( 0.0000  0.0000  0.0000)
[Experimental!]J_ani:
[[ 0.    0.    0.  ]
 [ 0.    0.    0.  ]
 [ 0.    0.   -0.32]]
----------------------------------------------------------------------------------------
   Fe1   Fe1   (  1,   2,  -2) -0.2008   ( 2.467,  6.976, -4.028)  8.425 
J_iso: -0.2008 
[Experimental!] Jprime: 0.120,  B: -0.160
[Experimental!] DMI: ( 0.0000  0.0000 -0.0000)
[Experimental!]J_ani:
[[ 0.    0.    0.  ]
 [ 0.    0.    0.  ]
 [ 0.    0.   -0.32]]
----------------------------------------------------------------------------------------
   Fe1   Fe1   (  2,  -2,  -1) -0.2008   ( 7.400, -3.488, -2.014)  8.425 
J_iso: -0.2008 
[Experimental!] Jprime: 0.120,  B: -0.160
[Experimental!] DMI: ( 0.0000  0.0000  0.0000)
[Experimental!]J_ani:
[[ 0.    0.    0.  ]
 [ 0.    0.    0.  ]
 [ 0.    0.   -0.32]]
----------------------------------------------------------------------------------------
   Fe1   Fe1   (  2,  -2,   1) -0.2008   ( 5.755, -5.814,  2.014)  8.425 
J_iso: -0.2008 
[Experimental!] Jprime: 0.120,  B: -0.160
[Experimental!] DMI: ( 0.0000  0.0000 -0.0000)
[Experimental!]J_ani:
[[ 0.    0.    0.  ]
 [ 0.    0.    0.  ]
 [ 0.    0.   -0.32]]
----------------------------------------------------------------------------------------
   Fe1   Fe1   (  2,  -1,  -2) -0.2008   ( 7.400, -0.000, -4.028)  8.425 
J_iso: -0.2008 
[Experimental!] Jprime: 0.120,  B: -0.160
[Experimental!] DMI: ( 0.0000  0.0000 -0.0000)
[Experimental!]J_ani:
[[ 0.    0.    0.  ]
 [ 0.    0.    0.  ]
 [ 0.    0.   -0.32]]
----------------------------------------------------------------------------------------
   Fe1   Fe1   (  2,   1,  -2) -0.2008   ( 5.755,  4.651, -4.028)  8.425 
J_iso: -0.2008 
[Experimental!] Jprime: 0.120,  B: -0.160
[Experimental!] DMI: ( 0.0000  0.0000  0.0000)
[Experimental!]J_ani:
[[ 0.    0.    0.  ]
 [ 0.    0.    0.  ]
 [ 0.    0.   -0.32]]
----------------------------------------------------------------------------------------
   Fe1   Fe1   ( -3,  -1,   1) -0.1971   (-7.400, -3.488,  2.014)  8.425 
J_iso: -0.1971 
[Experimental!] Jprime: 0.133,  B: -0.165
[Experimental!] DMI: ( 0.0000  0.0000  0.0000)
[Experimental!]J_ani:
[[ 0.    0.    0.  ]
 [ 0.    0.    0.  ]
 [ 0.    0.   -0.33]]
----------------------------------------------------------------------------------------
   Fe1   Fe1   ( -1,  -3,   1) -0.1971   (-0.822, -8.139,  2.014)  8.425 
J_iso: -0.1971 
[Experimental!] Jprime: 0.133,  B: -0.165
[Experimental!] DMI: ( 0.0000  0.0000 -0.0000)
[Experimental!]J_ani:
[[ 0.    0.    0.  ]
 [ 0.    0.    0.  ]
 [ 0.    0.   -0.33]]
----------------------------------------------------------------------------------------
   Fe1   Fe1   ( -1,   1,  -3) -0.1971   (-0.822,  5.814, -6.042)  8.425 
J_iso: -0.1971 
[Experimental!] Jprime: 0.133,  B: -0.165
[Experimental!] DMI: ( 0.0000  0.0000 -0.0000)
[Experimental!]J_ani:
[[ 0.    0.    0.  ]
 [ 0.    0.    0.  ]
 [ 0.    0.   -0.33]]
----------------------------------------------------------------------------------------
   Fe1   Fe1   ( -1,   1,   3) -0.1971   (-5.755, -1.163,  6.042)  8.425 
J_iso: -0.1971 
[Experimental!] Jprime: 0.133,  B: -0.165
[Experimental!] DMI: ( 0.0000  0.0000  0.0000)
[Experimental!]J_ani:
[[ 0.    0.    0.  ]
 [ 0.    0.    0.  ]
 [ 0.    0.   -0.33]]
----------------------------------------------------------------------------------------
   Fe1   Fe1   (  1,  -1,  -3) -0.1971   ( 5.755,  1.163, -6.042)  8.425 
J_iso: -0.1971 
[Experimental!] Jprime: 0.133,  B: -0.165
[Experimental!] DMI: ( 0.0000  0.0000 -0.0000)
[Experimental!]J_ani:
[[ 0.    0.    0.  ]
 [ 0.    0.    0.  ]
 [ 0.    0.   -0.33]]
----------------------------------------------------------------------------------------
   Fe1   Fe1   (  1,  -1,   3) -0.1971   ( 0.822, -5.814,  6.042)  8.425 
J_iso: -0.1971 
[Experimental!] Jprime: 0.133,  B: -0.165
[Experimental!] DMI: ( 0.0000  0.0000  0.0000)
[Experimental!]J_ani:
[[ 0.    0.    0.  ]
 [ 0.    0.    0.  ]
 [ 0.    0.   -0.33]]
----------------------------------------------------------------------------------------
   Fe1   Fe1   (  1,   3,  -1) -0.1971   ( 0.822,  8.139, -2.014)  8.425 
J_iso: -0.1971 
[Experimental!] Jprime: 0.133,  B: -0.165
[Experimental!] DMI: ( 0.0000  0.0000  0.0000)
[Experimental!]J_ani:
[[ 0.    0.    0.  ]
 [ 0.    0.    0.  ]
 [ 0.    0.   -0.33]]
----------------------------------------------------------------------------------------
   Fe1   Fe1   (  3,   1,  -1) -0.1971   ( 7.400,  3.488, -2.014)  8.425 
J_iso: -0.1971 
[Experimental!] Jprime: 0.133,  B: -0.165
[Experimental!] DMI: ( 0.0000  0.0000 -0.0000)
[Experimental!]J_ani:
[[ 0.    0.    0.  ]
 [ 0.    0.    0.  ]
 [ 0.    0.   -0.33]]
----------------------------------------------------------------------------------------
   Fe1   Fe1   ( -3,   1,  -1) -0.1971   (-7.400,  3.488, -2.014)  8.425 
J_iso: -0.1971 
[Experimental!] Jprime: 0.133,  B: -0.165
[Experimental!] DMI: ( 0.0000  0.0000  0.0000)
[Experimental!]J_ani:
[[ 0.    0.    0.  ]
 [ 0.    0.    0.  ]
 [ 0.    0.   -0.33]]
----------------------------------------------------------------------------------------
   Fe1   Fe1   ( -1,   3,   1) -0.1971   (-5.755,  5.814,  2.014)  8.425 
J_iso: -0.1971 
[Experimental!] Jprime: 0.133,  B: -0.165
[Experimental!] DMI: ( 0.0000  0.0000  0.0000)
[Experimental!]J_ani:
[[ 0.    0.    0.  ]
 [ 0.    0.    0.  ]
 [ 0.    0.   -0.33]]
----------------------------------------------------------------------------------------
   Fe1   Fe1   (  1,  -3,  -1) -0.1971   ( 5.755, -5.814, -2.014)  8.425 
J_iso: -0.1971 
[Experimental!] Jprime: 0.133,  B: -0.165
[Experimental!] DMI: ( 0.0000  0.0000 -0.0000)
[Experimental!]J_ani:
[[ 0.    0.    0.  ]
 [ 0.    0.    0.  ]
 [ 0.    0.   -0.33]]
----------------------------------------------------------------------------------------
   Fe1   Fe1   (  3,  -1,   1) -0.1971   ( 7.400, -3.488,  2.014)  8.425 
J_iso: -0.1971 
[Experimental!] Jprime: 0.133,  B: -0.165
[Experimental!] DMI: ( 0.0000  0.0000 -0.0000)
[Experimental!]J_ani:
[[ 0.    0.    0.  ]
 [ 0.    0.    0.  ]
 [ 0.    0.   -0.33]]
----------------------------------------------------------------------------------------
   Fe1   Fe1   ( -3,   0,   1) -0.1681   (-8.222, -1.163,  2.014)  8.544 
J_iso: -0.1681 
[Experimental!] Jprime: 0.794,  B: -0.481
[Experimental!] DMI: ( 0.0000  0.0000 -0.0000)
[Experimental!]J_ani:
[[ 0.     0.     0.   ]
 [ 0.     0.     0.   ]
 [ 0.     0.    -0.963]]
----------------------------------------------------------------------------------------
   Fe1   Fe1   ( -1,   0,   3) -0.1681   (-4.933, -3.488,  6.042)  8.544 
J_iso: -0.1681 
[Experimental!] Jprime: 0.794,  B: -0.481
[Experimental!] DMI: ( 0.0000  0.0000 -0.0000)
[Experimental!]J_ani:
[[ 0.     0.     0.   ]
 [ 0.     0.     0.   ]
 [ 0.     0.    -0.963]]
----------------------------------------------------------------------------------------
   Fe1   Fe1   (  0,  -3,   1) -0.1681   ( 1.644, -8.139,  2.014)  8.544 
J_iso: -0.1681 
[Experimental!] Jprime: 0.794,  B: -0.481
[Experimental!] DMI: ( 0.0000  0.0000  0.0000)
[Experimental!]J_ani:
[[ 0.     0.     0.   ]
 [ 0.     0.     0.   ]
 [ 0.     0.    -0.963]]
----------------------------------------------------------------------------------------
   Fe1   Fe1   (  0,  -1,   3) -0.1681   (-1.644, -5.814,  6.042)  8.544 
J_iso: -0.1681 
[Experimental!] Jprime: 0.794,  B: -0.481
[Experimental!] DMI: ( 0.0000  0.0000  0.0000)
[Experimental!]J_ani:
[[ 0.     0.     0.   ]
 [ 0.     0.     0.   ]
 [ 0.     0.    -0.963]]
----------------------------------------------------------------------------------------
   Fe1   Fe1   (  0,   1,  -3) -0.1681   ( 1.644,  5.814, -6.042)  8.544 
J_iso: -0.1681 
[Experimental!] Jprime: 0.794,  B: -0.481
[Experimental!] DMI: ( 0.0000  0.0000 -0.0000)
[Experimental!]J_ani:
[[ 0.     0.     0.   ]
 [ 0.     0.     0.   ]
 [ 0.     0.    -0.963]]
----------------------------------------------------------------------------------------
   Fe1   Fe1   (  0,   3,  -1) -0.1681   (-1.644,  8.139, -2.014)  8.544 
J_iso: -0.1681 
[Experimental!] Jprime: 0.794,  B: -0.481
[Experimental!] DMI: ( 0.0000  0.0000 -0.0000)
[Experimental!]J_ani:
[[ 0.     0.     0.   ]
 [ 0.     0.     0.   ]
 [ 0.     0.    -0.963]]
----------------------------------------------------------------------------------------
   Fe1   Fe1   (  1,   0,  -3) -0.1681   ( 4.933,  3.488, -6.042)  8.544 
J_iso: -0.1681 
[Experimental!] Jprime: 0.794,  B: -0.481
[Experimental!] DMI: ( 0.0000  0.0000  0.0000)
[Experimental!]J_ani:
[[ 0.     0.     0.   ]
 [ 0.     0.     0.   ]
 [ 0.     0.    -0.963]]
----------------------------------------------------------------------------------------
   Fe1   Fe1   (  3,   0,  -1) -0.1681   ( 8.222,  1.163, -2.014)  8.544 
J_iso: -0.1681 
[Experimental!] Jprime: 0.794,  B: -0.481
[Experimental!] DMI: ( 0.0000  0.0000  0.0000)
[Experimental!]J_ani:
[[ 0.     0.     0.   ]
 [ 0.     0.     0.   ]
 [ 0.     0.    -0.963]]
----------------------------------------------------------------------------------------
   Fe1   Fe1   ( -3,   1,   0) -0.1681   (-8.222,  2.325,  0.000)  8.544 
J_iso: -0.1681 
[Experimental!] Jprime: 0.794,  B: -0.481
[Experimental!] DMI: ( 0.0000  0.0000  0.0000)
[Experimental!]J_ani:
[[ 0.     0.     0.   ]
 [ 0.     0.     0.   ]
 [ 0.     0.    -0.963]]
----------------------------------------------------------------------------------------
   Fe1   Fe1   ( -1,   3,   0) -0.1681   (-4.933,  6.976,  0.000)  8.544 
J_iso: -0.1681 
[Experimental!] Jprime: 0.794,  B: -0.481
[Experimental!] DMI: ( 0.0000  0.0000  0.0000)
[Experimental!]J_ani:
[[ 0.     0.     0.   ]
 [ 0.     0.     0.   ]
 [ 0.     0.    -0.963]]
----------------------------------------------------------------------------------------
   Fe1   Fe1   (  1,  -3,   0) -0.1681   ( 4.933, -6.976,  0.000)  8.544 
J_iso: -0.1681 
[Experimental!] Jprime: 0.794,  B: -0.481
[Experimental!] DMI: ( 0.0000  0.0000 -0.0000)
[Experimental!]J_ani:
[[ 0.     0.     0.   ]
 [ 0.     0.     0.   ]
 [ 0.     0.    -0.963]]
----------------------------------------------------------------------------------------
   Fe1   Fe1   (  3,  -1,   0) -0.1681   ( 8.222, -2.325,  0.000)  8.544 
J_iso: -0.1681 
[Experimental!] Jprime: 0.794,  B: -0.481
[Experimental!] DMI: ( 0.0000  0.0000 -0.0000)
[Experimental!]J_ani:
[[ 0.     0.     0.   ]
 [ 0.     0.     0.   ]
 [ 0.     0.    -0.963]]
----------------------------------------------------------------------------------------
   Fe1   Fe1   ( -3,  -3,   0) -0.2331   (-4.933, -6.976,  0.000)  8.544 
J_iso: -0.2331 
[Experimental!] Jprime: -2.075,  B: 0.921
[Experimental!] DMI: ( 0.0000  0.0000 -0.0000)
[Experimental!]J_ani:
[[0.    0.    0.   ]
 [0.    0.    0.   ]
 [0.    0.    1.842]]
----------------------------------------------------------------------------------------
   Fe1   Fe1   ( -3,   0,  -3) -0.2331   (-4.933,  3.488, -6.042)  8.544 
J_iso: -0.2331 
[Experimental!] Jprime: -2.075,  B: 0.921
[Experimental!] DMI: ( 0.0000  0.0000 -0.0000)
[Experimental!]J_ani:
[[0.    0.    0.   ]
 [0.    0.    0.   ]
 [0.    0.    1.842]]
----------------------------------------------------------------------------------------
   Fe1   Fe1   (  0,  -3,  -3) -0.2331   ( 4.933, -3.488, -6.042)  8.544 
J_iso: -0.2331 
[Experimental!] Jprime: -2.075,  B: 0.921
[Experimental!] DMI: ( 0.0000  0.0000  0.0000)
[Experimental!]J_ani:
[[0.    0.    0.   ]
 [0.    0.    0.   ]
 [0.    0.    1.842]]
----------------------------------------------------------------------------------------
   Fe1   Fe1   (  0,   3,   3) -0.2331   (-4.933,  3.488,  6.042)  8.544 
J_iso: -0.2331 
[Experimental!] Jprime: -2.075,  B: 0.921
[Experimental!] DMI: ( 0.0000  0.0000 -0.0000)
[Experimental!]J_ani:
[[0.    0.    0.   ]
 [0.    0.    0.   ]
 [0.    0.    1.842]]
----------------------------------------------------------------------------------------
   Fe1   Fe1   (  3,   0,   3) -0.2331   ( 4.933, -3.488,  6.042)  8.544 
J_iso: -0.2331 
[Experimental!] Jprime: -2.075,  B: 0.921
[Experimental!] DMI: ( 0.0000  0.0000  0.0000)
[Experimental!]J_ani:
[[0.    0.    0.   ]
 [0.    0.    0.   ]
 [0.    0.    1.842]]
----------------------------------------------------------------------------------------
   Fe1   Fe1   (  3,   3,   0) -0.2331   ( 4.933,  6.976,  0.000)  8.544 
J_iso: -0.2331 
[Experimental!] Jprime: -2.075,  B: 0.921
[Experimental!] DMI: ( 0.0000  0.0000  0.0000)
[Experimental!]J_ani:
[[0.    0.    0.   ]
 [0.    0.    0.   ]
 [0.    0.    1.842]]
----------------------------------------------------------------------------------------
   Fe1   Fe1   ( -2,  -3,   1) -0.2889   (-3.289, -8.139,  2.014)  9.007 
J_iso: -0.2889 
[Experimental!] Jprime: 0.092,  B: -0.191
[Experimental!] DMI: ( 0.0000  0.0000  0.0000)
[Experimental!]J_ani:
[[ 0.     0.     0.   ]
 [ 0.     0.     0.   ]
 [ 0.     0.    -0.381]]
----------------------------------------------------------------------------------------
   Fe1   Fe1   ( -2,   1,  -3) -0.2889   (-3.289,  5.814, -6.042)  9.007 
J_iso: -0.2889 
[Experimental!] Jprime: 0.092,  B: -0.191
[Experimental!] DMI: ( 0.0000  0.0000  0.0000)
[Experimental!]J_ani:
[[ 0.     0.     0.   ]
 [ 0.     0.     0.   ]
 [ 0.     0.    -0.381]]
----------------------------------------------------------------------------------------
   Fe1   Fe1   ( -1,   2,   3) -0.2889   (-6.577,  1.163,  6.042)  9.007 
J_iso: -0.2889 
[Experimental!] Jprime: 0.092,  B: -0.191
[Experimental!] DMI: ( 0.0000  0.0000 -0.0000)
[Experimental!]J_ani:
[[ 0.     0.     0.   ]
 [ 0.     0.     0.   ]
 [ 0.     0.    -0.381]]
----------------------------------------------------------------------------------------
   Fe1   Fe1   (  1,  -2,  -3) -0.2889   ( 6.577, -1.163, -6.042)  9.007 
J_iso: -0.2889 
[Experimental!] Jprime: 0.092,  B: -0.191
[Experimental!] DMI: ( 0.0000  0.0000  0.0000)
[Experimental!]J_ani:
[[ 0.     0.     0.   ]
 [ 0.     0.     0.   ]
 [ 0.     0.    -0.381]]
----------------------------------------------------------------------------------------
   Fe1   Fe1   (  2,  -1,   3) -0.2889   ( 3.289, -5.814,  6.042)  9.007 
J_iso: -0.2889 
[Experimental!] Jprime: 0.092,  B: -0.191
[Experimental!] DMI: ( 0.0000  0.0000 -0.0000)
[Experimental!]J_ani:
[[ 0.     0.     0.   ]
 [ 0.     0.     0.   ]
 [ 0.     0.    -0.381]]
----------------------------------------------------------------------------------------
   Fe1   Fe1   (  2,   3,  -1) -0.2889   ( 3.289,  8.139, -2.014)  9.007 
J_iso: -0.2889 
[Experimental!] Jprime: 0.092,  B: -0.191
[Experimental!] DMI: ( 0.0000  0.0000 -0.0000)
[Experimental!]J_ani:
[[ 0.     0.     0.   ]
 [ 0.     0.     0.   ]
 [ 0.     0.    -0.381]]
----------------------------------------------------------------------------------------
   Fe1   Fe1   ( -3,  -2,   1) -0.2889   (-6.577, -5.814,  2.014)  9.007 
J_iso: -0.2889 
[Experimental!] Jprime: 0.092,  B: -0.191
[Experimental!] DMI: ( 0.0000  0.0000 -0.0000)
[Experimental!]J_ani:
[[ 0.     0.     0.   ]
 [ 0.     0.     0.   ]
 [ 0.     0.    -0.381]]
----------------------------------------------------------------------------------------
   Fe1   Fe1   ( -3,   1,  -2) -0.2889   (-6.577,  4.651, -4.028)  9.007 
J_iso: -0.2889 
[Experimental!] Jprime: 0.092,  B: -0.191
[Experimental!] DMI: ( 0.0000  0.0000  0.0000)
[Experimental!]J_ani:
[[ 0.     0.     0.   ]
 [ 0.     0.     0.   ]
 [ 0.     0.    -0.381]]
----------------------------------------------------------------------------------------
   Fe1   Fe1   ( -1,   3,   2) -0.2889   (-6.577,  4.651,  4.028)  9.007 
J_iso: -0.2889 
[Experimental!] Jprime: 0.092,  B: -0.191
[Experimental!] DMI: ( 0.0000  0.0000  0.0000)
[Experimental!]J_ani:
[[ 0.     0.     0.   ]
 [ 0.     0.     0.   ]
 [ 0.     0.    -0.381]]
----------------------------------------------------------------------------------------
   Fe1   Fe1   (  1,  -3,  -2) -0.2889   ( 6.577, -4.651, -4.028)  9.007 
J_iso: -0.2889 
[Experimental!] Jprime: 0.092,  B: -0.191
[Experimental!] DMI: ( 0.0000  0.0000 -0.0000)
[Experimental!]J_ani:
[[ 0.     0.     0.   ]
 [ 0.     0.     0.   ]
 [ 0.     0.    -0.381]]
----------------------------------------------------------------------------------------
   Fe1   Fe1   (  3,  -1,   2) -0.2889   ( 6.577, -4.651,  4.028)  9.007 
J_iso: -0.2889 
[Experimental!] Jprime: 0.092,  B: -0.191
[Experimental!] DMI: ( 0.0000  0.0000 -0.0000)
[Experimental!]J_ani:
[[ 0.     0.     0.   ]
 [ 0.     0.     0.   ]
 [ 0.     0.    -0.381]]
----------------------------------------------------------------------------------------
   Fe1   Fe1   (  3,   2,  -1) -0.2889   ( 6.577,  5.814, -2.014)  9.007 
J_iso: -0.2889 
[Experimental!] Jprime: 0.092,  B: -0.191
[Experimental!] DMI: ( 0.0000  0.0000  0.0000)
[Experimental!]J_ani:
[[ 0.     0.     0.   ]
 [ 0.     0.     0.   ]
 [ 0.     0.    -0.381]]
----------------------------------------------------------------------------------------
   Fe1   Fe1   ( -3,   1,   1) -0.1716   (-9.044,  1.163,  2.014)  9.338 
J_iso: -0.1716 
[Experimental!] Jprime: 0.783,  B: -0.478
[Experimental!] DMI: ( 0.0000  0.0000 -0.0000)
[Experimental!]J_ani:
[[ 0.     0.     0.   ]
 [ 0.     0.     0.   ]
 [ 0.     0.    -0.955]]
----------------------------------------------------------------------------------------
   Fe1   Fe1   ( -1,  -1,   3) -0.1716   (-4.111, -5.814,  6.042)  9.338 
J_iso: -0.1716 
[Experimental!] Jprime: 0.783,  B: -0.478
[Experimental!] DMI: ( 0.0000  0.0000 -0.0000)
[Experimental!]J_ani:
[[ 0.     0.     0.   ]
 [ 0.     0.     0.   ]
 [ 0.     0.    -0.955]]
----------------------------------------------------------------------------------------
   Fe1   Fe1   ( -1,   3,  -1) -0.1716   (-4.111,  8.139, -2.014)  9.338 
J_iso: -0.1716 
[Experimental!] Jprime: 0.783,  B: -0.478
[Experimental!] DMI: ( 0.0000  0.0000  0.0000)
[Experimental!]J_ani:
[[ 0.     0.     0.   ]
 [ 0.     0.     0.   ]
 [ 0.     0.    -0.955]]
----------------------------------------------------------------------------------------
   Fe1   Fe1   (  1,  -3,   1) -0.1716   ( 4.111, -8.139,  2.014)  9.338 
J_iso: -0.1716 
[Experimental!] Jprime: 0.783,  B: -0.478
[Experimental!] DMI: ( 0.0000  0.0000 -0.0000)
[Experimental!]J_ani:
[[ 0.     0.     0.   ]
 [ 0.     0.     0.   ]
 [ 0.     0.    -0.955]]
----------------------------------------------------------------------------------------
   Fe1   Fe1   (  1,   1,  -3) -0.1716   ( 4.111,  5.814, -6.042)  9.338 
J_iso: -0.1716 
[Experimental!] Jprime: 0.783,  B: -0.478
[Experimental!] DMI: ( 0.0000  0.0000  0.0000)
[Experimental!]J_ani:
[[ 0.     0.     0.   ]
 [ 0.     0.     0.   ]
 [ 0.     0.    -0.955]]
----------------------------------------------------------------------------------------
   Fe1   Fe1   (  3,  -1,  -1) -0.1716   ( 9.044, -1.163, -2.014)  9.338 
J_iso: -0.1716 
[Experimental!] Jprime: 0.783,  B: -0.478
[Experimental!] DMI: ( 0.0000  0.0000  0.0000)
[Experimental!]J_ani:
[[ 0.     0.     0.   ]
 [ 0.     0.     0.   ]
 [ 0.     0.    -0.955]]
----------------------------------------------------------------------------------------
   Fe1   Fe1   ( -2,  -2,   2)  0.2335   (-4.933, -6.976,  4.028)  9.446 
J_iso:  0.2335 
[Experimental!] Jprime: 0.495,  B: -0.131
[Experimental!] DMI: ( 0.0000  0.0000  0.0000)
[Experimental!]J_ani:
[[ 0.     0.     0.   ]
 [ 0.     0.     0.   ]
 [ 0.     0.    -0.261]]
----------------------------------------------------------------------------------------
   Fe1   Fe1   ( -2,   2,  -2)  0.2335   (-4.933,  6.976, -4.028)  9.446 
J_iso:  0.2335 
[Experimental!] Jprime: 0.495,  B: -0.131
[Experimental!] DMI: ( 0.0000  0.0000  0.0000)
[Experimental!]J_ani:
[[ 0.     0.     0.   ]
 [ 0.     0.     0.   ]
 [ 0.     0.    -0.261]]
----------------------------------------------------------------------------------------
   Fe1   Fe1   ( -2,   2,   2)  0.2335   (-8.222,  2.325,  4.028)  9.446 
J_iso:  0.2335 
[Experimental!] Jprime: 0.495,  B: -0.131
[Experimental!] DMI: ( 0.0000  0.0000  0.0000)
[Experimental!]J_ani:
[[ 0.     0.     0.   ]
 [ 0.     0.     0.   ]
 [ 0.     0.    -0.261]]
----------------------------------------------------------------------------------------
   Fe1   Fe1   (  2,  -2,  -2)  0.2335   ( 8.222, -2.325, -4.028)  9.446 
J_iso:  0.2335 
[Experimental!] Jprime: 0.495,  B: -0.131
[Experimental!] DMI: ( 0.0000  0.0000 -0.0000)
[Experimental!]J_ani:
[[ 0.     0.     0.   ]
 [ 0.     0.     0.   ]
 [ 0.     0.    -0.261]]
----------------------------------------------------------------------------------------
   Fe1   Fe1   (  2,  -2,   2)  0.2335   ( 4.933, -6.976,  4.028)  9.446 
J_iso:  0.2335 
[Experimental!] Jprime: 0.495,  B: -0.131
[Experimental!] DMI: ( 0.0000  0.0000 -0.0000)
[Experimental!]J_ani:
[[ 0.     0.     0.   ]
 [ 0.     0.     0.   ]
 [ 0.     0.    -0.261]]
----------------------------------------------------------------------------------------
   Fe1   Fe1   (  2,   2,  -2)  0.2335   ( 4.933,  6.976, -4.028)  9.446 
J_iso:  0.2335 
[Experimental!] Jprime: 0.495,  B: -0.131
[Experimental!] DMI: ( 0.0000  0.0000 -0.0000)
[Experimental!]J_ani:
[[ 0.     0.     0.   ]
 [ 0.     0.     0.   ]
 [ 0.     0.    -0.261]]
