==========================================================================================
Information: 
Exchange parameters generated by TB2J 0.3.3
Generation time: 20/10/30 11:20:05
 Input from collinear Wannier90 data.
 Tight binding data from ./. 
 Prefix of wannier function files:SrMnO3_up and SrMnO3_down.
Warning: Please check if the noise level of Wannier function Hamiltonian to make sure it is much smaller than the exchange values.

==========================================================================================
Cell (Angstrom):
 3.810   0.000   0.000
 0.000   3.810   0.000
 0.000   0.000   3.810

==========================================================================================
Atoms:  
(Note: charge and magmoms only count the wannier functions.)
Atom number      x         y         z     w_charge  w_magmom 
Sr1             0.0000    0.0000    0.0000    0.0000    0.0000
Mn1             1.9050    1.9050    1.9050    4.6643    3.1675
O1              0.0000    1.9050    1.9050    5.4630    0.0047
O2              1.9050    0.0000    1.9050    5.4630    0.0047
O3              1.9050    1.9050    0.0000    5.4630    0.0047
Total                                        21.0533    3.1815

==========================================================================================
Exchange: 
    i      j          R        J_iso(meV)          vector          distance(A) 
----------------------------------------------------------------------------------------
   Mn1   Mn1   (  1,   0,   0) -7.5086   ( 3.810,  0.000,  0.000)  3.810 
J_iso: -7.5086 
Orbital contributions:
 [[ 0.708  0.     0.     0.317  0.   ]
 [-0.    -5.95   0.    -0.    -0.   ]
 [ 0.     0.    -0.057  0.     0.   ]
 [ 0.317 -0.     0.     3.105  0.   ]
 [ 0.    -0.     0.    -0.    -5.95 ]] 
----------------------------------------------------------------------------------------
   Mn1   Mn1   (  0,   1,   0) -7.5086   ( 0.000,  3.810,  0.000)  3.810 
J_iso: -7.5086 
Orbital contributions:
 [[ 0.708  0.     0.     0.317  0.   ]
 [ 0.    -0.057  0.     0.     0.   ]
 [-0.     0.    -5.95  -0.    -0.   ]
 [ 0.317  0.    -0.     3.105  0.   ]
 [ 0.     0.    -0.    -0.    -5.95 ]] 
----------------------------------------------------------------------------------------
   Mn1   Mn1   (  0,   0,   1) -7.5093   ( 0.000,  0.000,  3.810)  3.810 
J_iso: -7.5093 
Orbital contributions:
 [[ 4.62  -0.    -0.     0.     0.   ]
 [-0.    -5.95  -0.    -0.     0.   ]
 [-0.    -0.    -5.95  -0.     0.   ]
 [ 0.     0.     0.    -0.173  0.   ]
 [ 0.     0.     0.     0.    -0.057]] 
----------------------------------------------------------------------------------------
   Mn1   Mn1   ( -1,   0,   0) -7.5086   (-3.810,  0.000,  0.000)  3.810 
J_iso: -7.5086 
Orbital contributions:
 [[ 0.708  0.     0.     0.317  0.   ]
 [-0.    -5.95   0.    -0.    -0.   ]
 [ 0.     0.    -0.057  0.     0.   ]
 [ 0.317 -0.     0.     3.105  0.   ]
 [ 0.    -0.     0.    -0.    -5.95 ]] 
----------------------------------------------------------------------------------------
   Mn1   Mn1   (  0,  -1,   0) -7.5086   ( 0.000, -3.810,  0.000)  3.810 
J_iso: -7.5086 
Orbital contributions:
 [[ 0.708  0.     0.     0.317  0.   ]
 [ 0.    -0.057  0.     0.     0.   ]
 [-0.     0.    -5.95  -0.    -0.   ]
 [ 0.317  0.    -0.     3.105  0.   ]
 [ 0.     0.    -0.    -0.    -5.95 ]] 
----------------------------------------------------------------------------------------
   Mn1   Mn1   (  0,   0,  -1) -7.5093   ( 0.000,  0.000, -3.810)  3.810 
J_iso: -7.5093 
Orbital contributions:
 [[ 4.62  -0.    -0.     0.     0.   ]
 [-0.    -5.95  -0.    -0.     0.   ]
 [-0.    -0.    -5.95  -0.     0.   ]
 [ 0.     0.     0.    -0.173  0.   ]
 [ 0.     0.     0.     0.    -0.057]] 
----------------------------------------------------------------------------------------
   Mn1   Mn1   ( -1,  -1,   0) -0.3539   (-3.810, -3.810,  0.000)  5.388 
J_iso: -0.3539 
Orbital contributions:
 [[-0.     0.     0.     0.     0.18 ]
 [ 0.     0.003 -0.009  0.     0.   ]
 [ 0.    -0.009  0.003  0.     0.   ]
 [ 0.     0.     0.    -0.005  0.   ]
 [ 0.181  0.     0.     0.    -0.696]] 
----------------------------------------------------------------------------------------
   Mn1   Mn1   (  1,   1,   0) -0.3539   ( 3.810,  3.810,  0.000)  5.388 
J_iso: -0.3539 
Orbital contributions:
 [[-0.     0.     0.     0.     0.18 ]
 [ 0.     0.003 -0.009  0.     0.   ]
 [ 0.    -0.009  0.003  0.     0.   ]
 [ 0.     0.     0.    -0.005  0.   ]
 [ 0.181  0.     0.     0.    -0.696]] 
----------------------------------------------------------------------------------------
   Mn1   Mn1   ( -1,   0,  -1) -0.3539   (-3.810,  0.000, -3.810)  5.388 
J_iso: -0.3539 
Orbital contributions:
 [[-0.009  0.045  0.     0.005  0.   ]
 [ 0.045 -0.696  0.     0.135  0.   ]
 [ 0.     0.     0.003  0.    -0.009]
 [ 0.005  0.135  0.    -0.006  0.   ]
 [ 0.     0.    -0.009  0.     0.003]] 
----------------------------------------------------------------------------------------
   Mn1   Mn1   (  1,   0,   1) -0.3539   ( 3.810,  0.000,  3.810)  5.388 
J_iso: -0.3539 
Orbital contributions:
 [[-0.009  0.045  0.     0.005  0.   ]
 [ 0.045 -0.696  0.     0.135  0.   ]
 [ 0.     0.     0.003  0.    -0.009]
 [ 0.005  0.135  0.    -0.006  0.   ]
 [ 0.     0.    -0.009  0.     0.003]] 
----------------------------------------------------------------------------------------
   Mn1   Mn1   ( -1,   0,   1) -0.3541   (-3.810,  0.000,  3.810)  5.388 
J_iso: -0.3541 
Orbital contributions:
 [[-0.009  0.045  0.     0.005  0.   ]
 [ 0.045 -0.696 -0.     0.136  0.   ]
 [ 0.     0.     0.003  0.    -0.009]
 [ 0.005  0.135  0.    -0.006  0.   ]
 [ 0.    -0.    -0.009  0.     0.003]] 
----------------------------------------------------------------------------------------
   Mn1   Mn1   (  1,   0,  -1) -0.3541   ( 3.810,  0.000, -3.810)  5.388 
J_iso: -0.3541 
Orbital contributions:
 [[-0.009  0.045  0.     0.005  0.   ]
 [ 0.045 -0.696 -0.     0.136  0.   ]
 [ 0.     0.     0.003  0.    -0.009]
 [ 0.005  0.135  0.    -0.006  0.   ]
 [ 0.    -0.    -0.009  0.     0.003]] 
----------------------------------------------------------------------------------------
   Mn1   Mn1   ( -1,   1,   0) -0.3541   (-3.810,  3.810,  0.000)  5.388 
J_iso: -0.3541 
Orbital contributions:
 [[-0.     0.     0.    -0.     0.18 ]
 [ 0.     0.003 -0.009  0.    -0.   ]
 [ 0.    -0.009  0.003  0.     0.   ]
 [-0.     0.     0.    -0.006  0.   ]
 [ 0.18   0.    -0.     0.    -0.696]] 
----------------------------------------------------------------------------------------
   Mn1   Mn1   (  1,  -1,   0) -0.3541   ( 3.810, -3.810,  0.000)  5.388 
J_iso: -0.3541 
Orbital contributions:
 [[-0.     0.     0.    -0.     0.18 ]
 [ 0.     0.003 -0.009  0.    -0.   ]
 [ 0.    -0.009  0.003  0.     0.   ]
 [-0.     0.     0.    -0.006  0.   ]
 [ 0.18   0.    -0.     0.    -0.696]] 
----------------------------------------------------------------------------------------
   Mn1   Mn1   (  0,  -1,  -1) -0.3539   ( 0.000, -3.810, -3.810)  5.388 
J_iso: -0.3539 
Orbital contributions:
 [[-0.009  0.     0.045  0.005  0.   ]
 [ 0.     0.003  0.     0.    -0.009]
 [ 0.045  0.    -0.696  0.135  0.   ]
 [ 0.005  0.     0.135 -0.006  0.   ]
 [ 0.    -0.009  0.     0.     0.003]] 
----------------------------------------------------------------------------------------
   Mn1   Mn1   (  0,   1,   1) -0.3539   ( 0.000,  3.810,  3.810)  5.388 
J_iso: -0.3539 
Orbital contributions:
 [[-0.009  0.     0.045  0.005  0.   ]
 [ 0.     0.003  0.     0.    -0.009]
 [ 0.045  0.    -0.696  0.135  0.   ]
 [ 0.005  0.     0.135 -0.006  0.   ]
 [ 0.    -0.009  0.     0.     0.003]] 
----------------------------------------------------------------------------------------
   Mn1   Mn1   (  0,  -1,   1) -0.3541   ( 0.000, -3.810,  3.810)  5.388 
J_iso: -0.3541 
Orbital contributions:
 [[-0.009  0.     0.045  0.005  0.   ]
 [ 0.     0.003  0.     0.    -0.009]
 [ 0.045 -0.    -0.696  0.136  0.   ]
 [ 0.005  0.     0.135 -0.006  0.   ]
 [ 0.    -0.009 -0.     0.     0.003]] 
----------------------------------------------------------------------------------------
   Mn1   Mn1   (  0,   1,  -1) -0.3541   ( 0.000,  3.810, -3.810)  5.388 
J_iso: -0.3541 
Orbital contributions:
 [[-0.009  0.     0.045  0.005  0.   ]
 [ 0.     0.003  0.     0.    -0.009]
 [ 0.045 -0.    -0.696  0.136  0.   ]
 [ 0.005  0.     0.135 -0.006  0.   ]
 [ 0.    -0.009 -0.     0.     0.003]] 
----------------------------------------------------------------------------------------
   Mn1   Mn1   (  1,   1,   1) -0.0485   ( 3.810,  3.810,  3.810)  6.599 
J_iso: -0.0485 
Orbital contributions:
 [[-0.    -0.001 -0.001  0.    -0.006]
 [-0.001 -0.005  0.    -0.004  0.   ]
 [-0.001  0.    -0.005 -0.004  0.   ]
 [ 0.    -0.004 -0.004 -0.     0.   ]
 [-0.006  0.     0.    -0.    -0.005]] 
----------------------------------------------------------------------------------------
   Mn1   Mn1   (  1,   1,  -1) -0.0485   ( 3.810,  3.810, -3.810)  6.599 
J_iso: -0.0485 
Orbital contributions:
 [[-0.    -0.001 -0.001  0.    -0.006]
 [-0.001 -0.005  0.    -0.004  0.   ]
 [-0.001  0.    -0.005 -0.004  0.   ]
 [ 0.    -0.004 -0.004 -0.    -0.   ]
 [-0.006  0.     0.    -0.    -0.005]] 
----------------------------------------------------------------------------------------
   Mn1   Mn1   (  1,  -1,   1) -0.0485   ( 3.810, -3.810,  3.810)  6.599 
J_iso: -0.0485 
Orbital contributions:
 [[-0.    -0.001 -0.001  0.    -0.006]
 [-0.001 -0.005  0.    -0.004  0.   ]
 [-0.001  0.    -0.005 -0.004  0.   ]
 [ 0.    -0.004 -0.004 -0.     0.   ]
 [-0.006  0.     0.     0.    -0.005]] 
----------------------------------------------------------------------------------------
   Mn1   Mn1   ( -1,   1,   1) -0.0485   (-3.810,  3.810,  3.810)  6.599 
J_iso: -0.0485 
Orbital contributions:
 [[-0.    -0.001 -0.001  0.    -0.006]
 [-0.001 -0.005  0.    -0.004  0.   ]
 [-0.001  0.    -0.005 -0.004  0.   ]
 [ 0.    -0.004 -0.004 -0.     0.   ]
 [-0.006  0.     0.     0.    -0.005]] 
----------------------------------------------------------------------------------------
   Mn1   Mn1   ( -1,  -1,  -1) -0.0485   (-3.810, -3.810, -3.810)  6.599 
J_iso: -0.0485 
Orbital contributions:
 [[-0.    -0.001 -0.001  0.    -0.006]
 [-0.001 -0.005  0.    -0.004  0.   ]
 [-0.001  0.    -0.005 -0.004  0.   ]
 [ 0.    -0.004 -0.004 -0.     0.   ]
 [-0.006  0.     0.    -0.    -0.005]] 
----------------------------------------------------------------------------------------
   Mn1   Mn1   ( -1,  -1,   1) -0.0485   (-3.810, -3.810,  3.810)  6.599 
J_iso: -0.0485 
Orbital contributions:
 [[-0.    -0.001 -0.001  0.    -0.006]
 [-0.001 -0.005  0.    -0.004  0.   ]
 [-0.001  0.    -0.005 -0.004  0.   ]
 [ 0.    -0.004 -0.004 -0.    -0.   ]
 [-0.006  0.     0.    -0.    -0.005]] 
----------------------------------------------------------------------------------------
   Mn1   Mn1   ( -1,   1,  -1) -0.0485   (-3.810,  3.810, -3.810)  6.599 
J_iso: -0.0485 
Orbital contributions:
 [[-0.    -0.001 -0.001  0.    -0.006]
 [-0.001 -0.005  0.    -0.004  0.   ]
 [-0.001  0.    -0.005 -0.004  0.   ]
 [ 0.    -0.004 -0.004 -0.     0.   ]
 [-0.006  0.     0.     0.    -0.005]] 
----------------------------------------------------------------------------------------
   Mn1   Mn1   (  1,  -1,  -1) -0.0485   ( 3.810, -3.810, -3.810)  6.599 
J_iso: -0.0485 
Orbital contributions:
 [[-0.    -0.001 -0.001  0.    -0.006]
 [-0.001 -0.005  0.    -0.004  0.   ]
 [-0.001  0.    -0.005 -0.004  0.   ]
 [ 0.    -0.004 -0.004 -0.     0.   ]
 [-0.006  0.     0.     0.    -0.005]] 
----------------------------------------------------------------------------------------
   Mn1   Mn1   ( -2,   0,   0)  0.3106   (-7.620,  0.000,  0.000)  7.620 
J_iso:  0.3106 
Orbital contributions:
 [[ 0.165  0.     0.    -0.145  0.   ]
 [ 0.     0.124 -0.     0.     0.   ]
 [ 0.     0.     0.002  0.     0.   ]
 [-0.145  0.     0.     0.185  0.   ]
 [ 0.     0.    -0.     0.     0.124]] 
----------------------------------------------------------------------------------------
   Mn1   Mn1   (  2,   0,   0)  0.3106   ( 7.620,  0.000,  0.000)  7.620 
J_iso:  0.3106 
Orbital contributions:
 [[ 0.165  0.     0.    -0.145  0.   ]
 [ 0.     0.124 -0.     0.     0.   ]
 [ 0.     0.     0.002  0.     0.   ]
 [-0.145  0.     0.     0.185  0.   ]
 [ 0.     0.    -0.     0.     0.124]] 
----------------------------------------------------------------------------------------
   Mn1   Mn1   (  0,  -2,   0)  0.3106   ( 0.000, -7.620,  0.000)  7.620 
J_iso:  0.3106 
Orbital contributions:
 [[ 0.165  0.     0.    -0.145  0.   ]
 [ 0.     0.002  0.     0.     0.   ]
 [ 0.    -0.     0.124  0.     0.   ]
 [-0.145  0.     0.     0.185  0.   ]
 [ 0.    -0.     0.     0.     0.124]] 
----------------------------------------------------------------------------------------
   Mn1   Mn1   (  0,   2,   0)  0.3106   ( 0.000,  7.620,  0.000)  7.620 
J_iso:  0.3106 
Orbital contributions:
 [[ 0.165  0.     0.    -0.145  0.   ]
 [ 0.     0.002  0.     0.     0.   ]
 [ 0.    -0.     0.124  0.     0.   ]
 [-0.145  0.     0.     0.185  0.   ]
 [ 0.    -0.     0.     0.     0.124]] 
----------------------------------------------------------------------------------------
   Mn1   Mn1   (  0,   0,  -2)  0.3102   ( 0.000,  0.000, -7.620)  7.620 
J_iso:  0.3102 
Orbital contributions:
 [[ 0.051  0.     0.     0.     0.   ]
 [ 0.     0.124  0.     0.    -0.   ]
 [ 0.     0.     0.124  0.    -0.   ]
 [ 0.     0.     0.     0.01   0.   ]
 [ 0.     0.     0.     0.     0.002]] 
----------------------------------------------------------------------------------------
   Mn1   Mn1   (  0,   0,   2)  0.3102   ( 0.000,  0.000,  7.620)  7.620 
J_iso:  0.3102 
Orbital contributions:
 [[ 0.051  0.     0.     0.     0.   ]
 [ 0.     0.124  0.     0.    -0.   ]
 [ 0.     0.     0.124  0.    -0.   ]
 [ 0.     0.     0.     0.01   0.   ]
 [ 0.     0.     0.     0.     0.002]] 
----------------------------------------------------------------------------------------
   Mn1   Mn1   ( -2,  -1,   0)  0.1989   (-7.620, -3.810,  0.000)  8.519 
J_iso:  0.1989 
Orbital contributions:
 [[ 0.002  0.     0.    -0.    -0.001]
 [ 0.    -0.001  0.    -0.     0.   ]
 [ 0.     0.     0.     0.     0.   ]
 [-0.    -0.     0.     0.161  0.021]
 [-0.001  0.    -0.     0.021 -0.004]] 
----------------------------------------------------------------------------------------
   Mn1   Mn1   (  2,   1,   0)  0.1989   ( 7.620,  3.810,  0.000)  8.519 
J_iso:  0.1989 
Orbital contributions:
 [[ 0.002  0.     0.    -0.    -0.001]
 [ 0.    -0.001  0.    -0.     0.   ]
 [ 0.     0.     0.     0.     0.   ]
 [-0.    -0.     0.     0.161  0.021]
 [-0.001  0.    -0.     0.021 -0.004]] 
----------------------------------------------------------------------------------------
   Mn1   Mn1   ( -2,   0,  -1)  0.1989   (-7.620,  0.000, -3.810)  8.519 
J_iso:  0.1989 
Orbital contributions:
 [[ 0.055  0.011  0.     0.043  0.   ]
 [ 0.011 -0.004 -0.     0.009  0.   ]
 [ 0.     0.     0.    -0.     0.   ]
 [ 0.043  0.009  0.     0.022  0.   ]
 [ 0.     0.     0.     0.    -0.001]] 
----------------------------------------------------------------------------------------
   Mn1   Mn1   (  2,   0,   1)  0.1989   ( 7.620,  0.000,  3.810)  8.519 
J_iso:  0.1989 
Orbital contributions:
 [[ 0.055  0.011  0.     0.043  0.   ]
 [ 0.011 -0.004 -0.     0.009  0.   ]
 [ 0.     0.     0.    -0.     0.   ]
 [ 0.043  0.009  0.     0.022  0.   ]
 [ 0.     0.     0.     0.    -0.001]] 
----------------------------------------------------------------------------------------
   Mn1   Mn1   ( -2,   0,   1)  0.1989   (-7.620,  0.000,  3.810)  8.519 
J_iso:  0.1989 
Orbital contributions:
 [[ 0.055  0.011  0.     0.043  0.   ]
 [ 0.011 -0.004 -0.     0.009  0.   ]
 [ 0.     0.     0.    -0.     0.   ]
 [ 0.043  0.009 -0.     0.022  0.   ]
 [ 0.     0.     0.     0.    -0.001]] 
----------------------------------------------------------------------------------------
   Mn1   Mn1   (  2,   0,  -1)  0.1989   ( 7.620,  0.000, -3.810)  8.519 
J_iso:  0.1989 
Orbital contributions:
 [[ 0.055  0.011  0.     0.043  0.   ]
 [ 0.011 -0.004 -0.     0.009  0.   ]
 [ 0.     0.     0.    -0.     0.   ]
 [ 0.043  0.009 -0.     0.022  0.   ]
 [ 0.     0.     0.     0.    -0.001]] 
----------------------------------------------------------------------------------------
   Mn1   Mn1   ( -2,   1,   0)  0.1989   (-7.620,  3.810,  0.000)  8.519 
J_iso:  0.1989 
Orbital contributions:
 [[ 0.002  0.     0.    -0.    -0.001]
 [ 0.    -0.001  0.    -0.     0.   ]
 [ 0.     0.     0.     0.     0.   ]
 [-0.     0.     0.     0.161  0.021]
 [-0.001  0.    -0.     0.021 -0.004]] 
----------------------------------------------------------------------------------------
   Mn1   Mn1   (  2,  -1,   0)  0.1989   ( 7.620, -3.810,  0.000)  8.519 
J_iso:  0.1989 
Orbital contributions:
 [[ 0.002  0.     0.    -0.    -0.001]
 [ 0.    -0.001  0.    -0.     0.   ]
 [ 0.     0.     0.     0.     0.   ]
 [-0.     0.     0.     0.161  0.021]
 [-0.001  0.    -0.     0.021 -0.004]] 
----------------------------------------------------------------------------------------
   Mn1   Mn1   ( -1,  -2,   0)  0.1989   (-3.810, -7.620,  0.000)  8.519 
J_iso:  0.1989 
Orbital contributions:
 [[ 0.002  0.     0.    -0.    -0.001]
 [ 0.     0.     0.     0.     0.   ]
 [ 0.     0.    -0.001 -0.     0.   ]
 [-0.     0.    -0.     0.161  0.021]
 [-0.001 -0.     0.     0.021 -0.004]] 
----------------------------------------------------------------------------------------
   Mn1   Mn1   (  1,   2,   0)  0.1989   ( 3.810,  7.620,  0.000)  8.519 
J_iso:  0.1989 
Orbital contributions:
 [[ 0.002  0.     0.    -0.    -0.001]
 [ 0.     0.     0.     0.     0.   ]
 [ 0.     0.    -0.001 -0.     0.   ]
 [-0.     0.    -0.     0.161  0.021]
 [-0.001 -0.     0.     0.021 -0.004]] 
----------------------------------------------------------------------------------------
   Mn1   Mn1   ( -1,   0,  -2)  0.1989   (-3.810,  0.000, -7.620)  8.519 
J_iso:  0.1989 
Orbital contributions:
 [[ 0.13   0.02   0.     0.015 -0.   ]
 [ 0.021 -0.004  0.     0.    -0.   ]
 [ 0.     0.    -0.001  0.     0.   ]
 [ 0.015  0.     0.     0.003  0.   ]
 [-0.     0.     0.     0.     0.   ]] 
----------------------------------------------------------------------------------------
   Mn1   Mn1   (  1,   0,   2)  0.1989   ( 3.810,  0.000,  7.620)  8.519 
J_iso:  0.1989 
Orbital contributions:
 [[ 0.13   0.02   0.     0.015 -0.   ]
 [ 0.021 -0.004  0.     0.    -0.   ]
 [ 0.     0.    -0.001  0.     0.   ]
 [ 0.015  0.     0.     0.003  0.   ]
 [-0.     0.     0.     0.     0.   ]] 
----------------------------------------------------------------------------------------
   Mn1   Mn1   ( -1,   0,   2)  0.1989   (-3.810,  0.000,  7.620)  8.519 
J_iso:  0.1989 
Orbital contributions:
 [[ 0.13   0.02   0.     0.015 -0.   ]
 [ 0.021 -0.004  0.     0.     0.   ]
 [ 0.     0.    -0.001  0.     0.   ]
 [ 0.015  0.     0.     0.003  0.   ]
 [-0.    -0.     0.     0.     0.   ]] 
----------------------------------------------------------------------------------------
   Mn1   Mn1   (  1,   0,  -2)  0.1989   ( 3.810,  0.000, -7.620)  8.519 
J_iso:  0.1989 
Orbital contributions:
 [[ 0.13   0.02   0.     0.015 -0.   ]
 [ 0.021 -0.004  0.     0.     0.   ]
 [ 0.     0.    -0.001  0.     0.   ]
 [ 0.015  0.     0.     0.003  0.   ]
 [-0.    -0.     0.     0.     0.   ]] 
----------------------------------------------------------------------------------------
   Mn1   Mn1   ( -1,   2,   0)  0.1989   (-3.810,  7.620,  0.000)  8.519 
J_iso:  0.1989 
Orbital contributions:
 [[ 0.002  0.     0.    -0.    -0.001]
 [ 0.     0.     0.     0.    -0.   ]
 [ 0.     0.    -0.001  0.     0.   ]
 [-0.     0.    -0.     0.161  0.021]
 [-0.001  0.     0.     0.021 -0.004]] 
----------------------------------------------------------------------------------------
   Mn1   Mn1   (  1,  -2,   0)  0.1989   ( 3.810, -7.620,  0.000)  8.519 
J_iso:  0.1989 
Orbital contributions:
 [[ 0.002  0.     0.    -0.    -0.001]
 [ 0.     0.     0.     0.    -0.   ]
 [ 0.     0.    -0.001  0.     0.   ]
 [-0.     0.    -0.     0.161  0.021]
 [-0.001  0.     0.     0.021 -0.004]] 
----------------------------------------------------------------------------------------
   Mn1   Mn1   (  0,  -2,  -1)  0.1989   ( 0.000, -7.620, -3.810)  8.519 
J_iso:  0.1989 
Orbital contributions:
 [[ 0.055  0.     0.011  0.043  0.   ]
 [ 0.     0.     0.    -0.     0.   ]
 [ 0.011 -0.    -0.004  0.009  0.   ]
 [ 0.043  0.     0.009  0.022  0.   ]
 [ 0.     0.     0.     0.    -0.001]] 
----------------------------------------------------------------------------------------
   Mn1   Mn1   (  0,   2,   1)  0.1989   ( 0.000,  7.620,  3.810)  8.519 
J_iso:  0.1989 
Orbital contributions:
 [[ 0.055  0.     0.011  0.043  0.   ]
 [ 0.     0.     0.    -0.     0.   ]
 [ 0.011 -0.    -0.004  0.009  0.   ]
 [ 0.043  0.     0.009  0.022  0.   ]
 [ 0.     0.     0.     0.    -0.001]] 
----------------------------------------------------------------------------------------
   Mn1   Mn1   (  0,  -2,   1)  0.1989   ( 0.000, -7.620,  3.810)  8.519 
J_iso:  0.1989 
Orbital contributions:
 [[ 0.055  0.     0.011  0.043  0.   ]
 [ 0.     0.     0.    -0.     0.   ]
 [ 0.011 -0.    -0.004  0.009  0.   ]
 [ 0.043 -0.     0.009  0.022  0.   ]
 [ 0.     0.     0.     0.    -0.001]] 
----------------------------------------------------------------------------------------
   Mn1   Mn1   (  0,   2,  -1)  0.1989   ( 0.000,  7.620, -3.810)  8.519 
J_iso:  0.1989 
Orbital contributions:
 [[ 0.055  0.     0.011  0.043  0.   ]
 [ 0.     0.     0.    -0.     0.   ]
 [ 0.011 -0.    -0.004  0.009  0.   ]
 [ 0.043 -0.     0.009  0.022  0.   ]
 [ 0.     0.     0.     0.    -0.001]] 
----------------------------------------------------------------------------------------
   Mn1   Mn1   (  0,  -1,  -2)  0.1989   ( 0.000, -3.810, -7.620)  8.519 
J_iso:  0.1989 
Orbital contributions:
 [[ 0.13   0.     0.02   0.015 -0.   ]
 [ 0.    -0.001  0.     0.     0.   ]
 [ 0.021  0.    -0.004  0.    -0.   ]
 [ 0.015  0.     0.     0.003  0.   ]
 [-0.     0.     0.     0.     0.   ]] 
----------------------------------------------------------------------------------------
   Mn1   Mn1   (  0,   1,   2)  0.1989   ( 0.000,  3.810,  7.620)  8.519 
J_iso:  0.1989 
Orbital contributions:
 [[ 0.13   0.     0.02   0.015 -0.   ]
 [ 0.    -0.001  0.     0.     0.   ]
 [ 0.021  0.    -0.004  0.    -0.   ]
 [ 0.015  0.     0.     0.003  0.   ]
 [-0.     0.     0.     0.     0.   ]] 
----------------------------------------------------------------------------------------
   Mn1   Mn1   (  0,  -1,   2)  0.1989   ( 0.000, -3.810,  7.620)  8.519 
J_iso:  0.1989 
Orbital contributions:
 [[ 0.13   0.     0.02   0.015 -0.   ]
 [ 0.    -0.001  0.     0.     0.   ]
 [ 0.021  0.    -0.004  0.     0.   ]
 [ 0.015  0.     0.     0.003  0.   ]
 [-0.     0.    -0.     0.     0.   ]] 
----------------------------------------------------------------------------------------
   Mn1   Mn1   (  0,   1,  -2)  0.1989   ( 0.000,  3.810, -7.620)  8.519 
J_iso:  0.1989 
Orbital contributions:
 [[ 0.13   0.     0.02   0.015 -0.   ]
 [ 0.    -0.001  0.     0.     0.   ]
 [ 0.021  0.    -0.004  0.     0.   ]
 [ 0.015  0.     0.     0.003  0.   ]
 [-0.     0.    -0.     0.     0.   ]] 
----------------------------------------------------------------------------------------
   Mn1   Mn1   ( -2,  -1,  -1) -0.0031   (-7.620, -3.810, -3.810)  9.333 
J_iso: -0.0031 
Orbital contributions:
 [[ 0.     0.    -0.001 -0.     0.   ]
 [ 0.    -0.     0.     0.     0.   ]
 [-0.001  0.     0.    -0.002  0.   ]
 [-0.     0.    -0.002  0.001  0.   ]
 [ 0.     0.     0.     0.    -0.   ]] 
----------------------------------------------------------------------------------------
   Mn1   Mn1   (  2,   1,   1) -0.0031   ( 7.620,  3.810,  3.810)  9.333 
J_iso: -0.0031 
Orbital contributions:
 [[ 0.     0.    -0.001 -0.     0.   ]
 [ 0.    -0.     0.     0.     0.   ]
 [-0.001  0.     0.    -0.002  0.   ]
 [-0.     0.    -0.002  0.001  0.   ]
 [ 0.     0.     0.     0.    -0.   ]] 
----------------------------------------------------------------------------------------
   Mn1   Mn1   ( -2,  -1,   1) -0.0031   (-7.620, -3.810,  3.810)  9.333 
J_iso: -0.0031 
Orbital contributions:
 [[ 0.     0.    -0.001 -0.     0.   ]
 [ 0.    -0.     0.     0.     0.   ]
 [-0.001  0.     0.    -0.002  0.   ]
 [-0.     0.    -0.002  0.001  0.   ]
 [ 0.     0.     0.     0.    -0.   ]] 
----------------------------------------------------------------------------------------
   Mn1   Mn1   (  2,   1,  -1) -0.0031   ( 7.620,  3.810, -3.810)  9.333 
J_iso: -0.0031 
Orbital contributions:
 [[ 0.     0.    -0.001 -0.     0.   ]
 [ 0.    -0.     0.     0.     0.   ]
 [-0.001  0.     0.    -0.002  0.   ]
 [-0.     0.    -0.002  0.001  0.   ]
 [ 0.     0.     0.     0.    -0.   ]] 
----------------------------------------------------------------------------------------
   Mn1   Mn1   ( -2,   1,  -1) -0.0031   (-7.620,  3.810, -3.810)  9.333 
J_iso: -0.0031 
Orbital contributions:
 [[ 0.     0.    -0.001 -0.     0.   ]
 [ 0.    -0.     0.     0.     0.   ]
 [-0.001  0.     0.    -0.002  0.   ]
 [-0.     0.    -0.002  0.001  0.   ]
 [ 0.     0.     0.     0.    -0.   ]] 
----------------------------------------------------------------------------------------
   Mn1   Mn1   (  2,  -1,   1) -0.0031   ( 7.620, -3.810,  3.810)  9.333 
J_iso: -0.0031 
Orbital contributions:
 [[ 0.     0.    -0.001 -0.     0.   ]
 [ 0.    -0.     0.     0.     0.   ]
 [-0.001  0.     0.    -0.002  0.   ]
 [-0.     0.    -0.002  0.001  0.   ]
 [ 0.     0.     0.     0.    -0.   ]] 
----------------------------------------------------------------------------------------
   Mn1   Mn1   ( -2,   1,   1) -0.0031   (-7.620,  3.810,  3.810)  9.333 
J_iso: -0.0031 
Orbital contributions:
 [[ 0.     0.    -0.001 -0.     0.   ]
 [ 0.    -0.     0.     0.     0.   ]
 [-0.001  0.     0.    -0.002  0.   ]
 [-0.     0.    -0.002  0.001  0.   ]
 [ 0.     0.     0.     0.    -0.   ]] 
----------------------------------------------------------------------------------------
   Mn1   Mn1   (  2,  -1,  -1) -0.0031   ( 7.620, -3.810, -3.810)  9.333 
J_iso: -0.0031 
Orbital contributions:
 [[ 0.     0.    -0.001 -0.     0.   ]
 [ 0.    -0.     0.     0.     0.   ]
 [-0.001  0.     0.    -0.002  0.   ]
 [-0.     0.    -0.002  0.001  0.   ]
 [ 0.     0.     0.     0.    -0.   ]] 
----------------------------------------------------------------------------------------
   Mn1   Mn1   ( -1,  -2,  -1) -0.0031   (-3.810, -7.620, -3.810)  9.333 
J_iso: -0.0031 
Orbital contributions:
 [[ 0.    -0.001  0.    -0.     0.   ]
 [-0.001  0.     0.    -0.002  0.   ]
 [ 0.     0.    -0.     0.     0.   ]
 [-0.    -0.002  0.     0.001  0.   ]
 [ 0.     0.     0.     0.    -0.   ]] 
----------------------------------------------------------------------------------------
   Mn1   Mn1   (  1,   2,   1) -0.0031   ( 3.810,  7.620,  3.810)  9.333 
J_iso: -0.0031 
Orbital contributions:
 [[ 0.    -0.001  0.    -0.     0.   ]
 [-0.001  0.     0.    -0.002  0.   ]
 [ 0.     0.    -0.     0.     0.   ]
 [-0.    -0.002  0.     0.001  0.   ]
 [ 0.     0.     0.     0.    -0.   ]] 
----------------------------------------------------------------------------------------
   Mn1   Mn1   ( -1,  -2,   1) -0.0031   (-3.810, -7.620,  3.810)  9.333 
J_iso: -0.0031 
Orbital contributions:
 [[ 0.    -0.001  0.    -0.     0.   ]
 [-0.001  0.     0.    -0.002  0.   ]
 [ 0.     0.    -0.     0.     0.   ]
 [-0.    -0.002  0.     0.001  0.   ]
 [ 0.     0.     0.     0.    -0.   ]] 
----------------------------------------------------------------------------------------
   Mn1   Mn1   (  1,   2,  -1) -0.0031   ( 3.810,  7.620, -3.810)  9.333 
J_iso: -0.0031 
Orbital contributions:
 [[ 0.    -0.001  0.    -0.     0.   ]
 [-0.001  0.     0.    -0.002  0.   ]
 [ 0.     0.    -0.     0.     0.   ]
 [-0.    -0.002  0.     0.001  0.   ]
 [ 0.     0.     0.     0.    -0.   ]] 
----------------------------------------------------------------------------------------
   Mn1   Mn1   ( -1,  -1,  -2) -0.0031   (-3.810, -3.810, -7.620)  9.333 
J_iso: -0.0031 
Orbital contributions:
 [[ 0.001  0.     0.     0.    -0.003]
 [ 0.    -0.     0.     0.     0.   ]
 [ 0.     0.    -0.     0.     0.   ]
 [ 0.     0.     0.    -0.     0.   ]
 [-0.003  0.     0.     0.     0.   ]] 
----------------------------------------------------------------------------------------
   Mn1   Mn1   (  1,   1,   2) -0.0031   ( 3.810,  3.810,  7.620)  9.333 
J_iso: -0.0031 
Orbital contributions:
 [[ 0.001  0.     0.     0.    -0.003]
 [ 0.    -0.     0.     0.     0.   ]
 [ 0.     0.    -0.     0.     0.   ]
 [ 0.     0.     0.    -0.     0.   ]
 [-0.003  0.     0.     0.     0.   ]] 
----------------------------------------------------------------------------------------
   Mn1   Mn1   ( -1,  -1,   2) -0.0031   (-3.810, -3.810,  7.620)  9.333 
J_iso: -0.0031 
Orbital contributions:
 [[ 0.001  0.     0.     0.    -0.003]
 [ 0.    -0.     0.     0.     0.   ]
 [ 0.     0.    -0.     0.     0.   ]
 [ 0.     0.     0.    -0.     0.   ]
 [-0.003  0.     0.     0.     0.   ]] 
----------------------------------------------------------------------------------------
   Mn1   Mn1   (  1,   1,  -2) -0.0031   ( 3.810,  3.810, -7.620)  9.333 
J_iso: -0.0031 
Orbital contributions:
 [[ 0.001  0.     0.     0.    -0.003]
 [ 0.    -0.     0.     0.     0.   ]
 [ 0.     0.    -0.     0.     0.   ]
 [ 0.     0.     0.    -0.     0.   ]
 [-0.003  0.     0.     0.     0.   ]] 
----------------------------------------------------------------------------------------
   Mn1   Mn1   ( -1,   1,  -2) -0.0031   (-3.810,  3.810, -7.620)  9.333 
J_iso: -0.0031 
Orbital contributions:
 [[ 0.001  0.     0.    -0.    -0.003]
 [ 0.    -0.     0.     0.     0.   ]
 [ 0.     0.    -0.     0.     0.   ]
 [-0.     0.     0.    -0.    -0.   ]
 [-0.003  0.     0.    -0.     0.   ]] 
----------------------------------------------------------------------------------------
   Mn1   Mn1   (  1,  -1,   2) -0.0031   ( 3.810, -3.810,  7.620)  9.333 
J_iso: -0.0031 
Orbital contributions:
 [[ 0.001  0.     0.    -0.    -0.003]
 [ 0.    -0.     0.     0.     0.   ]
 [ 0.     0.    -0.     0.     0.   ]
 [-0.     0.     0.    -0.    -0.   ]
 [-0.003  0.     0.    -0.     0.   ]] 
----------------------------------------------------------------------------------------
   Mn1   Mn1   ( -1,   1,   2) -0.0031   (-3.810,  3.810,  7.620)  9.333 
J_iso: -0.0031 
Orbital contributions:
 [[ 0.001  0.     0.    -0.    -0.003]
 [ 0.    -0.     0.     0.     0.   ]
 [ 0.     0.    -0.     0.     0.   ]
 [-0.     0.     0.    -0.    -0.   ]
 [-0.003  0.     0.    -0.     0.   ]] 
----------------------------------------------------------------------------------------
   Mn1   Mn1   (  1,  -1,  -2) -0.0031   ( 3.810, -3.810, -7.620)  9.333 
J_iso: -0.0031 
Orbital contributions:
 [[ 0.001  0.     0.    -0.    -0.003]
 [ 0.    -0.     0.     0.     0.   ]
 [ 0.     0.    -0.     0.     0.   ]
 [-0.     0.     0.    -0.    -0.   ]
 [-0.003  0.     0.    -0.     0.   ]] 
----------------------------------------------------------------------------------------
   Mn1   Mn1   ( -1,   2,  -1) -0.0031   (-3.810,  7.620, -3.810)  9.333 
J_iso: -0.0031 
Orbital contributions:
 [[ 0.    -0.001  0.    -0.     0.   ]
 [-0.001  0.     0.    -0.002  0.   ]
 [ 0.     0.    -0.     0.     0.   ]
 [-0.    -0.002  0.     0.001  0.   ]
 [ 0.     0.     0.     0.    -0.   ]] 
----------------------------------------------------------------------------------------
   Mn1   Mn1   (  1,  -2,   1) -0.0031   ( 3.810, -7.620,  3.810)  9.333 
J_iso: -0.0031 
Orbital contributions:
 [[ 0.    -0.001  0.    -0.     0.   ]
 [-0.001  0.     0.    -0.002  0.   ]
 [ 0.     0.    -0.     0.     0.   ]
 [-0.    -0.002  0.     0.001  0.   ]
 [ 0.     0.     0.     0.    -0.   ]] 
----------------------------------------------------------------------------------------
   Mn1   Mn1   ( -1,   2,   1) -0.0031   (-3.810,  7.620,  3.810)  9.333 
J_iso: -0.0031 
Orbital contributions:
 [[ 0.    -0.001  0.    -0.     0.   ]
 [-0.001  0.     0.    -0.002  0.   ]
 [ 0.     0.    -0.     0.     0.   ]
 [-0.    -0.002  0.     0.001  0.   ]
 [ 0.     0.     0.     0.    -0.   ]] 
----------------------------------------------------------------------------------------
   Mn1   Mn1   (  1,  -2,  -1) -0.0031   ( 3.810, -7.620, -3.810)  9.333 
J_iso: -0.0031 
Orbital contributions:
 [[ 0.    -0.001  0.    -0.     0.   ]
 [-0.001  0.     0.    -0.002  0.   ]
 [ 0.     0.    -0.     0.     0.   ]
 [-0.    -0.002  0.     0.001  0.   ]
 [ 0.     0.     0.     0.    -0.   ]] 
----------------------------------------------------------------------------------------
   Mn1   Mn1   ( -2,  -2,   0) -0.1226   (-7.620, -7.620,  0.000) 10.776 
J_iso: -0.1226 
Orbital contributions:
 [[-0.    -0.    -0.    -0.    -0.002]
 [-0.    -0.     0.    -0.     0.   ]
 [-0.     0.    -0.    -0.     0.   ]
 [ 0.     0.     0.    -0.099  0.   ]
 [-0.002 -0.    -0.     0.    -0.019]] 
----------------------------------------------------------------------------------------
   Mn1   Mn1   (  2,   2,   0) -0.1226   ( 7.620,  7.620,  0.000) 10.776 
J_iso: -0.1226 
Orbital contributions:
 [[-0.    -0.    -0.    -0.    -0.002]
 [-0.    -0.     0.    -0.     0.   ]
 [-0.     0.    -0.    -0.     0.   ]
 [ 0.     0.     0.    -0.099  0.   ]
 [-0.002 -0.    -0.     0.    -0.019]] 
----------------------------------------------------------------------------------------
   Mn1   Mn1   ( -2,   0,  -2) -0.1226   (-7.620,  0.000, -7.620) 10.776 
J_iso: -0.1226 
Orbital contributions:
 [[-0.049 -0.001  0.    -0.026  0.   ]
 [-0.001 -0.019 -0.    -0.002 -0.   ]
 [-0.     0.    -0.    -0.     0.   ]
 [-0.026 -0.002 -0.     0.001 -0.   ]
 [ 0.     0.     0.    -0.    -0.   ]] 
----------------------------------------------------------------------------------------
   Mn1   Mn1   (  2,   0,   2) -0.1226   ( 7.620,  0.000,  7.620) 10.776 
J_iso: -0.1226 
Orbital contributions:
 [[-0.049 -0.001  0.    -0.026  0.   ]
 [-0.001 -0.019 -0.    -0.002 -0.   ]
 [-0.     0.    -0.    -0.     0.   ]
 [-0.026 -0.002 -0.     0.001 -0.   ]
 [ 0.     0.     0.    -0.    -0.   ]] 
----------------------------------------------------------------------------------------
   Mn1   Mn1   ( -2,   0,   2) -0.1228   (-7.620,  0.000,  7.620) 10.776 
J_iso: -0.1228 
Orbital contributions:
 [[-0.049 -0.001 -0.    -0.026  0.   ]
 [-0.001 -0.019  0.    -0.002 -0.   ]
 [-0.    -0.    -0.    -0.     0.   ]
 [-0.026 -0.002 -0.     0.001 -0.   ]
 [ 0.     0.     0.    -0.    -0.   ]] 
----------------------------------------------------------------------------------------
   Mn1   Mn1   (  2,   0,  -2) -0.1228   ( 7.620,  0.000, -7.620) 10.776 
J_iso: -0.1228 
Orbital contributions:
 [[-0.049 -0.001 -0.    -0.026  0.   ]
 [-0.001 -0.019  0.    -0.002 -0.   ]
 [-0.    -0.    -0.    -0.     0.   ]
 [-0.026 -0.002 -0.     0.001 -0.   ]
 [ 0.     0.     0.    -0.    -0.   ]] 
----------------------------------------------------------------------------------------
   Mn1   Mn1   ( -2,   2,   0) -0.1228   (-7.620,  7.620,  0.000) 10.776 
J_iso: -0.1228 
Orbital contributions:
 [[-0.    -0.    -0.    -0.    -0.002]
 [-0.    -0.     0.     0.     0.   ]
 [-0.     0.    -0.     0.    -0.   ]
 [-0.     0.     0.    -0.099  0.   ]
 [-0.002 -0.     0.     0.    -0.019]] 
----------------------------------------------------------------------------------------
   Mn1   Mn1   (  2,  -2,   0) -0.1228   ( 7.620, -7.620,  0.000) 10.776 
J_iso: -0.1228 
Orbital contributions:
 [[-0.    -0.    -0.    -0.    -0.002]
 [-0.    -0.     0.     0.     0.   ]
 [-0.     0.    -0.     0.    -0.   ]
 [-0.     0.     0.    -0.099  0.   ]
 [-0.002 -0.     0.     0.    -0.019]] 
----------------------------------------------------------------------------------------
   Mn1   Mn1   (  0,  -2,  -2) -0.1226   ( 0.000, -7.620, -7.620) 10.776 
J_iso: -0.1226 
Orbital contributions:
 [[-0.049  0.    -0.001 -0.026  0.   ]
 [-0.    -0.     0.    -0.     0.   ]
 [-0.001 -0.    -0.019 -0.002 -0.   ]
 [-0.026 -0.    -0.002  0.001 -0.   ]
 [ 0.     0.     0.    -0.    -0.   ]] 
----------------------------------------------------------------------------------------
   Mn1   Mn1   (  0,   2,   2) -0.1226   ( 0.000,  7.620,  7.620) 10.776 
J_iso: -0.1226 
Orbital contributions:
 [[-0.049  0.    -0.001 -0.026  0.   ]
 [-0.    -0.     0.    -0.     0.   ]
 [-0.001 -0.    -0.019 -0.002 -0.   ]
 [-0.026 -0.    -0.002  0.001 -0.   ]
 [ 0.     0.     0.    -0.    -0.   ]] 
----------------------------------------------------------------------------------------
   Mn1   Mn1   (  0,  -2,   2) -0.1228   ( 0.000, -7.620,  7.620) 10.776 
J_iso: -0.1228 
Orbital contributions:
 [[-0.049 -0.    -0.001 -0.026  0.   ]
 [-0.    -0.    -0.    -0.     0.   ]
 [-0.001  0.    -0.019 -0.002 -0.   ]
 [-0.026 -0.    -0.002  0.001 -0.   ]
 [ 0.     0.     0.    -0.    -0.   ]] 
----------------------------------------------------------------------------------------
   Mn1   Mn1   (  0,   2,  -2) -0.1228   ( 0.000,  7.620, -7.620) 10.776 
J_iso: -0.1228 
Orbital contributions:
 [[-0.049 -0.    -0.001 -0.026  0.   ]
 [-0.    -0.    -0.    -0.     0.   ]
 [-0.001  0.    -0.019 -0.002 -0.   ]
 [-0.026 -0.    -0.002  0.001 -0.   ]
 [ 0.     0.     0.    -0.    -0.   ]] 
----------------------------------------------------------------------------------------
   Mn1   Mn1   ( -2,  -2,  -1)  0.0027   (-7.620, -7.620, -3.810) 11.430 
J_iso:  0.0027 
Orbital contributions:
 [[-0.001  0.     0.     0.     0.   ]
 [ 0.    -0.    -0.    -0.     0.   ]
 [ 0.    -0.    -0.    -0.     0.   ]
 [ 0.    -0.    -0.     0.005  0.   ]
 [ 0.     0.     0.     0.    -0.001]] 
----------------------------------------------------------------------------------------
   Mn1   Mn1   (  2,   2,   1)  0.0027   ( 7.620,  7.620,  3.810) 11.430 
J_iso:  0.0027 
Orbital contributions:
 [[-0.001  0.     0.     0.     0.   ]
 [ 0.    -0.    -0.    -0.     0.   ]
 [ 0.    -0.    -0.    -0.     0.   ]
 [ 0.    -0.    -0.     0.005  0.   ]
 [ 0.     0.     0.     0.    -0.001]] 
----------------------------------------------------------------------------------------
   Mn1   Mn1   ( -2,  -2,   1)  0.0027   (-7.620, -7.620,  3.810) 11.430 
J_iso:  0.0027 
Orbital contributions:
 [[-0.001  0.     0.     0.     0.   ]
 [ 0.    -0.    -0.    -0.     0.   ]
 [ 0.    -0.    -0.    -0.     0.   ]
 [ 0.    -0.    -0.     0.005  0.   ]
 [ 0.     0.     0.    -0.    -0.001]] 
----------------------------------------------------------------------------------------
   Mn1   Mn1   (  2,   2,  -1)  0.0027   ( 7.620,  7.620, -3.810) 11.430 
J_iso:  0.0027 
Orbital contributions:
 [[-0.001  0.     0.     0.     0.   ]
 [ 0.    -0.    -0.    -0.     0.   ]
 [ 0.    -0.    -0.    -0.     0.   ]
 [ 0.    -0.    -0.     0.005  0.   ]
 [ 0.     0.     0.    -0.    -0.001]] 
----------------------------------------------------------------------------------------
   Mn1   Mn1   ( -2,  -1,  -2)  0.0027   (-7.620, -3.810, -7.620) 11.430 
J_iso:  0.0027 
Orbital contributions:
 [[ 0.003  0.    -0.     0.    -0.   ]
 [ 0.    -0.001  0.     0.     0.   ]
 [-0.     0.    -0.     0.    -0.   ]
 [ 0.     0.     0.     0.     0.   ]
 [-0.     0.    -0.     0.    -0.   ]] 
----------------------------------------------------------------------------------------
   Mn1   Mn1   (  2,   1,   2)  0.0027   ( 7.620,  3.810,  7.620) 11.430 
J_iso:  0.0027 
Orbital contributions:
 [[ 0.003  0.    -0.     0.    -0.   ]
 [ 0.    -0.001  0.     0.     0.   ]
 [-0.     0.    -0.     0.    -0.   ]
 [ 0.     0.     0.     0.     0.   ]
 [-0.     0.    -0.     0.    -0.   ]] 
----------------------------------------------------------------------------------------
   Mn1   Mn1   ( -2,  -1,   2)  0.0027   (-7.620, -3.810,  7.620) 11.430 
J_iso:  0.0027 
Orbital contributions:
 [[ 0.003  0.    -0.     0.    -0.   ]
 [ 0.    -0.001  0.     0.     0.   ]
 [-0.     0.    -0.     0.    -0.   ]
 [ 0.     0.     0.     0.     0.   ]
 [-0.     0.    -0.     0.    -0.   ]] 
----------------------------------------------------------------------------------------
   Mn1   Mn1   (  2,   1,  -2)  0.0027   ( 7.620,  3.810, -7.620) 11.430 
J_iso:  0.0027 
Orbital contributions:
 [[ 0.003  0.    -0.     0.    -0.   ]
 [ 0.    -0.001  0.     0.     0.   ]
 [-0.     0.    -0.     0.    -0.   ]
 [ 0.     0.     0.     0.     0.   ]
 [-0.     0.    -0.     0.    -0.   ]] 
----------------------------------------------------------------------------------------
   Mn1   Mn1   ( -2,   1,  -2)  0.0027   (-7.620,  3.810, -7.620) 11.430 
J_iso:  0.0027 
Orbital contributions:
 [[ 0.003  0.    -0.     0.    -0.   ]
 [ 0.    -0.001  0.     0.     0.   ]
 [-0.     0.    -0.     0.    -0.   ]
 [ 0.     0.     0.     0.     0.   ]
 [-0.     0.    -0.     0.    -0.   ]] 
----------------------------------------------------------------------------------------
   Mn1   Mn1   (  2,  -1,   2)  0.0027   ( 7.620, -3.810,  7.620) 11.430 
J_iso:  0.0027 
Orbital contributions:
 [[ 0.003  0.    -0.     0.    -0.   ]
 [ 0.    -0.001  0.     0.     0.   ]
 [-0.     0.    -0.     0.    -0.   ]
 [ 0.     0.     0.     0.     0.   ]
 [-0.     0.    -0.     0.    -0.   ]] 
----------------------------------------------------------------------------------------
   Mn1   Mn1   ( -2,   1,   2)  0.0027   (-7.620,  3.810,  7.620) 11.430 
J_iso:  0.0027 
Orbital contributions:
 [[ 0.003  0.    -0.     0.    -0.   ]
 [ 0.    -0.001  0.     0.     0.   ]
 [-0.     0.    -0.     0.    -0.   ]
 [ 0.     0.     0.     0.     0.   ]
 [-0.     0.    -0.     0.    -0.   ]] 
----------------------------------------------------------------------------------------
   Mn1   Mn1   (  2,  -1,  -2)  0.0027   ( 7.620, -3.810, -7.620) 11.430 
J_iso:  0.0027 
Orbital contributions:
 [[ 0.003  0.    -0.     0.    -0.   ]
 [ 0.    -0.001  0.     0.     0.   ]
 [-0.     0.    -0.     0.    -0.   ]
 [ 0.     0.     0.     0.     0.   ]
 [-0.     0.    -0.     0.    -0.   ]] 
----------------------------------------------------------------------------------------
   Mn1   Mn1   ( -2,   2,  -1)  0.0027   (-7.620,  7.620, -3.810) 11.430 
J_iso:  0.0027 
Orbital contributions:
 [[-0.001  0.     0.    -0.     0.   ]
 [ 0.    -0.    -0.    -0.     0.   ]
 [ 0.    -0.    -0.    -0.     0.   ]
 [ 0.    -0.    -0.     0.005  0.   ]
 [ 0.     0.     0.    -0.    -0.001]] 
----------------------------------------------------------------------------------------
   Mn1   Mn1   (  2,  -2,   1)  0.0027   ( 7.620, -7.620,  3.810) 11.430 
J_iso:  0.0027 
Orbital contributions:
 [[-0.001  0.     0.    -0.     0.   ]
 [ 0.    -0.    -0.    -0.     0.   ]
 [ 0.    -0.    -0.    -0.     0.   ]
 [ 0.    -0.    -0.     0.005  0.   ]
 [ 0.     0.     0.    -0.    -0.001]] 
----------------------------------------------------------------------------------------
   Mn1   Mn1   ( -2,   2,   1)  0.0027   (-7.620,  7.620,  3.810) 11.430 
J_iso:  0.0027 
Orbital contributions:
 [[-0.001  0.     0.     0.     0.   ]
 [ 0.    -0.    -0.    -0.     0.   ]
 [ 0.    -0.    -0.    -0.     0.   ]
 [-0.    -0.    -0.     0.005 -0.   ]
 [ 0.     0.     0.     0.    -0.001]] 
----------------------------------------------------------------------------------------
   Mn1   Mn1   (  2,  -2,  -1)  0.0027   ( 7.620, -7.620, -3.810) 11.430 
J_iso:  0.0027 
Orbital contributions:
 [[-0.001  0.     0.     0.     0.   ]
 [ 0.    -0.    -0.    -0.     0.   ]
 [ 0.    -0.    -0.    -0.     0.   ]
 [-0.    -0.    -0.     0.005 -0.   ]
 [ 0.     0.     0.     0.    -0.001]] 
----------------------------------------------------------------------------------------
   Mn1   Mn1   ( -1,  -2,  -2)  0.0027   (-3.810, -7.620, -7.620) 11.430 
J_iso:  0.0027 
Orbital contributions:
 [[ 0.003 -0.     0.     0.    -0.   ]
 [-0.    -0.     0.     0.    -0.   ]
 [ 0.     0.    -0.001  0.     0.   ]
 [ 0.     0.     0.     0.     0.   ]
 [-0.    -0.     0.     0.    -0.   ]] 
----------------------------------------------------------------------------------------
   Mn1   Mn1   (  1,   2,   2)  0.0027   ( 3.810,  7.620,  7.620) 11.430 
J_iso:  0.0027 
Orbital contributions:
 [[ 0.003 -0.     0.     0.    -0.   ]
 [-0.    -0.     0.     0.    -0.   ]
 [ 0.     0.    -0.001  0.     0.   ]
 [ 0.     0.     0.     0.     0.   ]
 [-0.    -0.     0.     0.    -0.   ]] 
----------------------------------------------------------------------------------------
   Mn1   Mn1   ( -1,  -2,   2)  0.0027   (-3.810, -7.620,  7.620) 11.430 
J_iso:  0.0027 
Orbital contributions:
 [[ 0.003 -0.     0.     0.    -0.   ]
 [-0.    -0.     0.     0.    -0.   ]
 [ 0.     0.    -0.001  0.     0.   ]
 [ 0.     0.     0.     0.     0.   ]
 [-0.    -0.     0.     0.    -0.   ]] 
----------------------------------------------------------------------------------------
   Mn1   Mn1   (  1,   2,  -2)  0.0027   ( 3.810,  7.620, -7.620) 11.430 
J_iso:  0.0027 
Orbital contributions:
 [[ 0.003 -0.     0.     0.    -0.   ]
 [-0.    -0.     0.     0.    -0.   ]
 [ 0.     0.    -0.001  0.     0.   ]
 [ 0.     0.     0.     0.     0.   ]
 [-0.    -0.     0.     0.    -0.   ]] 
----------------------------------------------------------------------------------------
   Mn1   Mn1   ( -1,   2,  -2)  0.0027   (-3.810,  7.620, -7.620) 11.430 
J_iso:  0.0027 
Orbital contributions:
 [[ 0.003 -0.     0.     0.    -0.   ]
 [-0.    -0.     0.     0.    -0.   ]
 [ 0.     0.    -0.001  0.     0.   ]
 [ 0.     0.     0.     0.     0.   ]
 [-0.    -0.     0.     0.    -0.   ]] 
----------------------------------------------------------------------------------------
   Mn1   Mn1   (  1,  -2,   2)  0.0027   ( 3.810, -7.620,  7.620) 11.430 
J_iso:  0.0027 
Orbital contributions:
 [[ 0.003 -0.     0.     0.    -0.   ]
 [-0.    -0.     0.     0.    -0.   ]
 [ 0.     0.    -0.001  0.     0.   ]
 [ 0.     0.     0.     0.     0.   ]
 [-0.    -0.     0.     0.    -0.   ]] 
----------------------------------------------------------------------------------------
   Mn1   Mn1   ( -1,   2,   2)  0.0027   (-3.810,  7.620,  7.620) 11.430 
J_iso:  0.0027 
Orbital contributions:
 [[ 0.003 -0.     0.     0.    -0.   ]
 [-0.    -0.     0.     0.    -0.   ]
 [ 0.     0.    -0.001  0.     0.   ]
 [ 0.     0.     0.     0.     0.   ]
 [-0.    -0.     0.     0.    -0.   ]] 
----------------------------------------------------------------------------------------
   Mn1   Mn1   (  1,  -2,  -2)  0.0027   ( 3.810, -7.620, -7.620) 11.430 
J_iso:  0.0027 
Orbital contributions:
 [[ 0.003 -0.     0.     0.    -0.   ]
 [-0.    -0.     0.     0.    -0.   ]
 [ 0.     0.    -0.001  0.     0.   ]
 [ 0.     0.     0.     0.     0.   ]
 [-0.    -0.     0.     0.    -0.   ]] 
----------------------------------------------------------------------------------------
   Mn1   Mn1   ( -2,  -2,  -2)  0.0054   (-7.620, -7.620, -7.620) 13.198 
J_iso:  0.0054 
Orbital contributions:
 [[ 0.002  0.     0.     0.     0.   ]
 [ 0.    -0.     0.     0.     0.   ]
 [ 0.     0.    -0.     0.     0.   ]
 [ 0.     0.     0.     0.002  0.   ]
 [ 0.     0.     0.     0.    -0.   ]] 
----------------------------------------------------------------------------------------
   Mn1   Mn1   (  2,   2,   2)  0.0054   ( 7.620,  7.620,  7.620) 13.198 
J_iso:  0.0054 
Orbital contributions:
 [[ 0.002  0.     0.     0.     0.   ]
 [ 0.    -0.     0.     0.     0.   ]
 [ 0.     0.    -0.     0.     0.   ]
 [ 0.     0.     0.     0.002  0.   ]
 [ 0.     0.     0.     0.    -0.   ]] 
----------------------------------------------------------------------------------------
   Mn1   Mn1   ( -2,  -2,   2)  0.0054   (-7.620, -7.620,  7.620) 13.198 
J_iso:  0.0054 
Orbital contributions:
 [[ 0.002  0.     0.     0.     0.   ]
 [ 0.    -0.     0.     0.     0.   ]
 [ 0.     0.    -0.     0.     0.   ]
 [ 0.     0.     0.     0.002  0.   ]
 [ 0.     0.     0.     0.    -0.   ]] 
----------------------------------------------------------------------------------------
   Mn1   Mn1   (  2,   2,  -2)  0.0054   ( 7.620,  7.620, -7.620) 13.198 
J_iso:  0.0054 
Orbital contributions:
 [[ 0.002  0.     0.     0.     0.   ]
 [ 0.    -0.     0.     0.     0.   ]
 [ 0.     0.    -0.     0.     0.   ]
 [ 0.     0.     0.     0.002  0.   ]
 [ 0.     0.     0.     0.    -0.   ]] 
----------------------------------------------------------------------------------------
   Mn1   Mn1   ( -2,   2,  -2)  0.0054   (-7.620,  7.620, -7.620) 13.198 
J_iso:  0.0054 
Orbital contributions:
 [[ 0.002  0.     0.    -0.     0.   ]
 [ 0.    -0.     0.     0.     0.   ]
 [ 0.     0.    -0.     0.     0.   ]
 [-0.     0.     0.     0.002 -0.   ]
 [ 0.     0.     0.    -0.    -0.   ]] 
----------------------------------------------------------------------------------------
   Mn1   Mn1   (  2,  -2,   2)  0.0054   ( 7.620, -7.620,  7.620) 13.198 
J_iso:  0.0054 
Orbital contributions:
 [[ 0.002  0.     0.    -0.     0.   ]
 [ 0.    -0.     0.     0.     0.   ]
 [ 0.     0.    -0.     0.     0.   ]
 [-0.     0.     0.     0.002 -0.   ]
 [ 0.     0.     0.    -0.    -0.   ]] 
----------------------------------------------------------------------------------------
   Mn1   Mn1   ( -2,   2,   2)  0.0054   (-7.620,  7.620,  7.620) 13.198 
J_iso:  0.0054 
Orbital contributions:
 [[ 0.002  0.     0.    -0.     0.   ]
 [ 0.    -0.     0.     0.     0.   ]
 [ 0.     0.    -0.     0.     0.   ]
 [-0.     0.     0.     0.002 -0.   ]
 [ 0.     0.     0.    -0.    -0.   ]] 
----------------------------------------------------------------------------------------
   Mn1   Mn1   (  2,  -2,  -2)  0.0054   ( 7.620, -7.620, -7.620) 13.198 
J_iso:  0.0054 
Orbital contributions:
 [[ 0.002  0.     0.    -0.     0.   ]
 [ 0.    -0.     0.     0.     0.   ]
 [ 0.     0.    -0.     0.     0.   ]
 [-0.     0.     0.     0.002 -0.   ]
 [ 0.     0.     0.    -0.    -0.   ]] 
