============================================================
Cell (Angstrom):
 3.950   3.950  -0.030
 3.950   0.030  -3.950
 0.030   3.950  -3.950

============================================================
Atoms:  
(Note: charge and magmoms only count the wannier functions.)
 Symbol_number       x          y          z      w_charge     M(x)       M(y)       M(z)    
Bi1               0.2413     0.2413     -0.2413    2.2656     -0.0004    0.0000     -0.0182 
Bi2               4.2060     4.2060     -4.2060    2.2656     -0.0005    0.0000     0.0182  
Fe1               2.0165     2.0165     -2.0165    5.9789     -0.0181    0.0000     3.4680  
Fe2               5.9812     5.9812     -5.9812    5.9789     -0.0220    0.0000     -3.4680 
O1                3.9388     2.1558     -5.5238    6.5487     -0.0050    0.0000     -0.1389 
O2                3.9539     5.5389     -6.0903    6.5485     -0.0042    0.0000     0.1387  
O3                2.1558     5.5238     -3.9388    6.5482     -0.0037    0.0000     -0.1382 
O4                5.5389     6.0903     -3.9539    6.5482     -0.0050    0.0000     0.1382  
O5                5.5238     3.9388     -2.1558    6.5485     0.0037     0.0000     -0.1387 
O6                6.0903     3.9539     -5.5389    6.5487     0.0043     0.0000     0.1389  
Total                                              55.7797    -0.0509    0.0000     0.0000  

============================================================
Exchange:
    i           j           R            Jxx(meV) Jxy     Jxz     Jyx     Jyy     Jyz     Jzx     Jzy     Jzz              vector          distance(A) 
   1(Fe2  )    0(Fe1  ) (  0,   1,   1) -28.7870 -0.0413 -0.0877 -0.0413 -28.8821 -0.0576 -0.0877 -0.0576 -58.8469 ( 0.015,  0.015, -3.934)  3.934 
J_iso:  -28.48 
DMI: ( 1.1518  1.3191  0.3407)
   1(Fe2  )    0(Fe1  ) (  1,   0,   1) -28.9329  0.0034  0.3092  0.0034 -28.9545 -0.0945  0.3092 -0.0945 -59.4777 ( 0.015,  3.934, -0.015)  3.934 
J_iso:  -28.79 
DMI: (-1.3620  0.5245 -0.1090)
   0(Fe1  )    1(Fe2  ) ( -1,   0,  -1) -28.9329  0.0034  0.3092  0.0034 -28.9545 -0.0945  0.3092 -0.0945 -59.4777 (-0.015, -3.934,  0.015)  3.934 
J_iso:  -28.79 
DMI: ( 1.3620 -0.5245  0.1090)
   0(Fe1  )    1(Fe2  ) (  0,  -1,  -1) -28.7870 -0.0413 -0.0877 -0.0413 -28.8821 -0.0576 -0.0877 -0.0576 -58.8469 (-0.015, -0.015,  3.934)  3.934 
J_iso:  -28.48 
DMI: (-1.1518 -1.3191 -0.3407)
   1(Fe2  )    0(Fe1  ) (  1,   1,   0) -28.9668 -0.0148 -0.0624 -0.0148 -28.8506  0.2888 -0.0624  0.2888 -59.2647 ( 3.934,  0.015, -0.015)  3.934 
J_iso:  -28.68 
DMI: (-0.5309 -1.0085  0.1519)
   0(Fe1  )    1(Fe2  ) ( -1,  -1,   0) -28.9668 -0.0148 -0.0624 -0.0148 -28.8506  0.2888 -0.0624  0.2888 -59.2647 (-3.934, -0.015,  0.015)  3.934 
J_iso:  -28.68 
DMI: ( 0.5309  1.0085 -0.1519)
   0(Fe1  )    1(Fe2  ) ( -1,   0,   0) -28.8821 -0.0413  0.0576 -0.0413 -28.7871  0.0877  0.0576  0.0877 -58.8469 ( 0.015,  0.015, -3.934)  3.934 
J_iso:  -28.48 
DMI: ( 1.3191  1.1518 -0.3407)
   0(Fe1  )    1(Fe2  ) (  0,  -1,   0) -28.8506 -0.0148 -0.2888 -0.0148 -28.9668  0.0624 -0.2888  0.0624 -59.2647 ( 0.015,  3.934, -0.015)  3.934 
J_iso:  -28.68 
DMI: (-1.0085 -0.5309 -0.1519)
   0(Fe1  )    1(Fe2  ) (  0,   0,  -1) -28.9545  0.0034  0.0945  0.0034 -28.9329 -0.3092  0.0945 -0.3092 -59.4777 ( 3.934,  0.015, -0.015)  3.934 
J_iso:  -28.79 
DMI: ( 0.5245 -1.3620  0.1090)
   1(Fe2  )    0(Fe1  ) (  0,   0,   1) -28.9545  0.0034  0.0945  0.0034 -28.9329 -0.3092  0.0945 -0.3092 -59.4777 (-3.934, -0.015,  0.015)  3.934 
J_iso:  -28.79 
DMI: (-0.5245  1.3620 -0.1090)
   1(Fe2  )    0(Fe1  ) (  0,   1,   0) -28.8506 -0.0148 -0.2888 -0.0148 -28.9668  0.0624 -0.2888  0.0624 -59.2647 (-0.015, -3.934,  0.015)  3.934 
J_iso:  -28.68 
DMI: ( 1.0085  0.5309  0.1519)
   1(Fe2  )    0(Fe1  ) (  1,   0,   0) -28.8821 -0.0413  0.0576 -0.0413 -28.7871  0.0877  0.0576  0.0877 -58.8469 (-0.015, -0.015,  3.934)  3.934 
J_iso:  -28.48 
DMI: (-1.3191 -1.1518  0.3407)
   0(Fe1  )    0(Fe1  ) ( -1,   1,   0) -1.0059  0.0042 -0.0204  0.0042 -0.9957  0.0064 -0.0204  0.0064 -2.9296 ( 0.000, -3.919, -3.919)  5.543 
J_iso: -0.9261 
DMI: ( 0.0813 -0.0412  0.0206)
   0(Fe1  )    0(Fe1  ) (  1,  -1,   0) -1.0059  0.0042 -0.0204  0.0042 -0.9957  0.0064 -0.0204  0.0064 -2.9296 (-0.000,  3.919,  3.919)  5.543 
J_iso: -0.9261 
DMI: (-0.0813  0.0412 -0.0206)
   1(Fe2  )    1(Fe2  ) ( -1,   0,   1) -0.9957  0.0042 -0.0064  0.0042 -1.0059  0.0204 -0.0064  0.0204 -2.9296 (-3.919,  0.000, -3.919)  5.543 
J_iso: -0.9261 
DMI: (-0.0412  0.0813 -0.0206)
   1(Fe2  )    1(Fe2  ) ( -1,   1,   0) -1.0059 -0.0037  0.0424 -0.0037 -0.9940 -0.0090  0.0424 -0.0090 -2.9139 ( 0.000, -3.919, -3.919)  5.543 
J_iso: -0.9188 
DMI: ( 0.0785  0.0218 -0.0150)
   1(Fe2  )    1(Fe2  ) (  1,  -1,   0) -1.0059 -0.0037  0.0424 -0.0037 -0.9940 -0.0090  0.0424 -0.0090 -2.9139 ( 0.000,  3.919,  3.919)  5.543 
J_iso: -0.9188 
DMI: (-0.0785 -0.0218  0.0150)
   1(Fe2  )    1(Fe2  ) (  1,   0,  -1) -0.9957  0.0042 -0.0064  0.0042 -1.0059  0.0204 -0.0064  0.0204 -2.9296 ( 3.919, -0.000,  3.919)  5.543 
J_iso: -0.9261 
DMI: ( 0.0412 -0.0813  0.0206)
   0(Fe1  )    0(Fe1  ) ( -1,   0,   1) -0.9940 -0.0037  0.0090 -0.0037 -1.0059 -0.0424  0.0090 -0.0424 -2.9139 (-3.919,  0.000, -3.919)  5.543 
J_iso: -0.9188 
DMI: ( 0.0218  0.0785  0.0150)
   0(Fe1  )    0(Fe1  ) (  0,  -1,   1) -0.9971  0.0097 -0.0430  0.0097 -0.9983  0.0124 -0.0430  0.0124 -2.9874 (-3.919,  3.919, -0.000)  5.543 
J_iso:  -0.948 
DMI: ( 0.0478  0.0208 -0.0970)
   0(Fe1  )    0(Fe1  ) (  0,   1,  -1) -0.9971  0.0097 -0.0430  0.0097 -0.9983  0.0124 -0.0430  0.0124 -2.9874 ( 3.919, -3.919,  0.000)  5.543 
J_iso:  -0.948 
DMI: (-0.0478 -0.0208  0.0970)
   0(Fe1  )    0(Fe1  ) (  1,   0,  -1) -0.9940 -0.0037  0.0090 -0.0037 -1.0059 -0.0424  0.0090 -0.0424 -2.9139 ( 3.919, -0.000,  3.919)  5.543 
J_iso: -0.9188 
DMI: (-0.0218 -0.0785 -0.0150)
   1(Fe2  )    1(Fe2  ) (  0,  -1,   1) -0.9983  0.0097 -0.0124  0.0097 -0.9971  0.0430 -0.0124  0.0430 -2.9874 (-3.919,  3.919, -0.000)  5.543 
J_iso:  -0.948 
DMI: (-0.0208 -0.0478 -0.0970)
   1(Fe2  )    1(Fe2  ) (  0,   1,  -1) -0.9983  0.0097 -0.0124  0.0097 -0.9971  0.0430 -0.0124  0.0430 -2.9874 ( 3.919, -3.919,  0.000)  5.543 
J_iso:  -0.948 
DMI: ( 0.0208  0.0478  0.0970)
   0(Fe1  )    0(Fe1  ) ( -1,   0,   0)  0.5736  0.0014  0.0431  0.0014  0.5705 -0.0006  0.0431 -0.0006 -3.1209 (-3.950, -3.950,  0.030)  5.586 
J_iso:  0.6072 
DMI: ( 0.0055 -0.0347 -0.0369)
   0(Fe1  )    0(Fe1  ) (  0,  -1,   0)  0.5576  0.0065 -0.1164  0.0065  0.5478  0.0128 -0.1164  0.0128 -3.0210 (-3.950, -0.030,  3.950)  5.586 
J_iso:  0.6475 
DMI: ( 0.0473  0.0465 -0.0125)
   0(Fe1  )    0(Fe1  ) (  0,   0,  -1)  0.5499 -0.0051 -0.0226 -0.0051  0.5638 -0.1091 -0.0226 -0.1091 -3.0137 (-0.030, -3.950,  3.950)  5.586 
J_iso:  0.6545 
DMI: (-0.0616 -0.0016  0.0732)
   0(Fe1  )    0(Fe1  ) (  0,   0,   1)  0.5499 -0.0051 -0.0226 -0.0051  0.5638 -0.1091 -0.0226 -0.1091 -3.0137 ( 0.030,  3.950, -3.950)  5.586 
J_iso:  0.6545 
DMI: ( 0.0616  0.0016 -0.0732)
   0(Fe1  )    0(Fe1  ) (  0,   1,   0)  0.5576  0.0065 -0.1164  0.0065  0.5478  0.0128 -0.1164  0.0128 -3.0210 ( 3.950,  0.030, -3.950)  5.586 
J_iso:  0.6475 
DMI: (-0.0473 -0.0465  0.0125)
   0(Fe1  )    0(Fe1  ) (  1,   0,   0)  0.5736  0.0014  0.0431  0.0014  0.5705 -0.0006  0.0431 -0.0006 -3.1209 ( 3.950,  3.950, -0.030)  5.586 
J_iso:  0.6072 
DMI: (-0.0055  0.0347  0.0369)
   1(Fe2  )    1(Fe2  ) ( -1,   0,   0)  0.5705  0.0014  0.0006  0.0014  0.5736 -0.0431  0.0006 -0.0431 -3.1209 (-3.950, -3.950,  0.030)  5.586 
J_iso:  0.6072 
DMI: (-0.0347  0.0055  0.0369)
   1(Fe2  )    1(Fe2  ) (  0,  -1,   0)  0.5638 -0.0051  0.1091 -0.0051  0.5499  0.0226  0.1091  0.0226 -3.0137 (-3.950, -0.030,  3.950)  5.586 
J_iso:  0.6545 
DMI: (-0.0016 -0.0616 -0.0732)
   1(Fe2  )    1(Fe2  ) (  0,   0,  -1)  0.5478  0.0065 -0.0128  0.0065  0.5576  0.1164 -0.0128  0.1164 -3.0210 (-0.030, -3.950,  3.950)  5.586 
J_iso:  0.6475 
DMI: ( 0.0465  0.0473  0.0125)
   1(Fe2  )    1(Fe2  ) (  0,   1,   0)  0.5638 -0.0051  0.1091 -0.0051  0.5499  0.0226  0.1091  0.0226 -3.0137 ( 3.950,  0.030, -3.950)  5.586 
J_iso:  0.6545 
DMI: ( 0.0016  0.0616  0.0732)
   1(Fe2  )    1(Fe2  ) (  1,   0,   0)  0.5705  0.0014  0.0006  0.0014  0.5736 -0.0431  0.0006 -0.0431 -3.1209 ( 3.950,  3.950, -0.030)  5.586 
J_iso:  0.6072 
DMI: ( 0.0347 -0.0055 -0.0369)
   1(Fe2  )    1(Fe2  ) (  0,   0,   1)  0.5478  0.0065 -0.0128  0.0065  0.5576  0.1164 -0.0128  0.1164 -3.0210 ( 0.030,  3.950, -3.950)  5.586 
J_iso:  0.6475 
DMI: (-0.0465 -0.0473 -0.0125)
   0(Fe1  )    1(Fe2  ) ( -2,   0,   0) -0.3382 -0.0019  0.0083 -0.0019 -0.3398  0.0270  0.0083  0.0270 -0.9655 (-3.934, -3.934, -3.904)  6.797 
J_iso: -0.3317 
DMI: (-0.0510 -0.0549  0.1026)
   0(Fe1  )    1(Fe2  ) (  0,  -2,   0) -0.3358  0.0093 -0.0308  0.0093 -0.3404  0.0039 -0.0308  0.0039 -0.9562 (-3.934,  3.904,  3.934)  6.797 
J_iso: -0.3285 
DMI: ( 0.0621 -0.1136 -0.0277)
   1(Fe2  )    0(Fe1  ) (  0,   2,   0) -0.3358  0.0093 -0.0308  0.0093 -0.3404  0.0039 -0.0308  0.0039 -0.9562 ( 3.934, -3.904, -3.934)  6.797 
J_iso: -0.3285 
DMI: (-0.0621  0.1136  0.0277)
   1(Fe2  )    0(Fe1  ) (  2,   0,   0) -0.3382 -0.0019  0.0083 -0.0019 -0.3398  0.0270  0.0083  0.0270 -0.9655 ( 3.934,  3.934,  3.904)  6.797 
J_iso: -0.3317 
DMI: ( 0.0510  0.0549 -0.1026)
   0(Fe1  )    1(Fe2  ) (  0,   0,  -2) -0.3428 -0.0010  0.0174 -0.0010 -0.3373 -0.0284  0.0174 -0.0284 -0.9533 ( 3.904, -3.934,  3.934)  6.797 
J_iso: -0.3313 
DMI: ( 0.1129  0.0589  0.0589)
   1(Fe2  )    0(Fe1  ) (  0,   0,   2) -0.3428 -0.0010  0.0174 -0.0010 -0.3373 -0.0284  0.0174 -0.0284 -0.9533 (-3.904,  3.934, -3.934)  6.797 
J_iso: -0.3313 
DMI: (-0.1129 -0.0589 -0.0589)
   0(Fe1  )    1(Fe2  ) ( -1,   1,  -1) -0.3373 -0.0010  0.0284 -0.0010 -0.3428 -0.0174  0.0284 -0.0174 -0.9533 ( 3.934, -3.904, -3.934)  6.797 
J_iso: -0.3313 
DMI: (-0.0589 -0.1129  0.0589)
   0(Fe1  )    1(Fe2  ) (  1,  -1,  -1) -0.3398 -0.0019 -0.0270 -0.0019 -0.3382 -0.0083 -0.0270 -0.0083 -0.9655 ( 3.934,  3.934,  3.904)  6.797 
J_iso: -0.3317 
DMI: ( 0.0549  0.0510  0.1026)
   1(Fe2  )    0(Fe1  ) ( -1,   1,   1) -0.3398 -0.0019 -0.0270 -0.0019 -0.3382 -0.0083 -0.0270 -0.0083 -0.9655 (-3.934, -3.934, -3.904)  6.797 
J_iso: -0.3317 
DMI: (-0.0549 -0.0510 -0.1026)
   1(Fe2  )    0(Fe1  ) (  1,  -1,   1) -0.3373 -0.0010  0.0284 -0.0010 -0.3428 -0.0174  0.0284 -0.0174 -0.9533 (-3.934,  3.904,  3.934)  6.797 
J_iso: -0.3313 
DMI: ( 0.0589  0.1129 -0.0589)
   0(Fe1  )    1(Fe2  ) ( -1,  -1,   1) -0.3404  0.0093 -0.0039  0.0093 -0.3358  0.0308 -0.0039  0.0308 -0.9562 (-3.904,  3.934, -3.934)  6.797 
J_iso: -0.3285 
DMI: ( 0.1136 -0.0621 -0.0277)
   1(Fe2  )    0(Fe1  ) (  1,   1,  -1) -0.3404  0.0093 -0.0039  0.0093 -0.3358  0.0308 -0.0039  0.0308 -0.9562 ( 3.904, -3.934,  3.934)  6.797 
J_iso: -0.3285 
DMI: (-0.1136  0.0621  0.0277)
   0(Fe1  )    1(Fe2  ) ( -1,  -1,  -1)  0.2444 -0.0002 -0.0194 -0.0002  0.2443 -0.0186 -0.0194 -0.0186 -0.7109 (-3.965, -3.965,  3.965)  6.867 
J_iso:  0.2553 
DMI: ( 0.0043 -0.0049 -0.0121)
   1(Fe2  )    0(Fe1  ) (  1,   1,   1)  0.2444 -0.0002 -0.0194 -0.0002  0.2443 -0.0186 -0.0194 -0.0186 -0.7109 ( 3.965,  3.965, -3.965)  6.867 
J_iso:  0.2553 
DMI: (-0.0043  0.0049  0.0121)
   0(Fe1  )    1(Fe2  ) (  0,   0,   0)  0.2443 -0.0002  0.0186 -0.0002  0.2444  0.0194  0.0186  0.0194 -0.7109 ( 3.965,  3.965, -3.965)  6.867 
J_iso:  0.2553 
DMI: ( 0.0049 -0.0043 -0.0121)
   1(Fe2  )    0(Fe1  ) (  0,   0,   0)  0.2443 -0.0002  0.0186 -0.0002  0.2444  0.0194  0.0186  0.0194 -0.7109 (-3.965, -3.965,  3.965)  6.867 
J_iso:  0.2553 
DMI: (-0.0049  0.0043  0.0121)
   0(Fe1  )    0(Fe1  ) ( -1,   1,  -1)  0.9913 -0.0027  0.0774 -0.0027  0.9989 -0.0414  0.0774 -0.0414 -2.5390 (-0.030, -7.869,  0.030)  7.869 
J_iso:   1.029 
DMI: (-0.0525 -0.0995  0.0436)
   0(Fe1  )    0(Fe1  ) (  1,  -1,  -1)  0.9867  0.0009 -0.0526  0.0009  0.9903 -0.0890 -0.0526 -0.0890 -2.4943 (-0.030, -0.030,  7.869)  7.869 
J_iso:   1.041 
DMI: (-0.0141  0.0523  0.0038)
   1(Fe2  )    1(Fe2  ) ( -1,   1,   1)  0.9903  0.0009  0.0890  0.0009  0.9867  0.0526  0.0890  0.0526 -2.4943 ( 0.030,  0.030, -7.869)  7.869 
J_iso:   1.041 
DMI: (-0.0523  0.0141  0.0038)
   1(Fe2  )    1(Fe2  ) (  1,  -1,   1)  0.9889  0.0028 -0.0827  0.0028  1.0003  0.0743 -0.0827  0.0743 -2.5237 ( 0.030,  7.869, -0.030)  7.869 
J_iso:   1.046 
DMI: (-0.0155 -0.0919 -0.0092)
   1(Fe2  )    1(Fe2  ) ( -1,   1,  -1)  0.9889  0.0028 -0.0827  0.0028  1.0003  0.0743 -0.0827  0.0743 -2.5237 (-0.030, -7.869,  0.030)  7.869 
J_iso:   1.046 
DMI: ( 0.0155  0.0919  0.0092)
   1(Fe2  )    1(Fe2  ) (  1,  -1,  -1)  0.9903  0.0009  0.0890  0.0009  0.9867  0.0526  0.0890  0.0526 -2.4943 (-0.030, -0.030,  7.869)  7.869 
J_iso:   1.041 
DMI: ( 0.0523 -0.0141 -0.0038)
   0(Fe1  )    0(Fe1  ) ( -1,  -1,   1)  1.0003  0.0028 -0.0743  0.0028  0.9889  0.0827 -0.0743  0.0827 -2.5237 (-7.869, -0.030,  0.030)  7.869 
J_iso:   1.046 
DMI: ( 0.0919  0.0155 -0.0092)
   0(Fe1  )    0(Fe1  ) ( -1,   1,   1)  0.9867  0.0009 -0.0526  0.0009  0.9903 -0.0890 -0.0526 -0.0890 -2.4943 ( 0.030,  0.030, -7.869)  7.869 
J_iso:   1.041 
DMI: ( 0.0141 -0.0523 -0.0038)
   0(Fe1  )    0(Fe1  ) (  1,  -1,   1)  0.9913 -0.0027  0.0774 -0.0027  0.9989 -0.0414  0.0774 -0.0414 -2.5390 ( 0.030,  7.869, -0.030)  7.869 
J_iso:   1.029 
DMI: ( 0.0525  0.0995 -0.0436)
   1(Fe2  )    1(Fe2  ) ( -1,  -1,   1)  0.9989 -0.0027  0.0414 -0.0027  0.9913 -0.0774  0.0414 -0.0774 -2.5390 (-7.869, -0.030,  0.030)  7.869 
J_iso:   1.029 
DMI: (-0.0995 -0.0525 -0.0436)
   0(Fe1  )    0(Fe1  ) (  1,   1,  -1)  1.0003  0.0028 -0.0743  0.0028  0.9889  0.0827 -0.0743  0.0827 -2.5237 ( 7.869,  0.030, -0.030)  7.869 
J_iso:   1.046 
DMI: (-0.0919 -0.0155  0.0092)
   1(Fe2  )    1(Fe2  ) (  1,   1,  -1)  0.9989 -0.0027  0.0414 -0.0027  0.9913 -0.0774  0.0414 -0.0774 -2.5390 ( 7.869,  0.030, -0.030)  7.869 
J_iso:   1.029 
DMI: ( 0.0995  0.0525  0.0436)
   0(Fe1  )    1(Fe2  ) ( -2,   1,  -1) -0.0747  0.0002  0.0205  0.0002 -0.0782  0.0191  0.0205  0.0191 -1.0252 (-0.015, -7.854, -3.904)  8.771 
J_iso: -0.06784 
DMI: (-0.0057 -0.0187  0.0275)
   0(Fe1  )    1(Fe2  ) ( -1,   1,  -2) -0.0322  0.0005  0.0060  0.0005 -0.0276 -0.0018  0.0060 -0.0018 -0.2556 ( 3.904, -7.854,  0.015)  8.771 
J_iso: -0.02705 
DMI: (-0.0056 -0.0003  0.0002)
   0(Fe1  )    1(Fe2  ) (  1,  -2,  -1) -0.0261  0.0018 -0.0009  0.0018 -0.0327  0.0128 -0.0009  0.0128 -0.2548 (-0.015,  3.904,  7.854)  8.771 
J_iso: -0.0248 
DMI: ( 0.0007  0.0071 -0.0081)
   0(Fe1  )    1(Fe2  ) (  1,  -1,  -2) -0.0756 -0.0011  0.0119 -0.0011 -0.0730  0.0059  0.0119  0.0059 -1.0097 ( 3.904, -0.015,  7.854)  8.771 
J_iso: -0.05771 
DMI: ( 0.0364  0.0076  0.0346)
   1(Fe2  )    0(Fe1  ) ( -1,   1,   2) -0.0756 -0.0011  0.0119 -0.0011 -0.0730  0.0059  0.0119  0.0059 -1.0097 (-3.904,  0.015, -7.854)  8.771 
J_iso: -0.05771 
DMI: (-0.0364 -0.0076 -0.0346)
   1(Fe2  )    0(Fe1  ) ( -1,   2,   1) -0.0261  0.0018 -0.0009  0.0018 -0.0327  0.0128 -0.0009  0.0128 -0.2548 ( 0.015, -3.904, -7.854)  8.771 
J_iso: -0.0248 
DMI: (-0.0007 -0.0071  0.0081)
   1(Fe2  )    0(Fe1  ) (  1,  -1,   2) -0.0322  0.0005  0.0060  0.0005 -0.0276 -0.0018  0.0060 -0.0018 -0.2556 (-3.904,  7.854, -0.015)  8.771 
J_iso: -0.02705 
DMI: ( 0.0056  0.0003 -0.0002)
   1(Fe2  )    0(Fe1  ) (  2,  -1,   1) -0.0747  0.0002  0.0205  0.0002 -0.0782  0.0191  0.0205  0.0191 -1.0252 ( 0.015,  7.854,  3.904)  8.771 
J_iso: -0.06784 
DMI: ( 0.0057  0.0187 -0.0275)
   0(Fe1  )    1(Fe2  ) ( -2,  -1,   1) -0.0282  0.0012  0.0067  0.0012 -0.0268  0.0022  0.0067  0.0022 -0.2626 (-7.854, -0.015, -3.904)  8.771 
J_iso: -0.0229 
DMI: (-0.0004 -0.0007 -0.0065)
   0(Fe1  )    1(Fe2  ) ( -1,  -2,   1) -0.0777  0.0011  0.0036  0.0011 -0.0760  0.0177  0.0036  0.0177 -1.0141 (-7.854,  3.904,  0.015)  8.771 
J_iso: -0.06371 
DMI: ( 0.0271 -0.0406 -0.0203)
   1(Fe2  )    0(Fe1  ) (  1,   2,  -1) -0.0777  0.0011  0.0036  0.0011 -0.0760  0.0177  0.0036  0.0177 -1.0141 ( 7.854, -3.904, -0.015)  8.771 
J_iso: -0.06371 
DMI: (-0.0271  0.0406  0.0203)
   1(Fe2  )    0(Fe1  ) (  2,   1,  -1) -0.0282  0.0012  0.0067  0.0012 -0.0268  0.0022  0.0067  0.0022 -0.2626 ( 7.854,  0.015,  3.904)  8.771 
J_iso: -0.0229 
DMI: ( 0.0004  0.0007  0.0065)
   0(Fe1  )    1(Fe2  ) ( -2,   1,   0) -0.0730 -0.0011 -0.0059 -0.0011 -0.0756 -0.0119 -0.0059 -0.0119 -1.0097 ( 0.015, -3.904, -7.854)  8.771 
J_iso: -0.05771 
DMI: (-0.0076 -0.0364  0.0346)
   0(Fe1  )    1(Fe2  ) (  1,  -2,   0) -0.0268  0.0012 -0.0022  0.0012 -0.0282 -0.0067 -0.0022 -0.0067 -0.2626 ( 0.015,  7.854,  3.904)  8.771 
J_iso: -0.0229 
DMI: ( 0.0007  0.0004 -0.0065)
   1(Fe2  )    0(Fe1  ) ( -1,   2,   0) -0.0268  0.0012 -0.0022  0.0012 -0.0282 -0.0067 -0.0022 -0.0067 -0.2626 (-0.015, -7.854, -3.904)  8.771 
J_iso: -0.0229 
DMI: (-0.0007 -0.0004  0.0065)
   1(Fe2  )    0(Fe1  ) (  2,  -1,   0) -0.0730 -0.0011 -0.0059 -0.0011 -0.0756 -0.0119 -0.0059 -0.0119 -1.0097 (-0.015,  3.904,  7.854)  8.771 
J_iso: -0.05771 
DMI: ( 0.0076  0.0364 -0.0346)
   0(Fe1  )    1(Fe2  ) ( -2,   0,   1) -0.0327  0.0018 -0.0128  0.0018 -0.0261  0.0009 -0.0128  0.0009 -0.2548 (-3.904,  0.015, -7.854)  8.771 
J_iso: -0.0248 
DMI: (-0.0071 -0.0007 -0.0081)
   0(Fe1  )    1(Fe2  ) (  0,   1,  -2) -0.0276  0.0005  0.0018  0.0005 -0.0322 -0.0060  0.0018 -0.0060 -0.2556 ( 7.854, -3.904, -0.015)  8.771 
J_iso: -0.02705 
DMI: ( 0.0003  0.0056  0.0002)
   0(Fe1  )    1(Fe2  ) (  1,   0,  -2) -0.0782  0.0002 -0.0191  0.0002 -0.0747 -0.0205 -0.0191 -0.0205 -1.0252 ( 7.854,  0.015,  3.904)  8.771 
J_iso: -0.06784 
DMI: ( 0.0187  0.0057  0.0275)
   1(Fe2  )    0(Fe1  ) ( -1,   0,   2) -0.0782  0.0002 -0.0191  0.0002 -0.0747 -0.0205 -0.0191 -0.0205 -1.0252 (-7.854, -0.015, -3.904)  8.771 
J_iso: -0.06784 
DMI: (-0.0187 -0.0057 -0.0275)
   1(Fe2  )    0(Fe1  ) (  0,  -1,   2) -0.0276  0.0005  0.0018  0.0005 -0.0322 -0.0060  0.0018 -0.0060 -0.2556 (-7.854,  3.904,  0.015)  8.771 
J_iso: -0.02705 
DMI: (-0.0003 -0.0056 -0.0002)
   1(Fe2  )    0(Fe1  ) (  0,   2,  -1) -0.0760  0.0011 -0.0177  0.0011 -0.0777 -0.0036 -0.0177 -0.0036 -1.0141 ( 3.904, -7.854,  0.015)  8.771 
J_iso: -0.06371 
DMI: (-0.0406  0.0271  0.0203)
   1(Fe2  )    0(Fe1  ) (  2,   0,  -1) -0.0327  0.0018 -0.0128  0.0018 -0.0261  0.0009 -0.0128  0.0009 -0.2548 ( 3.904, -0.015,  7.854)  8.771 
J_iso: -0.0248 
DMI: ( 0.0071  0.0007  0.0081)
   0(Fe1  )    1(Fe2  ) (  0,  -2,   1) -0.0760  0.0011 -0.0177  0.0011 -0.0777 -0.0036 -0.0177 -0.0036 -1.0141 (-3.904,  7.854, -0.015)  8.771 
J_iso: -0.06371 
DMI: ( 0.0406 -0.0271 -0.0203)
   0(Fe1  )    1(Fe2  ) ( -2,   0,  -1) -0.1360 -0.0002  0.0015 -0.0002 -0.1349  0.0048  0.0015  0.0048 -0.3889 (-3.965, -7.884,  0.045)  8.825 
J_iso:  -0.131 
DMI: ( 0.0119 -0.0041  0.0055)
   0(Fe1  )    1(Fe2  ) (  0,  -2,  -1) -0.0798  0.0007 -0.0165  0.0007 -0.0764  0.0082 -0.0165  0.0082 -0.3627 (-3.965, -0.045,  7.884)  8.825 
J_iso: -0.07089 
DMI: ( 0.0019  0.0237 -0.0075)
   1(Fe2  )    0(Fe1  ) (  0,   2,   1) -0.0798  0.0007 -0.0165  0.0007 -0.0764  0.0082 -0.0165  0.0082 -0.3627 ( 3.965,  0.045, -7.884)  8.825 
J_iso: -0.07089 
DMI: (-0.0019 -0.0237  0.0075)
   1(Fe2  )    0(Fe1  ) (  2,   0,   1) -0.1360 -0.0002  0.0015 -0.0002 -0.1349  0.0048  0.0015  0.0048 -0.3889 ( 3.965,  7.884, -0.045)  8.825 
J_iso:  -0.131 
DMI: (-0.0119  0.0041 -0.0055)
   0(Fe1  )    1(Fe2  ) ( -2,  -1,   0) -0.0795 -0.0004  0.0098 -0.0004 -0.0802  0.0065  0.0098  0.0065 -0.3646 (-7.884, -3.965,  0.045)  8.825 
J_iso: -0.07672 
DMI: ( 0.0029 -0.0078  0.0037)
   0(Fe1  )    1(Fe2  ) ( -1,  -2,   0) -0.1329  0.0010  0.0238  0.0010 -0.1307 -0.0017  0.0238 -0.0017 -0.3887 (-7.884, -0.045,  3.965)  8.825 
J_iso: -0.1244 
DMI: ( 0.0025 -0.0250  0.0036)
   0(Fe1  )    1(Fe2  ) ( -1,   0,  -2) -0.0770 -0.0009  0.0060 -0.0009 -0.0798 -0.0153  0.0060 -0.0153 -0.3625 (-0.045, -7.884,  3.965)  8.825 
J_iso: -0.07115 
DMI: (-0.0244 -0.0015  0.0034)
   0(Fe1  )    1(Fe2  ) (  0,  -1,  -2) -0.1304 -0.0002  0.0016 -0.0002 -0.1337  0.0218  0.0016  0.0218 -0.3846 (-0.045, -3.965,  7.884)  8.825 
J_iso: -0.1231 
DMI: ( 0.0238 -0.0066  0.0011)
   1(Fe2  )    0(Fe1  ) (  0,   1,   2) -0.1304 -0.0002  0.0016 -0.0002 -0.1337  0.0218  0.0016  0.0218 -0.3846 ( 0.045,  3.965, -7.884)  8.825 
J_iso: -0.1231 
DMI: (-0.0238  0.0066 -0.0011)
   1(Fe2  )    0(Fe1  ) (  1,   0,   2) -0.0770 -0.0009  0.0060 -0.0009 -0.0798 -0.0153  0.0060 -0.0153 -0.3625 ( 0.045,  7.884, -3.965)  8.825 
J_iso: -0.07115 
DMI: ( 0.0244  0.0015 -0.0034)
   1(Fe2  )    0(Fe1  ) (  1,   2,   0) -0.1329  0.0010  0.0238  0.0010 -0.1307 -0.0017  0.0238 -0.0017 -0.3887 ( 7.884,  0.045, -3.965)  8.825 
J_iso: -0.1244 
DMI: (-0.0025  0.0250 -0.0036)
   1(Fe2  )    0(Fe1  ) (  2,   1,   0) -0.0795 -0.0004  0.0098 -0.0004 -0.0802  0.0065  0.0098  0.0065 -0.3646 ( 7.884,  3.965, -0.045)  8.825 
J_iso: -0.07672 
DMI: (-0.0029  0.0078 -0.0037)
   0(Fe1  )    1(Fe2  ) ( -1,   1,   0) -0.1337 -0.0002 -0.0218 -0.0002 -0.1304 -0.0016 -0.0218 -0.0016 -0.3846 ( 3.965,  0.045, -7.884)  8.825 
J_iso: -0.1231 
DMI: ( 0.0066 -0.0238  0.0011)
   0(Fe1  )    1(Fe2  ) (  1,  -1,   0) -0.0802 -0.0004 -0.0065 -0.0004 -0.0795 -0.0098 -0.0065 -0.0098 -0.3646 ( 3.965,  7.884, -0.045)  8.825 
J_iso: -0.07672 
DMI: ( 0.0078 -0.0029  0.0037)
   0(Fe1  )    1(Fe2  ) (  1,   0,  -1) -0.1349 -0.0002 -0.0048 -0.0002 -0.1360 -0.0015 -0.0048 -0.0015 -0.3889 ( 7.884,  3.965, -0.045)  8.825 
J_iso:  -0.131 
DMI: ( 0.0041 -0.0119  0.0055)
   1(Fe2  )    0(Fe1  ) ( -1,   0,   1) -0.1349 -0.0002 -0.0048 -0.0002 -0.1360 -0.0015 -0.0048 -0.0015 -0.3889 (-7.884, -3.965,  0.045)  8.825 
J_iso:  -0.131 
DMI: (-0.0041  0.0119 -0.0055)
   1(Fe2  )    0(Fe1  ) ( -1,   1,   0) -0.0802 -0.0004 -0.0065 -0.0004 -0.0795 -0.0098 -0.0065 -0.0098 -0.3646 (-3.965, -7.884,  0.045)  8.825 
J_iso: -0.07672 
DMI: (-0.0078  0.0029 -0.0037)
   1(Fe2  )    0(Fe1  ) (  0,  -1,   1) -0.0798 -0.0009  0.0153 -0.0009 -0.0770 -0.0060  0.0153 -0.0060 -0.3625 (-7.884, -0.045,  3.965)  8.825 
J_iso: -0.07115 
DMI: (-0.0015 -0.0244 -0.0034)
   1(Fe2  )    0(Fe1  ) (  1,  -1,   0) -0.1337 -0.0002 -0.0218 -0.0002 -0.1304 -0.0016 -0.0218 -0.0016 -0.3846 (-3.965, -0.045,  7.884)  8.825 
J_iso: -0.1231 
DMI: (-0.0066  0.0238 -0.0011)
   0(Fe1  )    1(Fe2  ) ( -1,   0,   1) -0.0764  0.0007 -0.0082  0.0007 -0.0798  0.0165 -0.0082  0.0165 -0.3627 ( 0.045,  3.965, -7.884)  8.825 
J_iso: -0.07089 
DMI: (-0.0237 -0.0019 -0.0075)
   0(Fe1  )    1(Fe2  ) (  0,  -1,   1) -0.1307  0.0010  0.0017  0.0010 -0.1329 -0.0238  0.0017 -0.0238 -0.3887 ( 0.045,  7.884, -3.965)  8.825 
J_iso: -0.1244 
DMI: ( 0.0250 -0.0025  0.0036)
   0(Fe1  )    1(Fe2  ) (  0,   1,  -1) -0.0798 -0.0009  0.0153 -0.0009 -0.0770 -0.0060  0.0153 -0.0060 -0.3625 ( 7.884,  0.045, -3.965)  8.825 
J_iso: -0.07115 
DMI: ( 0.0015  0.0244  0.0034)
   1(Fe2  )    0(Fe1  ) (  0,   1,  -1) -0.1307  0.0010  0.0017  0.0010 -0.1329 -0.0238  0.0017 -0.0238 -0.3887 (-0.045, -7.884,  3.965)  8.825 
J_iso: -0.1244 
DMI: (-0.0250  0.0025 -0.0036)
   1(Fe2  )    0(Fe1  ) (  1,   0,  -1) -0.0764  0.0007 -0.0082  0.0007 -0.0798  0.0165 -0.0082  0.0165 -0.3627 (-0.045, -3.965,  7.884)  8.825 
J_iso: -0.07089 
DMI: ( 0.0237  0.0019  0.0075)
   0(Fe1  )    0(Fe1  ) ( -2,   1,   1) -0.0460  0.0013  0.0011  0.0013 -0.0456 -0.0071  0.0011 -0.0071 -0.1154 (-3.919, -3.919, -7.839)  9.600 
J_iso: -0.04017 
DMI: (-0.0119  0.0070 -0.0050)
   0(Fe1  )    0(Fe1  ) ( -1,   2,  -1) -0.0447  0.0011 -0.0020  0.0011 -0.0472  0.0033 -0.0020  0.0033 -0.1167 ( 3.919, -7.839, -3.919)  9.600 
J_iso: -0.0421 
DMI: ( 0.0051 -0.0065  0.0103)
   0(Fe1  )    0(Fe1  ) (  1,  -2,   1) -0.0447  0.0011 -0.0020  0.0011 -0.0472  0.0033 -0.0020  0.0033 -0.1167 (-3.919,  7.839,  3.919)  9.600 
J_iso: -0.0421 
DMI: (-0.0051  0.0065 -0.0103)
   0(Fe1  )    0(Fe1  ) (  2,  -1,  -1) -0.0460  0.0013  0.0011  0.0013 -0.0456 -0.0071  0.0011 -0.0071 -0.1154 ( 3.919,  3.919,  7.839)  9.600 
J_iso: -0.04017 
DMI: ( 0.0119 -0.0070  0.0050)
   1(Fe2  )    1(Fe2  ) ( -2,   1,   1) -0.0456  0.0013  0.0071  0.0013 -0.0460 -0.0011  0.0071 -0.0011 -0.1154 (-3.919, -3.919, -7.839)  9.600 
J_iso: -0.04017 
DMI: ( 0.0070 -0.0119  0.0050)
   1(Fe2  )    1(Fe2  ) ( -1,   2,  -1) -0.0450  0.0008  0.0018  0.0008 -0.0473  0.0091  0.0018  0.0091 -0.1136 ( 3.919, -7.839, -3.919)  9.600 
J_iso: -0.03953 
DMI: (-0.0136  0.0073 -0.0078)
   1(Fe2  )    1(Fe2  ) (  1,  -2,   1) -0.0450  0.0008  0.0018  0.0008 -0.0473  0.0091  0.0018  0.0091 -0.1136 (-3.919,  7.839,  3.919)  9.600 
J_iso: -0.03953 
DMI: ( 0.0136 -0.0073  0.0078)
   1(Fe2  )    1(Fe2  ) (  2,  -1,  -1) -0.0456  0.0013  0.0071  0.0013 -0.0460 -0.0011  0.0071 -0.0011 -0.1154 ( 3.919,  3.919,  7.839)  9.600 
J_iso: -0.04017 
DMI: (-0.0070  0.0119 -0.0050)
   0(Fe1  )    0(Fe1  ) ( -1,  -1,   2) -0.0473  0.0008 -0.0091  0.0008 -0.0450 -0.0018 -0.0091 -0.0018 -0.1136 (-7.839,  3.919, -3.919)  9.600 
J_iso: -0.03953 
DMI: ( 0.0073 -0.0136  0.0078)
   0(Fe1  )    0(Fe1  ) (  1,   1,  -2) -0.0473  0.0008 -0.0091  0.0008 -0.0450 -0.0018 -0.0091 -0.0018 -0.1136 ( 7.839, -3.919,  3.919)  9.600 
J_iso: -0.03953 
DMI: (-0.0073  0.0136 -0.0078)
   1(Fe2  )    1(Fe2  ) (  1,   1,  -2) -0.0472  0.0011 -0.0033  0.0011 -0.0447  0.0020 -0.0033  0.0020 -0.1167 ( 7.839, -3.919,  3.919)  9.600 
J_iso: -0.0421 
DMI: ( 0.0065 -0.0051  0.0103)
   1(Fe2  )    1(Fe2  ) ( -1,  -1,   2) -0.0472  0.0011 -0.0033  0.0011 -0.0447  0.0020 -0.0033  0.0020 -0.1167 (-7.839,  3.919, -3.919)  9.600 
J_iso: -0.0421 
DMI: (-0.0065  0.0051 -0.0103)
   0(Fe1  )    0(Fe1  ) ( -2,   1,   0) -0.0305 -0.0005  0.0025 -0.0005 -0.0312  0.0058  0.0025  0.0058 -0.2641 (-3.950, -7.869, -3.889)  9.625 
J_iso: -0.02791 
DMI: (-0.0039 -0.0053  0.0099)
   1(Fe2  )    1(Fe2  ) ( -2,   1,   0) -0.0094 -0.0001 -0.0039 -0.0001 -0.0095  0.0114 -0.0039  0.0114 -0.0679 (-3.950, -7.869, -3.889)  9.625 
J_iso: -0.004541 
DMI: (-0.0019 -0.0022  0.0015)
   1(Fe2  )    1(Fe2  ) (  2,  -1,   0) -0.0094 -0.0001 -0.0039 -0.0001 -0.0095  0.0114 -0.0039  0.0114 -0.0679 ( 3.950,  7.869,  3.889)  9.625 
J_iso: -0.004541 
DMI: ( 0.0019  0.0022 -0.0015)
   0(Fe1  )    0(Fe1  ) ( -2,   0,   1) -0.0095 -0.0001 -0.0114 -0.0001 -0.0094  0.0039 -0.0114  0.0039 -0.0679 (-7.869, -3.950, -3.889)  9.625 
J_iso: -0.004541 
DMI: (-0.0022 -0.0019 -0.0015)
   0(Fe1  )    0(Fe1  ) ( -1,   2,   0) -0.0096 -0.0003  0.0071 -0.0003 -0.0089 -0.0108  0.0071 -0.0108 -0.0662 ( 3.950, -3.889, -7.869)  9.625 
J_iso: -0.004303 
DMI: (-0.0023 -0.0012  0.0022)
   0(Fe1  )    0(Fe1  ) (  0,  -2,   1) -0.0305  0.0001  0.0035  0.0001 -0.0306  0.0029  0.0035  0.0029 -0.2599 (-7.869,  3.889,  3.950)  9.625 
J_iso: -0.02556 
DMI: ( 0.0047 -0.0140 -0.0030)
   0(Fe1  )    0(Fe1  ) (  1,  -2,   0) -0.0096 -0.0003  0.0071 -0.0003 -0.0089 -0.0108  0.0071 -0.0108 -0.0662 (-3.950,  3.889,  7.869)  9.625 
J_iso: -0.004303 
DMI: ( 0.0023  0.0012 -0.0022)
   0(Fe1  )    0(Fe1  ) (  2,  -1,   0) -0.0305 -0.0005  0.0025 -0.0005 -0.0312  0.0058  0.0025  0.0058 -0.2641 ( 3.950,  7.869,  3.889)  9.625 
J_iso: -0.02791 
DMI: ( 0.0039  0.0053 -0.0099)
   0(Fe1  )    0(Fe1  ) (  2,   0,  -1) -0.0095 -0.0001 -0.0114 -0.0001 -0.0094  0.0039 -0.0114  0.0039 -0.0679 ( 7.869,  3.950,  3.889)  9.625 
J_iso: -0.004541 
DMI: ( 0.0022  0.0019  0.0015)
   1(Fe2  )    1(Fe2  ) ( -1,   2,   0) -0.0298 -0.0005 -0.0028 -0.0005 -0.0307 -0.0058 -0.0028 -0.0058 -0.2598 ( 3.950, -3.889, -7.869)  9.625 
J_iso: -0.02542 
DMI: (-0.0034 -0.0127  0.0053)
   1(Fe2  )    1(Fe2  ) (  1,  -2,   0) -0.0298 -0.0005 -0.0028 -0.0005 -0.0307 -0.0058 -0.0028 -0.0058 -0.2598 (-3.950,  3.889,  7.869)  9.625 
J_iso: -0.02542 
DMI: ( 0.0034  0.0127 -0.0053)
   1(Fe2  )    1(Fe2  ) (  2,   0,  -1) -0.0312 -0.0005 -0.0058 -0.0005 -0.0305 -0.0025 -0.0058 -0.0025 -0.2641 ( 7.869,  3.950,  3.889)  9.625 
J_iso: -0.02791 
DMI: ( 0.0053  0.0039  0.0099)
   0(Fe1  )    0(Fe1  ) ( -1,   0,   2) -0.0307 -0.0005  0.0058 -0.0005 -0.0298  0.0028  0.0058  0.0028 -0.2598 (-3.889,  3.950, -7.869)  9.625 
J_iso: -0.02542 
DMI: (-0.0127 -0.0034 -0.0053)
   0(Fe1  )    0(Fe1  ) (  0,  -1,   2) -0.0093 -0.0003  0.0050 -0.0003 -0.0100  0.0067  0.0050  0.0067 -0.0679 (-3.889,  7.869, -3.950)  9.625 
J_iso: -0.005723 
DMI: ( 0.0005 -0.0032 -0.0000)
   0(Fe1  )    0(Fe1  ) (  0,   1,  -2) -0.0093 -0.0003  0.0050 -0.0003 -0.0100  0.0067  0.0050  0.0067 -0.0679 ( 3.889, -7.869,  3.950)  9.625 
J_iso: -0.005723 
DMI: (-0.0005  0.0032  0.0000)
   0(Fe1  )    0(Fe1  ) (  0,   2,  -1) -0.0305  0.0001  0.0035  0.0001 -0.0306  0.0029  0.0035  0.0029 -0.2599 ( 7.869, -3.889, -3.950)  9.625 
J_iso: -0.02556 
DMI: (-0.0047  0.0140  0.0030)
   0(Fe1  )    0(Fe1  ) (  1,   0,  -2) -0.0307 -0.0005  0.0058 -0.0005 -0.0298  0.0028  0.0058  0.0028 -0.2598 ( 3.889, -3.950,  7.869)  9.625 
J_iso: -0.02542 
DMI: ( 0.0127  0.0034  0.0053)
   1(Fe2  )    1(Fe2  ) ( -2,   0,   1) -0.0312 -0.0005 -0.0058 -0.0005 -0.0305 -0.0025 -0.0058 -0.0025 -0.2641 (-7.869, -3.950, -3.889)  9.625 
J_iso: -0.02791 
DMI: (-0.0053 -0.0039 -0.0099)
   1(Fe2  )    1(Fe2  ) ( -1,   0,   2) -0.0089 -0.0003  0.0108 -0.0003 -0.0096 -0.0071  0.0108 -0.0071 -0.0662 (-3.889,  3.950, -7.869)  9.625 
J_iso: -0.004303 
DMI: (-0.0012 -0.0023 -0.0022)
   1(Fe2  )    1(Fe2  ) (  0,  -2,   1) -0.0100 -0.0003 -0.0067 -0.0003 -0.0093 -0.0050 -0.0067 -0.0050 -0.0679 (-7.869,  3.889,  3.950)  9.625 
J_iso: -0.005723 
DMI: ( 0.0032 -0.0005 -0.0000)
   1(Fe2  )    1(Fe2  ) (  0,  -1,   2) -0.0306  0.0001 -0.0029  0.0001 -0.0305 -0.0035 -0.0029 -0.0035 -0.2599 (-3.889,  7.869, -3.950)  9.625 
J_iso: -0.02556 
DMI: ( 0.0140 -0.0047 -0.0030)
   1(Fe2  )    1(Fe2  ) (  0,   1,  -2) -0.0306  0.0001 -0.0029  0.0001 -0.0305 -0.0035 -0.0029 -0.0035 -0.2599 ( 3.889, -7.869,  3.950)  9.625 
J_iso: -0.02556 
DMI: (-0.0140  0.0047  0.0030)
   1(Fe2  )    1(Fe2  ) (  0,   2,  -1) -0.0100 -0.0003 -0.0067 -0.0003 -0.0093 -0.0050 -0.0067 -0.0050 -0.0679 ( 7.869, -3.889, -3.950)  9.625 
J_iso: -0.005723 
DMI: (-0.0032  0.0005  0.0000)
   1(Fe2  )    1(Fe2  ) (  1,   0,  -2) -0.0089 -0.0003  0.0108 -0.0003 -0.0096 -0.0071  0.0108 -0.0071 -0.0662 ( 3.889, -3.950,  7.869)  9.625 
J_iso: -0.004303 
DMI: ( 0.0012  0.0023  0.0022)
   0(Fe1  )    0(Fe1  ) ( -1,   0,  -1) -0.0053 -0.0002  0.0004 -0.0002 -0.0047 -0.0006  0.0004 -0.0006 -0.0852 (-3.980, -7.899,  3.980)  9.699 
J_iso: -0.002525 
DMI: (-0.0030  0.0021  0.0010)
   0(Fe1  )    0(Fe1  ) (  0,  -1,  -1) -0.0056 -0.0003  0.0001 -0.0003 -0.0056 -0.0031  0.0001 -0.0031 -0.0842 (-3.980, -3.980,  7.899)  9.699 
J_iso: -0.002218 
DMI: (-0.0026  0.0032 -0.0004)
   0(Fe1  )    0(Fe1  ) (  0,   1,   1) -0.0056 -0.0003  0.0001 -0.0003 -0.0056 -0.0031  0.0001 -0.0031 -0.0842 ( 3.980,  3.980, -7.899)  9.699 
J_iso: -0.002218 
DMI: ( 0.0026 -0.0032  0.0004)
   0(Fe1  )    0(Fe1  ) (  1,   0,   1) -0.0053 -0.0002  0.0004 -0.0002 -0.0047 -0.0006  0.0004 -0.0006 -0.0852 ( 3.980,  7.899, -3.980)  9.699 
J_iso: -0.002525 
DMI: ( 0.0030 -0.0021 -0.0010)
   1(Fe2  )    1(Fe2  ) ( -1,   0,  -1) -0.0056 -0.0000 -0.0001 -0.0000 -0.0051  0.0036 -0.0001  0.0036 -0.0846 (-3.980, -7.899,  3.980)  9.699 
J_iso: -0.002049 
DMI: ( 0.0026 -0.0027  0.0014)
   1(Fe2  )    1(Fe2  ) (  0,  -1,  -1) -0.0056 -0.0003  0.0031 -0.0003 -0.0056 -0.0001  0.0031 -0.0001 -0.0842 (-3.980, -3.980,  7.899)  9.699 
J_iso: -0.002218 
DMI: ( 0.0032 -0.0026  0.0004)
   1(Fe2  )    1(Fe2  ) (  0,   1,   1) -0.0056 -0.0003  0.0031 -0.0003 -0.0056 -0.0001  0.0031 -0.0001 -0.0842 ( 3.980,  3.980, -7.899)  9.699 
J_iso: -0.002218 
DMI: (-0.0032  0.0026 -0.0004)
   1(Fe2  )    1(Fe2  ) (  1,   0,   1) -0.0056 -0.0000 -0.0001 -0.0000 -0.0051  0.0036 -0.0001  0.0036 -0.0846 ( 3.980,  7.899, -3.980)  9.699 
J_iso: -0.002049 
DMI: (-0.0026  0.0027 -0.0014)
   0(Fe1  )    0(Fe1  ) ( -1,  -1,   0) -0.0051 -0.0000 -0.0036 -0.0000 -0.0056  0.0001 -0.0036  0.0001 -0.0846 (-7.899, -3.980,  3.980)  9.699 
J_iso: -0.00205 
DMI: (-0.0027  0.0026 -0.0014)
   0(Fe1  )    0(Fe1  ) (  1,   1,   0) -0.0051 -0.0000 -0.0036 -0.0000 -0.0056  0.0001 -0.0036  0.0001 -0.0846 ( 7.899,  3.980, -3.980)  9.699 
J_iso: -0.00205 
DMI: ( 0.0027 -0.0026  0.0014)
   1(Fe2  )    1(Fe2  ) ( -1,  -1,   0) -0.0047 -0.0002  0.0006 -0.0002 -0.0053 -0.0004  0.0006 -0.0004 -0.0852 (-7.899, -3.980,  3.980)  9.699 
J_iso: -0.002525 
DMI: ( 0.0021 -0.0030 -0.0010)
   1(Fe2  )    1(Fe2  ) (  1,   1,   0) -0.0047 -0.0002  0.0006 -0.0002 -0.0053 -0.0004  0.0006 -0.0004 -0.0852 ( 7.899,  3.980, -3.980)  9.699 
J_iso: -0.002525 
DMI: (-0.0021  0.0030  0.0010)
   1(Fe2  )    1(Fe2  ) ( -2,   2,   0) -0.0066  0.0007  0.0009  0.0007 -0.0066  0.0009  0.0009  0.0009 -0.0291 ( 0.000, -7.839, -7.839) 11.085 
J_iso: -0.003839 
DMI: ( 0.0025 -0.0016 -0.0009)
   1(Fe2  )    1(Fe2  ) (  2,  -2,   0) -0.0066  0.0007  0.0009  0.0007 -0.0066  0.0009  0.0009  0.0009 -0.0291 (-0.000,  7.839,  7.839) 11.085 
J_iso: -0.003839 
DMI: (-0.0025  0.0016  0.0009)
   0(Fe1  )    0(Fe1  ) ( -2,   2,   0) -0.0059  0.0001  0.0017  0.0001 -0.0060 -0.0004  0.0017 -0.0004 -0.0302 ( 0.000, -7.839, -7.839) 11.085 
J_iso: -0.004009 
DMI: ( 0.0021 -0.0030  0.0038)
   0(Fe1  )    0(Fe1  ) (  2,  -2,   0) -0.0059  0.0001  0.0017  0.0001 -0.0060 -0.0004  0.0017 -0.0004 -0.0302 (-0.000,  7.839,  7.839) 11.085 
J_iso: -0.004009 
DMI: (-0.0021  0.0030 -0.0038)
   0(Fe1  )    0(Fe1  ) ( -2,   0,   2) -0.0066  0.0007 -0.0009  0.0007 -0.0066 -0.0009 -0.0009 -0.0009 -0.0291 (-7.839,  0.000, -7.839) 11.085 
J_iso: -0.003839 
DMI: (-0.0016  0.0025  0.0009)
   0(Fe1  )    0(Fe1  ) (  0,  -2,   2) -0.0065 -0.0000 -0.0013 -0.0000 -0.0063  0.0033 -0.0013  0.0033 -0.0286 (-7.839,  7.839, -0.000) 11.085 
J_iso: -0.003513 
DMI: ( 0.0030 -0.0019  0.0018)
   0(Fe1  )    0(Fe1  ) (  0,   2,  -2) -0.0065 -0.0000 -0.0013 -0.0000 -0.0063  0.0033 -0.0013  0.0033 -0.0286 ( 7.839, -7.839,  0.000) 11.085 
J_iso: -0.003513 
DMI: (-0.0030  0.0019 -0.0018)
   0(Fe1  )    0(Fe1  ) (  2,   0,  -2) -0.0066  0.0007 -0.0009  0.0007 -0.0066 -0.0009 -0.0009 -0.0009 -0.0291 ( 7.839, -0.000,  7.839) 11.085 
J_iso: -0.003839 
DMI: ( 0.0016 -0.0025 -0.0009)
   1(Fe2  )    1(Fe2  ) ( -2,   0,   2) -0.0060  0.0001  0.0004  0.0001 -0.0059 -0.0017  0.0004 -0.0017 -0.0302 (-7.839,  0.000, -7.839) 11.085 
J_iso: -0.004009 
DMI: (-0.0030  0.0021 -0.0038)
   1(Fe2  )    1(Fe2  ) (  0,  -2,   2) -0.0063 -0.0000 -0.0033 -0.0000 -0.0065  0.0013 -0.0033  0.0013 -0.0286 (-7.839,  7.839, -0.000) 11.085 
J_iso: -0.003513 
DMI: ( 0.0019 -0.0030  0.0018)
   1(Fe2  )    1(Fe2  ) (  0,   2,  -2) -0.0063 -0.0000 -0.0033 -0.0000 -0.0065  0.0013 -0.0033  0.0013 -0.0286 ( 7.839, -7.839,  0.000) 11.085 
J_iso: -0.003513 
DMI: (-0.0019  0.0030 -0.0018)
   1(Fe2  )    1(Fe2  ) (  2,   0,  -2) -0.0060  0.0001  0.0004  0.0001 -0.0059 -0.0017  0.0004 -0.0017 -0.0302 ( 7.839, -0.000,  7.839) 11.085 
J_iso: -0.004009 
DMI: ( 0.0030 -0.0021  0.0038)
   0(Fe1  )    0(Fe1  ) ( -2,   0,   0)  0.0028 -0.0002  0.0000 -0.0002  0.0027 -0.0016  0.0000 -0.0016 -0.0284 (-7.899, -7.899,  0.060) 11.171 
J_iso: 0.004716 
DMI: (-0.0011 -0.0013 -0.0006)
   0(Fe1  )    0(Fe1  ) (  0,  -2,   0)  0.0025  0.0002  0.0011  0.0002  0.0026 -0.0008  0.0011 -0.0008 -0.0291 (-7.899, -0.060,  7.899) 11.171 
J_iso: 0.003769 
DMI: ( 0.0007 -0.0014 -0.0015)
   0(Fe1  )    0(Fe1  ) (  0,   0,  -2)  0.0025 -0.0002 -0.0023 -0.0002  0.0026  0.0005 -0.0023  0.0005 -0.0288 (-0.060, -7.899,  7.899) 11.171 
J_iso: 0.004561 
DMI: ( 0.0011  0.0018  0.0010)
   0(Fe1  )    0(Fe1  ) (  0,   2,   0)  0.0025  0.0002  0.0011  0.0002  0.0026 -0.0008  0.0011 -0.0008 -0.0291 ( 7.899,  0.060, -7.899) 11.171 
J_iso: 0.003769 
DMI: (-0.0007  0.0014  0.0015)
   0(Fe1  )    0(Fe1  ) (  2,   0,   0)  0.0028 -0.0002  0.0000 -0.0002  0.0027 -0.0016  0.0000 -0.0016 -0.0284 ( 7.899,  7.899, -0.060) 11.171 
J_iso: 0.004716 
DMI: ( 0.0011  0.0013  0.0006)
   1(Fe2  )    1(Fe2  ) ( -2,   0,   0)  0.0027 -0.0002  0.0016 -0.0002  0.0028 -0.0000  0.0016 -0.0000 -0.0284 (-7.899, -7.899,  0.060) 11.171 
J_iso: 0.004716 
DMI: (-0.0013 -0.0011  0.0006)
   1(Fe2  )    1(Fe2  ) (  0,  -2,   0)  0.0026 -0.0002 -0.0005 -0.0002  0.0025  0.0023 -0.0005  0.0023 -0.0288 (-7.899, -0.060,  7.899) 11.171 
J_iso: 0.004561 
DMI: ( 0.0018  0.0011 -0.0010)
   1(Fe2  )    1(Fe2  ) (  0,   0,  -2)  0.0026  0.0002  0.0008  0.0002  0.0025 -0.0011  0.0008 -0.0011 -0.0291 (-0.060, -7.899,  7.899) 11.171 
J_iso: 0.003769 
DMI: (-0.0014  0.0007  0.0015)
   1(Fe2  )    1(Fe2  ) (  0,   0,   2)  0.0026  0.0002  0.0008  0.0002  0.0025 -0.0011  0.0008 -0.0011 -0.0291 ( 0.060,  7.899, -7.899) 11.171 
J_iso: 0.003769 
DMI: ( 0.0014 -0.0007 -0.0015)
   1(Fe2  )    1(Fe2  ) (  0,   2,   0)  0.0026 -0.0002 -0.0005 -0.0002  0.0025  0.0023 -0.0005  0.0023 -0.0288 ( 7.899,  0.060, -7.899) 11.171 
J_iso: 0.004561 
DMI: (-0.0018 -0.0011  0.0010)
   1(Fe2  )    1(Fe2  ) (  2,   0,   0)  0.0027 -0.0002  0.0016 -0.0002  0.0028 -0.0000  0.0016 -0.0000 -0.0284 ( 7.899,  7.899, -0.060) 11.171 
J_iso: 0.004716 
DMI: ( 0.0013  0.0011 -0.0006)
   0(Fe1  )    0(Fe1  ) (  0,   0,   2)  0.0025 -0.0002 -0.0023 -0.0002  0.0026  0.0005 -0.0023  0.0005 -0.0288 ( 0.060,  7.899, -7.899) 11.171 
J_iso: 0.004561 
DMI: (-0.0011 -0.0018 -0.0010)
   1(Fe2  )    0(Fe1  ) ( -2,   2,   1) -0.0068  0.0001 -0.0007  0.0001 -0.0068  0.0010 -0.0007  0.0010 -0.0326 (-3.934, -7.854, -7.824) 11.763 
J_iso: -0.00623 
DMI: (-0.0004 -0.0006  0.0001)
   0(Fe1  )    1(Fe2  ) ( -2,   2,  -1) -0.0026 -0.0001 -0.0003 -0.0001 -0.0031 -0.0004 -0.0003 -0.0004 -0.0128 ( 3.934, -7.824, -7.854) 11.763 
J_iso: -0.002423 
DMI: (-0.0004 -0.0013 -0.0003)
   0(Fe1  )    1(Fe2  ) (  2,  -2,  -1) -0.0068  0.0001 -0.0007  0.0001 -0.0068  0.0010 -0.0007  0.0010 -0.0326 ( 3.934,  7.854,  7.824) 11.763 
J_iso: -0.00623 
DMI: ( 0.0004  0.0006 -0.0001)
   1(Fe2  )    0(Fe1  ) ( -2,   1,   2) -0.0032 -0.0000 -0.0004 -0.0000 -0.0027 -0.0004 -0.0004 -0.0004 -0.0134 (-7.854, -3.934, -7.824) 11.763 
J_iso: -0.002454 
DMI: (-0.0010 -0.0005 -0.0002)
   1(Fe2  )    0(Fe1  ) (  2,  -2,   1) -0.0026 -0.0001 -0.0003 -0.0001 -0.0031 -0.0004 -0.0003 -0.0004 -0.0128 (-3.934,  7.824,  7.854) 11.763 
J_iso: -0.002423 
DMI: ( 0.0004  0.0013  0.0003)
   0(Fe1  )    1(Fe2  ) ( -1,   2,  -2) -0.0068  0.0001  0.0002  0.0001 -0.0070 -0.0008  0.0002 -0.0008 -0.0322 ( 7.854, -7.824, -3.934) 11.763 
J_iso: -0.006266 
DMI: (-0.0009  0.0002 -0.0006)
   0(Fe1  )    1(Fe2  ) (  2,  -1,  -2) -0.0032 -0.0000 -0.0004 -0.0000 -0.0027 -0.0004 -0.0004 -0.0004 -0.0134 ( 7.854,  3.934,  7.824) 11.763 
J_iso: -0.002454 
DMI: ( 0.0010  0.0005  0.0002)
   1(Fe2  )    0(Fe1  ) (  1,  -2,   2) -0.0068  0.0001  0.0002  0.0001 -0.0070 -0.0008  0.0002 -0.0008 -0.0322 (-7.854,  7.824,  3.934) 11.763 
J_iso: -0.006266 
DMI: ( 0.0009 -0.0002  0.0006)
   0(Fe1  )    1(Fe2  ) ( -2,  -1,   2) -0.0071 -0.0000  0.0007 -0.0000 -0.0068  0.0002  0.0007  0.0002 -0.0324 (-7.824,  3.934, -7.854) 11.763 
J_iso: -0.006208 
DMI: (-0.0004 -0.0001 -0.0006)
   0(Fe1  )    1(Fe2  ) ( -1,  -2,   2) -0.0029  0.0001 -0.0005  0.0001 -0.0029 -0.0004 -0.0005 -0.0004 -0.0132 (-7.824,  7.854, -3.934) 11.763 
J_iso: -0.002679 
DMI: ( 0.0012 -0.0016  0.0001)
   1(Fe2  )    0(Fe1  ) (  1,   2,  -2) -0.0029  0.0001 -0.0005  0.0001 -0.0029 -0.0004 -0.0005 -0.0004 -0.0132 ( 7.824, -7.854,  3.934) 11.763 
J_iso: -0.002679 
DMI: (-0.0012  0.0016 -0.0001)
   1(Fe2  )    0(Fe1  ) (  2,   1,  -2) -0.0071 -0.0000  0.0007 -0.0000 -0.0068  0.0002  0.0007  0.0002 -0.0324 ( 7.824, -3.934,  7.854) 11.763 
J_iso: -0.006208 
DMI: ( 0.0004  0.0001  0.0006)
   0(Fe1  )    1(Fe2  ) (  1,  -2,  -2) -0.0130 -0.0001 -0.0036 -0.0001 -0.0141  0.0065 -0.0036  0.0065 -0.0922 (-0.045, -0.045, 11.803) 11.803 
J_iso: -0.009321 
DMI: ( 0.0024  0.0106  0.0008)
   0(Fe1  )    1(Fe2  ) ( -2,   1,  -2) -0.0136  0.0002  0.0083  0.0002 -0.0141 -0.0035  0.0083 -0.0035 -0.0955 (-0.045, -11.803,  0.045) 11.803 
J_iso: -0.01118 
DMI: (-0.0091 -0.0050 -0.0035)
   1(Fe2  )    0(Fe1  ) ( -1,   2,   2) -0.0130 -0.0001 -0.0036 -0.0001 -0.0141  0.0065 -0.0036  0.0065 -0.0922 ( 0.045,  0.045, -11.803) 11.803 
J_iso: -0.009321 
DMI: (-0.0024 -0.0106 -0.0008)
   1(Fe2  )    0(Fe1  ) (  2,  -1,   2) -0.0136  0.0002  0.0083  0.0002 -0.0141 -0.0035  0.0083 -0.0035 -0.0955 ( 0.045, 11.803, -0.045) 11.803 
J_iso: -0.01118 
DMI: ( 0.0091  0.0050  0.0035)
   0(Fe1  )    1(Fe2  ) ( -2,  -2,   1) -0.0144  0.0001  0.0061  0.0001 -0.0126  0.0087  0.0061  0.0087 -0.0936 (-11.803, -0.045,  0.045) 11.803 
J_iso: -0.009901 
DMI: ( 0.0066 -0.0031  0.0038)
   1(Fe2  )    0(Fe1  ) (  2,   2,  -1) -0.0144  0.0001  0.0061  0.0001 -0.0126  0.0087  0.0061  0.0087 -0.0936 (11.803,  0.045, -0.045) 11.803 
J_iso: -0.009901 
DMI: (-0.0066  0.0031 -0.0038)
   1(Fe2  )    0(Fe1  ) ( -2,   1,   1) -0.0010 -0.0001  0.0005 -0.0001 -0.0010 -0.0006  0.0005 -0.0006 -0.0099 (-7.884, -7.884, -3.874) 11.803 
J_iso: -0.0006275 
DMI: (-0.0005 -0.0006 -0.0006)
   0(Fe1  )    1(Fe2  ) ( -2,   1,   1) -0.0141 -0.0001 -0.0065 -0.0001 -0.0130  0.0036 -0.0065  0.0036 -0.0922 ( 0.045,  0.045, -11.803) 11.803 
J_iso: -0.009321 
DMI: (-0.0106 -0.0024  0.0008)
   0(Fe1  )    1(Fe2  ) ( -1,   2,  -1) -0.0010 -0.0000  0.0005 -0.0000 -0.0011  0.0005  0.0005  0.0005 -0.0095 ( 7.884, -3.874, -7.884) 11.803 
J_iso: -0.000647 
DMI: (-0.0003  0.0011  0.0002)
   0(Fe1  )    1(Fe2  ) (  1,  -2,   1) -0.0126  0.0001 -0.0087  0.0001 -0.0144 -0.0061 -0.0087 -0.0061 -0.0936 ( 0.045, 11.803, -0.045) 11.803 
J_iso: -0.009901 
DMI: ( 0.0031 -0.0066  0.0038)
   0(Fe1  )    1(Fe2  ) (  2,  -1,  -1) -0.0010 -0.0001  0.0005 -0.0001 -0.0010 -0.0006  0.0005 -0.0006 -0.0099 ( 7.884,  7.884,  3.874) 11.803 
J_iso: -0.0006275 
DMI: ( 0.0005  0.0006  0.0006)
   1(Fe2  )    0(Fe1  ) ( -1,   2,  -1) -0.0126  0.0001 -0.0087  0.0001 -0.0144 -0.0061 -0.0087 -0.0061 -0.0936 (-0.045, -11.803,  0.045) 11.803 
J_iso: -0.009901 
DMI: (-0.0031  0.0066 -0.0038)
   1(Fe2  )    0(Fe1  ) (  1,  -2,   1) -0.0010 -0.0000  0.0005 -0.0000 -0.0011  0.0005  0.0005  0.0005 -0.0095 (-7.884,  3.874,  7.884) 11.803 
J_iso: -0.000647 
DMI: ( 0.0003 -0.0011 -0.0002)
   1(Fe2  )    0(Fe1  ) (  2,  -1,  -1) -0.0141 -0.0001 -0.0065 -0.0001 -0.0130  0.0036 -0.0065  0.0036 -0.0922 (-0.045, -0.045, 11.803) 11.803 
J_iso: -0.009321 
DMI: ( 0.0106  0.0024 -0.0008)
   0(Fe1  )    1(Fe2  ) (  1,   1,  -2) -0.0141  0.0002  0.0035  0.0002 -0.0136 -0.0083  0.0035 -0.0083 -0.0955 (11.803,  0.045, -0.045) 11.803 
J_iso: -0.01118 
DMI: ( 0.0050  0.0091 -0.0035)
   1(Fe2  )    0(Fe1  ) ( -1,  -1,   2) -0.0141  0.0002  0.0035  0.0002 -0.0136 -0.0083  0.0035 -0.0083 -0.0955 (-11.803, -0.045,  0.045) 11.803 
J_iso: -0.01118 
DMI: (-0.0050 -0.0091  0.0035)
   1(Fe2  )    0(Fe1  ) (  1,   1,  -2) -0.0012 -0.0000 -0.0005 -0.0000 -0.0012  0.0005 -0.0005  0.0005 -0.0095 ( 3.874, -7.884,  7.884) 11.803 
J_iso: -0.0007963 
DMI: ( 0.0010  0.0007  0.0003)
   0(Fe1  )    1(Fe2  ) ( -1,  -1,   2) -0.0012 -0.0000 -0.0005 -0.0000 -0.0012  0.0005 -0.0005  0.0005 -0.0095 (-3.874,  7.884, -7.884) 11.803 
J_iso: -0.0007963 
DMI: (-0.0010 -0.0007 -0.0003)
   0(Fe1  )    1(Fe2  ) ( -1,  -1,  -2)  0.0003  0.0000 -0.0002  0.0000  0.0003 -0.0004 -0.0002 -0.0004 -0.0054 (-3.995, -7.914,  7.914) 11.884 
J_iso: 0.0008118 
DMI: (-0.0002  0.0001 -0.0000)
   1(Fe2  )    0(Fe1  ) (  1,   1,   2)  0.0003  0.0000 -0.0002  0.0000  0.0003 -0.0004 -0.0002 -0.0004 -0.0054 ( 3.995,  7.914, -7.914) 11.884 
J_iso: 0.0008118 
DMI: ( 0.0002 -0.0001  0.0000)
   0(Fe1  )    1(Fe2  ) ( -2,  -1,  -1)  0.0003 -0.0000 -0.0001 -0.0000  0.0002 -0.0003 -0.0001 -0.0003 -0.0056 (-7.914, -7.914,  3.995) 11.884 
J_iso: 0.0005466 
DMI: (-0.0003 -0.0001 -0.0000)
   0(Fe1  )    1(Fe2  ) ( -1,  -2,  -1)  0.0002 -0.0000 -0.0004 -0.0000  0.0003 -0.0000 -0.0004 -0.0000 -0.0053 (-7.914, -3.995,  7.914) 11.884 
J_iso: 0.0007599 
DMI: ( 0.0002  0.0003  0.0002)
   1(Fe2  )    0(Fe1  ) (  1,   2,   1)  0.0002 -0.0000 -0.0004 -0.0000  0.0003 -0.0000 -0.0004 -0.0000 -0.0053 ( 7.914,  3.995, -7.914) 11.884 
J_iso: 0.0007599 
DMI: (-0.0002 -0.0003 -0.0002)
   1(Fe2  )    0(Fe1  ) (  2,   1,   1)  0.0003 -0.0000 -0.0001 -0.0000  0.0002 -0.0003 -0.0001 -0.0003 -0.0056 ( 7.914,  7.914, -3.995) 11.884 
J_iso: 0.0005466 
DMI: ( 0.0003  0.0001  0.0000)
   0(Fe1  )    1(Fe2  ) (  0,   1,   0)  0.0003  0.0000  0.0004  0.0000  0.0003  0.0002  0.0004  0.0002 -0.0054 ( 7.914,  3.995, -7.914) 11.884 
J_iso: 0.0008118 
DMI: (-0.0001  0.0002 -0.0000)
   1(Fe2  )    0(Fe1  ) ( -1,   0,   0)  0.0002 -0.0000  0.0003 -0.0000  0.0003  0.0001  0.0003  0.0001 -0.0056 (-7.914, -7.914,  3.995) 11.884 
J_iso: 0.0005466 
DMI: (-0.0001 -0.0003  0.0000)
   1(Fe2  )    0(Fe1  ) (  0,  -1,   0)  0.0003  0.0000  0.0004  0.0000  0.0003  0.0002  0.0004  0.0002 -0.0054 (-7.914, -3.995,  7.914) 11.884 
J_iso: 0.0008118 
DMI: ( 0.0001 -0.0002  0.0000)
   1(Fe2  )    0(Fe1  ) (  0,   0,  -1)  0.0003 -0.0000  0.0000 -0.0000  0.0002  0.0004  0.0000  0.0004 -0.0053 (-3.995, -7.914,  7.914) 11.884 
J_iso: 0.0007599 
DMI: ( 0.0003  0.0002 -0.0002)
   0(Fe1  )    1(Fe2  ) (  0,   0,   1)  0.0003 -0.0000  0.0000 -0.0000  0.0002  0.0004  0.0000  0.0004 -0.0053 ( 3.995,  7.914, -7.914) 11.884 
J_iso: 0.0007599 
DMI: (-0.0003 -0.0002  0.0002)
   0(Fe1  )    1(Fe2  ) (  1,   0,   0)  0.0002 -0.0000  0.0003 -0.0000  0.0003  0.0001  0.0003  0.0001 -0.0056 ( 7.914,  7.914, -3.995) 11.884 
J_iso: 0.0005466 
DMI: ( 0.0001  0.0003 -0.0000)
   0(Fe1  )    0(Fe1  ) ( -2,   2,  -1)  0.0054  0.0001  0.0045  0.0001  0.0057 -0.0022  0.0045 -0.0022 -0.1225 (-0.030, -11.788, -3.889) 12.413 
J_iso: 0.006876 
DMI: ( 0.0014  0.0007 -0.0014)
   0(Fe1  )    0(Fe1  ) ( -2,   2,   1) -0.0045 -0.0001 -0.0014 -0.0001 -0.0035 -0.0020 -0.0014 -0.0020 -0.0356 ( 0.030, -3.889, -11.788) 12.413 
J_iso: -0.00254 
DMI: (-0.0030 -0.0011 -0.0014)
   0(Fe1  )    0(Fe1  ) (  2,  -2,  -1) -0.0045 -0.0001 -0.0014 -0.0001 -0.0035 -0.0020 -0.0014 -0.0020 -0.0356 (-0.030,  3.889, 11.788) 12.413 
J_iso: -0.00254 
DMI: ( 0.0030  0.0011  0.0014)
   0(Fe1  )    0(Fe1  ) (  2,  -2,   1)  0.0054  0.0001  0.0045  0.0001  0.0057 -0.0022  0.0045 -0.0022 -0.1225 ( 0.030, 11.788,  3.889) 12.413 
J_iso: 0.006876 
DMI: (-0.0014 -0.0007  0.0014)
   1(Fe2  )    1(Fe2  ) ( -2,   1,   2) -0.0035 -0.0001  0.0020 -0.0001 -0.0045  0.0014  0.0020  0.0014 -0.0356 (-3.889,  0.030, -11.788) 12.413 
J_iso: -0.00254 
DMI: (-0.0011 -0.0030  0.0014)
   1(Fe2  )    1(Fe2  ) ( -2,   2,  -1) -0.0044 -0.0000  0.0007 -0.0000 -0.0040  0.0023  0.0007  0.0023 -0.0367 (-0.030, -11.788, -3.889) 12.413 
J_iso: -0.003365 
DMI: (-0.0023  0.0003 -0.0005)
   1(Fe2  )    1(Fe2  ) ( -2,   2,   1)  0.0053  0.0002 -0.0028  0.0002  0.0051  0.0029 -0.0028  0.0029 -0.1219 ( 0.030, -3.889, -11.788) 12.413 
J_iso: 0.006432 
DMI: ( 0.0014 -0.0033 -0.0040)
   1(Fe2  )    1(Fe2  ) (  1,  -2,   2)  0.0052  0.0001 -0.0044  0.0001  0.0058 -0.0035 -0.0044 -0.0035 -0.1211 (-3.889, 11.788, -0.030) 12.413 
J_iso: 0.007177 
DMI: ( 0.0039  0.0007 -0.0004)
   1(Fe2  )    1(Fe2  ) (  2,  -2,  -1)  0.0053  0.0002 -0.0028  0.0002  0.0051  0.0029 -0.0028  0.0029 -0.1219 (-0.030,  3.889, 11.788) 12.413 
J_iso: 0.006432 
DMI: (-0.0014  0.0033  0.0040)
   1(Fe2  )    1(Fe2  ) (  2,  -2,   1) -0.0044 -0.0000  0.0007 -0.0000 -0.0040  0.0023  0.0007  0.0023 -0.0367 ( 0.030, 11.788,  3.889) 12.413 
J_iso: -0.003365 
DMI: ( 0.0023 -0.0003  0.0005)
   0(Fe1  )    0(Fe1  ) ( -2,  -1,   2) -0.0040 -0.0000 -0.0023 -0.0000 -0.0044 -0.0007 -0.0023 -0.0007 -0.0367 (-11.788, -0.030, -3.889) 12.413 
J_iso: -0.003365 
DMI: ( 0.0003 -0.0023  0.0005)
   0(Fe1  )    0(Fe1  ) ( -2,   1,   2)  0.0051  0.0002 -0.0029  0.0002  0.0053  0.0028 -0.0029  0.0028 -0.1219 (-3.889,  0.030, -11.788) 12.413 
J_iso: 0.006432 
DMI: (-0.0033  0.0014  0.0040)
   0(Fe1  )    0(Fe1  ) ( -1,  -2,   2)  0.0058  0.0001  0.0035  0.0001  0.0052  0.0044  0.0035  0.0044 -0.1211 (-11.788,  3.889,  0.030) 12.413 
J_iso: 0.007177 
DMI: (-0.0007 -0.0039 -0.0004)
   0(Fe1  )    0(Fe1  ) ( -1,   2,  -2) -0.0037 -0.0002  0.0001 -0.0002 -0.0044 -0.0019  0.0001 -0.0019 -0.0359 ( 3.889, -11.788,  0.030) 12.413 
J_iso: -0.00305 
DMI: (-0.0015 -0.0005  0.0001)
   0(Fe1  )    0(Fe1  ) (  1,  -2,   2) -0.0037 -0.0002  0.0001 -0.0002 -0.0044 -0.0019  0.0001 -0.0019 -0.0359 (-3.889, 11.788, -0.030) 12.413 
J_iso: -0.00305 
DMI: ( 0.0015  0.0005 -0.0001)
   0(Fe1  )    0(Fe1  ) (  1,   2,  -2)  0.0058  0.0001  0.0035  0.0001  0.0052  0.0044  0.0035  0.0044 -0.1211 (11.788, -3.889, -0.030) 12.413 
J_iso: 0.007177 
DMI: ( 0.0007  0.0039  0.0004)
   0(Fe1  )    0(Fe1  ) (  2,  -1,  -2)  0.0051  0.0002 -0.0029  0.0002  0.0053  0.0028 -0.0029  0.0028 -0.1219 ( 3.889, -0.030, 11.788) 12.413 
J_iso: 0.006432 
DMI: ( 0.0033 -0.0014 -0.0040)
   0(Fe1  )    0(Fe1  ) (  2,   1,  -2) -0.0040 -0.0000 -0.0023 -0.0000 -0.0044 -0.0007 -0.0023 -0.0007 -0.0367 (11.788,  0.030,  3.889) 12.413 
J_iso: -0.003365 
DMI: (-0.0003  0.0023 -0.0005)
   1(Fe2  )    1(Fe2  ) ( -2,  -1,   2)  0.0057  0.0001  0.0022  0.0001  0.0054 -0.0045  0.0022 -0.0045 -0.1225 (-11.788, -0.030, -3.889) 12.413 
J_iso: 0.006876 
DMI: ( 0.0007  0.0014  0.0014)
   1(Fe2  )    1(Fe2  ) ( -1,  -2,   2) -0.0044 -0.0002  0.0019 -0.0002 -0.0037 -0.0001  0.0019 -0.0001 -0.0359 (-11.788,  3.889,  0.030) 12.413 
J_iso: -0.00305 
DMI: (-0.0005 -0.0015 -0.0001)
   1(Fe2  )    1(Fe2  ) ( -1,   2,  -2)  0.0052  0.0001 -0.0044  0.0001  0.0058 -0.0035 -0.0044 -0.0035 -0.1211 ( 3.889, -11.788,  0.030) 12.413 
J_iso: 0.007177 
DMI: (-0.0039 -0.0007  0.0004)
   1(Fe2  )    1(Fe2  ) (  1,   2,  -2) -0.0044 -0.0002  0.0019 -0.0002 -0.0037 -0.0001  0.0019 -0.0001 -0.0359 (11.788, -3.889, -0.030) 12.413 
J_iso: -0.00305 
DMI: ( 0.0005  0.0015  0.0001)
   1(Fe2  )    1(Fe2  ) (  2,  -1,  -2) -0.0035 -0.0001  0.0020 -0.0001 -0.0045  0.0014  0.0020  0.0014 -0.0356 ( 3.889, -0.030, 11.788) 12.413 
J_iso: -0.00254 
DMI: ( 0.0011  0.0030 -0.0014)
   1(Fe2  )    1(Fe2  ) (  2,   1,  -2)  0.0057  0.0001  0.0022  0.0001  0.0054 -0.0045  0.0022 -0.0045 -0.1225 (11.788,  0.030,  3.889) 12.413 
J_iso: 0.006876 
DMI: (-0.0007 -0.0014 -0.0014)
   0(Fe1  )    0(Fe1  ) ( -2,   1,  -1)  0.0041 -0.0001 -0.0000 -0.0001  0.0046  0.0003 -0.0000  0.0003 -0.0204 (-3.980, -11.818,  0.060) 12.471 
J_iso: 0.005766 
DMI: ( 0.0002 -0.0008  0.0003)
   0(Fe1  )    0(Fe1  ) ( -1,   1,  -2)  0.0042 -0.0001 -0.0005 -0.0001  0.0043  0.0009 -0.0005  0.0009 -0.0308 (-0.060, -11.818,  3.980) 12.471 
J_iso: 0.004996 
DMI: ( 0.0019 -0.0002  0.0010)
   0(Fe1  )    0(Fe1  ) ( -1,   1,   2)  0.0043  0.0000 -0.0001  0.0000  0.0040 -0.0006 -0.0001 -0.0006 -0.0206 ( 0.060,  3.980, -11.818) 12.471 
J_iso: 0.005532 
DMI: (-0.0000 -0.0001 -0.0004)
   0(Fe1  )    0(Fe1  ) ( -1,   2,   1)  0.0045  0.0001  0.0014  0.0001  0.0042 -0.0004  0.0014 -0.0004 -0.0295 ( 3.980,  0.060, -11.818) 12.471 
J_iso: 0.005927 
DMI: (-0.0004  0.0016  0.0002)
   0(Fe1  )    0(Fe1  ) (  1,  -2,  -1)  0.0045  0.0001  0.0014  0.0001  0.0042 -0.0004  0.0014 -0.0004 -0.0295 (-3.980, -0.060, 11.818) 12.471 
J_iso: 0.005927 
DMI: ( 0.0004 -0.0016 -0.0002)
   0(Fe1  )    0(Fe1  ) (  1,  -1,  -2)  0.0043  0.0000 -0.0001  0.0000  0.0040 -0.0006 -0.0001 -0.0006 -0.0206 (-0.060, -3.980, 11.818) 12.471 
J_iso: 0.005532 
DMI: ( 0.0000  0.0001  0.0004)
   0(Fe1  )    0(Fe1  ) (  1,  -1,   2)  0.0042 -0.0001 -0.0005 -0.0001  0.0043  0.0009 -0.0005  0.0009 -0.0308 ( 0.060, 11.818, -3.980) 12.471 
J_iso: 0.004996 
DMI: (-0.0019  0.0002 -0.0010)
   0(Fe1  )    0(Fe1  ) (  2,  -1,   1)  0.0041 -0.0001 -0.0000 -0.0001  0.0046  0.0003 -0.0000  0.0003 -0.0204 ( 3.980, 11.818, -0.060) 12.471 
J_iso: 0.005766 
DMI: (-0.0002  0.0008 -0.0003)
   1(Fe2  )    1(Fe2  ) ( -2,   1,  -1)  0.0045 -0.0001  0.0001 -0.0001  0.0043 -0.0001  0.0001 -0.0001 -0.0294 (-3.980, -11.818,  0.060) 12.471 
J_iso: 0.00593 
DMI: (-0.0005  0.0007 -0.0002)
   1(Fe2  )    1(Fe2  ) ( -1,   1,  -2)  0.0042 -0.0000 -0.0003 -0.0000  0.0045  0.0006 -0.0003  0.0006 -0.0209 (-0.060, -11.818,  3.980) 12.471 
J_iso: 0.005151 
DMI: ( 0.0000  0.0007  0.0017)
   1(Fe2  )    1(Fe2  ) ( -1,   1,   2)  0.0042  0.0001  0.0004  0.0001  0.0045 -0.0014  0.0004 -0.0014 -0.0295 ( 0.060,  3.980, -11.818) 12.471 
J_iso: 0.005927 
DMI: ( 0.0016 -0.0004 -0.0002)
   1(Fe2  )    1(Fe2  ) ( -1,   2,   1)  0.0040  0.0000  0.0006  0.0000  0.0043  0.0001  0.0006  0.0001 -0.0206 ( 3.980,  0.060, -11.818) 12.471 
J_iso: 0.005532 
DMI: (-0.0001 -0.0000  0.0004)
   1(Fe2  )    1(Fe2  ) (  1,  -2,  -1)  0.0040  0.0000  0.0006  0.0000  0.0043  0.0001  0.0006  0.0001 -0.0206 (-3.980, -0.060, 11.818) 12.471 
J_iso: 0.005532 
DMI: ( 0.0001  0.0000 -0.0004)
   1(Fe2  )    1(Fe2  ) (  1,  -1,  -2)  0.0042  0.0001  0.0004  0.0001  0.0045 -0.0014  0.0004 -0.0014 -0.0295 (-0.060, -3.980, 11.818) 12.471 
J_iso: 0.005927 
DMI: (-0.0016  0.0004  0.0002)
   1(Fe2  )    1(Fe2  ) (  1,  -1,   2)  0.0042 -0.0000 -0.0003 -0.0000  0.0045  0.0006 -0.0003  0.0006 -0.0209 ( 0.060, 11.818, -3.980) 12.471 
J_iso: 0.005151 
DMI: (-0.0000 -0.0007 -0.0017)
   1(Fe2  )    1(Fe2  ) (  1,   2,  -1)  0.0043 -0.0001 -0.0009 -0.0001  0.0042  0.0005 -0.0009  0.0005 -0.0308 (11.818,  0.060, -3.980) 12.471 
J_iso: 0.004996 
DMI: ( 0.0002 -0.0019  0.0010)
   1(Fe2  )    1(Fe2  ) (  2,  -1,   1)  0.0045 -0.0001  0.0001 -0.0001  0.0043 -0.0001  0.0001 -0.0001 -0.0294 ( 3.980, 11.818, -0.060) 12.471 
J_iso: 0.00593 
DMI: ( 0.0005 -0.0007  0.0002)
   1(Fe2  )    1(Fe2  ) (  2,   1,  -1)  0.0046 -0.0001 -0.0003 -0.0001  0.0041  0.0000 -0.0003  0.0000 -0.0204 (11.818,  3.980, -0.060) 12.471 
J_iso: 0.005766 
DMI: ( 0.0008 -0.0002  0.0003)
   0(Fe1  )    0(Fe1  ) ( -2,  -1,   1)  0.0043 -0.0001  0.0001 -0.0001  0.0045 -0.0001  0.0001 -0.0001 -0.0294 (-11.818, -3.980,  0.060) 12.471 
J_iso: 0.00593 
DMI: ( 0.0007 -0.0005  0.0002)
   0(Fe1  )    0(Fe1  ) ( -1,  -2,   1)  0.0045 -0.0000 -0.0006 -0.0000  0.0042  0.0003 -0.0006  0.0003 -0.0209 (-11.818, -0.060,  3.980) 12.471 
J_iso: 0.005151 
DMI: ( 0.0007  0.0000 -0.0017)
   0(Fe1  )    0(Fe1  ) (  1,   2,  -1)  0.0045 -0.0000 -0.0006 -0.0000  0.0042  0.0003 -0.0006  0.0003 -0.0209 (11.818,  0.060, -3.980) 12.471 
J_iso: 0.005151 
DMI: (-0.0007 -0.0000  0.0017)
   0(Fe1  )    0(Fe1  ) (  2,   1,  -1)  0.0043 -0.0001  0.0001 -0.0001  0.0045 -0.0001  0.0001 -0.0001 -0.0294 (11.818,  3.980, -0.060) 12.471 
J_iso: 0.00593 
DMI: (-0.0007  0.0005 -0.0002)
   1(Fe2  )    1(Fe2  ) ( -2,  -1,   1)  0.0046 -0.0001 -0.0003 -0.0001  0.0041  0.0000 -0.0003  0.0000 -0.0204 (-11.818, -3.980,  0.060) 12.471 
J_iso: 0.005766 
DMI: (-0.0008  0.0002 -0.0003)
   1(Fe2  )    1(Fe2  ) ( -1,  -2,   1)  0.0043 -0.0001 -0.0009 -0.0001  0.0042  0.0005 -0.0009  0.0005 -0.0308 (-11.818, -0.060,  3.980) 12.471 
J_iso: 0.004996 
DMI: (-0.0002  0.0019 -0.0010)
   0(Fe1  )    1(Fe2  ) ( -2,   2,  -2) -0.0015 -0.0000  0.0007 -0.0000 -0.0016 -0.0007  0.0007 -0.0007 -0.0102 ( 3.904, -11.773, -3.904) 13.003 
J_iso: -0.001078 
DMI: ( 0.0004  0.0002 -0.0004)
   0(Fe1  )    1(Fe2  ) (  2,  -2,  -2) -0.0014 -0.0001 -0.0010 -0.0001 -0.0013  0.0021 -0.0010  0.0021 -0.0101 ( 3.904,  3.904, 11.773) 13.003 
J_iso: -0.0004804 
DMI: (-0.0011 -0.0004 -0.0001)
   1(Fe2  )    0(Fe1  ) ( -2,   2,   2) -0.0014 -0.0001 -0.0010 -0.0001 -0.0013  0.0021 -0.0010  0.0021 -0.0101 (-3.904, -3.904, -11.773) 13.003 
J_iso: -0.0004804 
DMI: ( 0.0011  0.0004  0.0001)
   1(Fe2  )    0(Fe1  ) (  2,  -2,   2) -0.0015 -0.0000  0.0007 -0.0000 -0.0016 -0.0007  0.0007 -0.0007 -0.0102 (-3.904, 11.773,  3.904) 13.003 
J_iso: -0.001078 
DMI: (-0.0004 -0.0002  0.0004)
   0(Fe1  )    1(Fe2  ) ( -2,  -2,   2) -0.0015 -0.0000  0.0019 -0.0000 -0.0015  0.0007  0.0019  0.0007 -0.0103 (-11.773,  3.904, -3.904) 13.003 
J_iso: -0.0007443 
DMI: (-0.0001  0.0007 -0.0009)
   1(Fe2  )    0(Fe1  ) (  2,   2,  -2) -0.0015 -0.0000  0.0019 -0.0000 -0.0015  0.0007  0.0019  0.0007 -0.0103 (11.773, -3.904,  3.904) 13.003 
J_iso: -0.0007443 
DMI: ( 0.0001 -0.0007  0.0009)
   0(Fe1  )    1(Fe2  ) ( -2,   2,   0) -0.0023 -0.0001 -0.0001 -0.0001 -0.0022  0.0004 -0.0001  0.0004 -0.0112 ( 3.965, -3.874, -11.803) 13.040 
J_iso: -0.001876 
DMI: (-0.0009 -0.0008  0.0001)
   0(Fe1  )    1(Fe2  ) (  2,  -2,   0) -0.0005  0.0000  0.0002  0.0000 -0.0004  0.0001  0.0002  0.0001 -0.0041 ( 3.965, 11.803,  3.874) 13.040 
J_iso: 8.405e-05 
DMI: ( 0.0004  0.0000 -0.0004)
   1(Fe2  )    0(Fe1  ) ( -2,   0,   2) -0.0021 -0.0001  0.0003 -0.0001 -0.0022 -0.0001  0.0003 -0.0001 -0.0116 (-11.803, -3.965, -3.874) 13.040 
J_iso: -0.00173 
DMI: (-0.0011 -0.0010 -0.0010)
   1(Fe2  )    0(Fe1  ) ( -2,   2,   0) -0.0005  0.0000  0.0002  0.0000 -0.0004  0.0001  0.0002  0.0001 -0.0041 (-3.965, -11.803, -3.874) 13.040 
J_iso: 8.405e-05 
DMI: (-0.0004 -0.0000  0.0004)
   1(Fe2  )    0(Fe1  ) (  2,  -2,   0) -0.0023 -0.0001 -0.0001 -0.0001 -0.0022  0.0004 -0.0001  0.0004 -0.0112 (-3.965,  3.874, 11.803) 13.040 
J_iso: -0.001876 
DMI: ( 0.0009  0.0008 -0.0001)
   1(Fe2  )    0(Fe1  ) (  0,   2,  -2) -0.0022  0.0000 -0.0001  0.0000 -0.0022 -0.0002 -0.0001 -0.0002 -0.0112 ( 3.874, -11.803,  3.965) 13.040 
J_iso: -0.001831 
DMI: (-0.0009  0.0012  0.0007)
   1(Fe2  )    0(Fe1  ) (  2,   0,  -2) -0.0005 -0.0000  0.0001 -0.0000 -0.0005  0.0000  0.0001  0.0000 -0.0043 ( 3.874, -3.965, 11.803) 13.040 
J_iso: -8.59e-05 
DMI: ( 0.0002  0.0003  0.0001)
   0(Fe1  )    1(Fe2  ) ( -2,   0,   2) -0.0005 -0.0000  0.0001 -0.0000 -0.0005  0.0000  0.0001  0.0000 -0.0043 (-3.874,  3.965, -11.803) 13.040 
J_iso: -8.59e-05 
DMI: (-0.0002 -0.0003 -0.0001)
   0(Fe1  )    1(Fe2  ) (  0,  -2,   2) -0.0022  0.0000 -0.0001  0.0000 -0.0022 -0.0002 -0.0001 -0.0002 -0.0112 (-3.874, 11.803, -3.965) 13.040 
J_iso: -0.001831 
DMI: ( 0.0009 -0.0012 -0.0007)
   0(Fe1  )    1(Fe2  ) (  0,   2,  -2) -0.0004 -0.0000  0.0000 -0.0000 -0.0005  0.0001  0.0000  0.0001 -0.0042 (11.803, -3.874, -3.965) 13.040 
J_iso: 1.072e-05 
DMI: (-0.0000  0.0000  0.0002)
   0(Fe1  )    1(Fe2  ) (  2,   0,  -2) -0.0021 -0.0001  0.0003 -0.0001 -0.0022 -0.0001  0.0003 -0.0001 -0.0116 (11.803,  3.965,  3.874) 13.040 
J_iso: -0.00173 
DMI: ( 0.0011  0.0010  0.0010)
   1(Fe2  )    0(Fe1  ) (  0,  -2,   2) -0.0004 -0.0000  0.0000 -0.0000 -0.0005  0.0001  0.0000  0.0001 -0.0042 (-11.803,  3.874,  3.965) 13.040 
J_iso: 1.072e-05 
DMI: ( 0.0000 -0.0000 -0.0002)
   0(Fe1  )    1(Fe2  ) ( -2,   0,  -2) -0.0018 -0.0000  0.0002 -0.0000 -0.0018 -0.0005  0.0002 -0.0005 -0.0094 (-3.995, -11.834,  3.995) 13.113 
J_iso: -0.001465 
DMI: (-0.0010 -0.0003  0.0001)
   0(Fe1  )    1(Fe2  ) (  0,  -2,  -2) -0.0018  0.0000 -0.0005  0.0000 -0.0018  0.0002 -0.0005  0.0002 -0.0095 (-3.995, -3.995, 11.834) 13.113 
J_iso: -0.001463 
DMI: ( 0.0004  0.0010 -0.0001)
   1(Fe2  )    0(Fe1  ) (  2,   0,   2) -0.0018 -0.0000  0.0002 -0.0000 -0.0018 -0.0005  0.0002 -0.0005 -0.0094 ( 3.995, 11.834, -3.995) 13.113 
J_iso: -0.001465 
DMI: ( 0.0010  0.0003 -0.0001)
   0(Fe1  )    1(Fe2  ) ( -2,  -2,   0) -0.0019  0.0001  0.0003  0.0001 -0.0018  0.0002  0.0003  0.0002 -0.0095 (-11.834, -3.995,  3.995) 13.113 
J_iso: -0.001539 
DMI: ( 0.0002 -0.0005 -0.0002)
   1(Fe2  )    0(Fe1  ) (  0,   2,   2) -0.0018  0.0000 -0.0005  0.0000 -0.0018  0.0002 -0.0005  0.0002 -0.0095 ( 3.995,  3.995, -11.834) 13.113 
J_iso: -0.001463 
DMI: (-0.0004 -0.0010  0.0001)
   1(Fe2  )    0(Fe1  ) (  2,   2,   0) -0.0019  0.0001  0.0003  0.0001 -0.0018  0.0002  0.0003  0.0002 -0.0095 (11.834,  3.995, -3.995) 13.113 
J_iso: -0.001539 
DMI: (-0.0002  0.0005  0.0002)
   0(Fe1  )    1(Fe2  ) ( -1,   1,   1) -0.0018  0.0000 -0.0002  0.0000 -0.0018  0.0005 -0.0002  0.0005 -0.0095 ( 3.995,  3.995, -11.834) 13.113 
J_iso: -0.001463 
DMI: (-0.0010 -0.0004 -0.0001)
   0(Fe1  )    1(Fe2  ) (  1,  -1,   1) -0.0018  0.0001 -0.0002  0.0001 -0.0019 -0.0003 -0.0002 -0.0003 -0.0095 ( 3.995, 11.834, -3.995) 13.113 
J_iso: -0.001539 
DMI: ( 0.0005 -0.0002 -0.0002)
   0(Fe1  )    1(Fe2  ) (  1,   1,  -1) -0.0018 -0.0000  0.0005 -0.0000 -0.0018 -0.0002  0.0005 -0.0002 -0.0094 (11.834,  3.995, -3.995) 13.113 
J_iso: -0.001465 
DMI: ( 0.0003  0.0010  0.0001)
   1(Fe2  )    0(Fe1  ) ( -1,  -1,   1) -0.0018 -0.0000  0.0005 -0.0000 -0.0018 -0.0002  0.0005 -0.0002 -0.0094 (-11.834, -3.995,  3.995) 13.113 
J_iso: -0.001465 
DMI: (-0.0003 -0.0010 -0.0001)
   1(Fe2  )    0(Fe1  ) ( -1,   1,  -1) -0.0018  0.0001 -0.0002  0.0001 -0.0019 -0.0003 -0.0002 -0.0003 -0.0095 (-3.995, -11.834,  3.995) 13.113 
J_iso: -0.001539 
DMI: (-0.0005  0.0002  0.0002)
   1(Fe2  )    0(Fe1  ) (  1,  -1,  -1) -0.0018  0.0000 -0.0002  0.0000 -0.0018  0.0005 -0.0002  0.0005 -0.0095 (-3.995, -3.995, 11.834) 13.113 
J_iso: -0.001463 
DMI: ( 0.0010  0.0004  0.0001)
   0(Fe1  )    0(Fe1  ) ( -1,  -1,  -1)  0.0000 -0.0000 -0.0000 -0.0000  0.0000  0.0000 -0.0000  0.0000 -0.0001 (-7.929, -7.929,  7.929) 13.734 
J_iso: 0.0001539 
DMI: (-0.0000  0.0000 -0.0000)
   0(Fe1  )    0(Fe1  ) (  1,   1,   1)  0.0000 -0.0000 -0.0000 -0.0000  0.0000  0.0000 -0.0000  0.0000 -0.0001 ( 7.929,  7.929, -7.929) 13.734 
J_iso: 0.0001539 
DMI: ( 0.0000 -0.0000  0.0000)
   1(Fe2  )    1(Fe2  ) ( -1,  -1,  -1)  0.0000 -0.0000 -0.0000 -0.0000  0.0000  0.0000 -0.0000  0.0000 -0.0001 (-7.929, -7.929,  7.929) 13.734 
J_iso: 0.0001539 
DMI: ( 0.0000 -0.0000  0.0000)
   1(Fe2  )    1(Fe2  ) (  1,   1,   1)  0.0000 -0.0000 -0.0000 -0.0000  0.0000  0.0000 -0.0000  0.0000 -0.0001 ( 7.929,  7.929, -7.929) 13.734 
J_iso: 0.0001539 
DMI: (-0.0000  0.0000 -0.0000)
   0(Fe1  )    1(Fe2  ) (  2,  -1,   0) -0.0006 -0.0000 -0.0000 -0.0000 -0.0006  0.0001 -0.0000  0.0001 -0.0014 ( 7.914, 11.834, -0.076) 14.236 
J_iso: -0.0003139 
DMI: ( 0.0001 -0.0001  0.0001)
   1(Fe2  )    0(Fe1  ) ( -2,   1,   0) -0.0006 -0.0000 -0.0000 -0.0000 -0.0006  0.0001 -0.0000  0.0001 -0.0014 (-7.914, -11.834,  0.076) 14.236 
J_iso: -0.0003139 
DMI: (-0.0001  0.0001 -0.0001)
   0(Fe1  )    1(Fe2  ) ( -1,   0,   2) -0.0005  0.0000  0.0002  0.0000 -0.0005 -0.0002  0.0002 -0.0002 -0.0015 ( 0.076,  7.914, -11.834) 14.236 
J_iso: -0.0003082 
DMI: ( 0.0000 -0.0001  0.0001)
   0(Fe1  )    1(Fe2  ) ( -1,   2,   0) -0.0007 -0.0000  0.0002 -0.0000 -0.0007  0.0001  0.0002  0.0001 -0.0029 ( 7.914,  0.076, -11.834) 14.236 
J_iso: -0.0005402 
DMI: (-0.0002  0.0001  0.0002)
   0(Fe1  )    1(Fe2  ) (  0,  -1,   2) -0.0007  0.0000 -0.0001  0.0000 -0.0007  0.0002 -0.0001  0.0002 -0.0029 ( 0.076, 11.834, -7.914) 14.236 
J_iso: -0.0005237 
DMI: (-0.0001 -0.0002  0.0002)
   0(Fe1  )    1(Fe2  ) (  0,   2,  -1) -0.0006 -0.0000 -0.0001 -0.0000 -0.0005  0.0000 -0.0001  0.0000 -0.0016 (11.834,  0.076, -7.914) 14.236 
J_iso: -0.000491 
DMI: (-0.0000 -0.0000 -0.0001)
   0(Fe1  )    1(Fe2  ) (  2,   0,  -1) -0.0007  0.0000 -0.0000  0.0000 -0.0007 -0.0001 -0.0000 -0.0001 -0.0028 (11.834,  7.914, -0.076) 14.236 
J_iso: -0.0004714 
DMI: ( 0.0002  0.0001 -0.0000)
   1(Fe2  )    0(Fe1  ) ( -2,   0,   1) -0.0007  0.0000 -0.0000  0.0000 -0.0007 -0.0001 -0.0000 -0.0001 -0.0028 (-11.834, -7.914,  0.076) 14.236 
J_iso: -0.0004714 
DMI: (-0.0002 -0.0001  0.0000)
   1(Fe2  )    0(Fe1  ) (  0,  -2,   1) -0.0006 -0.0000 -0.0001 -0.0000 -0.0005  0.0000 -0.0001  0.0000 -0.0016 (-11.834, -0.076,  7.914) 14.236 
J_iso: -0.000491 
DMI: ( 0.0000  0.0000  0.0001)
   1(Fe2  )    0(Fe1  ) (  0,   1,  -2) -0.0007  0.0000 -0.0001  0.0000 -0.0007  0.0002 -0.0001  0.0002 -0.0029 (-0.076, -11.834,  7.914) 14.236 
J_iso: -0.0005237 
DMI: ( 0.0001  0.0002 -0.0002)
   1(Fe2  )    0(Fe1  ) (  1,  -2,   0) -0.0007 -0.0000  0.0002 -0.0000 -0.0007  0.0001  0.0002  0.0001 -0.0029 (-7.914, -0.076, 11.834) 14.236 
J_iso: -0.0005402 
DMI: ( 0.0002 -0.0001 -0.0002)
   1(Fe2  )    0(Fe1  ) (  1,   0,  -2) -0.0005  0.0000  0.0002  0.0000 -0.0005 -0.0002  0.0002 -0.0002 -0.0015 (-0.076, -7.914, 11.834) 14.236 
J_iso: -0.0003082 
DMI: (-0.0000  0.0001 -0.0001)
   0(Fe1  )    0(Fe1  ) ( -2,   0,  -1) -0.0000 -0.0000  0.0000 -0.0000 -0.0000  0.0000  0.0000  0.0000 -0.0008 (-7.929, -11.849,  4.010) 14.810 
J_iso: 2.749e-05 
DMI: (-0.0000  0.0000  0.0000)
   0(Fe1  )    0(Fe1  ) ( -1,   0,  -2) -0.0000  0.0000  0.0000  0.0000 -0.0000 -0.0001  0.0000 -0.0001 -0.0009 (-4.010, -11.849,  7.929) 14.810 
J_iso: 4.238e-05 
DMI: (-0.0000  0.0000  0.0000)
   0(Fe1  )    0(Fe1  ) (  0,  -2,  -1) -0.0000 -0.0000 -0.0000 -0.0000 -0.0000 -0.0000 -0.0000 -0.0000 -0.0009 (-7.929, -4.010, 11.849) 14.810 
J_iso: 4.183e-05 
DMI: ( 0.0000 -0.0000  0.0000)
   0(Fe1  )    0(Fe1  ) (  0,  -1,  -2) -0.0000 -0.0000  0.0000 -0.0000 -0.0000  0.0000  0.0000  0.0000 -0.0008 (-4.010, -7.929, 11.849) 14.810 
J_iso: 3.345e-05 
DMI: ( 0.0000  0.0000 -0.0000)
   0(Fe1  )    0(Fe1  ) (  0,   1,   2) -0.0000 -0.0000  0.0000 -0.0000 -0.0000  0.0000  0.0000  0.0000 -0.0008 ( 4.010,  7.929, -11.849) 14.810 
J_iso: 3.345e-05 
DMI: (-0.0000 -0.0000  0.0000)
   0(Fe1  )    0(Fe1  ) (  0,   2,   1) -0.0000 -0.0000 -0.0000 -0.0000 -0.0000 -0.0000 -0.0000 -0.0000 -0.0009 ( 7.929,  4.010, -11.849) 14.810 
J_iso: 4.183e-05 
DMI: (-0.0000  0.0000 -0.0000)
   0(Fe1  )    0(Fe1  ) (  1,   0,   2) -0.0000  0.0000  0.0000  0.0000 -0.0000 -0.0001  0.0000 -0.0001 -0.0009 ( 4.010, 11.849, -7.929) 14.810 
J_iso: 4.238e-05 
DMI: ( 0.0000 -0.0000 -0.0000)
   0(Fe1  )    0(Fe1  ) (  2,   0,   1) -0.0000 -0.0000  0.0000 -0.0000 -0.0000  0.0000  0.0000  0.0000 -0.0008 ( 7.929, 11.849, -4.010) 14.810 
J_iso: 2.749e-05 
DMI: ( 0.0000 -0.0000 -0.0000)
   1(Fe2  )    1(Fe2  ) ( -2,   0,  -1) -0.0000  0.0000 -0.0000  0.0000 -0.0000  0.0000 -0.0000  0.0000 -0.0010 (-7.929, -11.849,  4.010) 14.810 
J_iso: 2.283e-05 
DMI: (-0.0000 -0.0000  0.0001)
   1(Fe2  )    1(Fe2  ) ( -1,   0,  -2) -0.0000 -0.0000 -0.0000 -0.0000 -0.0000  0.0000 -0.0000  0.0000 -0.0008 (-4.010, -11.849,  7.929) 14.810 
J_iso: 9.968e-06 
DMI: (-0.0000 -0.0000 -0.0000)
   1(Fe2  )    1(Fe2  ) (  0,  -2,  -1) -0.0000 -0.0000 -0.0000 -0.0000 -0.0000 -0.0000 -0.0000 -0.0000 -0.0008 (-7.929, -4.010, 11.849) 14.810 
J_iso: 3.345e-05 
DMI: ( 0.0000  0.0000  0.0000)
   1(Fe2  )    1(Fe2  ) (  0,  -1,  -2) -0.0000 -0.0000  0.0000 -0.0000 -0.0000  0.0000  0.0000  0.0000 -0.0009 (-4.010, -7.929, 11.849) 14.810 
J_iso: 4.183e-05 
DMI: (-0.0000  0.0000 -0.0000)
   1(Fe2  )    1(Fe2  ) (  0,   1,   2) -0.0000 -0.0000  0.0000 -0.0000 -0.0000  0.0000  0.0000  0.0000 -0.0009 ( 4.010,  7.929, -11.849) 14.810 
J_iso: 4.183e-05 
DMI: ( 0.0000 -0.0000  0.0000)
   1(Fe2  )    1(Fe2  ) (  0,   2,   1) -0.0000 -0.0000 -0.0000 -0.0000 -0.0000 -0.0000 -0.0000 -0.0000 -0.0008 ( 7.929,  4.010, -11.849) 14.810 
J_iso: 3.345e-05 
DMI: (-0.0000 -0.0000 -0.0000)
   1(Fe2  )    1(Fe2  ) (  1,   0,   2) -0.0000 -0.0000 -0.0000 -0.0000 -0.0000  0.0000 -0.0000  0.0000 -0.0008 ( 4.010, 11.849, -7.929) 14.810 
J_iso: 9.968e-06 
DMI: ( 0.0000  0.0000  0.0000)
   1(Fe2  )    1(Fe2  ) (  1,   2,   0) -0.0000  0.0000  0.0001  0.0000 -0.0000 -0.0000  0.0001 -0.0000 -0.0009 (11.849,  4.010, -7.929) 14.810 
J_iso: 4.238e-05 
DMI: (-0.0000  0.0000  0.0000)
   1(Fe2  )    1(Fe2  ) (  2,   0,   1) -0.0000  0.0000 -0.0000  0.0000 -0.0000  0.0000 -0.0000  0.0000 -0.0010 ( 7.929, 11.849, -4.010) 14.810 
J_iso: 2.283e-05 
DMI: ( 0.0000  0.0000 -0.0001)
   1(Fe2  )    1(Fe2  ) (  2,   1,   0) -0.0000 -0.0000 -0.0000 -0.0000 -0.0000 -0.0000 -0.0000 -0.0000 -0.0008 (11.849,  7.929, -4.010) 14.810 
J_iso: 2.749e-05 
DMI: (-0.0000  0.0000  0.0000)
   0(Fe1  )    0(Fe1  ) ( -2,  -1,   0) -0.0000  0.0000 -0.0000  0.0000 -0.0000  0.0000 -0.0000  0.0000 -0.0010 (-11.849, -7.929,  4.010) 14.810 
J_iso: 2.283e-05 
DMI: (-0.0000 -0.0000 -0.0001)
   0(Fe1  )    0(Fe1  ) ( -1,  -2,   0) -0.0000 -0.0000 -0.0000 -0.0000 -0.0000  0.0000 -0.0000  0.0000 -0.0008 (-11.849, -4.010,  7.929) 14.810 
J_iso: 9.968e-06 
DMI: (-0.0000 -0.0000  0.0000)
   0(Fe1  )    0(Fe1  ) (  1,   2,   0) -0.0000 -0.0000 -0.0000 -0.0000 -0.0000  0.0000 -0.0000  0.0000 -0.0008 (11.849,  4.010, -7.929) 14.810 
J_iso: 9.968e-06 
DMI: ( 0.0000  0.0000 -0.0000)
   0(Fe1  )    0(Fe1  ) (  2,   1,   0) -0.0000  0.0000 -0.0000  0.0000 -0.0000  0.0000 -0.0000  0.0000 -0.0010 (11.849,  7.929, -4.010) 14.810 
J_iso: 2.283e-05 
DMI: ( 0.0000  0.0000  0.0001)
   1(Fe2  )    1(Fe2  ) ( -2,  -1,   0) -0.0000 -0.0000 -0.0000 -0.0000 -0.0000 -0.0000 -0.0000 -0.0000 -0.0008 (-11.849, -7.929,  4.010) 14.810 
J_iso: 2.749e-05 
DMI: ( 0.0000 -0.0000 -0.0000)
   1(Fe2  )    1(Fe2  ) ( -1,  -2,   0) -0.0000  0.0000  0.0001  0.0000 -0.0000 -0.0000  0.0001 -0.0000 -0.0009 (-11.849, -4.010,  7.929) 14.810 
J_iso: 4.238e-05 
DMI: ( 0.0000 -0.0000 -0.0000)
   0(Fe1  )    0(Fe1  ) ( -2,   2,  -2) -0.0007  0.0000  0.0001  0.0000 -0.0008 -0.0001  0.0001 -0.0001 -0.0085 (-0.060, -15.738,  0.060) 15.738 
J_iso: -0.0005026 
DMI: ( 0.0004 -0.0008  0.0002)
   0(Fe1  )    0(Fe1  ) ( -2,   2,   2) -0.0008 -0.0000 -0.0001 -0.0000 -0.0007 -0.0006 -0.0001 -0.0006 -0.0084 ( 0.060,  0.060, -15.738) 15.738 
J_iso: -0.0003978 
DMI: ( 0.0004  0.0005 -0.0001)
   0(Fe1  )    0(Fe1  ) (  2,  -2,  -2) -0.0008 -0.0000 -0.0001 -0.0000 -0.0007 -0.0006 -0.0001 -0.0006 -0.0084 (-0.060, -0.060, 15.738) 15.738 
J_iso: -0.0003978 
DMI: (-0.0004 -0.0005  0.0001)
   0(Fe1  )    0(Fe1  ) (  2,  -2,   2) -0.0007  0.0000  0.0001  0.0000 -0.0008 -0.0001  0.0001 -0.0001 -0.0085 ( 0.060, 15.738, -0.060) 15.738 
J_iso: -0.0005026 
DMI: (-0.0004  0.0008 -0.0002)
   1(Fe2  )    1(Fe2  ) ( -2,   2,  -2) -0.0008 -0.0000  0.0001 -0.0000 -0.0007  0.0006  0.0001  0.0006 -0.0085 (-0.060, -15.738,  0.060) 15.738 
J_iso: -0.0004041 
DMI: ( 0.0004  0.0007  0.0001)
   1(Fe2  )    1(Fe2  ) ( -2,   2,   2) -0.0007 -0.0000  0.0006 -0.0000 -0.0008  0.0001  0.0006  0.0001 -0.0084 ( 0.060,  0.060, -15.738) 15.738 
J_iso: -0.0003978 
DMI: ( 0.0005  0.0004  0.0001)
   1(Fe2  )    1(Fe2  ) (  2,  -2,  -2) -0.0007 -0.0000  0.0006 -0.0000 -0.0008  0.0001  0.0006  0.0001 -0.0084 (-0.060, -0.060, 15.738) 15.738 
J_iso: -0.0003978 
DMI: (-0.0005 -0.0004 -0.0001)
   1(Fe2  )    1(Fe2  ) (  2,  -2,   2) -0.0008 -0.0000  0.0001 -0.0000 -0.0007  0.0006  0.0001  0.0006 -0.0085 ( 0.060, 15.738, -0.060) 15.738 
J_iso: -0.0004041 
DMI: (-0.0004 -0.0007 -0.0001)
   0(Fe1  )    0(Fe1  ) ( -2,  -2,   2) -0.0007 -0.0000 -0.0006 -0.0000 -0.0008 -0.0001 -0.0006 -0.0001 -0.0085 (-15.738, -0.060,  0.060) 15.738 
J_iso: -0.0004041 
DMI: ( 0.0007  0.0004 -0.0001)
   0(Fe1  )    0(Fe1  ) (  2,   2,  -2) -0.0007 -0.0000 -0.0006 -0.0000 -0.0008 -0.0001 -0.0006 -0.0001 -0.0085 (15.738,  0.060, -0.060) 15.738 
J_iso: -0.0004041 
DMI: (-0.0007 -0.0004  0.0001)
   1(Fe2  )    1(Fe2  ) ( -2,  -2,   2) -0.0008  0.0000  0.0001  0.0000 -0.0007 -0.0001  0.0001 -0.0001 -0.0085 (-15.738, -0.060,  0.060) 15.738 
J_iso: -0.0005026 
DMI: (-0.0008  0.0004 -0.0002)
   1(Fe2  )    1(Fe2  ) (  2,   2,  -2) -0.0008  0.0000  0.0001  0.0000 -0.0007 -0.0001  0.0001 -0.0001 -0.0085 (15.738,  0.060, -0.060) 15.738 
J_iso: -0.0005026 
DMI: ( 0.0008 -0.0004  0.0002)
   0(Fe1  )    1(Fe2  ) ( -2,   1,   2) -0.0002 -0.0000  0.0000 -0.0000 -0.0001 -0.0000  0.0000 -0.0000 -0.0006 ( 0.076,  3.995, -15.753) 16.252 
J_iso: -2.219e-05 
DMI: (-0.0000  0.0001  0.0001)
   0(Fe1  )    1(Fe2  ) ( -2,   2,   1) -0.0005 -0.0000 -0.0001 -0.0000 -0.0005 -0.0001 -0.0001 -0.0001 -0.0015 ( 3.995,  0.076, -15.753) 16.252 
J_iso: -0.0003495 
DMI: (-0.0001 -0.0001 -0.0001)
   0(Fe1  )    1(Fe2  ) (  1,  -2,   2) -0.0004  0.0000 -0.0001  0.0000 -0.0004 -0.0001 -0.0001 -0.0001 -0.0015 ( 0.076, 15.753, -3.995) 16.252 
J_iso: -0.0003664 
DMI: ( 0.0001 -0.0001  0.0001)
   0(Fe1  )    1(Fe2  ) (  2,  -2,   1) -0.0001  0.0000 -0.0000  0.0000 -0.0002  0.0000 -0.0000  0.0000 -0.0005 ( 3.995, 15.753, -0.076) 16.252 
J_iso: 1.803e-05 
DMI: (-0.0001  0.0000  0.0000)
   1(Fe2  )    0(Fe1  ) ( -2,   2,  -1) -0.0001  0.0000 -0.0000  0.0000 -0.0002  0.0000 -0.0000  0.0000 -0.0005 (-3.995, -15.753,  0.076) 16.252 
J_iso: 1.803e-05 
DMI: ( 0.0001 -0.0000 -0.0000)
   1(Fe2  )    0(Fe1  ) (  2,  -2,  -1) -0.0005 -0.0000 -0.0001 -0.0000 -0.0005 -0.0001 -0.0001 -0.0001 -0.0015 (-3.995, -0.076, 15.753) 16.252 
J_iso: -0.0003495 
DMI: ( 0.0001  0.0001  0.0001)
   0(Fe1  )    1(Fe2  ) (  1,   2,  -2) -0.0002  0.0000 -0.0000  0.0000 -0.0002 -0.0001 -0.0000 -0.0001 -0.0007 (15.753,  0.076, -3.995) 16.252 
J_iso: -0.000102 
DMI: (-0.0000  0.0001 -0.0001)
   0(Fe1  )    1(Fe2  ) (  2,   1,  -2) -0.0005 -0.0000 -0.0001 -0.0000 -0.0005 -0.0002 -0.0001 -0.0002 -0.0015 (15.753,  3.995, -0.076) 16.252 
J_iso: -0.0003953 
DMI: ( 0.0001  0.0001  0.0001)
   1(Fe2  )    0(Fe1  ) ( -2,  -1,   2) -0.0005 -0.0000 -0.0001 -0.0000 -0.0005 -0.0002 -0.0001 -0.0002 -0.0015 (-15.753, -3.995,  0.076) 16.252 
J_iso: -0.0003953 
DMI: (-0.0001 -0.0001 -0.0001)
   1(Fe2  )    0(Fe1  ) ( -1,  -2,   2) -0.0002  0.0000 -0.0000  0.0000 -0.0002 -0.0001 -0.0000 -0.0001 -0.0007 (-15.753, -0.076,  3.995) 16.252 
J_iso: -0.000102 
DMI: ( 0.0000 -0.0001  0.0001)
   1(Fe2  )    0(Fe1  ) ( -1,   2,  -2) -0.0004  0.0000 -0.0001  0.0000 -0.0004 -0.0001 -0.0001 -0.0001 -0.0015 (-0.076, -15.753,  3.995) 16.252 
J_iso: -0.0003664 
DMI: (-0.0001  0.0001 -0.0001)
   1(Fe2  )    0(Fe1  ) (  2,  -1,  -2) -0.0002 -0.0000  0.0000 -0.0000 -0.0001 -0.0000  0.0000 -0.0000 -0.0006 (-0.076, -3.995, 15.753) 16.252 
J_iso: -2.219e-05 
DMI: ( 0.0000 -0.0001 -0.0001)
   0(Fe1  )    1(Fe2  ) ( -2,  -2,  -1)  0.0000  0.0000  0.0000  0.0000  0.0000 -0.0000  0.0000 -0.0000 -0.0001 (-11.864, -7.944,  7.944) 16.339 
J_iso: 3.967e-05 
DMI: (-0.0000 -0.0000  0.0000)
   0(Fe1  )    1(Fe2  ) ( -2,  -1,  -2)  0.0000 -0.0000 -0.0000 -0.0000  0.0000 -0.0000 -0.0000 -0.0000 -0.0001 (-7.944, -11.864,  7.944) 16.339 
J_iso: 4.026e-05 
DMI: ( 0.0000  0.0000  0.0000)
   0(Fe1  )    1(Fe2  ) ( -1,  -2,  -2)  0.0000  0.0000 -0.0000  0.0000  0.0000  0.0000 -0.0000  0.0000 -0.0001 (-7.944, -7.944, 11.864) 16.339 
J_iso: 3.608e-05 
DMI: ( 0.0000 -0.0000 -0.0000)
   1(Fe2  )    0(Fe1  ) (  1,   2,   2)  0.0000  0.0000 -0.0000  0.0000  0.0000  0.0000 -0.0000  0.0000 -0.0001 ( 7.944,  7.944, -11.864) 16.339 
J_iso: 3.608e-05 
DMI: (-0.0000  0.0000  0.0000)
   1(Fe2  )    0(Fe1  ) (  2,   1,   2)  0.0000 -0.0000 -0.0000 -0.0000  0.0000 -0.0000 -0.0000 -0.0000 -0.0001 ( 7.944, 11.864, -7.944) 16.339 
J_iso: 4.026e-05 
DMI: (-0.0000 -0.0000 -0.0000)
   1(Fe2  )    0(Fe1  ) (  2,   2,   1)  0.0000  0.0000  0.0000  0.0000  0.0000 -0.0000  0.0000 -0.0000 -0.0001 (11.864,  7.944, -7.944) 16.339 
J_iso: 3.967e-05 
DMI: ( 0.0000  0.0000 -0.0000)
   0(Fe1  )    1(Fe2  ) (  0,   1,   1)  0.0000  0.0000 -0.0000  0.0000  0.0000  0.0000 -0.0000  0.0000 -0.0001 ( 7.944,  7.944, -11.864) 16.339 
J_iso: 3.608e-05 
DMI: ( 0.0000 -0.0000 -0.0000)
   0(Fe1  )    1(Fe2  ) (  1,   0,   1)  0.0000  0.0000  0.0000  0.0000  0.0000 -0.0000  0.0000 -0.0000 -0.0001 ( 7.944, 11.864, -7.944) 16.339 
J_iso: 3.967e-05 
DMI: ( 0.0000  0.0000  0.0000)
   1(Fe2  )    0(Fe1  ) ( -1,   0,  -1)  0.0000  0.0000  0.0000  0.0000  0.0000 -0.0000  0.0000 -0.0000 -0.0001 (-7.944, -11.864,  7.944) 16.339 
J_iso: 3.967e-05 
DMI: (-0.0000 -0.0000 -0.0000)
   1(Fe2  )    0(Fe1  ) (  0,  -1,  -1)  0.0000  0.0000 -0.0000  0.0000  0.0000  0.0000 -0.0000  0.0000 -0.0001 (-7.944, -7.944, 11.864) 16.339 
J_iso: 3.608e-05 
DMI: (-0.0000  0.0000  0.0000)
   0(Fe1  )    1(Fe2  ) (  1,   1,   0)  0.0000 -0.0000  0.0000 -0.0000  0.0000  0.0000  0.0000  0.0000 -0.0001 (11.864,  7.944, -7.944) 16.339 
J_iso: 4.026e-05 
DMI: (-0.0000 -0.0000  0.0000)
   1(Fe2  )    0(Fe1  ) ( -1,  -1,   0)  0.0000 -0.0000  0.0000 -0.0000  0.0000  0.0000  0.0000  0.0000 -0.0001 (-11.864, -7.944,  7.944) 16.339 
J_iso: 4.026e-05 
DMI: ( 0.0000  0.0000 -0.0000)
   0(Fe1  )    0(Fe1  ) ( -2,   1,  -2)  0.0003  0.0000  0.0001  0.0000  0.0003  0.0000  0.0001  0.0000 -0.0010 (-4.010, -15.768,  4.010) 16.757 
J_iso: 0.0003367 
DMI: ( 0.0000 -0.0000 -0.0000)
   0(Fe1  )    0(Fe1  ) (  1,  -2,  -2)  0.0003  0.0000  0.0000  0.0000  0.0003 -0.0001  0.0000 -0.0001 -0.0010 (-4.010, -4.010, 15.768) 16.757 
J_iso: 0.000335 
DMI: (-0.0000 -0.0000 -0.0000)
   1(Fe2  )    1(Fe2  ) ( -2,   1,  -2)  0.0003 -0.0000 -0.0001 -0.0000  0.0003  0.0001 -0.0001  0.0001 -0.0010 (-4.010, -15.768,  4.010) 16.757 
J_iso: 0.0003413 
DMI: ( 0.0000  0.0000  0.0000)
   1(Fe2  )    1(Fe2  ) (  1,  -2,  -2)  0.0003  0.0000  0.0001  0.0000  0.0003 -0.0000  0.0001 -0.0000 -0.0010 (-4.010, -4.010, 15.768) 16.757 
J_iso: 0.000335 
DMI: (-0.0000 -0.0000  0.0000)
   1(Fe2  )    1(Fe2  ) (  2,   2,  -1)  0.0003  0.0000 -0.0000  0.0000  0.0003 -0.0001 -0.0000 -0.0001 -0.0010 (15.768,  4.010, -4.010) 16.757 
J_iso: 0.0003367 
DMI: ( 0.0000 -0.0000 -0.0000)
   0(Fe1  )    0(Fe1  ) ( -2,  -2,   1)  0.0003 -0.0000 -0.0001 -0.0000  0.0003  0.0001 -0.0001  0.0001 -0.0010 (-15.768, -4.010,  4.010) 16.757 
J_iso: 0.0003413 
DMI: ( 0.0000  0.0000 -0.0000)
   0(Fe1  )    0(Fe1  ) ( -1,   2,   2)  0.0003  0.0000  0.0000  0.0000  0.0003 -0.0001  0.0000 -0.0001 -0.0010 ( 4.010,  4.010, -15.768) 16.757 
J_iso: 0.000335 
DMI: ( 0.0000  0.0000  0.0000)
   0(Fe1  )    0(Fe1  ) (  2,  -1,   2)  0.0003  0.0000  0.0001  0.0000  0.0003  0.0000  0.0001  0.0000 -0.0010 ( 4.010, 15.768, -4.010) 16.757 
J_iso: 0.0003367 
DMI: (-0.0000  0.0000  0.0000)
   0(Fe1  )    0(Fe1  ) (  2,   2,  -1)  0.0003 -0.0000 -0.0001 -0.0000  0.0003  0.0001 -0.0001  0.0001 -0.0010 (15.768,  4.010, -4.010) 16.757 
J_iso: 0.0003413 
DMI: (-0.0000 -0.0000  0.0000)
   1(Fe2  )    1(Fe2  ) ( -2,  -2,   1)  0.0003  0.0000 -0.0000  0.0000  0.0003 -0.0001 -0.0000 -0.0001 -0.0010 (-15.768, -4.010,  4.010) 16.757 
J_iso: 0.0003367 
DMI: (-0.0000  0.0000  0.0000)
   1(Fe2  )    1(Fe2  ) ( -1,   2,   2)  0.0003  0.0000  0.0001  0.0000  0.0003 -0.0000  0.0001 -0.0000 -0.0010 ( 4.010,  4.010, -15.768) 16.757 
J_iso: 0.000335 
DMI: ( 0.0000  0.0000 -0.0000)
   1(Fe2  )    1(Fe2  ) (  2,  -1,   2)  0.0003 -0.0000 -0.0001 -0.0000  0.0003  0.0001 -0.0001  0.0001 -0.0010 ( 4.010, 15.768, -4.010) 16.757 
J_iso: 0.0003413 
DMI: (-0.0000 -0.0000 -0.0000)
   0(Fe1  )    1(Fe2  ) (  0,   0,   2) -0.0000 -0.0000 -0.0000 -0.0000 -0.0000 -0.0000 -0.0000 -0.0000 -0.0001 ( 4.025, 11.864, -11.864) 17.254 
J_iso: -8.744e-06 
DMI: ( 0.0000  0.0000  0.0000)
   0(Fe1  )    1(Fe2  ) (  0,   2,   0) -0.0000  0.0000 -0.0000  0.0000 -0.0000  0.0000 -0.0000  0.0000 -0.0001 (11.864,  4.025, -11.864) 17.254 
J_iso: -7.041e-06 
DMI: (-0.0000 -0.0000  0.0000)
   0(Fe1  )    1(Fe2  ) (  2,   0,   0) -0.0000  0.0000  0.0000  0.0000 -0.0000 -0.0000  0.0000 -0.0000 -0.0001 (11.864, 11.864, -4.025) 17.254 
J_iso: -1.075e-05 
DMI: ( 0.0000  0.0000  0.0000)
   1(Fe2  )    0(Fe1  ) ( -2,   0,   0) -0.0000  0.0000  0.0000  0.0000 -0.0000 -0.0000  0.0000 -0.0000 -0.0001 (-11.864, -11.864,  4.025) 17.254 
J_iso: -1.075e-05 
DMI: (-0.0000 -0.0000 -0.0000)
   1(Fe2  )    0(Fe1  ) (  0,  -2,   0) -0.0000  0.0000 -0.0000  0.0000 -0.0000  0.0000 -0.0000  0.0000 -0.0001 (-11.864, -4.025, 11.864) 17.254 
J_iso: -7.041e-06 
DMI: ( 0.0000  0.0000 -0.0000)
   1(Fe2  )    0(Fe1  ) (  0,   0,  -2) -0.0000 -0.0000 -0.0000 -0.0000 -0.0000 -0.0000 -0.0000 -0.0000 -0.0001 (-4.025, -11.864, 11.864) 17.254 
J_iso: -8.744e-06 
DMI: (-0.0000 -0.0000 -0.0000)
   0(Fe1  )    1(Fe2  ) (  1,   2,  -1) -0.0000  0.0000 -0.0000  0.0000 -0.0000 -0.0000 -0.0000 -0.0000 -0.0000 (15.783,  4.025, -7.944) 18.122 
J_iso: -1.479e-05 
DMI: ( 0.0000 -0.0000  0.0000)
   0(Fe1  )    1(Fe2  ) ( -1,   1,   2) -0.0000  0.0000  0.0000  0.0000 -0.0000 -0.0000  0.0000 -0.0000 -0.0000 ( 4.025,  7.944, -15.783) 18.122 
J_iso: -9.263e-06 
DMI: ( 0.0000 -0.0000 -0.0000)
   0(Fe1  )    1(Fe2  ) ( -1,   2,   1) -0.0000  0.0000  0.0000  0.0000 -0.0000  0.0000  0.0000  0.0000 -0.0002 ( 7.944,  4.025, -15.783) 18.122 
J_iso: -9.466e-06 
DMI: (-0.0000  0.0000  0.0000)
   0(Fe1  )    1(Fe2  ) (  1,  -1,   2) -0.0000 -0.0000 -0.0000 -0.0000 -0.0000  0.0000 -0.0000  0.0000 -0.0002 ( 4.025, 15.783, -7.944) 18.122 
J_iso: -7.107e-06 
DMI: (-0.0000 -0.0000  0.0000)
   0(Fe1  )    1(Fe2  ) (  2,  -1,   1) -0.0000  0.0000 -0.0000  0.0000 -0.0000  0.0000 -0.0000  0.0000 -0.0000 ( 7.944, 15.783, -4.025) 18.122 
J_iso: -1.121e-05 
DMI: ( 0.0000 -0.0000 -0.0000)
   0(Fe1  )    1(Fe2  ) (  2,   1,  -1) -0.0000 -0.0000  0.0000 -0.0000 -0.0000 -0.0000  0.0000 -0.0000 -0.0002 (15.783,  7.944, -4.025) 18.122 
J_iso: -1.119e-05 
DMI: ( 0.0000  0.0000 -0.0000)
   1(Fe2  )    0(Fe1  ) ( -2,  -1,   1) -0.0000 -0.0000  0.0000 -0.0000 -0.0000 -0.0000  0.0000 -0.0000 -0.0002 (-15.783, -7.944,  4.025) 18.122 
J_iso: -1.119e-05 
DMI: (-0.0000 -0.0000  0.0000)
   1(Fe2  )    0(Fe1  ) ( -2,   1,  -1) -0.0000  0.0000 -0.0000  0.0000 -0.0000  0.0000 -0.0000  0.0000 -0.0000 (-7.944, -15.783,  4.025) 18.122 
J_iso: -1.121e-05 
DMI: (-0.0000  0.0000  0.0000)
   1(Fe2  )    0(Fe1  ) ( -1,  -2,   1) -0.0000  0.0000 -0.0000  0.0000 -0.0000 -0.0000 -0.0000 -0.0000 -0.0000 (-15.783, -4.025,  7.944) 18.122 
J_iso: -1.479e-05 
DMI: (-0.0000  0.0000 -0.0000)
   1(Fe2  )    0(Fe1  ) ( -1,   1,  -2) -0.0000 -0.0000 -0.0000 -0.0000 -0.0000  0.0000 -0.0000  0.0000 -0.0002 (-4.025, -15.783,  7.944) 18.122 
J_iso: -7.107e-06 
DMI: ( 0.0000  0.0000 -0.0000)
   1(Fe2  )    0(Fe1  ) (  1,  -2,  -1) -0.0000  0.0000  0.0000  0.0000 -0.0000  0.0000  0.0000  0.0000 -0.0002 (-7.944, -4.025, 15.783) 18.122 
J_iso: -9.466e-06 
DMI: ( 0.0000 -0.0000 -0.0000)
   1(Fe2  )    0(Fe1  ) (  1,  -1,  -2) -0.0000  0.0000  0.0000  0.0000 -0.0000 -0.0000  0.0000 -0.0000 -0.0000 (-4.025, -7.944, 15.783) 18.122 
J_iso: -9.263e-06 
DMI: (-0.0000  0.0000  0.0000)
   0(Fe1  )    0(Fe1  ) ( -2,  -1,  -1)  0.0000 -0.0000 -0.0000 -0.0000  0.0000  0.0000 -0.0000  0.0000 -0.0000 (-11.879, -11.879,  7.960) 18.589 
J_iso: 4.075e-06 
DMI: (-0.0000  0.0000  0.0000)
   0(Fe1  )    0(Fe1  ) ( -1,  -2,  -1)  0.0000 -0.0000  0.0000 -0.0000  0.0000 -0.0000  0.0000 -0.0000 -0.0000 (-11.879, -7.960, 11.879) 18.589 
J_iso: 3.698e-06 
DMI: (-0.0000 -0.0000  0.0000)
   0(Fe1  )    0(Fe1  ) ( -1,  -1,  -2)  0.0000 -0.0000  0.0000 -0.0000  0.0000 -0.0000  0.0000 -0.0000 -0.0000 (-7.960, -11.879, 11.879) 18.589 
J_iso: 3.626e-06 
DMI: ( 0.0000  0.0000  0.0000)
   0(Fe1  )    0(Fe1  ) (  1,   1,   2)  0.0000 -0.0000  0.0000 -0.0000  0.0000 -0.0000  0.0000 -0.0000 -0.0000 ( 7.960, 11.879, -11.879) 18.589 
J_iso: 3.626e-06 
DMI: (-0.0000 -0.0000 -0.0000)
   0(Fe1  )    0(Fe1  ) (  1,   2,   1)  0.0000 -0.0000  0.0000 -0.0000  0.0000 -0.0000  0.0000 -0.0000 -0.0000 (11.879,  7.960, -11.879) 18.589 
J_iso: 3.698e-06 
DMI: ( 0.0000  0.0000 -0.0000)
   0(Fe1  )    0(Fe1  ) (  2,   1,   1)  0.0000 -0.0000 -0.0000 -0.0000  0.0000  0.0000 -0.0000  0.0000 -0.0000 (11.879, 11.879, -7.960) 18.589 
J_iso: 4.075e-06 
DMI: ( 0.0000 -0.0000 -0.0000)
   1(Fe2  )    1(Fe2  ) ( -2,  -1,  -1)  0.0000 -0.0000 -0.0000 -0.0000  0.0000  0.0000 -0.0000  0.0000 -0.0000 (-11.879, -11.879,  7.960) 18.589 
J_iso: 4.075e-06 
DMI: ( 0.0000 -0.0000 -0.0000)
   1(Fe2  )    1(Fe2  ) ( -1,  -2,  -1)  0.0000 -0.0000  0.0000 -0.0000  0.0000 -0.0000  0.0000 -0.0000 -0.0000 (-11.879, -7.960, 11.879) 18.589 
J_iso: 3.626e-06 
DMI: ( 0.0000  0.0000 -0.0000)
   1(Fe2  )    1(Fe2  ) ( -1,  -1,  -2)  0.0000 -0.0000  0.0000 -0.0000  0.0000 -0.0000  0.0000 -0.0000 -0.0000 (-7.960, -11.879, 11.879) 18.589 
J_iso: 3.698e-06 
DMI: (-0.0000 -0.0000 -0.0000)
   1(Fe2  )    1(Fe2  ) (  1,   2,   1)  0.0000 -0.0000  0.0000 -0.0000  0.0000 -0.0000  0.0000 -0.0000 -0.0000 (11.879,  7.960, -11.879) 18.589 
J_iso: 3.626e-06 
DMI: (-0.0000 -0.0000  0.0000)
   1(Fe2  )    1(Fe2  ) (  2,   1,   1)  0.0000 -0.0000 -0.0000 -0.0000  0.0000  0.0000 -0.0000  0.0000 -0.0000 (11.879, 11.879, -7.960) 18.589 
J_iso: 4.075e-06 
DMI: (-0.0000  0.0000  0.0000)
   1(Fe2  )    1(Fe2  ) (  1,   1,   2)  0.0000 -0.0000  0.0000 -0.0000  0.0000 -0.0000  0.0000 -0.0000 -0.0000 ( 7.960, 11.879, -11.879) 18.589 
J_iso: 3.698e-06 
DMI: ( 0.0000  0.0000  0.0000)
   0(Fe1  )    0(Fe1  ) ( -2,  -2,   0)  0.0000 -0.0000  0.0000 -0.0000  0.0000 -0.0000  0.0000 -0.0000 -0.0000 (-15.798, -7.960,  7.960) 19.398 
J_iso: 6.755e-06 
DMI: ( 0.0000  0.0000 -0.0000)
   0(Fe1  )    0(Fe1  ) ( -2,   0,  -2)  0.0000  0.0000 -0.0000  0.0000  0.0000  0.0000 -0.0000  0.0000 -0.0000 (-7.960, -15.798,  7.960) 19.398 
J_iso: 8.33e-06 
DMI: ( 0.0000  0.0000 -0.0000)
   0(Fe1  )    0(Fe1  ) (  0,  -2,  -2)  0.0000 -0.0000  0.0000 -0.0000  0.0000  0.0000  0.0000  0.0000 -0.0000 (-7.960, -7.960, 15.798) 19.398 
J_iso: 7.469e-06 
DMI: (-0.0000 -0.0000 -0.0000)
   1(Fe2  )    1(Fe2  ) ( -2,   0,  -2)  0.0000 -0.0000  0.0000 -0.0000  0.0000 -0.0000  0.0000 -0.0000 -0.0000 (-7.960, -15.798,  7.960) 19.398 
J_iso: 6.755e-06 
DMI: ( 0.0000  0.0000  0.0000)
   1(Fe2  )    1(Fe2  ) (  0,  -2,  -2)  0.0000 -0.0000 -0.0000 -0.0000  0.0000 -0.0000 -0.0000 -0.0000 -0.0000 (-7.960, -7.960, 15.798) 19.398 
J_iso: 7.469e-06 
DMI: (-0.0000 -0.0000  0.0000)
   1(Fe2  )    1(Fe2  ) (  2,   2,   0)  0.0000  0.0000 -0.0000  0.0000  0.0000  0.0000 -0.0000  0.0000 -0.0000 (15.798,  7.960, -7.960) 19.398 
J_iso: 8.33e-06 
DMI: (-0.0000 -0.0000 -0.0000)
   0(Fe1  )    0(Fe1  ) (  0,   2,   2)  0.0000 -0.0000  0.0000 -0.0000  0.0000  0.0000  0.0000  0.0000 -0.0000 ( 7.960,  7.960, -15.798) 19.398 
J_iso: 7.469e-06 
DMI: ( 0.0000  0.0000  0.0000)
   0(Fe1  )    0(Fe1  ) (  2,   0,   2)  0.0000  0.0000 -0.0000  0.0000  0.0000  0.0000 -0.0000  0.0000 -0.0000 ( 7.960, 15.798, -7.960) 19.398 
J_iso: 8.33e-06 
DMI: (-0.0000 -0.0000  0.0000)
   0(Fe1  )    0(Fe1  ) (  2,   2,   0)  0.0000 -0.0000  0.0000 -0.0000  0.0000 -0.0000  0.0000 -0.0000 -0.0000 (15.798,  7.960, -7.960) 19.398 
J_iso: 6.755e-06 
DMI: (-0.0000 -0.0000  0.0000)
   1(Fe2  )    1(Fe2  ) ( -2,  -2,   0)  0.0000  0.0000 -0.0000  0.0000  0.0000  0.0000 -0.0000  0.0000 -0.0000 (-15.798, -7.960,  7.960) 19.398 
J_iso: 8.33e-06 
DMI: ( 0.0000  0.0000  0.0000)
   1(Fe2  )    1(Fe2  ) (  0,   2,   2)  0.0000 -0.0000 -0.0000 -0.0000  0.0000 -0.0000 -0.0000 -0.0000 -0.0000 ( 7.960,  7.960, -15.798) 19.398 
J_iso: 7.469e-06 
DMI: ( 0.0000  0.0000 -0.0000)
   1(Fe2  )    1(Fe2  ) (  2,   0,   2)  0.0000 -0.0000  0.0000 -0.0000  0.0000 -0.0000  0.0000 -0.0000 -0.0000 ( 7.960, 15.798, -7.960) 19.398 
J_iso: 6.755e-06 
DMI: (-0.0000 -0.0000 -0.0000)
   0(Fe1  )    1(Fe2  ) ( -2,   2,   2) -0.0000  0.0000 -0.0000  0.0000 -0.0000  0.0000 -0.0000  0.0000 -0.0000 ( 4.025,  4.025, -19.702) 20.508 
J_iso: -1.369e-05 
DMI: (-0.0000  0.0000  0.0000)
   0(Fe1  )    1(Fe2  ) (  2,  -2,   2) -0.0000 -0.0000  0.0000 -0.0000 -0.0000 -0.0000  0.0000 -0.0000 -0.0000 ( 4.025, 19.702, -4.025) 20.508 
J_iso: -1.326e-05 
DMI: (-0.0000 -0.0000  0.0000)
   1(Fe2  )    0(Fe1  ) ( -2,   2,  -2) -0.0000 -0.0000  0.0000 -0.0000 -0.0000 -0.0000  0.0000 -0.0000 -0.0000 (-4.025, -19.702,  4.025) 20.508 
J_iso: -1.326e-05 
DMI: ( 0.0000  0.0000 -0.0000)
   1(Fe2  )    0(Fe1  ) (  2,  -2,  -2) -0.0000  0.0000 -0.0000  0.0000 -0.0000  0.0000 -0.0000  0.0000 -0.0000 (-4.025, -4.025, 19.702) 20.508 
J_iso: -1.369e-05 
DMI: ( 0.0000 -0.0000 -0.0000)
   0(Fe1  )    1(Fe2  ) (  2,   2,  -2) -0.0000 -0.0000  0.0000 -0.0000 -0.0000 -0.0000  0.0000 -0.0000 -0.0000 (19.702,  4.025, -4.025) 20.508 
J_iso: -1.11e-05 
DMI: ( 0.0000  0.0000 -0.0000)
   1(Fe2  )    0(Fe1  ) ( -2,  -2,   2) -0.0000 -0.0000  0.0000 -0.0000 -0.0000 -0.0000  0.0000 -0.0000 -0.0000 (-19.702, -4.025,  4.025) 20.508 
J_iso: -1.11e-05 
DMI: (-0.0000 -0.0000  0.0000)
   0(Fe1  )    1(Fe2  ) ( -2,  -2,  -2)  0.0000 -0.0000  0.0000 -0.0000  0.0000  0.0000  0.0000  0.0000 -0.0000 (-11.894, -11.894, 11.894) 20.601 
J_iso: 1.775e-06 
DMI: (-0.0000  0.0000  0.0000)
   1(Fe2  )    0(Fe1  ) (  2,   2,   2)  0.0000 -0.0000  0.0000 -0.0000  0.0000  0.0000  0.0000  0.0000 -0.0000 (11.894, 11.894, -11.894) 20.601 
J_iso: 1.775e-06 
DMI: ( 0.0000 -0.0000 -0.0000)
   0(Fe1  )    1(Fe2  ) (  1,   1,   1)  0.0000 -0.0000 -0.0000 -0.0000  0.0000 -0.0000 -0.0000 -0.0000 -0.0000 (11.894, 11.894, -11.894) 20.601 
J_iso: 1.775e-06 
DMI: (-0.0000  0.0000  0.0000)
   1(Fe2  )    0(Fe1  ) ( -1,  -1,  -1)  0.0000 -0.0000 -0.0000 -0.0000  0.0000 -0.0000 -0.0000 -0.0000 -0.0000 (-11.894, -11.894, 11.894) 20.601 
J_iso: 1.775e-06 
DMI: ( 0.0000 -0.0000 -0.0000)
   0(Fe1  )    1(Fe2  ) (  0,   1,   2)  0.0000  0.0000 -0.0000  0.0000  0.0000  0.0000 -0.0000  0.0000 -0.0000 ( 7.975, 11.894, -15.813) 21.334 
J_iso: 4.324e-06 
DMI: ( 0.0000  0.0000  0.0000)
   0(Fe1  )    1(Fe2  ) (  0,   2,   1)  0.0000 -0.0000 -0.0000 -0.0000  0.0000  0.0000 -0.0000  0.0000 -0.0000 (11.894,  7.975, -15.813) 21.334 
J_iso: 5.94e-06 
DMI: (-0.0000 -0.0000 -0.0000)
   0(Fe1  )    1(Fe2  ) (  1,   0,   2)  0.0000  0.0000  0.0000  0.0000  0.0000 -0.0000  0.0000 -0.0000 -0.0000 ( 7.975, 15.813, -11.894) 21.334 
J_iso: 6.042e-06 
DMI: ( 0.0000  0.0000 -0.0000)
   0(Fe1  )    1(Fe2  ) (  1,   2,   0)  0.0000  0.0000  0.0000  0.0000  0.0000 -0.0000  0.0000 -0.0000 -0.0000 (15.813,  7.975, -11.894) 21.334 
J_iso: 4.224e-06 
DMI: ( 0.0000 -0.0000 -0.0000)
   0(Fe1  )    1(Fe2  ) (  2,   0,   1)  0.0000 -0.0000  0.0000 -0.0000  0.0000  0.0000  0.0000  0.0000 -0.0000 (11.894, 15.813, -7.975) 21.334 
J_iso: 3.67e-06 
DMI: (-0.0000 -0.0000  0.0000)
   0(Fe1  )    1(Fe2  ) (  2,   1,   0)  0.0000 -0.0000 -0.0000 -0.0000  0.0000  0.0000 -0.0000  0.0000 -0.0000 (15.813, 11.894, -7.975) 21.334 
J_iso: 6.103e-06 
DMI: (-0.0000  0.0000 -0.0000)
   1(Fe2  )    0(Fe1  ) ( -2,   0,  -1)  0.0000 -0.0000  0.0000 -0.0000  0.0000  0.0000  0.0000  0.0000 -0.0000 (-11.894, -15.813,  7.975) 21.334 
J_iso: 3.67e-06 
DMI: ( 0.0000  0.0000 -0.0000)
   1(Fe2  )    0(Fe1  ) ( -1,   0,  -2)  0.0000  0.0000  0.0000  0.0000  0.0000 -0.0000  0.0000 -0.0000 -0.0000 (-7.975, -15.813, 11.894) 21.334 
J_iso: 6.042e-06 
DMI: (-0.0000 -0.0000  0.0000)
   1(Fe2  )    0(Fe1  ) (  0,  -2,  -1)  0.0000 -0.0000 -0.0000 -0.0000  0.0000  0.0000 -0.0000  0.0000 -0.0000 (-11.894, -7.975, 15.813) 21.334 
J_iso: 5.94e-06 
DMI: ( 0.0000  0.0000  0.0000)
   1(Fe2  )    0(Fe1  ) (  0,  -1,  -2)  0.0000  0.0000 -0.0000  0.0000  0.0000  0.0000 -0.0000  0.0000 -0.0000 (-7.975, -11.894, 15.813) 21.334 
J_iso: 4.324e-06 
DMI: (-0.0000 -0.0000 -0.0000)
   1(Fe2  )    0(Fe1  ) ( -2,  -1,   0)  0.0000 -0.0000 -0.0000 -0.0000  0.0000  0.0000 -0.0000  0.0000 -0.0000 (-15.813, -11.894,  7.975) 21.334 
J_iso: 6.103e-06 
DMI: ( 0.0000 -0.0000  0.0000)
   1(Fe2  )    0(Fe1  ) ( -1,  -2,   0)  0.0000  0.0000  0.0000  0.0000  0.0000 -0.0000  0.0000 -0.0000 -0.0000 (-15.813, -7.975, 11.894) 21.334 
J_iso: 4.224e-06 
DMI: (-0.0000  0.0000  0.0000)
   0(Fe1  )    1(Fe2  ) ( -1,   2,   2)  0.0000  0.0000  0.0000  0.0000  0.0000 -0.0000  0.0000 -0.0000 -0.0000 ( 7.975,  7.975, -19.733) 22.728 
J_iso: 8.151e-06 
DMI: (-0.0000  0.0000  0.0000)
   0(Fe1  )    1(Fe2  ) (  2,  -1,   2)  0.0000 -0.0000 -0.0000 -0.0000  0.0000 -0.0000 -0.0000 -0.0000 -0.0000 ( 7.975, 19.733, -7.975) 22.728 
J_iso: 7.409e-06 
DMI: (-0.0000  0.0000 -0.0000)
   0(Fe1  )    1(Fe2  ) (  2,   2,  -1)  0.0000  0.0000 -0.0000  0.0000  0.0000 -0.0000 -0.0000 -0.0000 -0.0000 (19.733,  7.975, -7.975) 22.728 
J_iso: 7.051e-06 
DMI: (-0.0000  0.0000 -0.0000)
   1(Fe2  )    0(Fe1  ) ( -2,   1,  -2)  0.0000 -0.0000 -0.0000 -0.0000  0.0000 -0.0000 -0.0000 -0.0000 -0.0000 (-7.975, -19.733,  7.975) 22.728 
J_iso: 7.409e-06 
DMI: ( 0.0000 -0.0000  0.0000)
   1(Fe2  )    0(Fe1  ) (  1,  -2,  -2)  0.0000  0.0000  0.0000  0.0000  0.0000 -0.0000  0.0000 -0.0000 -0.0000 (-7.975, -7.975, 19.733) 22.728 
J_iso: 8.151e-06 
DMI: ( 0.0000 -0.0000 -0.0000)
   1(Fe2  )    0(Fe1  ) ( -2,  -2,   1)  0.0000  0.0000 -0.0000  0.0000  0.0000 -0.0000 -0.0000 -0.0000 -0.0000 (-19.733, -7.975,  7.975) 22.728 
J_iso: 7.051e-06 
DMI: ( 0.0000 -0.0000  0.0000)
   0(Fe1  )    0(Fe1  ) ( -2,  -2,  -1)  0.0000 -0.0000 -0.0000 -0.0000  0.0000 -0.0000 -0.0000 -0.0000 -0.0000 (-15.828, -11.909, 11.909) 23.113 
J_iso: 1.81e-06 
DMI: (-0.0000  0.0000 -0.0000)
   0(Fe1  )    0(Fe1  ) ( -2,  -1,  -2)  0.0000 -0.0000  0.0000 -0.0000  0.0000  0.0000  0.0000  0.0000 -0.0000 (-11.909, -15.828, 11.909) 23.113 
J_iso: 2.141e-06 
DMI: (-0.0000  0.0000  0.0000)
   0(Fe1  )    0(Fe1  ) ( -1,  -2,  -2)  0.0000 -0.0000  0.0000 -0.0000  0.0000 -0.0000  0.0000 -0.0000 -0.0000 (-11.909, -11.909, 15.828) 23.113 
J_iso: 2.055e-06 
DMI: (-0.0000  0.0000 -0.0000)
   0(Fe1  )    0(Fe1  ) (  1,   2,   2)  0.0000 -0.0000  0.0000 -0.0000  0.0000 -0.0000  0.0000 -0.0000 -0.0000 (11.909, 11.909, -15.828) 23.113 
J_iso: 2.055e-06 
DMI: ( 0.0000 -0.0000  0.0000)
   0(Fe1  )    0(Fe1  ) (  2,   2,   1)  0.0000 -0.0000 -0.0000 -0.0000  0.0000 -0.0000 -0.0000 -0.0000 -0.0000 (15.828, 11.909, -11.909) 23.113 
J_iso: 1.81e-06 
DMI: ( 0.0000 -0.0000  0.0000)
   1(Fe2  )    1(Fe2  ) ( -2,  -2,  -1)  0.0000 -0.0000 -0.0000 -0.0000  0.0000 -0.0000 -0.0000 -0.0000 -0.0000 (-15.828, -11.909, 11.909) 23.113 
J_iso: 2.141e-06 
DMI: ( 0.0000 -0.0000 -0.0000)
   1(Fe2  )    1(Fe2  ) ( -2,  -1,  -2)  0.0000 -0.0000  0.0000 -0.0000  0.0000  0.0000  0.0000  0.0000 -0.0000 (-11.909, -15.828, 11.909) 23.113 
J_iso: 1.81e-06 
DMI: ( 0.0000 -0.0000  0.0000)
   1(Fe2  )    1(Fe2  ) ( -1,  -2,  -2)  0.0000 -0.0000  0.0000 -0.0000  0.0000 -0.0000  0.0000 -0.0000 -0.0000 (-11.909, -11.909, 15.828) 23.113 
J_iso: 2.055e-06 
DMI: ( 0.0000 -0.0000  0.0000)
   1(Fe2  )    1(Fe2  ) (  2,   2,   1)  0.0000 -0.0000 -0.0000 -0.0000  0.0000 -0.0000 -0.0000 -0.0000 -0.0000 (15.828, 11.909, -11.909) 23.113 
J_iso: 2.141e-06 
DMI: (-0.0000  0.0000  0.0000)
   0(Fe1  )    0(Fe1  ) (  2,   1,   2)  0.0000 -0.0000  0.0000 -0.0000  0.0000  0.0000  0.0000  0.0000 -0.0000 (11.909, 15.828, -11.909) 23.113 
J_iso: 2.141e-06 
DMI: ( 0.0000 -0.0000 -0.0000)
   1(Fe2  )    1(Fe2  ) (  1,   2,   2)  0.0000 -0.0000  0.0000 -0.0000  0.0000 -0.0000  0.0000 -0.0000 -0.0000 (11.909, 11.909, -15.828) 23.113 
J_iso: 2.055e-06 
DMI: (-0.0000  0.0000 -0.0000)
   1(Fe2  )    1(Fe2  ) (  2,   1,   2)  0.0000 -0.0000  0.0000 -0.0000  0.0000  0.0000  0.0000  0.0000 -0.0000 (11.909, 15.828, -11.909) 23.113 
J_iso: 1.81e-06 
DMI: (-0.0000  0.0000 -0.0000)
   0(Fe1  )    1(Fe2  ) (  1,   1,   2)  0.0000 -0.0000  0.0000 -0.0000  0.0000 -0.0000  0.0000 -0.0000 -0.0000 (11.924, 15.843, -15.843) 25.381 
J_iso: 6.001e-06 
DMI: ( 0.0000  0.0000  0.0000)
   0(Fe1  )    1(Fe2  ) (  1,   2,   1)  0.0000  0.0000 -0.0000  0.0000  0.0000 -0.0000 -0.0000 -0.0000 -0.0000 (15.843, 11.924, -15.843) 25.381 
J_iso: 5.104e-06 
DMI: ( 0.0000 -0.0000 -0.0000)
   0(Fe1  )    1(Fe2  ) (  2,   1,   1)  0.0000 -0.0000 -0.0000 -0.0000  0.0000  0.0000 -0.0000  0.0000 -0.0000 (15.843, 15.843, -11.924) 25.381 
J_iso: 6.365e-06 
DMI: (-0.0000 -0.0000 -0.0000)
   1(Fe2  )    0(Fe1  ) ( -2,  -1,  -1)  0.0000 -0.0000 -0.0000 -0.0000  0.0000  0.0000 -0.0000  0.0000 -0.0000 (-15.843, -15.843, 11.924) 25.381 
J_iso: 6.365e-06 
DMI: ( 0.0000  0.0000  0.0000)
   1(Fe2  )    0(Fe1  ) ( -1,  -2,  -1)  0.0000  0.0000 -0.0000  0.0000  0.0000 -0.0000 -0.0000 -0.0000 -0.0000 (-15.843, -11.924, 15.843) 25.381 
J_iso: 5.104e-06 
DMI: (-0.0000  0.0000  0.0000)
   1(Fe2  )    0(Fe1  ) ( -1,  -1,  -2)  0.0000 -0.0000  0.0000 -0.0000  0.0000 -0.0000  0.0000 -0.0000 -0.0000 (-11.924, -15.843, 15.843) 25.381 
J_iso: 6.001e-06 
DMI: (-0.0000 -0.0000 -0.0000)
   0(Fe1  )    1(Fe2  ) (  2,   2,   0)  0.0000  0.0000  0.0000  0.0000  0.0000 -0.0000  0.0000 -0.0000 -0.0000 (19.763, 11.924, -11.924) 25.980 
J_iso: 1.146e-05 
DMI: ( 0.0000 -0.0000  0.0000)
   1(Fe2  )    0(Fe1  ) ( -2,  -2,   0)  0.0000  0.0000  0.0000  0.0000  0.0000 -0.0000  0.0000 -0.0000 -0.0000 (-19.763, -11.924, 11.924) 25.980 
J_iso: 1.146e-05 
DMI: (-0.0000  0.0000 -0.0000)
   0(Fe1  )    1(Fe2  ) (  0,   2,   2)  0.0000  0.0000  0.0000  0.0000  0.0000  0.0000  0.0000  0.0000 -0.0000 (11.924, 11.924, -19.763) 25.980 
J_iso: 1.227e-05 
DMI: ( 0.0000 -0.0000 -0.0000)
   0(Fe1  )    1(Fe2  ) (  2,   0,   2)  0.0000 -0.0000 -0.0000 -0.0000  0.0000  0.0000 -0.0000  0.0000 -0.0000 (11.924, 19.763, -11.924) 25.980 
J_iso: 1.089e-05 
DMI: ( 0.0000 -0.0000  0.0000)
   1(Fe2  )    0(Fe1  ) ( -2,   0,  -2)  0.0000 -0.0000 -0.0000 -0.0000  0.0000  0.0000 -0.0000  0.0000 -0.0000 (-11.924, -19.763, 11.924) 25.980 
J_iso: 1.089e-05 
DMI: (-0.0000  0.0000 -0.0000)
   1(Fe2  )    0(Fe1  ) (  0,  -2,  -2)  0.0000  0.0000  0.0000  0.0000  0.0000  0.0000  0.0000  0.0000 -0.0000 (-11.924, -11.924, 19.763) 25.980 
J_iso: 1.227e-05 
DMI: (-0.0000  0.0000  0.0000)
   0(Fe1  )    0(Fe1  ) ( -2,  -2,  -2)  0.0000 -0.0000  0.0000 -0.0000  0.0000  0.0000  0.0000  0.0000 -0.0000 (-15.859, -15.859, 15.859) 27.468 
J_iso: 6.078e-06 
DMI: (-0.0000  0.0000  0.0000)
   0(Fe1  )    0(Fe1  ) (  2,   2,   2)  0.0000 -0.0000  0.0000 -0.0000  0.0000  0.0000  0.0000  0.0000 -0.0000 (15.859, 15.859, -15.859) 27.468 
J_iso: 6.078e-06 
DMI: ( 0.0000 -0.0000 -0.0000)
   1(Fe2  )    1(Fe2  ) ( -2,  -2,  -2)  0.0000 -0.0000 -0.0000 -0.0000  0.0000 -0.0000 -0.0000 -0.0000 -0.0000 (-15.859, -15.859, 15.859) 27.468 
J_iso: 6.078e-06 
DMI: ( 0.0000 -0.0000 -0.0000)
   1(Fe2  )    1(Fe2  ) (  2,   2,   2)  0.0000 -0.0000 -0.0000 -0.0000  0.0000 -0.0000 -0.0000 -0.0000 -0.0000 (15.859, 15.859, -15.859) 27.468 
J_iso: 6.078e-06 
DMI: (-0.0000  0.0000  0.0000)
   0(Fe1  )    1(Fe2  ) (  2,   2,   1)  0.0000  0.0000 -0.0000  0.0000  0.0000  0.0000 -0.0000  0.0000 -0.0000 (19.793, 15.874, -15.874) 29.928 
J_iso: 2.032e-05 
DMI: (-0.0000 -0.0000  0.0000)
   0(Fe1  )    1(Fe2  ) (  1,   2,   2)  0.0000  0.0000  0.0000  0.0000  0.0000 -0.0000  0.0000 -0.0000 -0.0000 (15.874, 15.874, -19.793) 29.928 
J_iso: 2.086e-05 
DMI: ( 0.0000 -0.0000 -0.0000)
   0(Fe1  )    1(Fe2  ) (  2,   1,   2)  0.0000 -0.0000  0.0000 -0.0000  0.0000  0.0000  0.0000  0.0000 -0.0000 (15.874, 19.793, -15.874) 29.928 
J_iso: 2.061e-05 
DMI: ( 0.0000  0.0000  0.0000)
   1(Fe2  )    0(Fe1  ) ( -2,  -2,  -1)  0.0000  0.0000 -0.0000  0.0000  0.0000  0.0000 -0.0000  0.0000 -0.0000 (-19.793, -15.874, 15.874) 29.928 
J_iso: 2.032e-05 
DMI: ( 0.0000  0.0000 -0.0000)
   1(Fe2  )    0(Fe1  ) ( -2,  -1,  -2)  0.0000 -0.0000  0.0000 -0.0000  0.0000  0.0000  0.0000  0.0000 -0.0000 (-15.874, -19.793, 15.874) 29.928 
J_iso: 2.061e-05 
DMI: (-0.0000 -0.0000 -0.0000)
   1(Fe2  )    0(Fe1  ) ( -1,  -2,  -2)  0.0000  0.0000  0.0000  0.0000  0.0000 -0.0000  0.0000 -0.0000 -0.0000 (-15.874, -15.874, 19.793) 29.928 
J_iso: 2.086e-05 
DMI: (-0.0000  0.0000  0.0000)
   0(Fe1  )    1(Fe2  ) (  2,   2,   2)  0.0000 -0.0000 -0.0000 -0.0000  0.0000 -0.0000 -0.0000 -0.0000  0.0000 (19.823, 19.823, -19.823) 34.335 
J_iso: 7.488e-06 
DMI: (-0.0000  0.0000  0.0000)
   1(Fe2  )    0(Fe1  ) ( -2,  -2,  -2)  0.0000 -0.0000 -0.0000 -0.0000  0.0000 -0.0000 -0.0000 -0.0000  0.0000 (-19.823, -19.823, 19.823) 34.335 
J_iso: 7.488e-06 
DMI: ( 0.0000 -0.0000 -0.0000)
