==========================================================================================
Information: 
Exchange parameters generated by TB2J 0.3.0
Generation time: 20/09/03 10:41:32
 Input from non-collinear Siesta data.
 working directory: /home/ICN2/xhe/projects/TB2J_examples/Siesta/BiFeO3_SOC/U4/BiFeO3_SOC_x_U4
 fdf_fname: siesta.fdf.
Warning: The DMI component parallel to the spin orientation, the Jani which has the component of that orientation should be disregarded
 e.g. if the spins are along z, the xz, yz, zz, zx, zy components and the z component of DMI.
 If you need these component, try to do three calculations with spin along x, y, z,  or use structure with z rotated to x, y and z. And then use TB2J_merge.py to get the full set of parameters.

==========================================================================================
Cell (Angstrom):
 3.950   3.950  -0.030
 3.950   0.030  -3.950
 0.030   3.950  -3.950

==========================================================================================
Atoms:  
(Note: charge and magmoms only count the wannier functions.)
Atom_number      x         y         z     w_charge    M(x)      M(y)      M(z)   
Bi1             0.2413    0.2413   -0.2413    2.1982   -0.0011    0.0005   -0.0032
Bi2             4.2060    4.2060   -4.2060    2.1982    0.0005   -0.0011    0.0032
Fe1             2.0165    2.0165   -2.0165    6.1741   -0.0028    0.0020    4.1207
Fe2             5.9812    5.9812   -5.9812    6.1741    0.0020   -0.0028   -4.1207
O1              3.9388    2.1558   -5.5238    4.8827   -0.0010    0.0026   -0.0563
O2              3.9539    5.5389   -6.0903    4.8826   -0.0004    0.0027    0.0564
O3              2.1558    5.5238   -3.9388    4.8826   -0.0006   -0.0005   -0.0557
O4              5.5389    6.0903   -3.9539    4.8826   -0.0005   -0.0006    0.0557
O5              5.5238    3.9388   -2.1558    4.8826    0.0027   -0.0004   -0.0564
O6              6.0903    3.9539   -5.5389    4.8827    0.0026   -0.0010    0.0563
Total                                        46.0404    0.0013    0.0013    0.0000

==========================================================================================
Exchange: 
    i      j          R        J_iso(meV)          vector          distance(A) 
----------------------------------------------------------------------------------------
   Fe2   Fe1   (  0,   1,   1) -26.7617   ( 0.015,  0.015, -3.934)  3.934 
J_iso: -26.7617 
[Experimental!] Jprime: -34.466,  B: -3.825
[Experimental!] DMI: ( 0.3435  0.0866  0.2247)
[Experimental!]J_ani:
[[-0.042 -0.008  0.001]
 [-0.008 -0.065 -0.026]
 [ 0.001 -0.026 -7.651]]
----------------------------------------------------------------------------------------
   Fe2   Fe1   (  1,   0,   1) -26.8193   ( 0.015,  3.934, -0.015)  3.934 
J_iso: -26.8193 
[Experimental!] Jprime: -34.508,  B: -3.832
[Experimental!] DMI: (-0.1005 -0.1567 -0.0358)
[Experimental!]J_ani:
[[-0.026 -0.002  0.05 ]
 [-0.002 -0.024 -0.01 ]
 [ 0.05  -0.01  -7.663]]
----------------------------------------------------------------------------------------
   Fe1   Fe2   ( -1,   0,  -1) -26.8193   (-0.015, -3.934,  0.015)  3.934 
J_iso: -26.8193 
[Experimental!] Jprime: -34.508,  B: -3.832
[Experimental!] DMI: ( 0.1005  0.1567  0.0358)
[Experimental!]J_ani:
[[-0.026 -0.002  0.05 ]
 [-0.002 -0.024 -0.01 ]
 [ 0.05  -0.01  -7.663]]
----------------------------------------------------------------------------------------
   Fe1   Fe2   (  0,  -1,  -1) -26.7617   (-0.015, -0.015,  3.934)  3.934 
J_iso: -26.7617 
[Experimental!] Jprime: -34.466,  B: -3.825
[Experimental!] DMI: (-0.3435 -0.0866 -0.2247)
[Experimental!]J_ani:
[[-0.042 -0.008  0.001]
 [-0.008 -0.065 -0.026]
 [ 0.001 -0.026 -7.651]]
----------------------------------------------------------------------------------------
   Fe2   Fe1   (  1,   1,   0) -26.7992   ( 3.934,  0.015, -0.015)  3.934 
J_iso: -26.7992 
[Experimental!] Jprime: -34.513,  B: -3.841
[Experimental!] DMI: ( 0.1575 -0.3093  0.0359)
[Experimental!]J_ani:
[[-0.042 -0.005 -0.022]
 [-0.005 -0.021  0.033]
 [-0.022  0.033 -7.682]]
----------------------------------------------------------------------------------------
   Fe1   Fe2   ( -1,  -1,   0) -26.7992   (-3.934, -0.015,  0.015)  3.934 
J_iso: -26.7992 
[Experimental!] Jprime: -34.513,  B: -3.841
[Experimental!] DMI: (-0.1575  0.3093 -0.0359)
[Experimental!]J_ani:
[[-0.042 -0.005 -0.022]
 [-0.005 -0.021  0.033]
 [-0.022  0.033 -7.682]]
----------------------------------------------------------------------------------------
   Fe1   Fe2   ( -1,   0,   0) -26.7612   ( 0.015,  0.015, -3.934)  3.934 
J_iso: -26.7612 
[Experimental!] Jprime: -34.466,  B: -3.825
[Experimental!] DMI: ( 0.0865  0.3435 -0.2247)
[Experimental!]J_ani:
[[-0.065 -0.008  0.026]
 [-0.008 -0.042 -0.001]
 [ 0.026 -0.001 -7.651]]
----------------------------------------------------------------------------------------
   Fe1   Fe2   (  0,  -1,   0) -26.7992   ( 0.015,  3.934, -0.015)  3.934 
J_iso: -26.7992 
[Experimental!] Jprime: -34.513,  B: -3.841
[Experimental!] DMI: (-0.3093  0.1575 -0.0359)
[Experimental!]J_ani:
[[-0.021 -0.005 -0.033]
 [-0.005 -0.042  0.022]
 [-0.033  0.022 -7.682]]
----------------------------------------------------------------------------------------
   Fe1   Fe2   (  0,   0,  -1) -26.8190   ( 3.934,  0.015, -0.015)  3.934 
J_iso: -26.8190 
[Experimental!] Jprime: -34.508,  B: -3.832
[Experimental!] DMI: (-0.1567 -0.1005  0.0358)
[Experimental!]J_ani:
[[-0.024 -0.002  0.01 ]
 [-0.002 -0.026 -0.05 ]
 [ 0.01  -0.05  -7.663]]
----------------------------------------------------------------------------------------
   Fe2   Fe1   (  0,   0,   1) -26.8190   (-3.934, -0.015,  0.015)  3.934 
J_iso: -26.8190 
[Experimental!] Jprime: -34.508,  B: -3.832
[Experimental!] DMI: ( 0.1567  0.1005 -0.0358)
[Experimental!]J_ani:
[[-0.024 -0.002  0.01 ]
 [-0.002 -0.026 -0.05 ]
 [ 0.01  -0.05  -7.663]]
----------------------------------------------------------------------------------------
   Fe2   Fe1   (  0,   1,   0) -26.7992   (-0.015, -3.934,  0.015)  3.934 
J_iso: -26.7992 
[Experimental!] Jprime: -34.513,  B: -3.841
[Experimental!] DMI: ( 0.3093 -0.1575  0.0359)
[Experimental!]J_ani:
[[-0.021 -0.005 -0.033]
 [-0.005 -0.042  0.022]
 [-0.033  0.022 -7.682]]
----------------------------------------------------------------------------------------
   Fe2   Fe1   (  1,   0,   0) -26.7612   (-0.015, -0.015,  3.934)  3.934 
J_iso: -26.7612 
[Experimental!] Jprime: -34.466,  B: -3.825
[Experimental!] DMI: (-0.0865 -0.3435  0.2247)
[Experimental!]J_ani:
[[-0.065 -0.008  0.026]
 [-0.008 -0.042 -0.001]
 [ 0.026 -0.001 -7.651]]
----------------------------------------------------------------------------------------
   Fe1   Fe1   ( -1,   1,   0) -0.7442   ( 0.000, -3.919, -3.919)  5.543 
J_iso: -0.7442 
[Experimental!] Jprime: 0.502,  B: -0.631
[Experimental!] DMI: (-0.0536 -0.0410 -0.0019)
[Experimental!]J_ani:
[[-0.017 -0.004 -0.003]
 [-0.004 -0.013 -0.003]
 [-0.003 -0.003 -1.261]]
----------------------------------------------------------------------------------------
   Fe1   Fe1   (  1,  -1,   0) -0.7442   (-0.000,  3.919,  3.919)  5.543 
J_iso: -0.7442 
[Experimental!] Jprime: 0.502,  B: -0.631
[Experimental!] DMI: ( 0.0536  0.0410  0.0019)
[Experimental!]J_ani:
[[-0.017 -0.004 -0.003]
 [-0.004 -0.013 -0.003]
 [-0.003 -0.003 -1.261]]
----------------------------------------------------------------------------------------
   Fe2   Fe2   ( -1,   0,   1) -0.7442   (-3.919,  0.000, -3.919)  5.543 
J_iso: -0.7442 
[Experimental!] Jprime: 0.502,  B: -0.631
[Experimental!] DMI: (-0.0410 -0.0536  0.0019)
[Experimental!]J_ani:
[[-0.013 -0.004  0.003]
 [-0.004 -0.017  0.003]
 [ 0.003  0.003 -1.261]]
----------------------------------------------------------------------------------------
   Fe2   Fe2   ( -1,   1,   0) -0.7422   ( 0.000, -3.919, -3.919)  5.543 
J_iso: -0.7422 
[Experimental!] Jprime: 0.497,  B: -0.629
[Experimental!] DMI: (-0.0523 -0.0091  0.0032)
[Experimental!]J_ani:
[[-0.02  -0.006  0.02 ]
 [-0.006 -0.016  0.016]
 [ 0.02   0.016 -1.257]]
----------------------------------------------------------------------------------------
   Fe2   Fe2   (  1,  -1,   0) -0.7422   ( 0.000,  3.919,  3.919)  5.543 
J_iso: -0.7422 
[Experimental!] Jprime: 0.497,  B: -0.629
[Experimental!] DMI: ( 0.0523  0.0091 -0.0032)
[Experimental!]J_ani:
[[-0.02  -0.006  0.02 ]
 [-0.006 -0.016  0.016]
 [ 0.02   0.016 -1.257]]
----------------------------------------------------------------------------------------
   Fe2   Fe2   (  1,   0,  -1) -0.7442   ( 3.919, -0.000,  3.919)  5.543 
J_iso: -0.7442 
[Experimental!] Jprime: 0.502,  B: -0.631
[Experimental!] DMI: ( 0.0410  0.0536 -0.0019)
[Experimental!]J_ani:
[[-0.013 -0.004  0.003]
 [-0.004 -0.017  0.003]
 [ 0.003  0.003 -1.261]]
----------------------------------------------------------------------------------------
   Fe1   Fe1   ( -1,   0,   1) -0.7422   (-3.919,  0.000, -3.919)  5.543 
J_iso: -0.7422 
[Experimental!] Jprime: 0.497,  B: -0.629
[Experimental!] DMI: (-0.0091 -0.0523 -0.0032)
[Experimental!]J_ani:
[[-0.016 -0.006 -0.016]
 [-0.006 -0.02  -0.02 ]
 [-0.016 -0.02  -1.257]]
----------------------------------------------------------------------------------------
   Fe1   Fe1   (  0,  -1,   1) -0.7431   (-3.919,  3.919, -0.000)  5.543 
J_iso: -0.7431 
[Experimental!] Jprime: 0.508,  B: -0.633
[Experimental!] DMI: ( 0.0430 -0.0095 -0.0468)
[Experimental!]J_ani:
[[-0.015  0.008 -0.008]
 [ 0.008 -0.016 -0.01 ]
 [-0.008 -0.01  -1.267]]
----------------------------------------------------------------------------------------
   Fe1   Fe1   (  0,   1,  -1) -0.7431   ( 3.919, -3.919,  0.000)  5.543 
J_iso: -0.7431 
[Experimental!] Jprime: 0.508,  B: -0.633
[Experimental!] DMI: (-0.0430  0.0095  0.0468)
[Experimental!]J_ani:
[[-0.015  0.008 -0.008]
 [ 0.008 -0.016 -0.01 ]
 [-0.008 -0.01  -1.267]]
----------------------------------------------------------------------------------------
   Fe1   Fe1   (  1,   0,  -1) -0.7422   ( 3.919, -0.000,  3.919)  5.543 
J_iso: -0.7422 
[Experimental!] Jprime: 0.497,  B: -0.629
[Experimental!] DMI: ( 0.0091  0.0523  0.0032)
[Experimental!]J_ani:
[[-0.016 -0.006 -0.016]
 [-0.006 -0.02  -0.02 ]
 [-0.016 -0.02  -1.257]]
----------------------------------------------------------------------------------------
   Fe2   Fe2   (  0,  -1,   1) -0.7431   (-3.919,  3.919, -0.000)  5.543 
J_iso: -0.7431 
[Experimental!] Jprime: 0.508,  B: -0.633
[Experimental!] DMI: ( 0.0095 -0.0430 -0.0468)
[Experimental!]J_ani:
[[-0.016  0.008  0.01 ]
 [ 0.008 -0.015  0.008]
 [ 0.01   0.008 -1.267]]
----------------------------------------------------------------------------------------
   Fe2   Fe2   (  0,   1,  -1) -0.7431   ( 3.919, -3.919,  0.000)  5.543 
J_iso: -0.7431 
[Experimental!] Jprime: 0.508,  B: -0.633
[Experimental!] DMI: (-0.0095  0.0430  0.0468)
[Experimental!]J_ani:
[[-0.016  0.008  0.01 ]
 [ 0.008 -0.015  0.008]
 [ 0.01   0.008 -1.267]]
----------------------------------------------------------------------------------------
   Fe1   Fe1   ( -1,   0,   0) -0.0223   (-3.950, -3.950,  0.030)  5.586 
J_iso: -0.0223 
[Experimental!] Jprime: 1.479,  B: -0.754
[Experimental!] DMI: ( 0.0033 -0.0362 -0.0181)
[Experimental!]J_ani:
[[-0.005  0.001  0.001]
 [ 0.001 -0.008 -0.008]
 [ 0.001 -0.008 -1.507]]
----------------------------------------------------------------------------------------
   Fe1   Fe1   (  0,  -1,   0) -0.0214   (-3.950, -0.030,  3.950)  5.586 
J_iso: -0.0214 
[Experimental!] Jprime: 1.469,  B: -0.751
[Experimental!] DMI: ( 0.0366  0.0324 -0.0005)
[Experimental!]J_ani:
[[-0.01  -0.    -0.025]
 [-0.    -0.012 -0.002]
 [-0.025 -0.002 -1.501]]
----------------------------------------------------------------------------------------
   Fe1   Fe1   (  0,   0,  -1) -0.0212   (-0.030, -3.950,  3.950)  5.586 
J_iso: -0.0212 
[Experimental!] Jprime: 1.474,  B: -0.752
[Experimental!] DMI: (-0.0353 -0.0031  0.0251)
[Experimental!]J_ani:
[[-0.012 -0.001 -0.009]
 [-0.001 -0.007 -0.025]
 [-0.009 -0.025 -1.504]]
----------------------------------------------------------------------------------------
   Fe1   Fe1   (  0,   0,   1) -0.0212   ( 0.030,  3.950, -3.950)  5.586 
J_iso: -0.0212 
[Experimental!] Jprime: 1.474,  B: -0.752
[Experimental!] DMI: ( 0.0353  0.0031 -0.0251)
[Experimental!]J_ani:
[[-0.012 -0.001 -0.009]
 [-0.001 -0.007 -0.025]
 [-0.009 -0.025 -1.504]]
----------------------------------------------------------------------------------------
   Fe1   Fe1   (  0,   1,   0) -0.0214   ( 3.950,  0.030, -3.950)  5.586 
J_iso: -0.0214 
[Experimental!] Jprime: 1.469,  B: -0.751
[Experimental!] DMI: (-0.0366 -0.0324  0.0005)
[Experimental!]J_ani:
[[-0.01  -0.    -0.025]
 [-0.    -0.012 -0.002]
 [-0.025 -0.002 -1.501]]
----------------------------------------------------------------------------------------
   Fe1   Fe1   (  1,   0,   0) -0.0223   ( 3.950,  3.950, -0.030)  5.586 
J_iso: -0.0223 
[Experimental!] Jprime: 1.479,  B: -0.754
[Experimental!] DMI: (-0.0033  0.0362  0.0181)
[Experimental!]J_ani:
[[-0.005  0.001  0.001]
 [ 0.001 -0.008 -0.008]
 [ 0.001 -0.008 -1.507]]
----------------------------------------------------------------------------------------
   Fe2   Fe2   ( -1,   0,   0) -0.0222   (-3.950, -3.950,  0.030)  5.586 
J_iso: -0.0222 
[Experimental!] Jprime: 1.479,  B: -0.754
[Experimental!] DMI: (-0.0362  0.0033  0.0181)
[Experimental!]J_ani:
[[-0.008  0.001  0.008]
 [ 0.001 -0.005 -0.001]
 [ 0.008 -0.001 -1.507]]
----------------------------------------------------------------------------------------
   Fe2   Fe2   (  0,  -1,   0) -0.0212   (-3.950, -0.030,  3.950)  5.586 
J_iso: -0.0212 
[Experimental!] Jprime: 1.474,  B: -0.752
[Experimental!] DMI: (-0.0031 -0.0353 -0.0251)
[Experimental!]J_ani:
[[-0.007 -0.001  0.025]
 [-0.001 -0.012  0.009]
 [ 0.025  0.009 -1.504]]
----------------------------------------------------------------------------------------
   Fe2   Fe2   (  0,   0,  -1) -0.0214   (-0.030, -3.950,  3.950)  5.586 
J_iso: -0.0214 
[Experimental!] Jprime: 1.469,  B: -0.751
[Experimental!] DMI: ( 0.0324  0.0366  0.0005)
[Experimental!]J_ani:
[[-0.012 -0.     0.002]
 [-0.    -0.01   0.025]
 [ 0.002  0.025 -1.501]]
----------------------------------------------------------------------------------------
   Fe2   Fe2   (  0,   1,   0) -0.0212   ( 3.950,  0.030, -3.950)  5.586 
J_iso: -0.0212 
[Experimental!] Jprime: 1.474,  B: -0.752
[Experimental!] DMI: ( 0.0031  0.0353  0.0251)
[Experimental!]J_ani:
[[-0.007 -0.001  0.025]
 [-0.001 -0.012  0.009]
 [ 0.025  0.009 -1.504]]
----------------------------------------------------------------------------------------
   Fe2   Fe2   (  1,   0,   0) -0.0222   ( 3.950,  3.950, -0.030)  5.586 
J_iso: -0.0222 
[Experimental!] Jprime: 1.479,  B: -0.754
[Experimental!] DMI: ( 0.0362 -0.0033 -0.0181)
[Experimental!]J_ani:
[[-0.008  0.001  0.008]
 [ 0.001 -0.005 -0.001]
 [ 0.008 -0.001 -1.507]]
----------------------------------------------------------------------------------------
   Fe2   Fe2   (  0,   0,   1) -0.0214   ( 0.030,  3.950, -3.950)  5.586 
J_iso: -0.0214 
[Experimental!] Jprime: 1.469,  B: -0.751
[Experimental!] DMI: (-0.0324 -0.0366 -0.0005)
[Experimental!]J_ani:
[[-0.012 -0.     0.002]
 [-0.    -0.01   0.025]
 [ 0.002  0.025 -1.501]]
----------------------------------------------------------------------------------------
   Fe1   Fe2   ( -2,   0,   0) -0.1325   (-3.934, -3.934, -3.904)  6.797 
J_iso: -0.1325 
[Experimental!] Jprime: -0.253,  B: -0.058
[Experimental!] DMI: (-0.0351 -0.0450  0.0611)
[Experimental!]J_ani:
[[-0.004 -0.001  0.003]
 [-0.001 -0.004  0.005]
 [ 0.003  0.005 -0.116]]
----------------------------------------------------------------------------------------
   Fe1   Fe2   (  0,  -2,   0) -0.1330   (-3.934,  3.904,  3.934)  6.797 
J_iso: -0.1330 
[Experimental!] Jprime: -0.252,  B: -0.057
[Experimental!] DMI: ( 0.0460 -0.0655 -0.0178)
[Experimental!]J_ani:
[[-0.003  0.003 -0.004]
 [ 0.003 -0.005 -0.001]
 [-0.004 -0.001 -0.115]]
----------------------------------------------------------------------------------------
   Fe2   Fe1   (  0,   2,   0) -0.1330   ( 3.934, -3.904, -3.934)  6.797 
J_iso: -0.1330 
[Experimental!] Jprime: -0.252,  B: -0.057
[Experimental!] DMI: (-0.0460  0.0655  0.0178)
[Experimental!]J_ani:
[[-0.003  0.003 -0.004]
 [ 0.003 -0.005 -0.001]
 [-0.004 -0.001 -0.115]]
----------------------------------------------------------------------------------------
   Fe2   Fe1   (  2,   0,   0) -0.1325   ( 3.934,  3.934,  3.904)  6.797 
J_iso: -0.1325 
[Experimental!] Jprime: -0.253,  B: -0.058
[Experimental!] DMI: ( 0.0351  0.0450 -0.0611)
[Experimental!]J_ani:
[[-0.004 -0.001  0.003]
 [-0.001 -0.004  0.005]
 [ 0.003  0.005 -0.116]]
----------------------------------------------------------------------------------------
   Fe1   Fe2   (  0,   0,  -2) -0.1332   ( 3.904, -3.934,  3.934)  6.797 
J_iso: -0.1332 
[Experimental!] Jprime: -0.251,  B: -0.057
[Experimental!] DMI: ( 0.0659  0.0359  0.0331)
[Experimental!]J_ani:
[[-0.005 -0.002 -0.001]
 [-0.002 -0.003 -0.007]
 [-0.001 -0.007 -0.114]]
----------------------------------------------------------------------------------------
   Fe2   Fe1   (  0,   0,   2) -0.1332   (-3.904,  3.934, -3.934)  6.797 
J_iso: -0.1332 
[Experimental!] Jprime: -0.251,  B: -0.057
[Experimental!] DMI: (-0.0659 -0.0359 -0.0331)
[Experimental!]J_ani:
[[-0.005 -0.002 -0.001]
 [-0.002 -0.003 -0.007]
 [-0.001 -0.007 -0.114]]
----------------------------------------------------------------------------------------
   Fe1   Fe2   ( -1,   1,  -1) -0.1332   ( 3.934, -3.904, -3.934)  6.797 
J_iso: -0.1332 
[Experimental!] Jprime: -0.251,  B: -0.057
[Experimental!] DMI: (-0.0359 -0.0659  0.0331)
[Experimental!]J_ani:
[[-0.003 -0.002  0.007]
 [-0.002 -0.005  0.001]
 [ 0.007  0.001 -0.114]]
----------------------------------------------------------------------------------------
   Fe1   Fe2   (  1,  -1,  -1) -0.1325   ( 3.934,  3.934,  3.904)  6.797 
J_iso: -0.1325 
[Experimental!] Jprime: -0.253,  B: -0.058
[Experimental!] DMI: ( 0.0451  0.0351  0.0611)
[Experimental!]J_ani:
[[-0.004 -0.001 -0.005]
 [-0.001 -0.004 -0.003]
 [-0.005 -0.003 -0.116]]
----------------------------------------------------------------------------------------
   Fe2   Fe1   ( -1,   1,   1) -0.1325   (-3.934, -3.934, -3.904)  6.797 
J_iso: -0.1325 
[Experimental!] Jprime: -0.253,  B: -0.058
[Experimental!] DMI: (-0.0451 -0.0351 -0.0611)
[Experimental!]J_ani:
[[-0.004 -0.001 -0.005]
 [-0.001 -0.004 -0.003]
 [-0.005 -0.003 -0.116]]
----------------------------------------------------------------------------------------
   Fe2   Fe1   (  1,  -1,   1) -0.1332   (-3.934,  3.904,  3.934)  6.797 
J_iso: -0.1332 
[Experimental!] Jprime: -0.251,  B: -0.057
[Experimental!] DMI: ( 0.0359  0.0659 -0.0331)
[Experimental!]J_ani:
[[-0.003 -0.002  0.007]
 [-0.002 -0.005  0.001]
 [ 0.007  0.001 -0.114]]
----------------------------------------------------------------------------------------
   Fe1   Fe2   ( -1,  -1,   1) -0.1330   (-3.904,  3.934, -3.934)  6.797 
J_iso: -0.1330 
[Experimental!] Jprime: -0.252,  B: -0.057
[Experimental!] DMI: ( 0.0655 -0.0460 -0.0178)
[Experimental!]J_ani:
[[-0.005  0.003  0.001]
 [ 0.003 -0.003  0.004]
 [ 0.001  0.004 -0.115]]
----------------------------------------------------------------------------------------
   Fe2   Fe1   (  1,   1,  -1) -0.1330   ( 3.904, -3.934,  3.934)  6.797 
J_iso: -0.1330 
[Experimental!] Jprime: -0.252,  B: -0.057
[Experimental!] DMI: (-0.0655  0.0460  0.0178)
[Experimental!]J_ani:
[[-0.005  0.003  0.001]
 [ 0.003 -0.003  0.004]
 [ 0.001  0.004 -0.115]]
----------------------------------------------------------------------------------------
   Fe1   Fe2   ( -1,  -1,  -1)  0.0725   (-3.965, -3.965,  3.965)  6.867 
J_iso:  0.0725 
[Experimental!] Jprime: -0.057,  B: -0.064
[Experimental!] DMI: ( 0.0011 -0.0012 -0.0036)
[Experimental!]J_ani:
[[-0.001 -0.    -0.   ]
 [-0.    -0.001 -0.   ]
 [-0.    -0.    -0.128]]
----------------------------------------------------------------------------------------
   Fe2   Fe1   (  1,   1,   1)  0.0725   ( 3.965,  3.965, -3.965)  6.867 
J_iso:  0.0725 
[Experimental!] Jprime: -0.057,  B: -0.064
[Experimental!] DMI: (-0.0011  0.0012  0.0036)
[Experimental!]J_ani:
[[-0.001 -0.    -0.   ]
 [-0.    -0.001 -0.   ]
 [-0.    -0.    -0.128]]
----------------------------------------------------------------------------------------
   Fe1   Fe2   (  0,   0,   0)  0.0725   ( 3.965,  3.965, -3.965)  6.867 
J_iso:  0.0725 
[Experimental!] Jprime: -0.057,  B: -0.064
[Experimental!] DMI: ( 0.0012 -0.0011 -0.0036)
[Experimental!]J_ani:
[[-0.001 -0.     0.   ]
 [-0.    -0.001  0.   ]
 [ 0.     0.    -0.128]]
----------------------------------------------------------------------------------------
   Fe2   Fe1   (  0,   0,   0)  0.0725   (-3.965, -3.965,  3.965)  6.867 
J_iso:  0.0725 
[Experimental!] Jprime: -0.057,  B: -0.064
[Experimental!] DMI: (-0.0012  0.0011  0.0036)
[Experimental!]J_ani:
[[-0.001 -0.     0.   ]
 [-0.    -0.001  0.   ]
 [ 0.     0.    -0.128]]
