==========================================================================================
Information: 
Exchange parameters generated by TB2J 0.3.1
Generation time: 20/09/14 09:57:33
 Input from non-collinear Siesta data.
 working directory: /home/ICN2/xhe/projects/TB2J_examples/Siesta/BiFeO3/BiFeO3_y
 fdf_fname: siesta.fdf.
Warning: The DMI component parallel to the spin orientation, the Jani which has the component of that orientation should be disregarded
 e.g. if the spins are along z, the xz, yz, zz, zx, zy components and the z component of DMI.
 If you need these component, try to do three calculations with spin along x, y, z,  or use structure with z rotated to x, y and z. And then use TB2J_merge.py to get the full set of parameters.

==========================================================================================
Cell (Angstrom):
 0.030  -3.950   3.950
 3.950  -3.950   0.030
 3.950  -0.030   3.950

==========================================================================================
Atoms:  
(Note: charge and magmoms only count the wannier functions.)
Atom_number      x         y         z     w_charge    M(x)      M(y)      M(z)   
Bi1             0.2413   -0.2413    0.2413    2.1878   -0.0004    0.0010   -0.0045
Bi2             4.2060   -4.2060    4.2060    2.1878    0.0010   -0.0004    0.0045
Fe1             2.0165   -2.0165    2.0165    6.1724   -0.0019    0.0028    4.1148
Fe2             5.9812   -5.9812    5.9812    6.1725    0.0028   -0.0019   -4.1148
O1              5.5238   -3.9388    2.1558    4.8805   -0.0027    0.0016   -0.0559
O2              6.0903   -3.9539    5.5389    4.8806   -0.0031   -0.0001    0.0562
O3              3.9388   -2.1558    5.5238    4.8806   -0.0001   -0.0031   -0.0562
O4              3.9539   -5.5389    6.0903    4.8805    0.0016   -0.0027    0.0559
O5              2.1558   -5.5238    3.9388    4.8806    0.0011    0.0005   -0.0568
O6              5.5389   -6.0903    3.9539    4.8806    0.0005    0.0011    0.0568
Total                                        46.0038   -0.0012   -0.0012    0.0000

==========================================================================================
Exchange: 
    i      j          R        J_iso(meV)          vector          distance(A) 
----------------------------------------------------------------------------------------
   Fe2   Fe1   (  0,   1,   1) -26.7867   ( 3.934, -0.015,  0.015)  3.934 
J_iso: -26.7867 
[Experimental!] Jprime: -34.444,  B: -3.813
[Experimental!] DMI: ( 0.1569 -0.3068 -0.0359)
[Experimental!]J_ani:
[[-0.042 -0.005  0.022]
 [-0.005 -0.021 -0.033]
 [ 0.022 -0.033 -7.625]]
----------------------------------------------------------------------------------------
   Fe1   Fe2   (  0,  -1,  -1) -26.7867   (-3.934,  0.015, -0.015)  3.934 
J_iso: -26.7867 
[Experimental!] Jprime: -34.444,  B: -3.813
[Experimental!] DMI: (-0.1569  0.3068  0.0359)
[Experimental!]J_ani:
[[-0.042 -0.005  0.022]
 [-0.005 -0.021 -0.033]
 [ 0.022 -0.033 -7.625]]
----------------------------------------------------------------------------------------
   Fe1   Fe2   ( -1,   0,  -1) -26.7484   (-0.015,  0.015, -3.934)  3.934 
J_iso: -26.7484 
[Experimental!] Jprime: -34.397,  B: -3.797
[Experimental!] DMI: (-0.3411 -0.0883  0.2246)
[Experimental!]J_ani:
[[-0.043 -0.008 -0.001]
 [-0.008 -0.066  0.026]
 [-0.001  0.026 -7.594]]
----------------------------------------------------------------------------------------
   Fe2   Fe1   (  1,   0,   1) -26.7484   ( 0.015, -0.015,  3.934)  3.934 
J_iso: -26.7484 
[Experimental!] Jprime: -34.397,  B: -3.797
[Experimental!] DMI: ( 0.3411  0.0883 -0.2246)
[Experimental!]J_ani:
[[-0.043 -0.008 -0.001]
 [-0.008 -0.066  0.026]
 [-0.001  0.026 -7.594]]
----------------------------------------------------------------------------------------
   Fe2   Fe1   (  1,   1,   0) -26.8057   ( 0.015, -3.934,  0.015)  3.934 
J_iso: -26.8057 
[Experimental!] Jprime: -34.438,  B: -3.803
[Experimental!] DMI: (-0.1024 -0.1560  0.0357)
[Experimental!]J_ani:
[[-0.027 -0.002 -0.05 ]
 [-0.002 -0.026  0.01 ]
 [-0.05   0.01  -7.606]]
----------------------------------------------------------------------------------------
   Fe1   Fe2   ( -1,  -1,   0) -26.8057   (-0.015,  3.934, -0.015)  3.934 
J_iso: -26.8057 
[Experimental!] Jprime: -34.438,  B: -3.803
[Experimental!] DMI: ( 0.1024  0.1560 -0.0357)
[Experimental!]J_ani:
[[-0.027 -0.002 -0.05 ]
 [-0.002 -0.026  0.01 ]
 [-0.05   0.01  -7.606]]
----------------------------------------------------------------------------------------
   Fe1   Fe2   ( -1,   0,   0) -26.8056   ( 3.934, -0.015,  0.015)  3.934 
J_iso: -26.8056 
[Experimental!] Jprime: -34.438,  B: -3.803
[Experimental!] DMI: (-0.1560 -0.1024 -0.0357)
[Experimental!]J_ani:
[[-0.026 -0.002 -0.01 ]
 [-0.002 -0.027  0.05 ]
 [-0.01   0.05  -7.606]]
----------------------------------------------------------------------------------------
   Fe1   Fe2   (  0,  -1,   0) -26.7484   ( 0.015, -0.015,  3.934)  3.934 
J_iso: -26.7484 
[Experimental!] Jprime: -34.397,  B: -3.797
[Experimental!] DMI: ( 0.0883  0.3411  0.2246)
[Experimental!]J_ani:
[[-0.066 -0.008 -0.026]
 [-0.008 -0.043  0.001]
 [-0.026  0.001 -7.594]]
----------------------------------------------------------------------------------------
   Fe1   Fe2   (  0,   0,  -1) -26.7867   ( 0.015, -3.934,  0.015)  3.934 
J_iso: -26.7867 
[Experimental!] Jprime: -34.444,  B: -3.813
[Experimental!] DMI: (-0.3068  0.1569  0.0359)
[Experimental!]J_ani:
[[-0.021 -0.005  0.033]
 [-0.005 -0.042 -0.022]
 [ 0.033 -0.022 -7.625]]
----------------------------------------------------------------------------------------
   Fe2   Fe1   (  0,   0,   1) -26.7867   (-0.015,  3.934, -0.015)  3.934 
J_iso: -26.7867 
[Experimental!] Jprime: -34.444,  B: -3.813
[Experimental!] DMI: ( 0.3068 -0.1569 -0.0359)
[Experimental!]J_ani:
[[-0.021 -0.005  0.033]
 [-0.005 -0.042 -0.022]
 [ 0.033 -0.022 -7.625]]
----------------------------------------------------------------------------------------
   Fe2   Fe1   (  0,   1,   0) -26.7484   (-0.015,  0.015, -3.934)  3.934 
J_iso: -26.7484 
[Experimental!] Jprime: -34.397,  B: -3.797
[Experimental!] DMI: (-0.0883 -0.3411 -0.2246)
[Experimental!]J_ani:
[[-0.066 -0.008 -0.026]
 [-0.008 -0.043  0.001]
 [-0.026  0.001 -7.594]]
----------------------------------------------------------------------------------------
   Fe2   Fe1   (  1,   0,   0) -26.8056   (-3.934,  0.015, -0.015)  3.934 
J_iso: -26.8056 
[Experimental!] Jprime: -34.438,  B: -3.803
[Experimental!] DMI: ( 0.1560  0.1024  0.0357)
[Experimental!]J_ani:
[[-0.026 -0.002 -0.01 ]
 [-0.002 -0.027  0.05 ]
 [-0.01   0.05  -7.606]]
----------------------------------------------------------------------------------------
   Fe1   Fe1   ( -1,   1,   0) -0.7405   ( 3.919, -0.000, -3.919)  5.543 
J_iso: -0.7405 
[Experimental!] Jprime: 0.497,  B: -0.628
[Experimental!] DMI: ( 0.0090  0.0523 -0.0032)
[Experimental!]J_ani:
[[-0.016 -0.006  0.015]
 [-0.006 -0.02   0.02 ]
 [ 0.015  0.02  -1.255]]
----------------------------------------------------------------------------------------
   Fe1   Fe1   (  1,  -1,   0) -0.7405   (-3.919,  0.000,  3.919)  5.543 
J_iso: -0.7405 
[Experimental!] Jprime: 0.497,  B: -0.628
[Experimental!] DMI: (-0.0090 -0.0523  0.0032)
[Experimental!]J_ani:
[[-0.016 -0.006  0.015]
 [-0.006 -0.02   0.02 ]
 [ 0.015  0.02  -1.255]]
----------------------------------------------------------------------------------------
   Fe2   Fe2   ( -1,   0,   1) -0.7414   ( 3.919,  3.919,  0.000)  5.543 
J_iso: -0.7414 
[Experimental!] Jprime: 0.508,  B: -0.632
[Experimental!] DMI: (-0.0094  0.0429 -0.0467)
[Experimental!]J_ani:
[[-0.016  0.008 -0.01 ]
 [ 0.008 -0.014 -0.008]
 [-0.01  -0.008 -1.265]]
----------------------------------------------------------------------------------------
   Fe2   Fe2   ( -1,   1,   0) -0.7425   ( 3.919,  0.000, -3.919)  5.543 
J_iso: -0.7425 
[Experimental!] Jprime: 0.502,  B: -0.630
[Experimental!] DMI: ( 0.0409  0.0536  0.0020)
[Experimental!]J_ani:
[[-0.013 -0.004 -0.003]
 [-0.004 -0.017 -0.003]
 [-0.003 -0.003 -1.259]]
----------------------------------------------------------------------------------------
   Fe2   Fe2   (  1,  -1,   0) -0.7425   (-3.919,  0.000,  3.919)  5.543 
J_iso: -0.7425 
[Experimental!] Jprime: 0.502,  B: -0.630
[Experimental!] DMI: (-0.0409 -0.0536 -0.0020)
[Experimental!]J_ani:
[[-0.013 -0.004 -0.003]
 [-0.004 -0.017 -0.003]
 [-0.003 -0.003 -1.259]]
----------------------------------------------------------------------------------------
   Fe2   Fe2   (  1,   0,  -1) -0.7414   (-3.919, -3.919,  0.000)  5.543 
J_iso: -0.7414 
[Experimental!] Jprime: 0.508,  B: -0.632
[Experimental!] DMI: ( 0.0094 -0.0429  0.0467)
[Experimental!]J_ani:
[[-0.016  0.008 -0.01 ]
 [ 0.008 -0.014 -0.008]
 [-0.01  -0.008 -1.265]]
----------------------------------------------------------------------------------------
   Fe1   Fe1   ( -1,   0,   1) -0.7414   ( 3.919,  3.919,  0.000)  5.543 
J_iso: -0.7414 
[Experimental!] Jprime: 0.508,  B: -0.632
[Experimental!] DMI: (-0.0429  0.0094 -0.0467)
[Experimental!]J_ani:
[[-0.014  0.008  0.008]
 [ 0.008 -0.016  0.01 ]
 [ 0.008  0.01  -1.265]]
----------------------------------------------------------------------------------------
   Fe1   Fe1   (  0,  -1,   1) -0.7425   ( 0.000,  3.919,  3.919)  5.543 
J_iso: -0.7425 
[Experimental!] Jprime: 0.502,  B: -0.630
[Experimental!] DMI: (-0.0536 -0.0409  0.0020)
[Experimental!]J_ani:
[[-0.017 -0.004  0.003]
 [-0.004 -0.013  0.003]
 [ 0.003  0.003 -1.259]]
----------------------------------------------------------------------------------------
   Fe1   Fe1   (  0,   1,  -1) -0.7425   (-0.000, -3.919, -3.919)  5.543 
J_iso: -0.7425 
[Experimental!] Jprime: 0.502,  B: -0.630
[Experimental!] DMI: ( 0.0536  0.0409 -0.0020)
[Experimental!]J_ani:
[[-0.017 -0.004  0.003]
 [-0.004 -0.013  0.003]
 [ 0.003  0.003 -1.259]]
----------------------------------------------------------------------------------------
   Fe1   Fe1   (  1,   0,  -1) -0.7414   (-3.919, -3.919,  0.000)  5.543 
J_iso: -0.7414 
[Experimental!] Jprime: 0.508,  B: -0.632
[Experimental!] DMI: ( 0.0429 -0.0094  0.0467)
[Experimental!]J_ani:
[[-0.014  0.008  0.008]
 [ 0.008 -0.016  0.01 ]
 [ 0.008  0.01  -1.265]]
----------------------------------------------------------------------------------------
   Fe2   Fe2   (  0,  -1,   1) -0.7405   ( 0.000,  3.919,  3.919)  5.543 
J_iso: -0.7405 
[Experimental!] Jprime: 0.497,  B: -0.628
[Experimental!] DMI: (-0.0523 -0.0090 -0.0032)
[Experimental!]J_ani:
[[-0.02  -0.006 -0.02 ]
 [-0.006 -0.016 -0.015]
 [-0.02  -0.015 -1.255]]
----------------------------------------------------------------------------------------
   Fe2   Fe2   (  0,   1,  -1) -0.7405   (-0.000, -3.919, -3.919)  5.543 
J_iso: -0.7405 
[Experimental!] Jprime: 0.497,  B: -0.628
[Experimental!] DMI: ( 0.0523  0.0090  0.0032)
[Experimental!]J_ani:
[[-0.02  -0.006 -0.02 ]
 [-0.006 -0.016 -0.015]
 [-0.02  -0.015 -1.255]]
----------------------------------------------------------------------------------------
   Fe1   Fe1   ( -1,   0,   0) -0.0211   (-0.030,  3.950, -3.950)  5.586 
J_iso: -0.0211 
[Experimental!] Jprime: 1.468,  B: -0.749
[Experimental!] DMI: (-0.0351 -0.0032 -0.0251)
[Experimental!]J_ani:
[[-0.012 -0.001  0.009]
 [-0.001 -0.007  0.025]
 [ 0.009  0.025 -1.498]]
----------------------------------------------------------------------------------------
   Fe1   Fe1   (  0,  -1,   0) -0.0221   (-3.950,  3.950, -0.030)  5.586 
J_iso: -0.0221 
[Experimental!] Jprime: 1.473,  B: -0.751
[Experimental!] DMI: ( 0.0034 -0.0362  0.0181)
[Experimental!]J_ani:
[[-0.005  0.001 -0.001]
 [ 0.001 -0.008  0.008]
 [-0.001  0.008 -1.502]]
----------------------------------------------------------------------------------------
   Fe1   Fe1   (  0,   0,  -1) -0.0213   (-3.950,  0.030, -3.950)  5.586 
J_iso: -0.0213 
[Experimental!] Jprime: 1.464,  B: -0.748
[Experimental!] DMI: ( 0.0365  0.0323  0.0004)
[Experimental!]J_ani:
[[-0.01  -0.     0.025]
 [-0.    -0.012  0.002]
 [ 0.025  0.002 -1.496]]
----------------------------------------------------------------------------------------
   Fe1   Fe1   (  0,   0,   1) -0.0213   ( 3.950, -0.030,  3.950)  5.586 
J_iso: -0.0213 
[Experimental!] Jprime: 1.464,  B: -0.748
[Experimental!] DMI: (-0.0365 -0.0323 -0.0004)
[Experimental!]J_ani:
[[-0.01  -0.     0.025]
 [-0.    -0.012  0.002]
 [ 0.025  0.002 -1.496]]
----------------------------------------------------------------------------------------
   Fe1   Fe1   (  0,   1,   0) -0.0221   ( 3.950, -3.950,  0.030)  5.586 
J_iso: -0.0221 
[Experimental!] Jprime: 1.473,  B: -0.751
[Experimental!] DMI: (-0.0034  0.0362 -0.0181)
[Experimental!]J_ani:
[[-0.005  0.001 -0.001]
 [ 0.001 -0.008  0.008]
 [-0.001  0.008 -1.502]]
----------------------------------------------------------------------------------------
   Fe1   Fe1   (  1,   0,   0) -0.0211   ( 0.030, -3.950,  3.950)  5.586 
J_iso: -0.0211 
[Experimental!] Jprime: 1.468,  B: -0.749
[Experimental!] DMI: ( 0.0351  0.0032  0.0251)
[Experimental!]J_ani:
[[-0.012 -0.001  0.009]
 [-0.001 -0.007  0.025]
 [ 0.009  0.025 -1.498]]
----------------------------------------------------------------------------------------
   Fe2   Fe2   ( -1,   0,   0) -0.0213   (-0.030,  3.950, -3.950)  5.586 
J_iso: -0.0213 
[Experimental!] Jprime: 1.464,  B: -0.748
[Experimental!] DMI: ( 0.0323  0.0365 -0.0004)
[Experimental!]J_ani:
[[-0.012 -0.    -0.002]
 [-0.    -0.01  -0.025]
 [-0.002 -0.025 -1.496]]
----------------------------------------------------------------------------------------
   Fe2   Fe2   (  0,  -1,   0) -0.0221   (-3.950,  3.950, -0.030)  5.586 
J_iso: -0.0221 
[Experimental!] Jprime: 1.473,  B: -0.751
[Experimental!] DMI: (-0.0362  0.0034 -0.0181)
[Experimental!]J_ani:
[[-0.008  0.001 -0.008]
 [ 0.001 -0.005  0.001]
 [-0.008  0.001 -1.502]]
----------------------------------------------------------------------------------------
   Fe2   Fe2   (  0,   0,  -1) -0.0211   (-3.950,  0.030, -3.950)  5.586 
J_iso: -0.0211 
[Experimental!] Jprime: 1.468,  B: -0.749
[Experimental!] DMI: (-0.0032 -0.0351  0.0251)
[Experimental!]J_ani:
[[-0.007 -0.001 -0.025]
 [-0.001 -0.012 -0.009]
 [-0.025 -0.009 -1.498]]
----------------------------------------------------------------------------------------
   Fe2   Fe2   (  0,   1,   0) -0.0221   ( 3.950, -3.950,  0.030)  5.586 
J_iso: -0.0221 
[Experimental!] Jprime: 1.473,  B: -0.751
[Experimental!] DMI: ( 0.0362 -0.0034  0.0181)
[Experimental!]J_ani:
[[-0.008  0.001 -0.008]
 [ 0.001 -0.005  0.001]
 [-0.008  0.001 -1.502]]
----------------------------------------------------------------------------------------
   Fe2   Fe2   (  0,   0,   1) -0.0211   ( 3.950, -0.030,  3.950)  5.586 
J_iso: -0.0211 
[Experimental!] Jprime: 1.468,  B: -0.749
[Experimental!] DMI: ( 0.0032  0.0351 -0.0251)
[Experimental!]J_ani:
[[-0.007 -0.001 -0.025]
 [-0.001 -0.012 -0.009]
 [-0.025 -0.009 -1.498]]
----------------------------------------------------------------------------------------
   Fe2   Fe2   (  1,   0,   0) -0.0213   ( 0.030, -3.950,  3.950)  5.586 
J_iso: -0.0213 
[Experimental!] Jprime: 1.464,  B: -0.748
[Experimental!] DMI: (-0.0323 -0.0365  0.0004)
[Experimental!]J_ani:
[[-0.012 -0.    -0.002]
 [-0.    -0.01  -0.025]
 [-0.002 -0.025 -1.496]]
----------------------------------------------------------------------------------------
   Fe1   Fe2   (  0,  -2,   0) -0.1317   (-3.934,  3.934,  3.904)  6.797 
J_iso: -0.1317 
[Experimental!] Jprime: -0.251,  B: -0.058
[Experimental!] DMI: (-0.0350 -0.0450 -0.0610)
[Experimental!]J_ani:
[[-0.004 -0.001 -0.003]
 [-0.001 -0.004 -0.005]
 [-0.003 -0.005 -0.116]]
----------------------------------------------------------------------------------------
   Fe2   Fe1   (  0,   2,   0) -0.1317   ( 3.934, -3.934, -3.904)  6.797 
J_iso: -0.1317 
[Experimental!] Jprime: -0.251,  B: -0.058
[Experimental!] DMI: ( 0.0350  0.0450  0.0610)
[Experimental!]J_ani:
[[-0.004 -0.001 -0.003]
 [-0.001 -0.004 -0.005]
 [-0.003 -0.005 -0.116]]
----------------------------------------------------------------------------------------
   Fe1   Fe2   ( -2,   0,   0) -0.1322   ( 3.904,  3.934, -3.934)  6.797 
J_iso: -0.1322 
[Experimental!] Jprime: -0.250,  B: -0.057
[Experimental!] DMI: ( 0.0659  0.0358 -0.0331)
[Experimental!]J_ani:
[[-0.005 -0.002  0.001]
 [-0.002 -0.004  0.007]
 [ 0.001  0.007 -0.113]]
----------------------------------------------------------------------------------------
   Fe1   Fe2   (  0,   0,  -2) -0.1321   (-3.934, -3.904, -3.934)  6.797 
J_iso: -0.1321 
[Experimental!] Jprime: -0.251,  B: -0.057
[Experimental!] DMI: ( 0.0460 -0.0655  0.0178)
[Experimental!]J_ani:
[[-0.003  0.003  0.004]
 [ 0.003 -0.006  0.001]
 [ 0.004  0.001 -0.114]]
----------------------------------------------------------------------------------------
   Fe2   Fe1   (  0,   0,   2) -0.1321   ( 3.934,  3.904,  3.934)  6.797 
J_iso: -0.1321 
[Experimental!] Jprime: -0.251,  B: -0.057
[Experimental!] DMI: (-0.0460  0.0655 -0.0178)
[Experimental!]J_ani:
[[-0.003  0.003  0.004]
 [ 0.003 -0.006  0.001]
 [ 0.004  0.001 -0.114]]
----------------------------------------------------------------------------------------
   Fe2   Fe1   (  2,   0,   0) -0.1322   (-3.904, -3.934,  3.934)  6.797 
J_iso: -0.1322 
[Experimental!] Jprime: -0.250,  B: -0.057
[Experimental!] DMI: (-0.0659 -0.0358  0.0331)
[Experimental!]J_ani:
[[-0.005 -0.002  0.001]
 [-0.002 -0.004  0.007]
 [ 0.001  0.007 -0.113]]
----------------------------------------------------------------------------------------
   Fe1   Fe2   (  1,  -1,  -1) -0.1321   (-3.904, -3.934,  3.934)  6.797 
J_iso: -0.1321 
[Experimental!] Jprime: -0.251,  B: -0.057
[Experimental!] DMI: ( 0.0655 -0.0460  0.0178)
[Experimental!]J_ani:
[[-0.006  0.003 -0.001]
 [ 0.003 -0.003 -0.004]
 [-0.001 -0.004 -0.114]]
----------------------------------------------------------------------------------------
   Fe1   Fe2   ( -1,   1,  -1) -0.1317   ( 3.934, -3.934, -3.904)  6.797 
J_iso: -0.1317 
[Experimental!] Jprime: -0.251,  B: -0.058
[Experimental!] DMI: ( 0.0450  0.0350 -0.0610)
[Experimental!]J_ani:
[[-0.004 -0.001  0.005]
 [-0.001 -0.004  0.003]
 [ 0.005  0.003 -0.116]]
----------------------------------------------------------------------------------------
   Fe2   Fe1   ( -1,   1,   1) -0.1321   ( 3.904,  3.934, -3.934)  6.797 
J_iso: -0.1321 
[Experimental!] Jprime: -0.251,  B: -0.057
[Experimental!] DMI: (-0.0655  0.0460 -0.0178)
[Experimental!]J_ani:
[[-0.006  0.003 -0.001]
 [ 0.003 -0.003 -0.004]
 [-0.001 -0.004 -0.114]]
----------------------------------------------------------------------------------------
   Fe2   Fe1   (  1,  -1,   1) -0.1317   (-3.934,  3.934,  3.904)  6.797 
J_iso: -0.1317 
[Experimental!] Jprime: -0.251,  B: -0.058
[Experimental!] DMI: (-0.0450 -0.0350  0.0610)
[Experimental!]J_ani:
[[-0.004 -0.001  0.005]
 [-0.001 -0.004  0.003]
 [ 0.005  0.003 -0.116]]
----------------------------------------------------------------------------------------
   Fe1   Fe2   ( -1,  -1,   1) -0.1322   ( 3.934,  3.904,  3.934)  6.797 
J_iso: -0.1322 
[Experimental!] Jprime: -0.250,  B: -0.057
[Experimental!] DMI: (-0.0358 -0.0659 -0.0331)
[Experimental!]J_ani:
[[-0.004 -0.002 -0.007]
 [-0.002 -0.005 -0.001]
 [-0.007 -0.001 -0.113]]
----------------------------------------------------------------------------------------
   Fe2   Fe1   (  1,   1,  -1) -0.1322   (-3.934, -3.904, -3.934)  6.797 
J_iso: -0.1322 
[Experimental!] Jprime: -0.250,  B: -0.057
[Experimental!] DMI: ( 0.0358  0.0659  0.0331)
[Experimental!]J_ani:
[[-0.004 -0.002 -0.007]
 [-0.002 -0.005 -0.001]
 [-0.007 -0.001 -0.113]]
----------------------------------------------------------------------------------------
   Fe1   Fe2   ( -1,  -1,  -1)  0.0728   (-3.965,  3.965, -3.965)  6.867 
J_iso:  0.0728 
[Experimental!] Jprime: -0.056,  B: -0.064
[Experimental!] DMI: ( 0.0011 -0.0012  0.0036)
[Experimental!]J_ani:
[[-0.001 -0.     0.   ]
 [-0.    -0.001  0.   ]
 [ 0.     0.    -0.128]]
----------------------------------------------------------------------------------------
   Fe2   Fe1   (  1,   1,   1)  0.0728   ( 3.965, -3.965,  3.965)  6.867 
J_iso:  0.0728 
[Experimental!] Jprime: -0.056,  B: -0.064
[Experimental!] DMI: (-0.0011  0.0012 -0.0036)
[Experimental!]J_ani:
[[-0.001 -0.     0.   ]
 [-0.    -0.001  0.   ]
 [ 0.     0.    -0.128]]
----------------------------------------------------------------------------------------
   Fe1   Fe2   (  0,   0,   0)  0.0728   ( 3.965, -3.965,  3.965)  6.867 
J_iso:  0.0728 
[Experimental!] Jprime: -0.056,  B: -0.064
[Experimental!] DMI: ( 0.0012 -0.0011  0.0036)
[Experimental!]J_ani:
[[-0.001 -0.    -0.   ]
 [-0.    -0.001 -0.   ]
 [-0.    -0.    -0.128]]
----------------------------------------------------------------------------------------
   Fe2   Fe1   (  0,   0,   0)  0.0728   (-3.965,  3.965, -3.965)  6.867 
J_iso:  0.0728 
[Experimental!] Jprime: -0.056,  B: -0.064
[Experimental!] DMI: (-0.0012  0.0011 -0.0036)
[Experimental!]J_ani:
[[-0.001 -0.    -0.   ]
 [-0.    -0.001 -0.   ]
 [-0.    -0.    -0.128]]
