==========================================================================================
Information: 
Exchange parameters generated by TB2J 0.3.0
Generation time: 20/09/03 10:47:52
 Input from non-collinear Siesta data.
 working directory: /home/ICN2/xhe/projects/TB2J_examples/Siesta/BiFeO3_SOC/U4/BiFeO3_SOC_z_U4
 fdf_fname: siesta.fdf.
Warning: The DMI component parallel to the spin orientation, the Jani which has the component of that orientation should be disregarded
 e.g. if the spins are along z, the xz, yz, zz, zx, zy components and the z component of DMI.
 If you need these component, try to do three calculations with spin along x, y, z,  or use structure with z rotated to x, y and z. And then use TB2J_merge.py to get the full set of parameters.

Merged from TB2J results in paths: 
  BiFeO3_x/
  BiFeO3_y/
  BiFeO3_z/
, which are from DFT data with structure with z axis rotated to x, y, z

==========================================================================================
Cell (Angstrom):
 0.030   3.950   3.950
 3.950   0.030   3.950
 3.950   3.950   0.030

==========================================================================================
Atoms:  
(Note: charge and magmoms only count the wannier functions.)
Atom_number      x         y         z     w_charge    M(x)      M(y)      M(z)   
Bi1             0.2413    0.2413    0.2413    2.1878   -0.0010    0.0005   -0.0045
Bi2             4.2060    4.2060    4.2060    2.1878    0.0005   -0.0010    0.0045
Fe1             2.0165    2.0165    2.0165    6.1722   -0.0027    0.0021    4.1151
Fe2             5.9812    5.9812    5.9812    6.1722    0.0021   -0.0027   -4.1151
O1              5.5238    2.1558    3.9388    4.8807   -0.0005   -0.0011   -0.0568
O2              6.0903    5.5389    3.9539    4.8807   -0.0011   -0.0005    0.0568
O3              3.9388    5.5238    2.1558    4.8806   -0.0016    0.0027   -0.0559
O4              3.9539    6.0903    5.5389    4.8806    0.0001    0.0031    0.0562
O5              2.1558    3.9388    5.5238    4.8806    0.0031    0.0001   -0.0562
O6              5.5389    3.9539    6.0903    4.8806    0.0027   -0.0016    0.0559
Total                                        46.0038    0.0015    0.0015   -0.0000

==========================================================================================
Exchange: 
    i      j          R        J_iso(meV)          vector          distance(A) 
----------------------------------------------------------------------------------------
   Fe2   Fe1   (  0,   1,   1) -26.7976   ( 3.934,  0.015,  0.015)  3.934 
J_iso: -26.7976 
[Experimental!] Jprime: -34.444,  B: -3.810
[Experimental!] DMI: ( 0.1580  0.0931  0.3252)
[Experimental!]J_ani:
[[-0.034 -0.001 -0.002]
 [-0.001 -0.046 -0.004]
 [-0.002 -0.004 -0.032]]
----------------------------------------------------------------------------------------
   Fe2   Fe1   (  1,   0,   1) -26.7790   ( 0.015,  3.934,  0.015)  3.934 
J_iso: -26.7790 
[Experimental!] Jprime: -34.450,  B: -3.820
[Experimental!] DMI: ( 0.3256 -0.1583 -0.0944)
[Experimental!]J_ani:
[[-0.032 -0.002 -0.004]
 [-0.002 -0.033 -0.001]
 [-0.004 -0.001 -0.046]]
----------------------------------------------------------------------------------------
   Fe1   Fe2   ( -1,   0,  -1) -26.7790   (-0.015, -3.934, -0.015)  3.934 
J_iso: -26.7790 
[Experimental!] Jprime: -34.450,  B: -3.820
[Experimental!] DMI: (-0.3256  0.1583  0.0944)
[Experimental!]J_ani:
[[-0.032 -0.002 -0.004]
 [-0.002 -0.033 -0.001]
 [-0.004 -0.001 -0.046]]
----------------------------------------------------------------------------------------
   Fe1   Fe2   (  0,  -1,  -1) -26.7976   (-3.934, -0.015, -0.015)  3.934 
J_iso: -26.7976 
[Experimental!] Jprime: -34.444,  B: -3.810
[Experimental!] DMI: (-0.1580 -0.0931 -0.3252)
[Experimental!]J_ani:
[[-0.034 -0.001 -0.002]
 [-0.001 -0.046 -0.004]
 [-0.002 -0.004 -0.032]]
----------------------------------------------------------------------------------------
   Fe2   Fe1   (  1,   1,   0) -26.7407   ( 0.015,  0.015,  3.934)  3.934 
J_iso: -26.7407 
[Experimental!] Jprime: -34.403,  B: -3.804
[Experimental!] DMI: (-0.0940 -0.3269  0.1568)
[Experimental!]J_ani:
[[-0.047 -0.004 -0.001]
 [-0.004 -0.032 -0.002]
 [-0.001 -0.002 -0.034]]
----------------------------------------------------------------------------------------
   Fe1   Fe2   ( -1,  -1,   0) -26.7407   (-0.015, -0.015, -3.934)  3.934 
J_iso: -26.7407 
[Experimental!] Jprime: -34.403,  B: -3.804
[Experimental!] DMI: ( 0.0940  0.3269 -0.1568)
[Experimental!]J_ani:
[[-0.047 -0.004 -0.001]
 [-0.004 -0.032 -0.002]
 [-0.001 -0.002 -0.034]]
----------------------------------------------------------------------------------------
   Fe1   Fe2   ( -1,   0,   0) -26.7790   ( 3.934,  0.015,  0.015)  3.934 
J_iso: -26.7790 
[Experimental!] Jprime: -34.450,  B: -3.820
[Experimental!] DMI: (-0.1580  0.3268  0.0945)
[Experimental!]J_ani:
[[-0.034 -0.002 -0.001]
 [-0.002 -0.032 -0.004]
 [-0.001 -0.004 -0.046]]
----------------------------------------------------------------------------------------
   Fe1   Fe2   (  0,  -1,   0) -26.7977   ( 0.015,  3.934,  0.015)  3.934 
J_iso: -26.7977 
[Experimental!] Jprime: -34.444,  B: -3.810
[Experimental!] DMI: ( 0.0940  0.1583 -0.3252)
[Experimental!]J_ani:
[[-0.047 -0.001 -0.004]
 [-0.001 -0.034 -0.002]
 [-0.004 -0.002 -0.032]]
----------------------------------------------------------------------------------------
   Fe1   Fe2   (  0,   0,  -1) -26.7407   ( 0.015,  0.015,  3.934)  3.934 
J_iso: -26.7407 
[Experimental!] Jprime: -34.403,  B: -3.804
[Experimental!] DMI: (-0.3256 -0.0931 -0.1568)
[Experimental!]J_ani:
[[-0.032 -0.004 -0.002]
 [-0.004 -0.046 -0.001]
 [-0.002 -0.001 -0.033]]
----------------------------------------------------------------------------------------
   Fe2   Fe1   (  0,   0,   1) -26.7407   (-0.015, -0.015, -3.934)  3.934 
J_iso: -26.7407 
[Experimental!] Jprime: -34.403,  B: -3.804
[Experimental!] DMI: ( 0.3256  0.0931  0.1568)
[Experimental!]J_ani:
[[-0.032 -0.004 -0.002]
 [-0.004 -0.046 -0.001]
 [-0.002 -0.001 -0.033]]
----------------------------------------------------------------------------------------
   Fe2   Fe1   (  0,   1,   0) -26.7977   (-0.015, -3.934, -0.015)  3.934 
J_iso: -26.7977 
[Experimental!] Jprime: -34.444,  B: -3.810
[Experimental!] DMI: (-0.0940 -0.1583  0.3252)
[Experimental!]J_ani:
[[-0.047 -0.001 -0.004]
 [-0.001 -0.034 -0.002]
 [-0.004 -0.002 -0.032]]
----------------------------------------------------------------------------------------
   Fe2   Fe1   (  1,   0,   0) -26.7790   (-3.934, -0.015, -0.015)  3.934 
J_iso: -26.7790 
[Experimental!] Jprime: -34.450,  B: -3.820
[Experimental!] DMI: ( 0.1580 -0.3268 -0.0945)
[Experimental!]J_ani:
[[-0.034 -0.002 -0.001]
 [-0.002 -0.032 -0.004]
 [-0.001 -0.004 -0.046]]
----------------------------------------------------------------------------------------
   Fe1   Fe1   ( -1,   1,   0) -0.7422   ( 3.919, -3.919,  0.000)  5.543 
J_iso: -0.7422 
[Experimental!] Jprime: 0.507,  B: -0.632
[Experimental!] DMI: ( 0.0092 -0.0420 -0.0529)
[Experimental!]J_ani:
[[-0.016  0.004 -0.003]
 [ 0.004 -0.014 -0.002]
 [-0.003 -0.002 -0.018]]
----------------------------------------------------------------------------------------
   Fe1   Fe1   (  1,  -1,   0) -0.7422   (-3.919,  3.919, -0.000)  5.543 
J_iso: -0.7422 
[Experimental!] Jprime: 0.507,  B: -0.632
[Experimental!] DMI: (-0.0092  0.0420  0.0529)
[Experimental!]J_ani:
[[-0.016  0.004 -0.003]
 [ 0.004 -0.014 -0.002]
 [-0.003 -0.002 -0.018]]
----------------------------------------------------------------------------------------
   Fe2   Fe2   ( -1,   0,   1) -0.7413   ( 3.919,  0.000, -3.919)  5.543 
J_iso: -0.7413 
[Experimental!] Jprime: 0.496,  B: -0.627
[Experimental!] DMI: (-0.0092 -0.0530 -0.0419)
[Experimental!]J_ani:
[[-0.016 -0.003  0.004]
 [-0.003 -0.018 -0.002]
 [ 0.004 -0.002 -0.014]]
----------------------------------------------------------------------------------------
   Fe2   Fe2   ( -1,   1,   0) -0.7422   ( 3.919, -3.919,  0.000)  5.543 
J_iso: -0.7422 
[Experimental!] Jprime: 0.507,  B: -0.632
[Experimental!] DMI: ( 0.0419 -0.0092 -0.0529)
[Experimental!]J_ani:
[[-0.014  0.004 -0.002]
 [ 0.004 -0.016 -0.003]
 [-0.002 -0.003 -0.018]]
----------------------------------------------------------------------------------------
   Fe2   Fe2   (  1,  -1,   0) -0.7422   (-3.919,  3.919,  0.000)  5.543 
J_iso: -0.7422 
[Experimental!] Jprime: 0.507,  B: -0.632
[Experimental!] DMI: (-0.0419  0.0092  0.0529)
[Experimental!]J_ani:
[[-0.014  0.004 -0.002]
 [ 0.004 -0.016 -0.003]
 [-0.002 -0.003 -0.018]]
----------------------------------------------------------------------------------------
   Fe2   Fe2   (  1,   0,  -1) -0.7413   (-3.919, -0.000,  3.919)  5.543 
J_iso: -0.7413 
[Experimental!] Jprime: 0.496,  B: -0.627
[Experimental!] DMI: ( 0.0092  0.0530  0.0419)
[Experimental!]J_ani:
[[-0.016 -0.003  0.004]
 [-0.003 -0.018 -0.002]
 [ 0.004 -0.002 -0.014]]
----------------------------------------------------------------------------------------
   Fe1   Fe1   ( -1,   0,   1) -0.7432   ( 3.919,  0.000, -3.919)  5.543 
J_iso: -0.7432 
[Experimental!] Jprime: 0.501,  B: -0.630
[Experimental!] DMI: (-0.0419 -0.0530 -0.0092)
[Experimental!]J_ani:
[[-0.014 -0.002  0.004]
 [-0.002 -0.018 -0.003]
 [ 0.004 -0.003 -0.016]]
----------------------------------------------------------------------------------------
   Fe1   Fe1   (  0,  -1,   1) -0.7413   ( 0.000,  3.919, -3.919)  5.543 
J_iso: -0.7413 
[Experimental!] Jprime: 0.496,  B: -0.627
[Experimental!] DMI: (-0.0530 -0.0092  0.0419)
[Experimental!]J_ani:
[[-0.018 -0.003 -0.002]
 [-0.003 -0.016  0.004]
 [-0.002  0.004 -0.014]]
----------------------------------------------------------------------------------------
   Fe1   Fe1   (  0,   1,  -1) -0.7413   (-0.000, -3.919,  3.919)  5.543 
J_iso: -0.7413 
[Experimental!] Jprime: 0.496,  B: -0.627
[Experimental!] DMI: ( 0.0530  0.0092 -0.0419)
[Experimental!]J_ani:
[[-0.018 -0.003 -0.002]
 [-0.003 -0.016  0.004]
 [-0.002  0.004 -0.014]]
----------------------------------------------------------------------------------------
   Fe1   Fe1   (  1,   0,  -1) -0.7432   (-3.919, -0.000,  3.919)  5.543 
J_iso: -0.7432 
[Experimental!] Jprime: 0.501,  B: -0.630
[Experimental!] DMI: ( 0.0419  0.0530  0.0092)
[Experimental!]J_ani:
[[-0.014 -0.002  0.004]
 [-0.002 -0.018 -0.003]
 [ 0.004 -0.003 -0.016]]
----------------------------------------------------------------------------------------
   Fe2   Fe2   (  0,  -1,   1) -0.7432   ( 0.000,  3.919, -3.919)  5.543 
J_iso: -0.7432 
[Experimental!] Jprime: 0.501,  B: -0.630
[Experimental!] DMI: (-0.0530 -0.0420  0.0092)
[Experimental!]J_ani:
[[-0.018 -0.002 -0.003]
 [-0.002 -0.014  0.004]
 [-0.003  0.004 -0.016]]
----------------------------------------------------------------------------------------
   Fe2   Fe2   (  0,   1,  -1) -0.7432   (-0.000, -3.919,  3.919)  5.543 
J_iso: -0.7432 
[Experimental!] Jprime: 0.501,  B: -0.630
[Experimental!] DMI: ( 0.0530  0.0420 -0.0092)
[Experimental!]J_ani:
[[-0.018 -0.002 -0.003]
 [-0.002 -0.014  0.004]
 [-0.003  0.004 -0.016]]
----------------------------------------------------------------------------------------
   Fe1   Fe1   ( -1,   0,   0) -0.0220   (-0.030, -3.950, -3.950)  5.586 
J_iso: -0.0220 
[Experimental!] Jprime: 1.462,  B: -0.748
[Experimental!] DMI: (-0.0337 -0.0364  0.0032)
[Experimental!]J_ani:
[[-0.012 -0.    -0.   ]
 [-0.    -0.009  0.   ]
 [-0.     0.    -0.006]]
----------------------------------------------------------------------------------------
   Fe1   Fe1   (  0,  -1,   0) -0.0217   (-3.950, -0.030, -3.950)  5.586 
J_iso: -0.0217 
[Experimental!] Jprime: 1.467,  B: -0.749
[Experimental!] DMI: ( 0.0033  0.0338  0.0364)
[Experimental!]J_ani:
[[-0.006 -0.     0.   ]
 [-0.    -0.012 -0.   ]
 [ 0.    -0.    -0.009]]
----------------------------------------------------------------------------------------
   Fe1   Fe1   (  0,   0,  -1) -0.0228   (-3.950, -3.950, -0.030)  5.586 
J_iso: -0.0228 
[Experimental!] Jprime: 1.472,  B: -0.751
[Experimental!] DMI: ( 0.0364 -0.0032 -0.0338)
[Experimental!]J_ani:
[[-0.009  0.    -0.   ]
 [ 0.    -0.006 -0.   ]
 [-0.    -0.    -0.012]]
----------------------------------------------------------------------------------------
   Fe1   Fe1   (  0,   0,   1) -0.0228   ( 3.950,  3.950,  0.030)  5.586 
J_iso: -0.0228 
[Experimental!] Jprime: 1.472,  B: -0.751
[Experimental!] DMI: (-0.0364  0.0032  0.0338)
[Experimental!]J_ani:
[[-0.009  0.    -0.   ]
 [ 0.    -0.006 -0.   ]
 [-0.    -0.    -0.012]]
----------------------------------------------------------------------------------------
   Fe1   Fe1   (  0,   1,   0) -0.0217   ( 3.950,  0.030,  3.950)  5.586 
J_iso: -0.0217 
[Experimental!] Jprime: 1.467,  B: -0.749
[Experimental!] DMI: (-0.0033 -0.0338 -0.0364)
[Experimental!]J_ani:
[[-0.006 -0.     0.   ]
 [-0.    -0.012 -0.   ]
 [ 0.    -0.    -0.009]]
----------------------------------------------------------------------------------------
   Fe1   Fe1   (  1,   0,   0) -0.0220   ( 0.030,  3.950,  3.950)  5.586 
J_iso: -0.0220 
[Experimental!] Jprime: 1.462,  B: -0.748
[Experimental!] DMI: ( 0.0337  0.0364 -0.0032)
[Experimental!]J_ani:
[[-0.012 -0.    -0.   ]
 [-0.    -0.009  0.   ]
 [-0.     0.    -0.006]]
----------------------------------------------------------------------------------------
   Fe2   Fe2   ( -1,   0,   0) -0.0217   (-0.030, -3.950, -3.950)  5.586 
J_iso: -0.0217 
[Experimental!] Jprime: 1.467,  B: -0.749
[Experimental!] DMI: ( 0.0337  0.0032 -0.0364)
[Experimental!]J_ani:
[[-0.012 -0.    -0.   ]
 [-0.    -0.006  0.   ]
 [-0.     0.    -0.009]]
----------------------------------------------------------------------------------------
   Fe2   Fe2   (  0,  -1,   0) -0.0220   (-3.950, -0.030, -3.950)  5.586 
J_iso: -0.0220 
[Experimental!] Jprime: 1.462,  B: -0.748
[Experimental!] DMI: (-0.0364 -0.0338 -0.0032)
[Experimental!]J_ani:
[[-0.009 -0.     0.   ]
 [-0.    -0.012 -0.   ]
 [ 0.    -0.    -0.006]]
----------------------------------------------------------------------------------------
   Fe2   Fe2   (  0,   0,  -1) -0.0228   (-3.950, -3.950, -0.030)  5.586 
J_iso: -0.0228 
[Experimental!] Jprime: 1.472,  B: -0.751
[Experimental!] DMI: (-0.0033  0.0364  0.0338)
[Experimental!]J_ani:
[[-0.006  0.    -0.   ]
 [ 0.    -0.009 -0.   ]
 [-0.    -0.    -0.012]]
----------------------------------------------------------------------------------------
   Fe2   Fe2   (  0,   1,   0) -0.0220   ( 3.950,  0.030,  3.950)  5.586 
J_iso: -0.0220 
[Experimental!] Jprime: 1.462,  B: -0.748
[Experimental!] DMI: ( 0.0364  0.0338  0.0032)
[Experimental!]J_ani:
[[-0.009 -0.     0.   ]
 [-0.    -0.012 -0.   ]
 [ 0.    -0.    -0.006]]
----------------------------------------------------------------------------------------
   Fe2   Fe2   (  1,   0,   0) -0.0217   ( 0.030,  3.950,  3.950)  5.586 
J_iso: -0.0217 
[Experimental!] Jprime: 1.467,  B: -0.749
[Experimental!] DMI: (-0.0337 -0.0032  0.0364)
[Experimental!]J_ani:
[[-0.012 -0.    -0.   ]
 [-0.    -0.006  0.   ]
 [-0.     0.    -0.009]]
----------------------------------------------------------------------------------------
   Fe2   Fe2   (  0,   0,   1) -0.0228   ( 3.950,  3.950,  0.030)  5.586 
J_iso: -0.0228 
[Experimental!] Jprime: 1.472,  B: -0.751
[Experimental!] DMI: ( 0.0033 -0.0364 -0.0338)
[Experimental!]J_ani:
[[-0.006  0.    -0.   ]
 [ 0.    -0.009 -0.   ]
 [-0.    -0.    -0.012]]
----------------------------------------------------------------------------------------
   Fe1   Fe2   ( -2,   0,   0) -0.1323   ( 3.904, -3.934, -3.934)  6.797 
J_iso: -0.1323 
[Experimental!] Jprime: -0.251,  B: -0.057
[Experimental!] DMI: ( 0.0657 -0.0455 -0.0355)
[Experimental!]J_ani:
[[-0.005  0.002 -0.001]
 [ 0.002 -0.003 -0.001]
 [-0.001 -0.001 -0.004]]
----------------------------------------------------------------------------------------
   Fe1   Fe2   (  0,  -2,   0) -0.1324   (-3.934,  3.904, -3.934)  6.797 
J_iso: -0.1324 
[Experimental!] Jprime: -0.250,  B: -0.057
[Experimental!] DMI: (-0.0354 -0.0657  0.0455)
[Experimental!]J_ani:
[[-0.004 -0.001 -0.001]
 [-0.001 -0.005  0.002]
 [-0.001  0.002 -0.003]]
----------------------------------------------------------------------------------------
   Fe2   Fe1   (  0,   2,   0) -0.1324   ( 3.934, -3.904,  3.934)  6.797 
J_iso: -0.1324 
[Experimental!] Jprime: -0.250,  B: -0.057
[Experimental!] DMI: ( 0.0354  0.0657 -0.0455)
[Experimental!]J_ani:
[[-0.004 -0.001 -0.001]
 [-0.001 -0.005  0.002]
 [-0.001  0.002 -0.003]]
----------------------------------------------------------------------------------------
   Fe2   Fe1   (  2,   0,   0) -0.1323   (-3.904,  3.934,  3.934)  6.797 
J_iso: -0.1323 
[Experimental!] Jprime: -0.251,  B: -0.057
[Experimental!] DMI: (-0.0657  0.0455  0.0355)
[Experimental!]J_ani:
[[-0.005  0.002 -0.001]
 [ 0.002 -0.003 -0.001]
 [-0.001 -0.001 -0.004]]
----------------------------------------------------------------------------------------
   Fe1   Fe2   (  0,   0,  -2) -0.1319   (-3.934, -3.934,  3.904)  6.797 
J_iso: -0.1319 
[Experimental!] Jprime: -0.252,  B: -0.058
[Experimental!] DMI: ( 0.0455  0.0355  0.0657)
[Experimental!]J_ani:
[[-0.004 -0.001  0.002]
 [-0.001 -0.004 -0.001]
 [ 0.002 -0.001 -0.005]]
----------------------------------------------------------------------------------------
   Fe2   Fe1   (  0,   0,   2) -0.1319   ( 3.934,  3.934, -3.904)  6.797 
J_iso: -0.1319 
[Experimental!] Jprime: -0.252,  B: -0.058
[Experimental!] DMI: (-0.0455 -0.0355 -0.0657)
[Experimental!]J_ani:
[[-0.004 -0.001  0.002]
 [-0.001 -0.004 -0.001]
 [ 0.002 -0.001 -0.005]]
----------------------------------------------------------------------------------------
   Fe1   Fe2   ( -1,   1,  -1) -0.1323   ( 3.934, -3.904,  3.934)  6.797 
J_iso: -0.1323 
[Experimental!] Jprime: -0.251,  B: -0.057
[Experimental!] DMI: ( 0.0455 -0.0657 -0.0354)
[Experimental!]J_ani:
[[-0.004  0.002 -0.001]
 [ 0.002 -0.005 -0.001]
 [-0.001 -0.001 -0.004]]
----------------------------------------------------------------------------------------
   Fe1   Fe2   (  1,  -1,  -1) -0.1324   (-3.904,  3.934,  3.934)  6.797 
J_iso: -0.1324 
[Experimental!] Jprime: -0.250,  B: -0.057
[Experimental!] DMI: ( 0.0657  0.0355  0.0455)
[Experimental!]J_ani:
[[-0.005 -0.001  0.002]
 [-0.001 -0.004 -0.001]
 [ 0.002 -0.001 -0.003]]
----------------------------------------------------------------------------------------
   Fe2   Fe1   ( -1,   1,   1) -0.1324   ( 3.904, -3.934, -3.934)  6.797 
J_iso: -0.1324 
[Experimental!] Jprime: -0.250,  B: -0.057
[Experimental!] DMI: (-0.0657 -0.0355 -0.0455)
[Experimental!]J_ani:
[[-0.005 -0.001  0.002]
 [-0.001 -0.004 -0.001]
 [ 0.002 -0.001 -0.003]]
----------------------------------------------------------------------------------------
   Fe2   Fe1   (  1,  -1,   1) -0.1323   (-3.934,  3.904, -3.934)  6.797 
J_iso: -0.1323 
[Experimental!] Jprime: -0.251,  B: -0.057
[Experimental!] DMI: (-0.0455  0.0657  0.0354)
[Experimental!]J_ani:
[[-0.004  0.002 -0.001]
 [ 0.002 -0.005 -0.001]
 [-0.001 -0.001 -0.004]]
----------------------------------------------------------------------------------------
   Fe1   Fe2   ( -1,  -1,   1) -0.1319   ( 3.934,  3.934, -3.904)  6.797 
J_iso: -0.1319 
[Experimental!] Jprime: -0.252,  B: -0.058
[Experimental!] DMI: (-0.0354 -0.0455  0.0657)
[Experimental!]J_ani:
[[-0.004 -0.001 -0.001]
 [-0.001 -0.003  0.002]
 [-0.001  0.002 -0.005]]
----------------------------------------------------------------------------------------
   Fe2   Fe1   (  1,   1,  -1) -0.1319   (-3.934, -3.934,  3.904)  6.797 
J_iso: -0.1319 
[Experimental!] Jprime: -0.252,  B: -0.058
[Experimental!] DMI: ( 0.0354  0.0455 -0.0657)
[Experimental!]J_ani:
[[-0.004 -0.001 -0.001]
 [-0.001 -0.003  0.002]
 [-0.001  0.002 -0.005]]
----------------------------------------------------------------------------------------
   Fe1   Fe2   ( -1,  -1,  -1)  0.0728   (-3.965, -3.965, -3.965)  6.867 
J_iso:  0.0728 
[Experimental!] Jprime: -0.056,  B: -0.064
[Experimental!] DMI: ( 0.0011 -0.0012  0.0012)
[Experimental!]J_ani:
[[-0.001 -0.    -0.   ]
 [-0.    -0.001 -0.   ]
 [-0.    -0.    -0.001]]
----------------------------------------------------------------------------------------
   Fe2   Fe1   (  1,   1,   1)  0.0728   ( 3.965,  3.965,  3.965)  6.867 
J_iso:  0.0728 
[Experimental!] Jprime: -0.056,  B: -0.064
[Experimental!] DMI: (-0.0011  0.0012 -0.0012)
[Experimental!]J_ani:
[[-0.001 -0.    -0.   ]
 [-0.    -0.001 -0.   ]
 [-0.    -0.    -0.001]]
----------------------------------------------------------------------------------------
   Fe1   Fe2   (  0,   0,   0)  0.0728   ( 3.965,  3.965,  3.965)  6.867 
J_iso:  0.0728 
[Experimental!] Jprime: -0.056,  B: -0.064
[Experimental!] DMI: ( 0.0011 -0.0011  0.0012)
[Experimental!]J_ani:
[[-0.001 -0.    -0.   ]
 [-0.    -0.001 -0.   ]
 [-0.    -0.    -0.001]]
----------------------------------------------------------------------------------------
   Fe2   Fe1   (  0,   0,   0)  0.0728   (-3.965, -3.965, -3.965)  6.867 
J_iso:  0.0728 
[Experimental!] Jprime: -0.056,  B: -0.064
[Experimental!] DMI: (-0.0011  0.0011 -0.0012)
[Experimental!]J_ani:
[[-0.001 -0.    -0.   ]
 [-0.    -0.001 -0.   ]
 [-0.    -0.    -0.001]]
