==========================================================================================
Information: 
Exchange parameters generated by TB2J 0.3.0
Generation time: 20/09/03 10:47:52
 Input from non-collinear Siesta data.
 working directory: /home/ICN2/xhe/projects/TB2J_examples/Siesta/BiFeO3_SOC/U4/BiFeO3_SOC_z_U4
 fdf_fname: siesta.fdf.
Warning: The DMI component parallel to the spin orientation, the Jani which has the component of that orientation should be disregarded
 e.g. if the spins are along z, the xz, yz, zz, zx, zy components and the z component of DMI.
 If you need these component, try to do three calculations with spin along x, y, z,  or use structure with z rotated to x, y and z. And then use TB2J_merge.py to get the full set of parameters.

==========================================================================================
Cell (Angstrom):
 0.030   3.950   3.950
 3.950   0.030   3.950
 3.950   3.950   0.030

==========================================================================================
Atoms:  
(Note: charge and magmoms only count the wannier functions.)
Atom_number      x         y         z     w_charge    M(x)      M(y)      M(z)   
Bi1             0.2413    0.2413    0.2413    2.1878   -0.0010    0.0005   -0.0045
Bi2             4.2060    4.2060    4.2060    2.1878    0.0005   -0.0010    0.0045
Fe1             2.0165    2.0165    2.0165    6.1722   -0.0027    0.0021    4.1151
Fe2             5.9812    5.9812    5.9812    6.1722    0.0021   -0.0027   -4.1151
O1              5.5238    2.1558    3.9388    4.8807   -0.0005   -0.0011   -0.0568
O2              6.0903    5.5389    3.9539    4.8807   -0.0011   -0.0005    0.0568
O3              3.9388    5.5238    2.1558    4.8806   -0.0016    0.0027   -0.0559
O4              3.9539    6.0903    5.5389    4.8806    0.0001    0.0031    0.0562
O5              2.1558    3.9388    5.5238    4.8806    0.0031    0.0001   -0.0562
O6              5.5389    3.9539    6.0903    4.8806    0.0027   -0.0016    0.0559
Total                                        46.0038    0.0015    0.0015   -0.0000

==========================================================================================
Exchange: 
    i      j          R        J_iso(meV)          vector          distance(A) 
----------------------------------------------------------------------------------------
   Fe2   Fe1   (  0,   1,   1) -26.7976   ( 3.934,  0.015,  0.015)  3.934 
J_iso: -26.7976 
[Experimental!] Jprime: -34.444,  B: -3.810
[Experimental!] DMI: ( 0.1590  0.0996  0.0358)
[Experimental!]J_ani:
[[-0.026 -0.002 -0.01 ]
 [-0.002 -0.027  0.05 ]
 [-0.01   0.05  -7.62 ]]
----------------------------------------------------------------------------------------
   Fe2   Fe1   (  1,   0,   1) -26.7790   ( 0.015,  3.934,  0.015)  3.934 
J_iso: -26.7790 
[Experimental!] Jprime: -34.450,  B: -3.820
[Experimental!] DMI: ( 0.3101 -0.1599 -0.0359)
[Experimental!]J_ani:
[[-0.021 -0.005  0.033]
 [-0.005 -0.042 -0.022]
 [ 0.033 -0.022 -7.639]]
----------------------------------------------------------------------------------------
   Fe1   Fe2   ( -1,   0,  -1) -26.7790   (-0.015, -3.934, -0.015)  3.934 
J_iso: -26.7790 
[Experimental!] Jprime: -34.450,  B: -3.820
[Experimental!] DMI: (-0.3101  0.1599  0.0359)
[Experimental!]J_ani:
[[-0.021 -0.005  0.033]
 [-0.005 -0.042 -0.022]
 [ 0.033 -0.022 -7.639]]
----------------------------------------------------------------------------------------
   Fe1   Fe2   (  0,  -1,  -1) -26.7976   (-3.934, -0.015, -0.015)  3.934 
J_iso: -26.7976 
[Experimental!] Jprime: -34.444,  B: -3.810
[Experimental!] DMI: (-0.1590 -0.0996 -0.0358)
[Experimental!]J_ani:
[[-0.026 -0.002 -0.01 ]
 [-0.002 -0.027  0.05 ]
 [-0.01   0.05  -7.62 ]]
----------------------------------------------------------------------------------------
   Fe2   Fe1   (  1,   1,   0) -26.7407   ( 0.015,  0.015,  3.934)  3.934 
J_iso: -26.7407 
[Experimental!] Jprime: -34.403,  B: -3.804
[Experimental!] DMI: (-0.0856 -0.3444 -0.2246)
[Experimental!]J_ani:
[[-0.066 -0.008 -0.026]
 [-0.008 -0.043  0.001]
 [-0.026  0.001 -7.608]]
----------------------------------------------------------------------------------------
   Fe1   Fe2   ( -1,  -1,   0) -26.7407   (-0.015, -0.015, -3.934)  3.934 
J_iso: -26.7407 
[Experimental!] Jprime: -34.403,  B: -3.804
[Experimental!] DMI: ( 0.0856  0.3444  0.2246)
[Experimental!]J_ani:
[[-0.066 -0.008 -0.026]
 [-0.008 -0.043  0.001]
 [-0.026  0.001 -7.608]]
----------------------------------------------------------------------------------------
   Fe1   Fe2   ( -1,   0,   0) -26.7790   ( 3.934,  0.015,  0.015)  3.934 
J_iso: -26.7790 
[Experimental!] Jprime: -34.450,  B: -3.820
[Experimental!] DMI: (-0.1599  0.3101  0.0359)
[Experimental!]J_ani:
[[-0.042 -0.005  0.022]
 [-0.005 -0.021 -0.033]
 [ 0.022 -0.033 -7.639]]
----------------------------------------------------------------------------------------
   Fe1   Fe2   (  0,  -1,   0) -26.7977   ( 0.015,  3.934,  0.015)  3.934 
J_iso: -26.7977 
[Experimental!] Jprime: -34.444,  B: -3.810
[Experimental!] DMI: ( 0.0996  0.1590 -0.0358)
[Experimental!]J_ani:
[[-0.027 -0.002 -0.05 ]
 [-0.002 -0.026  0.01 ]
 [-0.05   0.01  -7.62 ]]
----------------------------------------------------------------------------------------
   Fe1   Fe2   (  0,   0,  -1) -26.7407   ( 0.015,  0.015,  3.934)  3.934 
J_iso: -26.7407 
[Experimental!] Jprime: -34.403,  B: -3.804
[Experimental!] DMI: (-0.3444 -0.0856  0.2246)
[Experimental!]J_ani:
[[-0.043 -0.008 -0.001]
 [-0.008 -0.066  0.026]
 [-0.001  0.026 -7.608]]
----------------------------------------------------------------------------------------
   Fe2   Fe1   (  0,   0,   1) -26.7407   (-0.015, -0.015, -3.934)  3.934 
J_iso: -26.7407 
[Experimental!] Jprime: -34.403,  B: -3.804
[Experimental!] DMI: ( 0.3444  0.0856 -0.2246)
[Experimental!]J_ani:
[[-0.043 -0.008 -0.001]
 [-0.008 -0.066  0.026]
 [-0.001  0.026 -7.608]]
----------------------------------------------------------------------------------------
   Fe2   Fe1   (  0,   1,   0) -26.7977   (-0.015, -3.934, -0.015)  3.934 
J_iso: -26.7977 
[Experimental!] Jprime: -34.444,  B: -3.810
[Experimental!] DMI: (-0.0996 -0.1590  0.0358)
[Experimental!]J_ani:
[[-0.027 -0.002 -0.05 ]
 [-0.002 -0.026  0.01 ]
 [-0.05   0.01  -7.62 ]]
----------------------------------------------------------------------------------------
   Fe2   Fe1   (  1,   0,   0) -26.7790   (-3.934, -0.015, -0.015)  3.934 
J_iso: -26.7790 
[Experimental!] Jprime: -34.450,  B: -3.820
[Experimental!] DMI: ( 0.1599 -0.3101 -0.0359)
[Experimental!]J_ani:
[[-0.042 -0.005  0.022]
 [-0.005 -0.021 -0.033]
 [ 0.022 -0.033 -7.639]]
----------------------------------------------------------------------------------------
   Fe1   Fe1   ( -1,   1,   0) -0.7422   ( 3.919, -3.919,  0.000)  5.543 
J_iso: -0.7422 
[Experimental!] Jprime: 0.507,  B: -0.632
[Experimental!] DMI: ( 0.0094 -0.0429  0.0468)
[Experimental!]J_ani:
[[-0.016  0.008 -0.01 ]
 [ 0.008 -0.014 -0.008]
 [-0.01  -0.008 -1.264]]
----------------------------------------------------------------------------------------
   Fe1   Fe1   (  1,  -1,   0) -0.7422   (-3.919,  3.919, -0.000)  5.543 
J_iso: -0.7422 
[Experimental!] Jprime: 0.507,  B: -0.632
[Experimental!] DMI: (-0.0094  0.0429 -0.0468)
[Experimental!]J_ani:
[[-0.016  0.008 -0.01 ]
 [ 0.008 -0.014 -0.008]
 [-0.01  -0.008 -1.264]]
----------------------------------------------------------------------------------------
   Fe2   Fe2   ( -1,   0,   1) -0.7413   ( 3.919,  0.000, -3.919)  5.543 
J_iso: -0.7413 
[Experimental!] Jprime: 0.496,  B: -0.627
[Experimental!] DMI: (-0.0090 -0.0523  0.0032)
[Experimental!]J_ani:
[[-0.016 -0.006  0.016]
 [-0.006 -0.02   0.02 ]
 [ 0.016  0.02  -1.255]]
----------------------------------------------------------------------------------------
   Fe2   Fe2   ( -1,   1,   0) -0.7422   ( 3.919, -3.919,  0.000)  5.543 
J_iso: -0.7422 
[Experimental!] Jprime: 0.507,  B: -0.632
[Experimental!] DMI: ( 0.0429 -0.0094  0.0468)
[Experimental!]J_ani:
[[-0.014  0.008  0.008]
 [ 0.008 -0.016  0.01 ]
 [ 0.008  0.01  -1.264]]
----------------------------------------------------------------------------------------
   Fe2   Fe2   (  1,  -1,   0) -0.7422   (-3.919,  3.919,  0.000)  5.543 
J_iso: -0.7422 
[Experimental!] Jprime: 0.507,  B: -0.632
[Experimental!] DMI: (-0.0429  0.0094 -0.0468)
[Experimental!]J_ani:
[[-0.014  0.008  0.008]
 [ 0.008 -0.016  0.01 ]
 [ 0.008  0.01  -1.264]]
----------------------------------------------------------------------------------------
   Fe2   Fe2   (  1,   0,  -1) -0.7413   (-3.919, -0.000,  3.919)  5.543 
J_iso: -0.7413 
[Experimental!] Jprime: 0.496,  B: -0.627
[Experimental!] DMI: ( 0.0090  0.0523 -0.0032)
[Experimental!]J_ani:
[[-0.016 -0.006  0.016]
 [-0.006 -0.02   0.02 ]
 [ 0.016  0.02  -1.255]]
----------------------------------------------------------------------------------------
   Fe1   Fe1   ( -1,   0,   1) -0.7432   ( 3.919,  0.000, -3.919)  5.543 
J_iso: -0.7432 
[Experimental!] Jprime: 0.501,  B: -0.630
[Experimental!] DMI: (-0.0409 -0.0537 -0.0020)
[Experimental!]J_ani:
[[-0.013 -0.004 -0.003]
 [-0.004 -0.017 -0.003]
 [-0.003 -0.003 -1.259]]
----------------------------------------------------------------------------------------
   Fe1   Fe1   (  0,  -1,   1) -0.7413   ( 0.000,  3.919, -3.919)  5.543 
J_iso: -0.7413 
[Experimental!] Jprime: 0.496,  B: -0.627
[Experimental!] DMI: (-0.0523 -0.0090 -0.0032)
[Experimental!]J_ani:
[[-0.02  -0.006 -0.02 ]
 [-0.006 -0.016 -0.016]
 [-0.02  -0.016 -1.255]]
----------------------------------------------------------------------------------------
   Fe1   Fe1   (  0,   1,  -1) -0.7413   (-0.000, -3.919,  3.919)  5.543 
J_iso: -0.7413 
[Experimental!] Jprime: 0.496,  B: -0.627
[Experimental!] DMI: ( 0.0523  0.0090  0.0032)
[Experimental!]J_ani:
[[-0.02  -0.006 -0.02 ]
 [-0.006 -0.016 -0.016]
 [-0.02  -0.016 -1.255]]
----------------------------------------------------------------------------------------
   Fe1   Fe1   (  1,   0,  -1) -0.7432   (-3.919, -0.000,  3.919)  5.543 
J_iso: -0.7432 
[Experimental!] Jprime: 0.501,  B: -0.630
[Experimental!] DMI: ( 0.0409  0.0537  0.0020)
[Experimental!]J_ani:
[[-0.013 -0.004 -0.003]
 [-0.004 -0.017 -0.003]
 [-0.003 -0.003 -1.259]]
----------------------------------------------------------------------------------------
   Fe2   Fe2   (  0,  -1,   1) -0.7432   ( 0.000,  3.919, -3.919)  5.543 
J_iso: -0.7432 
[Experimental!] Jprime: 0.501,  B: -0.630
[Experimental!] DMI: (-0.0537 -0.0409  0.0020)
[Experimental!]J_ani:
[[-0.017 -0.004  0.003]
 [-0.004 -0.013  0.003]
 [ 0.003  0.003 -1.259]]
----------------------------------------------------------------------------------------
   Fe2   Fe2   (  0,   1,  -1) -0.7432   (-0.000, -3.919,  3.919)  5.543 
J_iso: -0.7432 
[Experimental!] Jprime: 0.501,  B: -0.630
[Experimental!] DMI: ( 0.0537  0.0409 -0.0020)
[Experimental!]J_ani:
[[-0.017 -0.004  0.003]
 [-0.004 -0.013  0.003]
 [ 0.003  0.003 -1.259]]
----------------------------------------------------------------------------------------
   Fe1   Fe1   ( -1,   0,   0) -0.0220   (-0.030, -3.950, -3.950)  5.586 
J_iso: -0.0220 
[Experimental!] Jprime: 1.462,  B: -0.748
[Experimental!] DMI: (-0.0323 -0.0366  0.0004)
[Experimental!]J_ani:
[[-0.012 -0.    -0.002]
 [-0.    -0.01  -0.025]
 [-0.002 -0.025 -1.495]]
----------------------------------------------------------------------------------------
   Fe1   Fe1   (  0,  -1,   0) -0.0217   (-3.950, -0.030, -3.950)  5.586 
J_iso: -0.0217 
[Experimental!] Jprime: 1.467,  B: -0.749
[Experimental!] DMI: ( 0.0032  0.0352 -0.0251)
[Experimental!]J_ani:
[[-0.007 -0.001 -0.025]
 [-0.001 -0.012 -0.009]
 [-0.025 -0.009 -1.498]]
----------------------------------------------------------------------------------------
   Fe1   Fe1   (  0,   0,  -1) -0.0228   (-3.950, -3.950, -0.030)  5.586 
J_iso: -0.0228 
[Experimental!] Jprime: 1.472,  B: -0.751
[Experimental!] DMI: ( 0.0362 -0.0034  0.0181)
[Experimental!]J_ani:
[[-0.008  0.001 -0.008]
 [ 0.001 -0.005  0.001]
 [-0.008  0.001 -1.501]]
----------------------------------------------------------------------------------------
   Fe1   Fe1   (  0,   0,   1) -0.0228   ( 3.950,  3.950,  0.030)  5.586 
J_iso: -0.0228 
[Experimental!] Jprime: 1.472,  B: -0.751
[Experimental!] DMI: (-0.0362  0.0034 -0.0181)
[Experimental!]J_ani:
[[-0.008  0.001 -0.008]
 [ 0.001 -0.005  0.001]
 [-0.008  0.001 -1.501]]
----------------------------------------------------------------------------------------
   Fe1   Fe1   (  0,   1,   0) -0.0217   ( 3.950,  0.030,  3.950)  5.586 
J_iso: -0.0217 
[Experimental!] Jprime: 1.467,  B: -0.749
[Experimental!] DMI: (-0.0032 -0.0352  0.0251)
[Experimental!]J_ani:
[[-0.007 -0.001 -0.025]
 [-0.001 -0.012 -0.009]
 [-0.025 -0.009 -1.498]]
----------------------------------------------------------------------------------------
   Fe1   Fe1   (  1,   0,   0) -0.0220   ( 0.030,  3.950,  3.950)  5.586 
J_iso: -0.0220 
[Experimental!] Jprime: 1.462,  B: -0.748
[Experimental!] DMI: ( 0.0323  0.0366 -0.0004)
[Experimental!]J_ani:
[[-0.012 -0.    -0.002]
 [-0.    -0.01  -0.025]
 [-0.002 -0.025 -1.495]]
----------------------------------------------------------------------------------------
   Fe2   Fe2   ( -1,   0,   0) -0.0217   (-0.030, -3.950, -3.950)  5.586 
J_iso: -0.0217 
[Experimental!] Jprime: 1.467,  B: -0.749
[Experimental!] DMI: ( 0.0352  0.0032  0.0251)
[Experimental!]J_ani:
[[-0.012 -0.001  0.009]
 [-0.001 -0.007  0.025]
 [ 0.009  0.025 -1.498]]
----------------------------------------------------------------------------------------
   Fe2   Fe2   (  0,  -1,   0) -0.0220   (-3.950, -0.030, -3.950)  5.586 
J_iso: -0.0220 
[Experimental!] Jprime: 1.462,  B: -0.748
[Experimental!] DMI: (-0.0366 -0.0323 -0.0004)
[Experimental!]J_ani:
[[-0.01  -0.     0.025]
 [-0.    -0.012  0.002]
 [ 0.025  0.002 -1.495]]
----------------------------------------------------------------------------------------
   Fe2   Fe2   (  0,   0,  -1) -0.0228   (-3.950, -3.950, -0.030)  5.586 
J_iso: -0.0228 
[Experimental!] Jprime: 1.472,  B: -0.751
[Experimental!] DMI: (-0.0034  0.0362 -0.0181)
[Experimental!]J_ani:
[[-0.005  0.001 -0.001]
 [ 0.001 -0.008  0.008]
 [-0.001  0.008 -1.501]]
----------------------------------------------------------------------------------------
   Fe2   Fe2   (  0,   1,   0) -0.0220   ( 3.950,  0.030,  3.950)  5.586 
J_iso: -0.0220 
[Experimental!] Jprime: 1.462,  B: -0.748
[Experimental!] DMI: ( 0.0366  0.0323  0.0004)
[Experimental!]J_ani:
[[-0.01  -0.     0.025]
 [-0.    -0.012  0.002]
 [ 0.025  0.002 -1.495]]
----------------------------------------------------------------------------------------
   Fe2   Fe2   (  1,   0,   0) -0.0217   ( 0.030,  3.950,  3.950)  5.586 
J_iso: -0.0217 
[Experimental!] Jprime: 1.467,  B: -0.749
[Experimental!] DMI: (-0.0352 -0.0032 -0.0251)
[Experimental!]J_ani:
[[-0.012 -0.001  0.009]
 [-0.001 -0.007  0.025]
 [ 0.009  0.025 -1.498]]
----------------------------------------------------------------------------------------
   Fe2   Fe2   (  0,   0,   1) -0.0228   ( 3.950,  3.950,  0.030)  5.586 
J_iso: -0.0228 
[Experimental!] Jprime: 1.472,  B: -0.751
[Experimental!] DMI: ( 0.0034 -0.0362  0.0181)
[Experimental!]J_ani:
[[-0.005  0.001 -0.001]
 [ 0.001 -0.008  0.008]
 [-0.001  0.008 -1.501]]
----------------------------------------------------------------------------------------
   Fe1   Fe2   ( -2,   0,   0) -0.1323   ( 3.904, -3.934, -3.934)  6.797 
J_iso: -0.1323 
[Experimental!] Jprime: -0.251,  B: -0.057
[Experimental!] DMI: ( 0.0655 -0.0460  0.0178)
[Experimental!]J_ani:
[[-0.006  0.003 -0.001]
 [ 0.003 -0.003 -0.004]
 [-0.001 -0.004 -0.114]]
----------------------------------------------------------------------------------------
   Fe1   Fe2   (  0,  -2,   0) -0.1324   (-3.934,  3.904, -3.934)  6.797 
J_iso: -0.1324 
[Experimental!] Jprime: -0.250,  B: -0.057
[Experimental!] DMI: (-0.0359 -0.0659 -0.0331)
[Experimental!]J_ani:
[[-0.004 -0.002 -0.007]
 [-0.002 -0.005 -0.001]
 [-0.007 -0.001 -0.113]]
----------------------------------------------------------------------------------------
   Fe2   Fe1   (  0,   2,   0) -0.1324   ( 3.934, -3.904,  3.934)  6.797 
J_iso: -0.1324 
[Experimental!] Jprime: -0.250,  B: -0.057
[Experimental!] DMI: ( 0.0359  0.0659  0.0331)
[Experimental!]J_ani:
[[-0.004 -0.002 -0.007]
 [-0.002 -0.005 -0.001]
 [-0.007 -0.001 -0.113]]
----------------------------------------------------------------------------------------
   Fe2   Fe1   (  2,   0,   0) -0.1323   (-3.904,  3.934,  3.934)  6.797 
J_iso: -0.1323 
[Experimental!] Jprime: -0.251,  B: -0.057
[Experimental!] DMI: (-0.0655  0.0460 -0.0178)
[Experimental!]J_ani:
[[-0.006  0.003 -0.001]
 [ 0.003 -0.003 -0.004]
 [-0.001 -0.004 -0.114]]
----------------------------------------------------------------------------------------
   Fe1   Fe2   (  0,   0,  -2) -0.1319   (-3.934, -3.934,  3.904)  6.797 
J_iso: -0.1319 
[Experimental!] Jprime: -0.252,  B: -0.058
[Experimental!] DMI: ( 0.0450  0.0350 -0.0611)
[Experimental!]J_ani:
[[-0.004 -0.001  0.005]
 [-0.001 -0.004  0.003]
 [ 0.005  0.003 -0.116]]
----------------------------------------------------------------------------------------
   Fe2   Fe1   (  0,   0,   2) -0.1319   ( 3.934,  3.934, -3.904)  6.797 
J_iso: -0.1319 
[Experimental!] Jprime: -0.252,  B: -0.058
[Experimental!] DMI: (-0.0450 -0.0350  0.0611)
[Experimental!]J_ani:
[[-0.004 -0.001  0.005]
 [-0.001 -0.004  0.003]
 [ 0.005  0.003 -0.116]]
----------------------------------------------------------------------------------------
   Fe1   Fe2   ( -1,   1,  -1) -0.1323   ( 3.934, -3.904,  3.934)  6.797 
J_iso: -0.1323 
[Experimental!] Jprime: -0.251,  B: -0.057
[Experimental!] DMI: ( 0.0460 -0.0655  0.0178)
[Experimental!]J_ani:
[[-0.003  0.003  0.004]
 [ 0.003 -0.006  0.001]
 [ 0.004  0.001 -0.114]]
----------------------------------------------------------------------------------------
   Fe1   Fe2   (  1,  -1,  -1) -0.1324   (-3.904,  3.934,  3.934)  6.797 
J_iso: -0.1324 
[Experimental!] Jprime: -0.250,  B: -0.057
[Experimental!] DMI: ( 0.0659  0.0359 -0.0331)
[Experimental!]J_ani:
[[-0.005 -0.002  0.001]
 [-0.002 -0.004  0.007]
 [ 0.001  0.007 -0.113]]
----------------------------------------------------------------------------------------
   Fe2   Fe1   ( -1,   1,   1) -0.1324   ( 3.904, -3.934, -3.934)  6.797 
J_iso: -0.1324 
[Experimental!] Jprime: -0.250,  B: -0.057
[Experimental!] DMI: (-0.0659 -0.0359  0.0331)
[Experimental!]J_ani:
[[-0.005 -0.002  0.001]
 [-0.002 -0.004  0.007]
 [ 0.001  0.007 -0.113]]
----------------------------------------------------------------------------------------
   Fe2   Fe1   (  1,  -1,   1) -0.1323   (-3.934,  3.904, -3.934)  6.797 
J_iso: -0.1323 
[Experimental!] Jprime: -0.251,  B: -0.057
[Experimental!] DMI: (-0.0460  0.0655 -0.0178)
[Experimental!]J_ani:
[[-0.003  0.003  0.004]
 [ 0.003 -0.006  0.001]
 [ 0.004  0.001 -0.114]]
----------------------------------------------------------------------------------------
   Fe1   Fe2   ( -1,  -1,   1) -0.1319   ( 3.934,  3.934, -3.904)  6.797 
J_iso: -0.1319 
[Experimental!] Jprime: -0.252,  B: -0.058
[Experimental!] DMI: (-0.0350 -0.0450 -0.0611)
[Experimental!]J_ani:
[[-0.004 -0.001 -0.003]
 [-0.001 -0.004 -0.005]
 [-0.003 -0.005 -0.116]]
----------------------------------------------------------------------------------------
   Fe2   Fe1   (  1,   1,  -1) -0.1319   (-3.934, -3.934,  3.904)  6.797 
J_iso: -0.1319 
[Experimental!] Jprime: -0.252,  B: -0.058
[Experimental!] DMI: ( 0.0350  0.0450  0.0611)
[Experimental!]J_ani:
[[-0.004 -0.001 -0.003]
 [-0.001 -0.004 -0.005]
 [-0.003 -0.005 -0.116]]
----------------------------------------------------------------------------------------
   Fe1   Fe2   ( -1,  -1,  -1)  0.0728   (-3.965, -3.965, -3.965)  6.867 
J_iso:  0.0728 
[Experimental!] Jprime: -0.056,  B: -0.064
[Experimental!] DMI: ( 0.0012 -0.0011  0.0036)
[Experimental!]J_ani:
[[-0.001 -0.    -0.   ]
 [-0.    -0.001 -0.   ]
 [-0.    -0.    -0.128]]
----------------------------------------------------------------------------------------
   Fe2   Fe1   (  1,   1,   1)  0.0728   ( 3.965,  3.965,  3.965)  6.867 
J_iso:  0.0728 
[Experimental!] Jprime: -0.056,  B: -0.064
[Experimental!] DMI: (-0.0012  0.0011 -0.0036)
[Experimental!]J_ani:
[[-0.001 -0.    -0.   ]
 [-0.    -0.001 -0.   ]
 [-0.    -0.    -0.128]]
----------------------------------------------------------------------------------------
   Fe1   Fe2   (  0,   0,   0)  0.0728   ( 3.965,  3.965,  3.965)  6.867 
J_iso:  0.0728 
[Experimental!] Jprime: -0.056,  B: -0.064
[Experimental!] DMI: ( 0.0011 -0.0012  0.0036)
[Experimental!]J_ani:
[[-0.001 -0.     0.   ]
 [-0.    -0.001  0.   ]
 [ 0.     0.    -0.128]]
----------------------------------------------------------------------------------------
   Fe2   Fe1   (  0,   0,   0)  0.0728   (-3.965, -3.965, -3.965)  6.867 
J_iso:  0.0728 
[Experimental!] Jprime: -0.056,  B: -0.064
[Experimental!] DMI: (-0.0011  0.0012 -0.0036)
[Experimental!]J_ani:
[[-0.001 -0.     0.   ]
 [-0.    -0.001  0.   ]
 [ 0.     0.    -0.128]]
