==========================================================================================
Information: 
Exchange parameters generated by TB2J 0.8.2
Generation time: 24/03/08 13:57:29
 Input from non-collinear Abacus data.
data directory: OUT.CrI3

==========================================================================================
Cell (Angstrom):
-5.90858261  3.41132177  0.00000000
-5.90858261  -3.41132177  0.00000000
-0.00000000  -0.00000000  13.83830408

==========================================================================================
Atoms:  
(Note: charge and magmoms only count the wannier functions.)
Atom_number        x             y             z       w_charge    M(x)      M(y)      M(z)   
Cr1            -3.93905113    0.00000000    6.91915204    5.9702    3.3632    0.0129    0.0081
Cr2            -7.87811408    0.00000000    6.91915204    5.9702    3.3632    0.0129    0.0081
I1             -2.09120101    1.20735547    5.37074268    4.9864   -0.1182   -0.0013   -0.0006
I2             -7.99978361    2.20396630    8.46756140    4.9864   -0.1182    0.0004   -0.0002
I3             -5.90858261    0.99661083    5.37074268    4.9861   -0.1195   -0.0006   -0.0004
I4             -5.90858261   -0.99661083    8.46756140    4.9861   -0.1195   -0.0006   -0.0004
I5             -3.81738160   -2.20396630    5.37074268    4.9864   -0.1182    0.0004   -0.0002
I6             -9.72596421   -1.20735547    8.46756140    4.9864   -0.1182   -0.0013   -0.0006
Total                                                    41.8580    6.0145    0.0227    0.0138

==========================================================================================
Exchange: 
    i      j          R        J_iso(meV)          vector          distance(A) 
----------------------------------------------------------------------------------------
   Cr1   Cr2   ( -1,   0,   0)  1.8270   ( 1.970, -3.411,  0.000)  3.939 
J_iso:  1.8270 
[Testing!] DMI: (-0.0000 -0.0000  0.0000)
[Testing!]J_ani:
[[-9.872 -0.367  0.169]
 [-0.367 -0.429  0.243]
 [ 0.169  0.243 -0.474]]
----------------------------------------------------------------------------------------
   Cr1   Cr2   (  0,  -1,   0)  1.8250   ( 1.970,  3.411,  0.000)  3.939 
J_iso:  1.8250 
[Testing!] DMI: ( 0.0000 -0.0000  0.0000)
[Testing!]J_ani:
[[-9.873  0.305 -0.213]
 [ 0.305 -0.425  0.244]
 [-0.213  0.244 -0.473]]
----------------------------------------------------------------------------------------
   Cr2   Cr1   (  0,   1,   0)  1.8250   (-1.970, -3.411,  0.000)  3.939 
J_iso:  1.8250 
[Testing!] DMI: (-0.0000  0.0000 -0.0000)
[Testing!]J_ani:
[[-9.873  0.305 -0.213]
 [ 0.305 -0.425  0.244]
 [-0.213  0.244 -0.473]]
----------------------------------------------------------------------------------------
   Cr2   Cr1   (  1,   0,   0)  1.8270   (-1.970,  3.411,  0.000)  3.939 
J_iso:  1.8270 
[Testing!] DMI: ( 0.0000  0.0000 -0.0000)
[Testing!]J_ani:
[[-9.872 -0.367  0.169]
 [-0.367 -0.429  0.243]
 [ 0.169  0.243 -0.474]]
----------------------------------------------------------------------------------------
   Cr1   Cr2   (  0,   0,   0)  1.6151   (-3.939,  0.000,  0.000)  3.939 
J_iso:  1.6151 
[Testing!] DMI: (-0.0000 -0.0000 -0.0000)
[Testing!]J_ani:
[[-9.651 -0.043 -0.024]
 [-0.043 -0.897 -0.487]
 [-0.024 -0.487 -0.242]]
----------------------------------------------------------------------------------------
   Cr2   Cr1   (  0,   0,   0)  1.6151   ( 3.939,  0.000,  0.000)  3.939 
J_iso:  1.6151 
[Testing!] DMI: ( 0.0000  0.0000  0.0000)
[Testing!]J_ani:
[[-9.651 -0.043 -0.024]
 [-0.043 -0.897 -0.487]
 [-0.024 -0.487 -0.242]]
----------------------------------------------------------------------------------------
   Cr1   Cr1   ( -1,   0,   0)  0.9832   ( 5.909, -3.411,  0.000)  6.823 
J_iso:  0.9832 
[Testing!] DMI: ( 0.0752 -0.0228  0.0149)
[Testing!]J_ani:
[[-2.442  0.018  0.08 ]
 [ 0.018 -0.046  0.019]
 [ 0.08   0.019 -0.096]]
----------------------------------------------------------------------------------------
   Cr2   Cr2   ( -1,   0,   0)  0.9832   ( 5.909, -3.411,  0.000)  6.823 
J_iso:  0.9832 
[Testing!] DMI: (-0.0752  0.0228 -0.0149)
[Testing!]J_ani:
[[-2.442  0.018  0.08 ]
 [ 0.018 -0.046  0.019]
 [ 0.08   0.019 -0.096]]
----------------------------------------------------------------------------------------
   Cr1   Cr1   (  0,  -1,   0)  0.9831   ( 5.909,  3.411,  0.000)  6.823 
J_iso:  0.9831 
[Testing!] DMI: ( 0.0751  0.0225 -0.0143)
[Testing!]J_ani:
[[-2.44  -0.035 -0.092]
 [-0.035 -0.046  0.018]
 [-0.092  0.018 -0.097]]
----------------------------------------------------------------------------------------
   Cr2   Cr2   (  0,  -1,   0)  0.9831   ( 5.909,  3.411,  0.000)  6.823 
J_iso:  0.9831 
[Testing!] DMI: (-0.0751 -0.0225  0.0143)
[Testing!]J_ani:
[[-2.44  -0.035 -0.092]
 [-0.035 -0.046  0.018]
 [-0.092  0.018 -0.097]]
----------------------------------------------------------------------------------------
   Cr1   Cr1   (  0,   1,   0)  0.9831   (-5.909, -3.411,  0.000)  6.823 
J_iso:  0.9831 
[Testing!] DMI: (-0.0751 -0.0225  0.0143)
[Testing!]J_ani:
[[-2.44  -0.035 -0.092]
 [-0.035 -0.046  0.018]
 [-0.092  0.018 -0.097]]
----------------------------------------------------------------------------------------
   Cr2   Cr2   (  0,   1,   0)  0.9831   (-5.909, -3.411,  0.000)  6.823 
J_iso:  0.9831 
[Testing!] DMI: ( 0.0751  0.0225 -0.0143)
[Testing!]J_ani:
[[-2.44  -0.035 -0.092]
 [-0.035 -0.046  0.018]
 [-0.092  0.018 -0.097]]
----------------------------------------------------------------------------------------
   Cr1   Cr1   (  1,   0,   0)  0.9832   (-5.909,  3.411,  0.000)  6.823 
J_iso:  0.9832 
[Testing!] DMI: (-0.0752  0.0228 -0.0149)
[Testing!]J_ani:
[[-2.442  0.018  0.08 ]
 [ 0.018 -0.046  0.019]
 [ 0.08   0.019 -0.096]]
----------------------------------------------------------------------------------------
   Cr2   Cr2   (  1,   0,   0)  0.9832   (-5.909,  3.411,  0.000)  6.823 
J_iso:  0.9832 
[Testing!] DMI: ( 0.0752 -0.0228  0.0149)
[Testing!]J_ani:
[[-2.442  0.018  0.08 ]
 [ 0.018 -0.046  0.019]
 [ 0.08   0.019 -0.096]]
----------------------------------------------------------------------------------------
   Cr1   Cr1   ( -1,   1,   0)  0.9723   ( 0.000, -6.823,  0.000)  6.823 
J_iso:  0.9723 
[Testing!] DMI: (-0.0002 -0.0474 -0.0119)
[Testing!]J_ani:
[[-2.397 -0.01  -0.005]
 [-0.01  -0.089 -0.038]
 [-0.005 -0.038 -0.079]]
----------------------------------------------------------------------------------------
   Cr2   Cr2   ( -1,   1,   0)  0.9723   ( 0.000, -6.823,  0.000)  6.823 
J_iso:  0.9723 
[Testing!] DMI: ( 0.0002  0.0474  0.0119)
[Testing!]J_ani:
[[-2.397 -0.01  -0.005]
 [-0.01  -0.089 -0.038]
 [-0.005 -0.038 -0.079]]
----------------------------------------------------------------------------------------
   Cr1   Cr1   (  1,  -1,   0)  0.9723   ( 0.000,  6.823,  0.000)  6.823 
J_iso:  0.9723 
[Testing!] DMI: ( 0.0002  0.0474  0.0119)
[Testing!]J_ani:
[[-2.397 -0.01  -0.005]
 [-0.01  -0.089 -0.038]
 [-0.005 -0.038 -0.079]]
----------------------------------------------------------------------------------------
   Cr2   Cr2   (  1,  -1,   0)  0.9723   ( 0.000,  6.823,  0.000)  6.823 
J_iso:  0.9723 
[Testing!] DMI: (-0.0002 -0.0474 -0.0119)
[Testing!]J_ani:
[[-2.397 -0.01  -0.005]
 [-0.01  -0.089 -0.038]
 [-0.005 -0.038 -0.079]]
----------------------------------------------------------------------------------------
   Cr1   Cr2   ( -1,  -1,   0) -0.0919   ( 7.878,  0.000,  0.000)  7.878 
J_iso: -0.0919 
[Testing!] DMI: ( 0.0000 -0.0000 -0.0000)
[Testing!]J_ani:
[[-0.291 -0.001 -0.001]
 [-0.001 -0.029 -0.012]
 [-0.001 -0.012 -0.029]]
----------------------------------------------------------------------------------------
   Cr2   Cr1   (  1,   1,   0) -0.0919   (-7.878,  0.000,  0.000)  7.878 
J_iso: -0.0919 
[Testing!] DMI: (-0.0000  0.0000  0.0000)
[Testing!]J_ani:
[[-0.291 -0.001 -0.001]
 [-0.001 -0.029 -0.012]
 [-0.001 -0.012 -0.029]]
----------------------------------------------------------------------------------------
   Cr1   Cr2   ( -1,   1,   0) -0.0826   (-3.939, -6.823,  0.000)  7.878 
J_iso: -0.0826 
[Testing!] DMI: ( 0.0000 -0.0000  0.0000)
[Testing!]J_ani:
[[-0.28   0.005  0.007]
 [ 0.005 -0.026  0.007]
 [ 0.007  0.007 -0.036]]
----------------------------------------------------------------------------------------
   Cr2   Cr1   ( -1,   1,   0) -0.0826   ( 3.939, -6.823,  0.000)  7.878 
J_iso: -0.0826 
[Testing!] DMI: ( 0.0000  0.0000  0.0000)
[Testing!]J_ani:
[[-0.28  -0.007 -0.008]
 [-0.007 -0.026  0.007]
 [-0.008  0.007 -0.036]]
----------------------------------------------------------------------------------------
   Cr1   Cr2   (  1,  -1,   0) -0.0826   (-3.939,  6.823,  0.000)  7.878 
J_iso: -0.0826 
[Testing!] DMI: (-0.0000 -0.0000 -0.0000)
[Testing!]J_ani:
[[-0.28  -0.007 -0.008]
 [-0.007 -0.026  0.007]
 [-0.008  0.007 -0.036]]
----------------------------------------------------------------------------------------
   Cr2   Cr1   (  1,  -1,   0) -0.0826   ( 3.939,  6.823,  0.000)  7.878 
J_iso: -0.0826 
[Testing!] DMI: (-0.0000  0.0000 -0.0000)
[Testing!]J_ani:
[[-0.28   0.005  0.007]
 [ 0.005 -0.026  0.007]
 [ 0.007  0.007 -0.036]]
----------------------------------------------------------------------------------------
   Cr1   Cr2   ( -2,   0,   0)  0.0197   ( 7.878, -6.823,  0.000) 10.422 
J_iso:  0.0197 
[Testing!] DMI: (-0.0000  0.0000 -0.0000)
[Testing!]J_ani:
[[-0.124 -0.01   0.004]
 [-0.01  -0.005  0.   ]
 [ 0.004  0.    -0.005]]
----------------------------------------------------------------------------------------
   Cr1   Cr2   (  0,  -2,   0)  0.0197   ( 7.878,  6.823,  0.000) 10.422 
J_iso:  0.0197 
[Testing!] DMI: (-0.0000 -0.0000  0.0000)
[Testing!]J_ani:
[[-0.124  0.009 -0.004]
 [ 0.009 -0.005  0.   ]
 [-0.004  0.    -0.005]]
----------------------------------------------------------------------------------------
   Cr2   Cr1   (  0,   2,   0)  0.0197   (-7.878, -6.823,  0.000) 10.422 
J_iso:  0.0197 
[Testing!] DMI: ( 0.0000  0.0000 -0.0000)
[Testing!]J_ani:
[[-0.124  0.009 -0.004]
 [ 0.009 -0.005  0.   ]
 [-0.004  0.    -0.005]]
----------------------------------------------------------------------------------------
   Cr2   Cr1   (  2,   0,   0)  0.0197   (-7.878,  6.823,  0.000) 10.422 
J_iso:  0.0197 
[Testing!] DMI: ( 0.0000 -0.0000  0.0000)
[Testing!]J_ani:
[[-0.124 -0.01   0.004]
 [-0.01  -0.005  0.   ]
 [ 0.004  0.    -0.005]]
----------------------------------------------------------------------------------------
   Cr1   Cr2   ( -2,   1,   0)  0.0245   ( 1.970, -10.234,  0.000) 10.422 
J_iso:  0.0245 
[Testing!] DMI: ( 0.0000  0.0000 -0.0000)
[Testing!]J_ani:
[[-0.118  0.007  0.003]
 [ 0.007 -0.006 -0.001]
 [ 0.003 -0.001 -0.008]]
----------------------------------------------------------------------------------------
   Cr2   Cr1   ( -1,   2,   0)  0.0246   (-1.970, -10.234,  0.000) 10.422 
J_iso:  0.0246 
[Testing!] DMI: (-0.0000 -0.0000 -0.0000)
[Testing!]J_ani:
[[-0.118 -0.008 -0.004]
 [-0.008 -0.006 -0.001]
 [-0.004 -0.001 -0.008]]
----------------------------------------------------------------------------------------
   Cr1   Cr2   (  1,  -2,   0)  0.0246   ( 1.970, 10.234,  0.000) 10.422 
J_iso:  0.0246 
[Testing!] DMI: ( 0.0000  0.0000  0.0000)
[Testing!]J_ani:
[[-0.118 -0.008 -0.004]
 [-0.008 -0.006 -0.001]
 [-0.004 -0.001 -0.008]]
----------------------------------------------------------------------------------------
   Cr2   Cr1   (  2,  -1,   0)  0.0245   (-1.970, 10.234,  0.000) 10.422 
J_iso:  0.0245 
[Testing!] DMI: (-0.0000 -0.0000  0.0000)
[Testing!]J_ani:
[[-0.118  0.007  0.003]
 [ 0.007 -0.006 -0.001]
 [ 0.003 -0.001 -0.008]]
----------------------------------------------------------------------------------------
   Cr2   Cr1   ( -1,   0,   0)  0.0217   ( 9.848, -3.411,  0.000) 10.422 
J_iso:  0.0217 
[Testing!] DMI: (-0.0000  0.0000 -0.0000)
[Testing!]J_ani:
[[-0.118  0.011 -0.   ]
 [ 0.011 -0.008  0.001]
 [-0.     0.001 -0.005]]
----------------------------------------------------------------------------------------
   Cr2   Cr1   (  0,  -1,   0)  0.0216   ( 9.848,  3.411,  0.000) 10.422 
J_iso:  0.0216 
[Testing!] DMI: (-0.0000 -0.0000  0.0000)
[Testing!]J_ani:
[[-0.118 -0.012 -0.   ]
 [-0.012 -0.008  0.001]
 [-0.     0.001 -0.005]]
----------------------------------------------------------------------------------------
   Cr1   Cr2   (  0,   1,   0)  0.0216   (-9.848, -3.411,  0.000) 10.422 
J_iso:  0.0216 
[Testing!] DMI: ( 0.0000  0.0000 -0.0000)
[Testing!]J_ani:
[[-0.118 -0.012 -0.   ]
 [-0.012 -0.008  0.001]
 [-0.     0.001 -0.005]]
----------------------------------------------------------------------------------------
   Cr1   Cr2   (  1,   0,   0)  0.0217   (-9.848,  3.411,  0.000) 10.422 
J_iso:  0.0217 
[Testing!] DMI: ( 0.0000 -0.0000  0.0000)
[Testing!]J_ani:
[[-0.118  0.011 -0.   ]
 [ 0.011 -0.008  0.001]
 [-0.     0.001 -0.005]]
----------------------------------------------------------------------------------------
   Cr1   Cr1   ( -1,  -1,   0) -0.0100   (11.817,  0.000,  0.000) 11.817 
J_iso: -0.0100 
[Testing!] DMI: (-0.0058 -0.0000 -0.0000)
[Testing!]J_ani:
[[-0.069 -0.    -0.   ]
 [-0.    -0.003  0.001]
 [-0.     0.001 -0.003]]
----------------------------------------------------------------------------------------
   Cr2   Cr2   ( -1,  -1,   0) -0.0100   (11.817,  0.000,  0.000) 11.817 
J_iso: -0.0100 
[Testing!] DMI: ( 0.0058  0.0000  0.0000)
[Testing!]J_ani:
[[-0.069 -0.    -0.   ]
 [-0.    -0.003  0.001]
 [-0.     0.001 -0.003]]
----------------------------------------------------------------------------------------
   Cr1   Cr1   (  1,   1,   0) -0.0100   (-11.817,  0.000,  0.000) 11.817 
J_iso: -0.0100 
[Testing!] DMI: ( 0.0058  0.0000  0.0000)
[Testing!]J_ani:
[[-0.069 -0.    -0.   ]
 [-0.    -0.003  0.001]
 [-0.     0.001 -0.003]]
----------------------------------------------------------------------------------------
   Cr2   Cr2   (  1,   1,   0) -0.0100   (-11.817,  0.000,  0.000) 11.817 
J_iso: -0.0100 
[Testing!] DMI: (-0.0058 -0.0000 -0.0000)
[Testing!]J_ani:
[[-0.069 -0.    -0.   ]
 [-0.    -0.003  0.001]
 [-0.     0.001 -0.003]]
----------------------------------------------------------------------------------------
   Cr1   Cr1   ( -2,   1,   0) -0.0091   ( 5.909, -10.234,  0.000) 11.817 
J_iso: -0.0091 
[Testing!] DMI: (-0.0031  0.0067  0.0000)
[Testing!]J_ani:
[[-0.067  0.     0.003]
 [ 0.    -0.003 -0.001]
 [ 0.003 -0.001 -0.003]]
----------------------------------------------------------------------------------------
   Cr2   Cr2   ( -2,   1,   0) -0.0091   ( 5.909, -10.234,  0.000) 11.817 
J_iso: -0.0091 
[Testing!] DMI: ( 0.0031 -0.0067 -0.0000)
[Testing!]J_ani:
[[-0.067  0.     0.003]
 [ 0.    -0.003 -0.001]
 [ 0.003 -0.001 -0.003]]
----------------------------------------------------------------------------------------
   Cr1   Cr1   (  1,  -2,   0) -0.0091   ( 5.909, 10.234,  0.000) 11.817 
J_iso: -0.0091 
[Testing!] DMI: (-0.0031 -0.0067 -0.0000)
[Testing!]J_ani:
[[-0.067 -0.001 -0.003]
 [-0.001 -0.003 -0.001]
 [-0.003 -0.001 -0.003]]
----------------------------------------------------------------------------------------
   Cr2   Cr2   (  1,  -2,   0) -0.0091   ( 5.909, 10.234,  0.000) 11.817 
J_iso: -0.0091 
[Testing!] DMI: ( 0.0031  0.0067  0.0000)
[Testing!]J_ani:
[[-0.067 -0.001 -0.003]
 [-0.001 -0.003 -0.001]
 [-0.003 -0.001 -0.003]]
----------------------------------------------------------------------------------------
   Cr1   Cr1   ( -1,   2,   0) -0.0091   (-5.909, -10.234,  0.000) 11.817 
J_iso: -0.0091 
[Testing!] DMI: ( 0.0031  0.0067  0.0000)
[Testing!]J_ani:
[[-0.067 -0.001 -0.003]
 [-0.001 -0.003 -0.001]
 [-0.003 -0.001 -0.003]]
----------------------------------------------------------------------------------------
   Cr2   Cr2   ( -1,   2,   0) -0.0091   (-5.909, -10.234,  0.000) 11.817 
J_iso: -0.0091 
[Testing!] DMI: (-0.0031 -0.0067 -0.0000)
[Testing!]J_ani:
[[-0.067 -0.001 -0.003]
 [-0.001 -0.003 -0.001]
 [-0.003 -0.001 -0.003]]
----------------------------------------------------------------------------------------
   Cr1   Cr1   (  2,  -1,   0) -0.0091   (-5.909, 10.234,  0.000) 11.817 
J_iso: -0.0091 
[Testing!] DMI: ( 0.0031 -0.0067 -0.0000)
[Testing!]J_ani:
[[-0.067  0.     0.003]
 [ 0.    -0.003 -0.001]
 [ 0.003 -0.001 -0.003]]
----------------------------------------------------------------------------------------
   Cr2   Cr2   (  2,  -1,   0) -0.0091   (-5.909, 10.234,  0.000) 11.817 
J_iso: -0.0091 
[Testing!] DMI: (-0.0031  0.0067  0.0000)
[Testing!]J_ani:
[[-0.067  0.     0.003]
 [ 0.    -0.003 -0.001]
 [ 0.003 -0.001 -0.003]]
----------------------------------------------------------------------------------------
   Cr1   Cr1   ( -2,   0,   0) -0.0060   (11.817, -6.823,  0.000) 13.645 
J_iso: -0.0060 
[Testing!] DMI: ( 0.0015  0.0004  0.0019)
[Testing!]J_ani:
[[-0.005  0.    -0.   ]
 [ 0.    -0.001  0.   ]
 [-0.     0.    -0.001]]
----------------------------------------------------------------------------------------
   Cr2   Cr2   ( -2,   0,   0) -0.0060   (11.817, -6.823,  0.000) 13.645 
J_iso: -0.0060 
[Testing!] DMI: (-0.0015 -0.0004 -0.0019)
[Testing!]J_ani:
[[-0.005  0.    -0.   ]
 [ 0.    -0.001  0.   ]
 [-0.     0.    -0.001]]
----------------------------------------------------------------------------------------
   Cr1   Cr1   (  0,  -2,   0) -0.0060   (11.817,  6.823,  0.000) 13.645 
J_iso: -0.0060 
[Testing!] DMI: ( 0.0015 -0.0003 -0.0019)
[Testing!]J_ani:
[[-0.005 -0.     0.   ]
 [-0.    -0.001  0.   ]
 [ 0.     0.    -0.001]]
----------------------------------------------------------------------------------------
   Cr2   Cr2   (  0,  -2,   0) -0.0060   (11.817,  6.823,  0.000) 13.645 
J_iso: -0.0060 
[Testing!] DMI: (-0.0015  0.0003  0.0019)
[Testing!]J_ani:
[[-0.005 -0.     0.   ]
 [-0.    -0.001  0.   ]
 [ 0.     0.    -0.001]]
----------------------------------------------------------------------------------------
   Cr1   Cr1   (  0,   2,   0) -0.0060   (-11.817, -6.823,  0.000) 13.645 
J_iso: -0.0060 
[Testing!] DMI: (-0.0015  0.0003  0.0019)
[Testing!]J_ani:
[[-0.005 -0.     0.   ]
 [-0.    -0.001  0.   ]
 [ 0.     0.    -0.001]]
----------------------------------------------------------------------------------------
   Cr2   Cr2   (  0,   2,   0) -0.0060   (-11.817, -6.823,  0.000) 13.645 
J_iso: -0.0060 
[Testing!] DMI: ( 0.0015 -0.0003 -0.0019)
[Testing!]J_ani:
[[-0.005 -0.     0.   ]
 [-0.    -0.001  0.   ]
 [ 0.     0.    -0.001]]
----------------------------------------------------------------------------------------
   Cr1   Cr1   (  2,   0,   0) -0.0060   (-11.817,  6.823,  0.000) 13.645 
J_iso: -0.0060 
[Testing!] DMI: (-0.0015 -0.0004 -0.0019)
[Testing!]J_ani:
[[-0.005  0.    -0.   ]
 [ 0.    -0.001  0.   ]
 [-0.     0.    -0.001]]
----------------------------------------------------------------------------------------
   Cr2   Cr2   (  2,   0,   0) -0.0060   (-11.817,  6.823,  0.000) 13.645 
J_iso: -0.0060 
[Testing!] DMI: ( 0.0015  0.0004  0.0019)
[Testing!]J_ani:
[[-0.005  0.    -0.   ]
 [ 0.    -0.001  0.   ]
 [-0.     0.    -0.001]]
----------------------------------------------------------------------------------------
   Cr1   Cr1   ( -2,   2,   0) -0.0061   ( 0.000, -13.645,  0.000) 13.645 
J_iso: -0.0061 
[Testing!] DMI: (-0.0000  0.0008 -0.0017)
[Testing!]J_ani:
[[-0.004 -0.    -0.   ]
 [-0.    -0.001 -0.   ]
 [-0.    -0.    -0.001]]
----------------------------------------------------------------------------------------
   Cr2   Cr2   ( -2,   2,   0) -0.0061   ( 0.000, -13.645,  0.000) 13.645 
J_iso: -0.0061 
[Testing!] DMI: ( 0.0000 -0.0008  0.0017)
[Testing!]J_ani:
[[-0.004 -0.    -0.   ]
 [-0.    -0.001 -0.   ]
 [-0.    -0.    -0.001]]
----------------------------------------------------------------------------------------
   Cr1   Cr1   (  2,  -2,   0) -0.0061   ( 0.000, 13.645,  0.000) 13.645 
J_iso: -0.0061 
[Testing!] DMI: ( 0.0000 -0.0008  0.0017)
[Testing!]J_ani:
[[-0.004 -0.    -0.   ]
 [-0.    -0.001 -0.   ]
 [-0.    -0.    -0.001]]
----------------------------------------------------------------------------------------
   Cr2   Cr2   (  2,  -2,   0) -0.0061   ( 0.000, 13.645,  0.000) 13.645 
J_iso: -0.0061 
[Testing!] DMI: (-0.0000  0.0008 -0.0017)
[Testing!]J_ani:
[[-0.004 -0.    -0.   ]
 [-0.    -0.001 -0.   ]
 [-0.    -0.    -0.001]]
----------------------------------------------------------------------------------------
   Cr1   Cr2   ( -2,  -1,   0)  0.0004   (13.787, -3.411,  0.000) 14.202 
J_iso:  0.0004 
[Testing!] DMI: (-0.0000  0.0000 -0.0000)
[Testing!]J_ani:
[[-0.006  0.     0.   ]
 [ 0.    -0.001 -0.001]
 [ 0.    -0.001 -0.001]]
----------------------------------------------------------------------------------------
   Cr1   Cr2   ( -1,  -2,   0)  0.0004   (13.787,  3.411,  0.000) 14.202 
J_iso:  0.0004 
[Testing!] DMI: (-0.0000  0.0000 -0.0000)
[Testing!]J_ani:
[[-0.006 -0.    -0.   ]
 [-0.    -0.001 -0.001]
 [-0.    -0.001 -0.001]]
----------------------------------------------------------------------------------------
   Cr2   Cr1   (  1,   2,   0)  0.0004   (-13.787, -3.411,  0.000) 14.202 
J_iso:  0.0004 
[Testing!] DMI: ( 0.0000 -0.0000  0.0000)
[Testing!]J_ani:
[[-0.006 -0.    -0.   ]
 [-0.    -0.001 -0.001]
 [-0.    -0.001 -0.001]]
----------------------------------------------------------------------------------------
   Cr2   Cr1   (  2,   1,   0)  0.0004   (-13.787,  3.411,  0.000) 14.202 
J_iso:  0.0004 
[Testing!] DMI: ( 0.0000 -0.0000  0.0000)
[Testing!]J_ani:
[[-0.006  0.     0.   ]
 [ 0.    -0.001 -0.001]
 [ 0.    -0.001 -0.001]]
----------------------------------------------------------------------------------------
   Cr1   Cr2   ( -2,   2,   0)  0.0001   (-3.939, -13.645,  0.000) 14.202 
J_iso:  0.0001 
[Testing!] DMI: ( 0.0000  0.0000  0.0000)
[Testing!]J_ani:
[[-0.006 -0.     0.   ]
 [-0.    -0.001 -0.   ]
 [ 0.    -0.    -0.   ]]
----------------------------------------------------------------------------------------
   Cr2   Cr1   ( -2,   2,   0)  0.0001   ( 3.939, -13.645,  0.000) 14.202 
J_iso:  0.0001 
[Testing!] DMI: ( 0.0000 -0.0000  0.0000)
[Testing!]J_ani:
[[-0.006  0.    -0.   ]
 [ 0.    -0.001 -0.   ]
 [-0.    -0.    -0.   ]]
----------------------------------------------------------------------------------------
   Cr1   Cr2   (  2,  -2,   0)  0.0001   (-3.939, 13.645,  0.000) 14.202 
J_iso:  0.0001 
[Testing!] DMI: (-0.0000  0.0000 -0.0000)
[Testing!]J_ani:
[[-0.006  0.    -0.   ]
 [ 0.    -0.001 -0.   ]
 [-0.    -0.    -0.   ]]
----------------------------------------------------------------------------------------
   Cr2   Cr1   (  2,  -2,   0)  0.0001   ( 3.939, 13.645,  0.000) 14.202 
J_iso:  0.0001 
[Testing!] DMI: (-0.0000 -0.0000 -0.0000)
[Testing!]J_ani:
[[-0.006 -0.     0.   ]
 [-0.    -0.001 -0.   ]
 [ 0.    -0.    -0.   ]]
----------------------------------------------------------------------------------------
   Cr2   Cr1   ( -2,   1,   0)  0.0003   ( 9.848, -10.234,  0.000) 14.202 
J_iso:  0.0003 
[Testing!] DMI: ( 0.0000 -0.0000  0.0000)
[Testing!]J_ani:
[[-0.006 -0.    -0.   ]
 [-0.    -0.001  0.001]
 [-0.     0.001 -0.001]]
----------------------------------------------------------------------------------------
   Cr2   Cr1   (  1,  -2,   0)  0.0004   ( 9.848, 10.234,  0.000) 14.202 
J_iso:  0.0004 
[Testing!] DMI: (-0.0000 -0.0000  0.0000)
[Testing!]J_ani:
[[-0.006  0.    -0.   ]
 [ 0.    -0.001  0.001]
 [-0.     0.001 -0.001]]
----------------------------------------------------------------------------------------
   Cr1   Cr2   ( -1,   2,   0)  0.0004   (-9.848, -10.234,  0.000) 14.202 
J_iso:  0.0004 
[Testing!] DMI: ( 0.0000  0.0000 -0.0000)
[Testing!]J_ani:
[[-0.006  0.    -0.   ]
 [ 0.    -0.001  0.001]
 [-0.     0.001 -0.001]]
----------------------------------------------------------------------------------------
   Cr1   Cr2   (  2,  -1,   0)  0.0003   (-9.848, 10.234,  0.000) 14.202 
J_iso:  0.0003 
[Testing!] DMI: (-0.0000  0.0000 -0.0000)
[Testing!]J_ani:
[[-0.006 -0.    -0.   ]
 [-0.    -0.001  0.001]
 [-0.     0.001 -0.001]]
----------------------------------------------------------------------------------------
   Cr1   Cr2   ( -3,   1,   0) -0.0062   ( 7.878, -13.645,  0.000) 15.756 
J_iso: -0.0062 
[Testing!] DMI: (-0.0000  0.0000  0.0000)
[Testing!]J_ani:
[[-0.01  -0.     0.   ]
 [-0.    -0.001 -0.   ]
 [ 0.    -0.    -0.001]]
----------------------------------------------------------------------------------------
   Cr2   Cr1   ( -1,   3,   0) -0.0062   (-7.878, -13.645,  0.000) 15.756 
J_iso: -0.0062 
[Testing!] DMI: ( 0.0000 -0.0000  0.0000)
[Testing!]J_ani:
[[-0.01   0.    -0.   ]
 [ 0.    -0.001 -0.   ]
 [-0.    -0.    -0.001]]
----------------------------------------------------------------------------------------
   Cr1   Cr2   (  1,  -3,   0) -0.0062   ( 7.878, 13.645,  0.000) 15.756 
J_iso: -0.0062 
[Testing!] DMI: (-0.0000  0.0000 -0.0000)
[Testing!]J_ani:
[[-0.01   0.    -0.   ]
 [ 0.    -0.001 -0.   ]
 [-0.    -0.    -0.001]]
----------------------------------------------------------------------------------------
   Cr2   Cr1   (  3,  -1,   0) -0.0062   (-7.878, 13.645,  0.000) 15.756 
J_iso: -0.0062 
[Testing!] DMI: ( 0.0000 -0.0000 -0.0000)
[Testing!]J_ani:
[[-0.01  -0.     0.   ]
 [-0.    -0.001 -0.   ]
 [ 0.    -0.    -0.001]]
----------------------------------------------------------------------------------------
   Cr2   Cr1   ( -1,  -1,   0) -0.0067   (15.756,  0.000,  0.000) 15.756 
J_iso: -0.0067 
[Testing!] DMI: ( 0.0000 -0.0000 -0.0000)
[Testing!]J_ani:
[[-0.01  -0.    -0.   ]
 [-0.    -0.001  0.   ]
 [-0.     0.    -0.   ]]
----------------------------------------------------------------------------------------
   Cr1   Cr2   (  1,   1,   0) -0.0067   (-15.756,  0.000,  0.000) 15.756 
J_iso: -0.0067 
[Testing!] DMI: (-0.0000  0.0000  0.0000)
[Testing!]J_ani:
[[-0.01  -0.    -0.   ]
 [-0.    -0.001  0.   ]
 [-0.     0.    -0.   ]]
----------------------------------------------------------------------------------------
   Cr1   Cr2   ( -3,   0,   0) -0.0004   (13.787, -10.234,  0.000) 17.170 
J_iso: -0.0004 
[Testing!] DMI: (-0.0000  0.0000  0.0000)
[Testing!]J_ani:
[[-0.001 -0.     0.   ]
 [-0.    -0.    -0.   ]
 [ 0.    -0.    -0.   ]]
----------------------------------------------------------------------------------------
   Cr1   Cr2   (  0,  -3,   0) -0.0004   (13.787, 10.234,  0.000) 17.170 
J_iso: -0.0004 
[Testing!] DMI: ( 0.0000 -0.0000  0.0000)
[Testing!]J_ani:
[[-0.001  0.    -0.   ]
 [ 0.    -0.    -0.   ]
 [-0.    -0.    -0.   ]]
----------------------------------------------------------------------------------------
   Cr2   Cr1   (  0,   3,   0) -0.0004   (-13.787, -10.234,  0.000) 17.170 
J_iso: -0.0004 
[Testing!] DMI: (-0.0000  0.0000 -0.0000)
[Testing!]J_ani:
[[-0.001  0.    -0.   ]
 [ 0.    -0.    -0.   ]
 [-0.    -0.    -0.   ]]
----------------------------------------------------------------------------------------
   Cr2   Cr1   (  3,   0,   0) -0.0004   (-13.787, 10.234,  0.000) 17.170 
J_iso: -0.0004 
[Testing!] DMI: ( 0.0000 -0.0000 -0.0000)
[Testing!]J_ani:
[[-0.001 -0.     0.   ]
 [-0.    -0.    -0.   ]
 [ 0.    -0.    -0.   ]]
----------------------------------------------------------------------------------------
   Cr2   Cr1   ( -2,   3,   0) -0.0004   (-1.970, -17.057,  0.000) 17.170 
J_iso: -0.0004 
[Testing!] DMI: ( 0.0000 -0.0000 -0.0000)
[Testing!]J_ani:
[[-0.001 -0.    -0.   ]
 [-0.    -0.    -0.   ]
 [-0.    -0.    -0.   ]]
----------------------------------------------------------------------------------------
   Cr2   Cr1   (  3,  -2,   0) -0.0004   (-1.970, 17.057,  0.000) 17.170 
J_iso: -0.0004 
[Testing!] DMI: (-0.0000 -0.0000  0.0000)
[Testing!]J_ani:
[[-0.001  0.     0.   ]
 [ 0.    -0.     0.   ]
 [ 0.     0.    -0.   ]]
----------------------------------------------------------------------------------------
   Cr1   Cr2   ( -3,   2,   0) -0.0004   ( 1.970, -17.057,  0.000) 17.170 
J_iso: -0.0004 
[Testing!] DMI: ( 0.0000  0.0000 -0.0000)
[Testing!]J_ani:
[[-0.001  0.     0.   ]
 [ 0.    -0.     0.   ]
 [ 0.     0.    -0.   ]]
----------------------------------------------------------------------------------------
   Cr1   Cr2   (  2,  -3,   0) -0.0004   ( 1.970, 17.057,  0.000) 17.170 
J_iso: -0.0004 
[Testing!] DMI: (-0.0000  0.0000  0.0000)
[Testing!]J_ani:
[[-0.001 -0.    -0.   ]
 [-0.    -0.    -0.   ]
 [-0.    -0.    -0.   ]]
----------------------------------------------------------------------------------------
   Cr2   Cr1   ( -2,   0,   0) -0.0004   (15.756, -6.823,  0.000) 17.170 
J_iso: -0.0004 
[Testing!] DMI: ( 0.0000 -0.0000 -0.0000)
[Testing!]J_ani:
[[-0.001  0.    -0.   ]
 [ 0.    -0.     0.   ]
 [-0.     0.    -0.   ]]
----------------------------------------------------------------------------------------
   Cr2   Cr1   (  0,  -2,   0) -0.0004   (15.756,  6.823,  0.000) 17.170 
J_iso: -0.0004 
[Testing!] DMI: ( 0.0000 -0.0000 -0.0000)
[Testing!]J_ani:
[[-0.001 -0.     0.   ]
 [-0.    -0.     0.   ]
 [ 0.     0.    -0.   ]]
----------------------------------------------------------------------------------------
   Cr1   Cr2   (  0,   2,   0) -0.0004   (-15.756, -6.823,  0.000) 17.170 
J_iso: -0.0004 
[Testing!] DMI: (-0.0000  0.0000  0.0000)
[Testing!]J_ani:
[[-0.001 -0.     0.   ]
 [-0.    -0.     0.   ]
 [ 0.     0.    -0.   ]]
----------------------------------------------------------------------------------------
   Cr1   Cr2   (  2,   0,   0) -0.0004   (-15.756,  6.823,  0.000) 17.170 
J_iso: -0.0004 
[Testing!] DMI: (-0.0000  0.0000  0.0000)
[Testing!]J_ani:
[[-0.001  0.    -0.   ]
 [ 0.    -0.     0.   ]
 [-0.     0.    -0.   ]]
----------------------------------------------------------------------------------------
   Cr1   Cr1   ( -2,  -1,   0)  0.0005   (17.726, -3.411,  0.000) 18.051 
J_iso:  0.0005 
[Testing!] DMI: ( 0.0000 -0.0000  0.0001)
[Testing!]J_ani:
[[-0.002  0.     0.   ]
 [ 0.    -0.    -0.   ]
 [ 0.    -0.    -0.   ]]
----------------------------------------------------------------------------------------
   Cr2   Cr2   ( -2,  -1,   0)  0.0005   (17.726, -3.411,  0.000) 18.051 
J_iso:  0.0005 
[Testing!] DMI: (-0.0000  0.0000 -0.0001)
[Testing!]J_ani:
[[-0.002  0.     0.   ]
 [ 0.    -0.    -0.   ]
 [ 0.    -0.    -0.   ]]
----------------------------------------------------------------------------------------
   Cr1   Cr1   ( -1,  -2,   0)  0.0005   (17.726,  3.411,  0.000) 18.051 
J_iso:  0.0005 
[Testing!] DMI: ( 0.0000  0.0000 -0.0001)
[Testing!]J_ani:
[[-0.002 -0.    -0.   ]
 [-0.    -0.    -0.   ]
 [-0.    -0.    -0.   ]]
----------------------------------------------------------------------------------------
   Cr2   Cr2   ( -1,  -2,   0)  0.0005   (17.726,  3.411,  0.000) 18.051 
J_iso:  0.0005 
[Testing!] DMI: (-0.0000 -0.0000  0.0001)
[Testing!]J_ani:
[[-0.002 -0.    -0.   ]
 [-0.    -0.    -0.   ]
 [-0.    -0.    -0.   ]]
----------------------------------------------------------------------------------------
   Cr1   Cr1   (  1,   2,   0)  0.0005   (-17.726, -3.411,  0.000) 18.051 
J_iso:  0.0005 
[Testing!] DMI: (-0.0000 -0.0000  0.0001)
[Testing!]J_ani:
[[-0.002 -0.    -0.   ]
 [-0.    -0.    -0.   ]
 [-0.    -0.    -0.   ]]
----------------------------------------------------------------------------------------
   Cr2   Cr2   (  1,   2,   0)  0.0005   (-17.726, -3.411,  0.000) 18.051 
J_iso:  0.0005 
[Testing!] DMI: ( 0.0000  0.0000 -0.0001)
[Testing!]J_ani:
[[-0.002 -0.    -0.   ]
 [-0.    -0.    -0.   ]
 [-0.    -0.    -0.   ]]
----------------------------------------------------------------------------------------
   Cr1   Cr1   (  2,   1,   0)  0.0005   (-17.726,  3.411,  0.000) 18.051 
J_iso:  0.0005 
[Testing!] DMI: (-0.0000  0.0000 -0.0001)
[Testing!]J_ani:
[[-0.002  0.     0.   ]
 [ 0.    -0.    -0.   ]
 [ 0.    -0.    -0.   ]]
----------------------------------------------------------------------------------------
   Cr2   Cr2   (  2,   1,   0)  0.0005   (-17.726,  3.411,  0.000) 18.051 
J_iso:  0.0005 
[Testing!] DMI: ( 0.0000 -0.0000  0.0001)
[Testing!]J_ani:
[[-0.002  0.     0.   ]
 [ 0.    -0.    -0.   ]
 [ 0.    -0.    -0.   ]]
----------------------------------------------------------------------------------------
   Cr2   Cr2   ( -1,   3,   0)  0.0005   (-11.817, -13.645,  0.000) 18.051 
J_iso:  0.0005 
[Testing!] DMI: ( 0.0000 -0.0001 -0.0001)
[Testing!]J_ani:
[[-0.002  0.    -0.   ]
 [ 0.    -0.    -0.   ]
 [-0.    -0.    -0.   ]]
----------------------------------------------------------------------------------------
   Cr2   Cr2   (  3,  -1,   0)  0.0005   (-11.817, 13.645,  0.000) 18.051 
J_iso:  0.0005 
[Testing!] DMI: ( 0.0000  0.0001  0.0001)
[Testing!]J_ani:
[[-0.002 -0.     0.   ]
 [-0.    -0.    -0.   ]
 [ 0.    -0.    -0.   ]]
----------------------------------------------------------------------------------------
   Cr1   Cr1   ( -3,   1,   0)  0.0005   (11.817, -13.645,  0.000) 18.051 
J_iso:  0.0005 
[Testing!] DMI: ( 0.0000  0.0001  0.0001)
[Testing!]J_ani:
[[-0.002 -0.     0.   ]
 [-0.    -0.    -0.   ]
 [ 0.    -0.    -0.   ]]
----------------------------------------------------------------------------------------
   Cr2   Cr2   ( -3,   1,   0)  0.0005   (11.817, -13.645,  0.000) 18.051 
J_iso:  0.0005 
[Testing!] DMI: (-0.0000 -0.0001 -0.0001)
[Testing!]J_ani:
[[-0.002 -0.     0.   ]
 [-0.    -0.    -0.   ]
 [ 0.    -0.    -0.   ]]
----------------------------------------------------------------------------------------
   Cr1   Cr1   ( -1,   3,   0)  0.0005   (-11.817, -13.645,  0.000) 18.051 
J_iso:  0.0005 
[Testing!] DMI: (-0.0000  0.0001  0.0001)
[Testing!]J_ani:
[[-0.002  0.    -0.   ]
 [ 0.    -0.    -0.   ]
 [-0.    -0.    -0.   ]]
----------------------------------------------------------------------------------------
   Cr1   Cr1   (  1,  -3,   0)  0.0005   (11.817, 13.645,  0.000) 18.051 
J_iso:  0.0005 
[Testing!] DMI: ( 0.0000 -0.0001 -0.0001)
[Testing!]J_ani:
[[-0.002  0.    -0.   ]
 [ 0.    -0.    -0.   ]
 [-0.    -0.    -0.   ]]
----------------------------------------------------------------------------------------
   Cr2   Cr2   (  1,  -3,   0)  0.0005   (11.817, 13.645,  0.000) 18.051 
J_iso:  0.0005 
[Testing!] DMI: (-0.0000  0.0001  0.0001)
[Testing!]J_ani:
[[-0.002  0.    -0.   ]
 [ 0.    -0.    -0.   ]
 [-0.    -0.    -0.   ]]
----------------------------------------------------------------------------------------
   Cr1   Cr1   (  3,  -1,   0)  0.0005   (-11.817, 13.645,  0.000) 18.051 
J_iso:  0.0005 
[Testing!] DMI: (-0.0000 -0.0001 -0.0001)
[Testing!]J_ani:
[[-0.002 -0.     0.   ]
 [-0.    -0.    -0.   ]
 [ 0.    -0.    -0.   ]]
----------------------------------------------------------------------------------------
   Cr1   Cr1   ( -3,   2,   0)  0.0005   ( 5.909, -17.057,  0.000) 18.051 
J_iso:  0.0005 
[Testing!] DMI: ( 0.0000  0.0001 -0.0001)
[Testing!]J_ani:
[[-0.002  0.    -0.   ]
 [ 0.    -0.     0.   ]
 [-0.     0.    -0.   ]]
----------------------------------------------------------------------------------------
   Cr2   Cr2   ( -3,   2,   0)  0.0005   ( 5.909, -17.057,  0.000) 18.051 
J_iso:  0.0005 
[Testing!] DMI: (-0.0000 -0.0001  0.0001)
[Testing!]J_ani:
[[-0.002  0.    -0.   ]
 [ 0.    -0.     0.   ]
 [-0.     0.    -0.   ]]
----------------------------------------------------------------------------------------
   Cr1   Cr1   ( -2,   3,   0)  0.0005   (-5.909, -17.057,  0.000) 18.051 
J_iso:  0.0005 
[Testing!] DMI: (-0.0000  0.0001 -0.0001)
[Testing!]J_ani:
[[-0.002 -0.     0.   ]
 [-0.    -0.     0.   ]
 [ 0.     0.    -0.   ]]
----------------------------------------------------------------------------------------
   Cr2   Cr2   ( -2,   3,   0)  0.0005   (-5.909, -17.057,  0.000) 18.051 
J_iso:  0.0005 
[Testing!] DMI: ( 0.0000 -0.0001  0.0001)
[Testing!]J_ani:
[[-0.002 -0.     0.   ]
 [-0.    -0.     0.   ]
 [ 0.     0.    -0.   ]]
----------------------------------------------------------------------------------------
   Cr1   Cr1   (  2,  -3,   0)  0.0005   ( 5.909, 17.057,  0.000) 18.051 
J_iso:  0.0005 
[Testing!] DMI: ( 0.0000 -0.0001  0.0001)
[Testing!]J_ani:
[[-0.002 -0.     0.   ]
 [-0.    -0.     0.   ]
 [ 0.     0.    -0.   ]]
----------------------------------------------------------------------------------------
   Cr2   Cr2   (  2,  -3,   0)  0.0005   ( 5.909, 17.057,  0.000) 18.051 
J_iso:  0.0005 
[Testing!] DMI: (-0.0000  0.0001 -0.0001)
[Testing!]J_ani:
[[-0.002 -0.     0.   ]
 [-0.    -0.     0.   ]
 [ 0.     0.    -0.   ]]
----------------------------------------------------------------------------------------
   Cr1   Cr1   (  3,  -2,   0)  0.0005   (-5.909, 17.057,  0.000) 18.051 
J_iso:  0.0005 
[Testing!] DMI: (-0.0000 -0.0001  0.0001)
[Testing!]J_ani:
[[-0.002  0.    -0.   ]
 [ 0.    -0.     0.   ]
 [-0.     0.    -0.   ]]
----------------------------------------------------------------------------------------
   Cr2   Cr2   (  3,  -2,   0)  0.0005   (-5.909, 17.057,  0.000) 18.051 
J_iso:  0.0005 
[Testing!] DMI: ( 0.0000  0.0001 -0.0001)
[Testing!]J_ani:
[[-0.002  0.    -0.   ]
 [ 0.    -0.     0.   ]
 [-0.     0.    -0.   ]]
----------------------------------------------------------------------------------------
   Cr2   Cr1   (  2,   2,   0)  0.0002   (-19.695,  0.000,  0.000) 19.695 
J_iso:  0.0002 
[Testing!] DMI: ( 0.0000 -0.0000  0.0000)
[Testing!]J_ani:
[[-0.001 -0.    -0.   ]
 [-0.    -0.     0.   ]
 [-0.     0.    -0.   ]]
----------------------------------------------------------------------------------------
   Cr1   Cr2   ( -2,  -2,   0)  0.0002   (19.695,  0.000,  0.000) 19.695 
J_iso:  0.0002 
[Testing!] DMI: (-0.0000  0.0000 -0.0000)
[Testing!]J_ani:
[[-0.001 -0.    -0.   ]
 [-0.    -0.     0.   ]
 [-0.     0.    -0.   ]]
----------------------------------------------------------------------------------------
   Cr2   Cr1   ( -3,   2,   0)  0.0002   ( 9.848, -17.057,  0.000) 19.695 
J_iso:  0.0002 
[Testing!] DMI: (-0.0000  0.0000  0.0000)
[Testing!]J_ani:
[[-0.001 -0.     0.   ]
 [-0.    -0.    -0.   ]
 [ 0.    -0.    -0.   ]]
----------------------------------------------------------------------------------------
   Cr1   Cr2   ( -2,   3,   0)  0.0002   (-9.848, -17.057,  0.000) 19.695 
J_iso:  0.0002 
[Testing!] DMI: ( 0.0000 -0.0000  0.0000)
[Testing!]J_ani:
[[-0.001 -0.    -0.   ]
 [-0.    -0.    -0.   ]
 [-0.    -0.    -0.   ]]
----------------------------------------------------------------------------------------
   Cr2   Cr1   (  2,  -3,   0)  0.0002   ( 9.848, 17.057,  0.000) 19.695 
J_iso:  0.0002 
[Testing!] DMI: (-0.0000  0.0000 -0.0000)
[Testing!]J_ani:
[[-0.001 -0.    -0.   ]
 [-0.    -0.    -0.   ]
 [-0.    -0.    -0.   ]]
----------------------------------------------------------------------------------------
   Cr1   Cr2   (  3,  -2,   0)  0.0002   (-9.848, 17.057,  0.000) 19.695 
J_iso:  0.0002 
[Testing!] DMI: ( 0.0000 -0.0000 -0.0000)
[Testing!]J_ani:
[[-0.001 -0.     0.   ]
 [-0.    -0.    -0.   ]
 [ 0.    -0.    -0.   ]]
----------------------------------------------------------------------------------------
   Cr1   Cr1   ( -3,   0,   0)  0.0000   (17.726, -10.234,  0.000) 20.468 
J_iso:  0.0000 
[Testing!] DMI: (-0.0000  0.0000  0.0001)
[Testing!]J_ani:
[[-0. -0. -0.]
 [-0. -0.  0.]
 [-0.  0. -0.]]
----------------------------------------------------------------------------------------
   Cr2   Cr2   ( -3,   0,   0)  0.0000   (17.726, -10.234,  0.000) 20.468 
J_iso:  0.0000 
[Testing!] DMI: ( 0.0000 -0.0000 -0.0001)
[Testing!]J_ani:
[[-0. -0. -0.]
 [-0. -0.  0.]
 [-0.  0. -0.]]
----------------------------------------------------------------------------------------
   Cr1   Cr1   (  0,  -3,   0) -0.0000   (17.726, 10.234,  0.000) 20.468 
J_iso: -0.0000 
[Testing!] DMI: (-0.0000 -0.0000 -0.0001)
[Testing!]J_ani:
[[-0. -0.  0.]
 [-0. -0.  0.]
 [ 0.  0. -0.]]
----------------------------------------------------------------------------------------
   Cr2   Cr2   (  0,  -3,   0) -0.0000   (17.726, 10.234,  0.000) 20.468 
J_iso: -0.0000 
[Testing!] DMI: ( 0.0000  0.0000  0.0001)
[Testing!]J_ani:
[[-0. -0.  0.]
 [-0. -0.  0.]
 [ 0.  0. -0.]]
----------------------------------------------------------------------------------------
   Cr1   Cr1   (  0,   3,   0) -0.0000   (-17.726, -10.234,  0.000) 20.468 
J_iso: -0.0000 
[Testing!] DMI: ( 0.0000  0.0000  0.0001)
[Testing!]J_ani:
[[-0. -0.  0.]
 [-0. -0.  0.]
 [ 0.  0. -0.]]
----------------------------------------------------------------------------------------
   Cr2   Cr2   (  0,   3,   0) -0.0000   (-17.726, -10.234,  0.000) 20.468 
J_iso: -0.0000 
[Testing!] DMI: (-0.0000 -0.0000 -0.0001)
[Testing!]J_ani:
[[-0. -0.  0.]
 [-0. -0.  0.]
 [ 0.  0. -0.]]
----------------------------------------------------------------------------------------
   Cr1   Cr1   (  3,   0,   0)  0.0000   (-17.726, 10.234,  0.000) 20.468 
J_iso:  0.0000 
[Testing!] DMI: ( 0.0000 -0.0000 -0.0001)
[Testing!]J_ani:
[[-0. -0. -0.]
 [-0. -0.  0.]
 [-0.  0. -0.]]
----------------------------------------------------------------------------------------
   Cr2   Cr2   (  3,   0,   0)  0.0000   (-17.726, 10.234,  0.000) 20.468 
J_iso:  0.0000 
[Testing!] DMI: (-0.0000  0.0000  0.0001)
[Testing!]J_ani:
[[-0. -0. -0.]
 [-0. -0.  0.]
 [-0.  0. -0.]]
----------------------------------------------------------------------------------------
   Cr1   Cr1   ( -3,   3,   0)  0.0000   ( 0.000, -20.468,  0.000) 20.468 
J_iso:  0.0000 
[Testing!] DMI: ( 0.0000  0.0000 -0.0001)
[Testing!]J_ani:
[[-0. -0. -0.]
 [-0. -0. -0.]
 [-0. -0. -0.]]
----------------------------------------------------------------------------------------
   Cr2   Cr2   ( -3,   3,   0)  0.0000   ( 0.000, -20.468,  0.000) 20.468 
J_iso:  0.0000 
[Testing!] DMI: (-0.0000 -0.0000  0.0001)
[Testing!]J_ani:
[[-0. -0. -0.]
 [-0. -0. -0.]
 [-0. -0. -0.]]
----------------------------------------------------------------------------------------
   Cr1   Cr1   (  3,  -3,   0)  0.0000   ( 0.000, 20.468,  0.000) 20.468 
J_iso:  0.0000 
[Testing!] DMI: (-0.0000 -0.0000  0.0001)
[Testing!]J_ani:
[[-0. -0. -0.]
 [-0. -0. -0.]
 [-0. -0. -0.]]
----------------------------------------------------------------------------------------
   Cr2   Cr2   (  3,  -3,   0)  0.0000   ( 0.000, 20.468,  0.000) 20.468 
J_iso:  0.0000 
[Testing!] DMI: ( 0.0000  0.0000 -0.0001)
[Testing!]J_ani:
[[-0. -0. -0.]
 [-0. -0. -0.]
 [-0. -0. -0.]]
----------------------------------------------------------------------------------------
   Cr2   Cr1   (  1,   3,   0) -0.0001   (-19.695, -6.823,  0.000) 20.844 
J_iso: -0.0001 
[Testing!] DMI: ( 0.0000  0.0000  0.0000)
[Testing!]J_ani:
[[-0.  0.  0.]
 [ 0. -0. -0.]
 [ 0. -0. -0.]]
----------------------------------------------------------------------------------------
   Cr2   Cr1   (  3,   1,   0) -0.0001   (-19.695,  6.823,  0.000) 20.844 
J_iso: -0.0001 
[Testing!] DMI: (-0.0000  0.0000 -0.0000)
[Testing!]J_ani:
[[-0. -0. -0.]
 [-0. -0. -0.]
 [-0. -0. -0.]]
----------------------------------------------------------------------------------------
   Cr1   Cr2   ( -3,  -1,   0) -0.0001   (19.695, -6.823,  0.000) 20.844 
J_iso: -0.0001 
[Testing!] DMI: ( 0.0000 -0.0000  0.0000)
[Testing!]J_ani:
[[-0. -0. -0.]
 [-0. -0. -0.]
 [-0. -0. -0.]]
----------------------------------------------------------------------------------------
   Cr1   Cr2   ( -1,  -3,   0) -0.0001   (19.695,  6.823,  0.000) 20.844 
J_iso: -0.0001 
[Testing!] DMI: (-0.0000 -0.0000 -0.0000)
[Testing!]J_ani:
[[-0.  0.  0.]
 [ 0. -0. -0.]
 [ 0. -0. -0.]]
----------------------------------------------------------------------------------------
   Cr1   Cr2   ( -3,   3,   0) -0.0001   (-3.939, -20.468,  0.000) 20.844 
J_iso: -0.0001 
[Testing!] DMI: ( 0.0000  0.0000  0.0000)
[Testing!]J_ani:
[[-0.  0. -0.]
 [ 0. -0. -0.]
 [-0. -0. -0.]]
----------------------------------------------------------------------------------------
   Cr2   Cr1   ( -3,   3,   0) -0.0001   ( 3.939, -20.468,  0.000) 20.844 
J_iso: -0.0001 
[Testing!] DMI: (-0.0000 -0.0000 -0.0000)
[Testing!]J_ani:
[[-0. -0.  0.]
 [-0. -0. -0.]
 [ 0. -0. -0.]]
----------------------------------------------------------------------------------------
   Cr1   Cr2   (  3,  -3,   0) -0.0001   (-3.939, 20.468,  0.000) 20.844 
J_iso: -0.0001 
[Testing!] DMI: ( 0.0000  0.0000  0.0000)
[Testing!]J_ani:
[[-0. -0.  0.]
 [-0. -0. -0.]
 [ 0. -0. -0.]]
----------------------------------------------------------------------------------------
   Cr2   Cr1   (  3,  -3,   0) -0.0001   ( 3.939, 20.468,  0.000) 20.844 
J_iso: -0.0001 
[Testing!] DMI: (-0.0000 -0.0000 -0.0000)
[Testing!]J_ani:
[[-0.  0. -0.]
 [ 0. -0. -0.]
 [-0. -0. -0.]]
----------------------------------------------------------------------------------------
   Cr2   Cr1   ( -3,   1,   0) -0.0001   (15.756, -13.645,  0.000) 20.844 
J_iso: -0.0001 
[Testing!] DMI: ( 0.0000 -0.0000  0.0000)
[Testing!]J_ani:
[[-0.  0. -0.]
 [ 0. -0.  0.]
 [-0.  0. -0.]]
----------------------------------------------------------------------------------------
   Cr1   Cr2   ( -1,   3,   0) -0.0001   (-15.756, -13.645,  0.000) 20.844 
J_iso: -0.0001 
[Testing!] DMI: ( 0.0000  0.0000 -0.0000)
[Testing!]J_ani:
[[-0. -0.  0.]
 [-0. -0.  0.]
 [ 0.  0. -0.]]
----------------------------------------------------------------------------------------
   Cr2   Cr1   (  1,  -3,   0) -0.0001   (15.756, 13.645,  0.000) 20.844 
J_iso: -0.0001 
[Testing!] DMI: (-0.0000 -0.0000  0.0000)
[Testing!]J_ani:
[[-0. -0.  0.]
 [-0. -0.  0.]
 [ 0.  0. -0.]]
----------------------------------------------------------------------------------------
   Cr1   Cr2   (  3,  -1,   0) -0.0001   (-15.756, 13.645,  0.000) 20.844 
J_iso: -0.0001 
[Testing!] DMI: (-0.0000  0.0000 -0.0000)
[Testing!]J_ani:
[[-0.  0. -0.]
 [ 0. -0.  0.]
 [-0.  0. -0.]]
----------------------------------------------------------------------------------------
   Cr2   Cr1   ( -2,  -1,   0)  0.0000   (21.665, -3.411,  0.000) 21.932 
J_iso:  0.0000 
[Testing!] DMI: ( 0.0000 -0.0000 -0.0000)
[Testing!]J_ani:
[[-0.  0.  0.]
 [ 0. -0. -0.]
 [ 0. -0. -0.]]
----------------------------------------------------------------------------------------
   Cr2   Cr1   ( -1,  -2,   0)  0.0000   (21.665,  3.411,  0.000) 21.932 
J_iso:  0.0000 
[Testing!] DMI: (-0.0000  0.0000 -0.0000)
[Testing!]J_ani:
[[-0. -0. -0.]
 [-0. -0. -0.]
 [-0. -0. -0.]]
----------------------------------------------------------------------------------------
   Cr1   Cr2   (  1,   2,   0)  0.0000   (-21.665, -3.411,  0.000) 21.932 
J_iso:  0.0000 
[Testing!] DMI: ( 0.0000 -0.0000  0.0000)
[Testing!]J_ani:
[[-0. -0. -0.]
 [-0. -0. -0.]
 [-0. -0. -0.]]
----------------------------------------------------------------------------------------
   Cr1   Cr2   (  2,   1,   0)  0.0000   (-21.665,  3.411,  0.000) 21.932 
J_iso:  0.0000 
[Testing!] DMI: (-0.0000  0.0000  0.0000)
[Testing!]J_ani:
[[-0.  0.  0.]
 [ 0. -0. -0.]
 [ 0. -0. -0.]]
----------------------------------------------------------------------------------------
   Cr2   Cr2   (  2,   2,   0) -0.0000   (-23.634,  0.000,  0.000) 23.634 
J_iso: -0.0000 
[Testing!] DMI: ( 0.0000  0.0000  0.0000)
[Testing!]J_ani:
[[-0. -0. -0.]
 [-0. -0. -0.]
 [-0. -0. -0.]]
----------------------------------------------------------------------------------------
   Cr1   Cr1   ( -2,  -2,   0) -0.0000   (23.634,  0.000,  0.000) 23.634 
J_iso: -0.0000 
[Testing!] DMI: ( 0.0000  0.0000  0.0000)
[Testing!]J_ani:
[[-0. -0. -0.]
 [-0. -0. -0.]
 [-0. -0. -0.]]
----------------------------------------------------------------------------------------
   Cr2   Cr2   ( -2,  -2,   0) -0.0000   (23.634,  0.000,  0.000) 23.634 
J_iso: -0.0000 
[Testing!] DMI: (-0.0000 -0.0000 -0.0000)
[Testing!]J_ani:
[[-0. -0. -0.]
 [-0. -0. -0.]
 [-0. -0. -0.]]
----------------------------------------------------------------------------------------
   Cr1   Cr1   (  2,   2,   0) -0.0000   (-23.634,  0.000,  0.000) 23.634 
J_iso: -0.0000 
[Testing!] DMI: (-0.0000 -0.0000 -0.0000)
[Testing!]J_ani:
[[-0. -0. -0.]
 [-0. -0. -0.]
 [-0. -0. -0.]]
----------------------------------------------------------------------------------------
   Cr2   Cr1   ( -3,   0,   0) -0.0000   (21.665, -10.234,  0.000) 23.960 
J_iso: -0.0000 
[Testing!] DMI: (-0.0000 -0.0000 -0.0000)
[Testing!]J_ani:
[[-0. -0.  0.]
 [-0. -0. -0.]
 [ 0. -0. -0.]]
----------------------------------------------------------------------------------------
   Cr2   Cr1   (  0,  -3,   0) -0.0000   (21.665, 10.234,  0.000) 23.960 
J_iso: -0.0000 
[Testing!] DMI: ( 0.0000 -0.0000 -0.0000)
[Testing!]J_ani:
[[-0. -0. -0.]
 [-0. -0. -0.]
 [-0. -0. -0.]]
----------------------------------------------------------------------------------------
   Cr1   Cr2   (  0,   3,   0) -0.0000   (-21.665, -10.234,  0.000) 23.960 
J_iso: -0.0000 
[Testing!] DMI: (-0.0000  0.0000  0.0000)
[Testing!]J_ani:
[[-0. -0. -0.]
 [-0. -0. -0.]
 [-0. -0. -0.]]
----------------------------------------------------------------------------------------
   Cr1   Cr2   (  3,   0,   0) -0.0000   (-21.665, 10.234,  0.000) 23.960 
J_iso: -0.0000 
[Testing!] DMI: ( 0.0000  0.0000  0.0000)
[Testing!]J_ani:
[[-0. -0.  0.]
 [-0. -0. -0.]
 [ 0. -0. -0.]]
----------------------------------------------------------------------------------------
   Cr2   Cr2   (  1,   3,   0)  0.0000   (-23.634, -6.823,  0.000) 24.599 
J_iso:  0.0000 
[Testing!] DMI: ( 0.0000  0.0000  0.0000)
[Testing!]J_ani:
[[-0.  0.  0.]
 [ 0. -0.  0.]
 [ 0.  0. -0.]]
----------------------------------------------------------------------------------------
   Cr2   Cr2   (  3,   1,   0)  0.0000   (-23.634,  6.823,  0.000) 24.599 
J_iso:  0.0000 
[Testing!] DMI: ( 0.0000 -0.0000 -0.0000)
[Testing!]J_ani:
[[-0. -0. -0.]
 [-0. -0.  0.]
 [-0.  0. -0.]]
----------------------------------------------------------------------------------------
   Cr1   Cr1   ( -3,  -1,   0)  0.0000   (23.634, -6.823,  0.000) 24.599 
J_iso:  0.0000 
[Testing!] DMI: ( 0.0000 -0.0000 -0.0000)
[Testing!]J_ani:
[[-0. -0. -0.]
 [-0. -0.  0.]
 [-0.  0. -0.]]
----------------------------------------------------------------------------------------
   Cr2   Cr2   ( -3,  -1,   0)  0.0000   (23.634, -6.823,  0.000) 24.599 
J_iso:  0.0000 
[Testing!] DMI: (-0.0000  0.0000  0.0000)
[Testing!]J_ani:
[[-0. -0. -0.]
 [-0. -0.  0.]
 [-0.  0. -0.]]
----------------------------------------------------------------------------------------
   Cr1   Cr1   ( -1,  -3,   0)  0.0000   (23.634,  6.823,  0.000) 24.599 
J_iso:  0.0000 
[Testing!] DMI: ( 0.0000  0.0000  0.0000)
[Testing!]J_ani:
[[-0.  0.  0.]
 [ 0. -0.  0.]
 [ 0.  0. -0.]]
----------------------------------------------------------------------------------------
   Cr2   Cr2   ( -1,  -3,   0)  0.0000   (23.634,  6.823,  0.000) 24.599 
J_iso:  0.0000 
[Testing!] DMI: (-0.0000 -0.0000 -0.0000)
[Testing!]J_ani:
[[-0.  0.  0.]
 [ 0. -0.  0.]
 [ 0.  0. -0.]]
----------------------------------------------------------------------------------------
   Cr1   Cr1   (  1,   3,   0)  0.0000   (-23.634, -6.823,  0.000) 24.599 
J_iso:  0.0000 
[Testing!] DMI: (-0.0000 -0.0000 -0.0000)
[Testing!]J_ani:
[[-0.  0.  0.]
 [ 0. -0.  0.]
 [ 0.  0. -0.]]
----------------------------------------------------------------------------------------
   Cr1   Cr1   (  3,   1,   0)  0.0000   (-23.634,  6.823,  0.000) 24.599 
J_iso:  0.0000 
[Testing!] DMI: (-0.0000  0.0000  0.0000)
[Testing!]J_ani:
[[-0. -0. -0.]
 [-0. -0.  0.]
 [-0.  0. -0.]]
----------------------------------------------------------------------------------------
   Cr1   Cr2   ( -3,  -2,   0)  0.0000   (25.604, -3.411,  0.000) 25.830 
J_iso:  0.0000 
[Testing!] DMI: ( 0.0000 -0.0000 -0.0000)
[Testing!]J_ani:
[[-0. -0.  0.]
 [-0. -0. -0.]
 [ 0. -0. -0.]]
----------------------------------------------------------------------------------------
   Cr1   Cr2   ( -2,  -3,   0)  0.0000   (25.604,  3.411,  0.000) 25.830 
J_iso:  0.0000 
[Testing!] DMI: ( 0.0000 -0.0000 -0.0000)
[Testing!]J_ani:
[[-0.  0. -0.]
 [ 0. -0. -0.]
 [-0. -0. -0.]]
----------------------------------------------------------------------------------------
   Cr2   Cr1   (  2,   3,   0)  0.0000   (-25.604, -3.411,  0.000) 25.830 
J_iso:  0.0000 
[Testing!] DMI: (-0.0000  0.0000  0.0000)
[Testing!]J_ani:
[[-0.  0. -0.]
 [ 0. -0. -0.]
 [-0. -0. -0.]]
----------------------------------------------------------------------------------------
   Cr2   Cr1   (  3,   2,   0)  0.0000   (-25.604,  3.411,  0.000) 25.830 
J_iso:  0.0000 
[Testing!] DMI: (-0.0000  0.0000  0.0000)
[Testing!]J_ani:
[[-0. -0.  0.]
 [-0. -0. -0.]
 [ 0. -0. -0.]]
----------------------------------------------------------------------------------------
   Cr1   Cr2   (  2,   2,   0) -0.0001   (-27.573,  0.000,  0.000) 27.573 
J_iso: -0.0001 
[Testing!] DMI: (-0.0000  0.0000  0.0000)
[Testing!]J_ani:
[[-0. -0. -0.]
 [-0.  0.  0.]
 [-0.  0. -0.]]
----------------------------------------------------------------------------------------
   Cr2   Cr1   ( -2,  -2,   0) -0.0001   (27.573,  0.000,  0.000) 27.573 
J_iso: -0.0001 
[Testing!] DMI: ( 0.0000 -0.0000 -0.0000)
[Testing!]J_ani:
[[-0. -0. -0.]
 [-0.  0.  0.]
 [-0.  0. -0.]]
----------------------------------------------------------------------------------------
   Cr1   Cr2   (  1,   3,   0)  0.0000   (-27.573, -6.823,  0.000) 28.405 
J_iso:  0.0000 
[Testing!] DMI: ( 0.0000  0.0000  0.0000)
[Testing!]J_ani:
[[-0.  0. -0.]
 [ 0. -0.  0.]
 [-0.  0. -0.]]
----------------------------------------------------------------------------------------
   Cr1   Cr2   (  3,   1,   0)  0.0000   (-27.573,  6.823,  0.000) 28.405 
J_iso:  0.0000 
[Testing!] DMI: (-0.0000 -0.0000  0.0000)
[Testing!]J_ani:
[[-0. -0.  0.]
 [-0. -0.  0.]
 [ 0.  0. -0.]]
----------------------------------------------------------------------------------------
   Cr2   Cr1   ( -3,  -1,   0)  0.0000   (27.573, -6.823,  0.000) 28.405 
J_iso:  0.0000 
[Testing!] DMI: ( 0.0000  0.0000 -0.0000)
[Testing!]J_ani:
[[-0. -0.  0.]
 [-0. -0.  0.]
 [ 0.  0. -0.]]
----------------------------------------------------------------------------------------
   Cr2   Cr1   ( -1,  -3,   0)  0.0000   (27.573,  6.823,  0.000) 28.405 
J_iso:  0.0000 
[Testing!] DMI: (-0.0000 -0.0000 -0.0000)
[Testing!]J_ani:
[[-0.  0. -0.]
 [ 0. -0.  0.]
 [-0.  0. -0.]]
----------------------------------------------------------------------------------------
   Cr1   Cr1   ( -3,  -2,   0) -0.0000   (29.543, -3.411,  0.000) 29.739 
J_iso: -0.0000 
[Testing!] DMI: (-0.0000 -0.0000 -0.0000)
[Testing!]J_ani:
[[-0.  0.  0.]
 [ 0. -0.  0.]
 [ 0.  0. -0.]]
----------------------------------------------------------------------------------------
   Cr2   Cr2   ( -3,  -2,   0) -0.0000   (29.543, -3.411,  0.000) 29.739 
J_iso: -0.0000 
[Testing!] DMI: ( 0.0000  0.0000  0.0000)
[Testing!]J_ani:
[[-0.  0.  0.]
 [ 0. -0.  0.]
 [ 0.  0. -0.]]
----------------------------------------------------------------------------------------
   Cr1   Cr1   ( -2,  -3,   0) -0.0000   (29.543,  3.411,  0.000) 29.739 
J_iso: -0.0000 
[Testing!] DMI: (-0.0000  0.0000  0.0000)
[Testing!]J_ani:
[[-0. -0. -0.]
 [-0. -0.  0.]
 [-0.  0. -0.]]
----------------------------------------------------------------------------------------
   Cr2   Cr2   ( -2,  -3,   0) -0.0000   (29.543,  3.411,  0.000) 29.739 
J_iso: -0.0000 
[Testing!] DMI: ( 0.0000 -0.0000 -0.0000)
[Testing!]J_ani:
[[-0. -0. -0.]
 [-0. -0.  0.]
 [-0.  0. -0.]]
----------------------------------------------------------------------------------------
   Cr2   Cr2   (  2,   3,   0) -0.0000   (-29.543, -3.411,  0.000) 29.739 
J_iso: -0.0000 
[Testing!] DMI: (-0.0000  0.0000  0.0000)
[Testing!]J_ani:
[[-0. -0. -0.]
 [-0. -0.  0.]
 [-0.  0. -0.]]
----------------------------------------------------------------------------------------
   Cr2   Cr2   (  3,   2,   0) -0.0000   (-29.543,  3.411,  0.000) 29.739 
J_iso: -0.0000 
[Testing!] DMI: (-0.0000 -0.0000 -0.0000)
[Testing!]J_ani:
[[-0.  0.  0.]
 [ 0. -0.  0.]
 [ 0.  0. -0.]]
----------------------------------------------------------------------------------------
   Cr1   Cr1   (  2,   3,   0) -0.0000   (-29.543, -3.411,  0.000) 29.739 
J_iso: -0.0000 
[Testing!] DMI: ( 0.0000 -0.0000 -0.0000)
[Testing!]J_ani:
[[-0. -0. -0.]
 [-0. -0.  0.]
 [-0.  0. -0.]]
----------------------------------------------------------------------------------------
   Cr1   Cr1   (  3,   2,   0) -0.0000   (-29.543,  3.411,  0.000) 29.739 
J_iso: -0.0000 
[Testing!] DMI: ( 0.0000  0.0000  0.0000)
[Testing!]J_ani:
[[-0.  0.  0.]
 [ 0. -0.  0.]
 [ 0.  0. -0.]]
----------------------------------------------------------------------------------------
   Cr1   Cr2   ( -3,  -3,   0)  0.0000   (31.512,  0.000,  0.000) 31.512 
J_iso:  0.0000 
[Testing!] DMI: (-0.0000 -0.0000 -0.0000)
[Testing!]J_ani:
[[-0. -0. -0.]
 [-0.  0.  0.]
 [-0.  0. -0.]]
----------------------------------------------------------------------------------------
   Cr2   Cr1   (  3,   3,   0)  0.0000   (-31.512,  0.000,  0.000) 31.512 
J_iso:  0.0000 
[Testing!] DMI: ( 0.0000  0.0000  0.0000)
[Testing!]J_ani:
[[-0. -0. -0.]
 [-0.  0.  0.]
 [-0.  0. -0.]]
----------------------------------------------------------------------------------------
   Cr2   Cr1   ( -3,  -2,   0)  0.0000   (33.482, -3.411,  0.000) 33.655 
J_iso:  0.0000 
[Testing!] DMI: (-0.0000 -0.0000 -0.0000)
[Testing!]J_ani:
[[-0.  0. -0.]
 [ 0. -0.  0.]
 [-0.  0. -0.]]
----------------------------------------------------------------------------------------
   Cr2   Cr1   ( -2,  -3,   0)  0.0000   (33.482,  3.411,  0.000) 33.655 
J_iso:  0.0000 
[Testing!] DMI: (-0.0000  0.0000  0.0000)
[Testing!]J_ani:
[[-0. -0.  0.]
 [-0. -0.  0.]
 [ 0.  0. -0.]]
----------------------------------------------------------------------------------------
   Cr1   Cr2   (  2,   3,   0)  0.0000   (-33.482, -3.411,  0.000) 33.655 
J_iso:  0.0000 
[Testing!] DMI: ( 0.0000 -0.0000 -0.0000)
[Testing!]J_ani:
[[-0. -0.  0.]
 [-0. -0.  0.]
 [ 0.  0. -0.]]
----------------------------------------------------------------------------------------
   Cr1   Cr2   (  3,   2,   0)  0.0000   (-33.482,  3.411,  0.000) 33.655 
J_iso:  0.0000 
[Testing!] DMI: ( 0.0000  0.0000  0.0000)
[Testing!]J_ani:
[[-0.  0. -0.]
 [ 0. -0.  0.]
 [-0.  0. -0.]]
----------------------------------------------------------------------------------------
   Cr1   Cr1   ( -3,  -3,   0)  0.0000   (35.451,  0.000,  0.000) 35.451 
J_iso:  0.0000 
[Testing!] DMI: (-0.0000 -0.0000 -0.0000)
[Testing!]J_ani:
[[-0. -0. -0.]
 [-0. -0. -0.]
 [-0. -0. -0.]]
----------------------------------------------------------------------------------------
   Cr2   Cr2   ( -3,  -3,   0)  0.0000   (35.451,  0.000,  0.000) 35.451 
J_iso:  0.0000 
[Testing!] DMI: ( 0.0000  0.0000  0.0000)
[Testing!]J_ani:
[[-0. -0. -0.]
 [-0. -0. -0.]
 [-0. -0. -0.]]
----------------------------------------------------------------------------------------
   Cr1   Cr1   (  3,   3,   0)  0.0000   (-35.451,  0.000,  0.000) 35.451 
J_iso:  0.0000 
[Testing!] DMI: ( 0.0000  0.0000  0.0000)
[Testing!]J_ani:
[[-0. -0. -0.]
 [-0. -0. -0.]
 [-0. -0. -0.]]
----------------------------------------------------------------------------------------
   Cr2   Cr2   (  3,   3,   0)  0.0000   (-35.451,  0.000,  0.000) 35.451 
J_iso:  0.0000 
[Testing!] DMI: (-0.0000 -0.0000 -0.0000)
[Testing!]J_ani:
[[-0. -0. -0.]
 [-0. -0. -0.]
 [-0. -0. -0.]]
----------------------------------------------------------------------------------------
   Cr2   Cr1   ( -3,  -3,   0) -0.0000   (39.391,  0.000,  0.000) 39.391 
J_iso: -0.0000 
[Testing!] DMI: ( 0.0000  0.0000 -0.0000)
[Testing!]J_ani:
[[-0. -0. -0.]
 [-0. -0.  0.]
 [-0.  0. -0.]]
----------------------------------------------------------------------------------------
   Cr1   Cr2   (  3,   3,   0) -0.0000   (-39.391,  0.000,  0.000) 39.391 
J_iso: -0.0000 
[Testing!] DMI: (-0.0000 -0.0000  0.0000)
[Testing!]J_ani:
[[-0. -0. -0.]
 [-0. -0.  0.]
 [-0.  0. -0.]]
