==========================================================================================
Information: 
Exchange parameters generated by TB2J 0.8.2
Generation time: 24/03/08 15:57:34
 Input from non-collinear Abacus data.
data directory: OUT.CrI3

Merged from TB2J results in paths: 
  x
  y
  z
, which are from DFT data with various spin orientations. 

==========================================================================================
Cell (Angstrom):
-5.90858261  3.41132177  0.00000000
-5.90858261  -3.41132177  0.00000000
-0.00000000  -0.00000000  13.83830408

==========================================================================================
Atoms:  
(Note: charge and magmoms only count the wannier functions.)
Atom_number        x             y             z       w_charge    M(x)      M(y)      M(z)   
Cr1            -3.93905113    0.00000000    6.91915204    5.9702    0.0000   -0.0000    3.3643
Cr2            -7.87811408    0.00000000    6.91915204    5.9702    0.0000   -0.0000    3.3643
I1             -2.09120101    1.20735547    5.37074268    4.9863    0.0020   -0.0011   -0.1190
I2             -7.99978361    2.20396630    8.46756140    4.9863   -0.0019   -0.0012   -0.1190
I3             -5.90858261    0.99661083    5.37074268    4.9863   -0.0001    0.0023   -0.1190
I4             -5.90858261   -0.99661083    8.46756140    4.9863   -0.0001    0.0023   -0.1190
I5             -3.81738160   -2.20396630    5.37074268    4.9863   -0.0019   -0.0012   -0.1190
I6             -9.72596421   -1.20735547    8.46756140    4.9863    0.0020   -0.0011   -0.1190
Total                                                    41.8580    0.0000   -0.0000    6.0146

==========================================================================================
Exchange: 
    i      j          R        J_iso(meV)          vector          distance(A) 
----------------------------------------------------------------------------------------
   Cr1   Cr2   ( -1,   0,   0)  1.7497   ( 1.970, -3.411,  0.000)  3.939 
J_iso:  1.7497 
[Testing!] DMI: (-0.0000 -0.0000  0.0000)
[Testing!]J_ani:
[[-0.748 -0.412  0.42 ]
 [-0.412 -0.353  0.245]
 [ 0.42   0.245 -0.398]]
----------------------------------------------------------------------------------------
   Cr1   Cr2   (  0,  -1,   0)  1.7483   ( 1.970,  3.411,  0.000)  3.939 
J_iso:  1.7483 
[Testing!] DMI: ( 0.0000 -0.0000  0.0000)
[Testing!]J_ani:
[[-0.747  0.411 -0.421]
 [ 0.411 -0.352  0.242]
 [-0.421  0.242 -0.397]]
----------------------------------------------------------------------------------------
   Cr2   Cr1   (  0,   1,   0)  1.7483   (-1.970, -3.411,  0.000)  3.939 
J_iso:  1.7483 
[Testing!] DMI: (-0.0000  0.0000 -0.0000)
[Testing!]J_ani:
[[-0.747  0.411 -0.421]
 [ 0.411 -0.352  0.242]
 [-0.421  0.242 -0.397]]
----------------------------------------------------------------------------------------
   Cr2   Cr1   (  1,   0,   0)  1.7497   (-1.970,  3.411,  0.000)  3.939 
J_iso:  1.7497 
[Testing!] DMI: ( 0.0000  0.0000 -0.0000)
[Testing!]J_ani:
[[-0.748 -0.412  0.42 ]
 [-0.412 -0.353  0.245]
 [ 0.42   0.245 -0.398]]
----------------------------------------------------------------------------------------
   Cr1   Cr2   (  0,   0,   0)  1.7518   (-3.939,  0.000,  0.000)  3.939 
J_iso:  1.7518 
[Testing!] DMI: (-0.0000 -0.0000 -0.0000)
[Testing!]J_ani:
[[-0.161 -0.003  0.003]
 [-0.003 -0.944 -0.487]
 [ 0.003 -0.487 -0.398]]
----------------------------------------------------------------------------------------
   Cr2   Cr1   (  0,   0,   0)  1.7518   ( 3.939,  0.000,  0.000)  3.939 
J_iso:  1.7518 
[Testing!] DMI: ( 0.0000  0.0000  0.0000)
[Testing!]J_ani:
[[-0.161 -0.003  0.003]
 [-0.003 -0.944 -0.487]
 [ 0.003 -0.487 -0.398]]
----------------------------------------------------------------------------------------
   Cr1   Cr1   ( -1,   0,   0)  0.9817   ( 5.909, -3.411,  0.000)  6.823 
J_iso:  0.9817 
[Testing!] DMI: ( 0.0389 -0.0215  0.0143)
[Testing!]J_ani:
[[-0.08   0.035 -0.032]
 [ 0.035 -0.045  0.019]
 [-0.032  0.019 -0.091]]
----------------------------------------------------------------------------------------
   Cr2   Cr2   ( -1,   0,   0)  0.9817   ( 5.909, -3.411,  0.000)  6.823 
J_iso:  0.9817 
[Testing!] DMI: (-0.0389  0.0215 -0.0143)
[Testing!]J_ani:
[[-0.08   0.035 -0.032]
 [ 0.035 -0.045  0.019]
 [-0.032  0.019 -0.091]]
----------------------------------------------------------------------------------------
   Cr1   Cr1   (  0,  -1,   0)  0.9817   ( 5.909,  3.411,  0.000)  6.823 
J_iso:  0.9817 
[Testing!] DMI: ( 0.0389  0.0214 -0.0136)
[Testing!]J_ani:
[[-0.08  -0.035  0.032]
 [-0.035 -0.045  0.018]
 [ 0.032  0.018 -0.091]]
----------------------------------------------------------------------------------------
   Cr2   Cr2   (  0,  -1,   0)  0.9817   ( 5.909,  3.411,  0.000)  6.823 
J_iso:  0.9817 
[Testing!] DMI: (-0.0389 -0.0214  0.0136)
[Testing!]J_ani:
[[-0.08  -0.035  0.032]
 [-0.035 -0.045  0.018]
 [ 0.032  0.018 -0.091]]
----------------------------------------------------------------------------------------
   Cr1   Cr1   (  0,   1,   0)  0.9817   (-5.909, -3.411,  0.000)  6.823 
J_iso:  0.9817 
[Testing!] DMI: (-0.0389 -0.0214  0.0136)
[Testing!]J_ani:
[[-0.08  -0.035  0.032]
 [-0.035 -0.045  0.018]
 [ 0.032  0.018 -0.091]]
----------------------------------------------------------------------------------------
   Cr2   Cr2   (  0,   1,   0)  0.9817   (-5.909, -3.411,  0.000)  6.823 
J_iso:  0.9817 
[Testing!] DMI: ( 0.0389  0.0214 -0.0136)
[Testing!]J_ani:
[[-0.08  -0.035  0.032]
 [-0.035 -0.045  0.018]
 [ 0.032  0.018 -0.091]]
----------------------------------------------------------------------------------------
   Cr1   Cr1   (  1,   0,   0)  0.9817   (-5.909,  3.411,  0.000)  6.823 
J_iso:  0.9817 
[Testing!] DMI: (-0.0389  0.0215 -0.0143)
[Testing!]J_ani:
[[-0.08   0.035 -0.032]
 [ 0.035 -0.045  0.019]
 [-0.032  0.019 -0.091]]
----------------------------------------------------------------------------------------
   Cr2   Cr2   (  1,   0,   0)  0.9817   (-5.909,  3.411,  0.000)  6.823 
J_iso:  0.9817 
[Testing!] DMI: ( 0.0389 -0.0215  0.0143)
[Testing!]J_ani:
[[-0.08   0.035 -0.032]
 [ 0.035 -0.045  0.019]
 [-0.032  0.019 -0.091]]
----------------------------------------------------------------------------------------
   Cr1   Cr1   ( -1,   1,   0)  0.9817   ( 0.000, -6.823,  0.000)  6.823 
J_iso:  0.9817 
[Testing!] DMI: (-0.0001 -0.0440 -0.0139)
[Testing!]J_ani:
[[-0.027 -0.    -0.001]
 [-0.    -0.097 -0.038]
 [-0.001 -0.038 -0.091]]
----------------------------------------------------------------------------------------
   Cr2   Cr2   ( -1,   1,   0)  0.9817   ( 0.000, -6.823,  0.000)  6.823 
J_iso:  0.9817 
[Testing!] DMI: ( 0.0001  0.0440  0.0139)
[Testing!]J_ani:
[[-0.027 -0.    -0.001]
 [-0.    -0.097 -0.038]
 [-0.001 -0.038 -0.091]]
----------------------------------------------------------------------------------------
   Cr1   Cr1   (  1,  -1,   0)  0.9817   ( 0.000,  6.823,  0.000)  6.823 
J_iso:  0.9817 
[Testing!] DMI: ( 0.0001  0.0440  0.0139)
[Testing!]J_ani:
[[-0.027 -0.    -0.001]
 [-0.    -0.097 -0.038]
 [-0.001 -0.038 -0.091]]
----------------------------------------------------------------------------------------
   Cr2   Cr2   (  1,  -1,   0)  0.9817   ( 0.000,  6.823,  0.000)  6.823 
J_iso:  0.9817 
[Testing!] DMI: (-0.0001 -0.0440 -0.0139)
[Testing!]J_ani:
[[-0.027 -0.    -0.001]
 [-0.    -0.097 -0.038]
 [-0.001 -0.038 -0.091]]
----------------------------------------------------------------------------------------
   Cr1   Cr2   ( -1,  -1,   0) -0.0874   ( 7.878,  0.000,  0.000)  7.878 
J_iso: -0.0874 
[Testing!] DMI: (-0.0000 -0.0000 -0.0000)
[Testing!]J_ani:
[[-0.02  -0.     0.001]
 [-0.    -0.028 -0.012]
 [ 0.001 -0.012 -0.034]]
----------------------------------------------------------------------------------------
   Cr2   Cr1   (  1,   1,   0) -0.0874   (-7.878,  0.000,  0.000)  7.878 
J_iso: -0.0874 
[Testing!] DMI: ( 0.0000  0.0000  0.0000)
[Testing!]J_ani:
[[-0.02  -0.     0.001]
 [-0.    -0.028 -0.012]
 [ 0.001 -0.012 -0.034]]
----------------------------------------------------------------------------------------
   Cr1   Cr2   ( -1,   1,   0) -0.0871   (-3.939, -6.823,  0.000)  7.878 
J_iso: -0.0871 
[Testing!] DMI: ( 0.0000 -0.0000 -0.0000)
[Testing!]J_ani:
[[-0.026  0.005 -0.011]
 [ 0.005 -0.022  0.007]
 [-0.011  0.007 -0.034]]
----------------------------------------------------------------------------------------
   Cr2   Cr1   ( -1,   1,   0) -0.0871   ( 3.939, -6.823,  0.000)  7.878 
J_iso: -0.0871 
[Testing!] DMI: ( 0.0000  0.0000  0.0000)
[Testing!]J_ani:
[[-0.026 -0.005  0.012]
 [-0.005 -0.022  0.007]
 [ 0.012  0.007 -0.034]]
----------------------------------------------------------------------------------------
   Cr1   Cr2   (  1,  -1,   0) -0.0871   (-3.939,  6.823,  0.000)  7.878 
J_iso: -0.0871 
[Testing!] DMI: (-0.0000 -0.0000 -0.0000)
[Testing!]J_ani:
[[-0.026 -0.005  0.012]
 [-0.005 -0.022  0.007]
 [ 0.012  0.007 -0.034]]
----------------------------------------------------------------------------------------
   Cr2   Cr1   (  1,  -1,   0) -0.0871   ( 3.939,  6.823,  0.000)  7.878 
J_iso: -0.0871 
[Testing!] DMI: (-0.0000  0.0000  0.0000)
[Testing!]J_ani:
[[-0.026  0.005 -0.011]
 [ 0.005 -0.022  0.007]
 [-0.011  0.007 -0.034]]
----------------------------------------------------------------------------------------
   Cr1   Cr2   ( -2,   0,   0)  0.0224   ( 7.878, -6.823,  0.000) 10.422 
J_iso:  0.0224 
[Testing!] DMI: ( 0.0000  0.0000  0.0000)
[Testing!]J_ani:
[[-0.006 -0.002 -0.002]
 [-0.002 -0.006  0.   ]
 [-0.002  0.    -0.006]]
----------------------------------------------------------------------------------------
   Cr1   Cr2   (  0,  -2,   0)  0.0224   ( 7.878,  6.823,  0.000) 10.422 
J_iso:  0.0224 
[Testing!] DMI: (-0.0000 -0.0000  0.0000)
[Testing!]J_ani:
[[-0.006  0.002  0.002]
 [ 0.002 -0.006  0.   ]
 [ 0.002  0.    -0.006]]
----------------------------------------------------------------------------------------
   Cr2   Cr1   (  0,   2,   0)  0.0224   (-7.878, -6.823,  0.000) 10.422 
J_iso:  0.0224 
[Testing!] DMI: ( 0.0000  0.0000 -0.0000)
[Testing!]J_ani:
[[-0.006  0.002  0.002]
 [ 0.002 -0.006  0.   ]
 [ 0.002  0.    -0.006]]
----------------------------------------------------------------------------------------
   Cr2   Cr1   (  2,   0,   0)  0.0224   (-7.878,  6.823,  0.000) 10.422 
J_iso:  0.0224 
[Testing!] DMI: (-0.0000 -0.0000 -0.0000)
[Testing!]J_ani:
[[-0.006 -0.002 -0.002]
 [-0.002 -0.006  0.   ]
 [-0.002  0.    -0.006]]
----------------------------------------------------------------------------------------
   Cr1   Cr2   ( -2,   1,   0)  0.0225   ( 1.970, -10.234,  0.000) 10.422 
J_iso:  0.0225 
[Testing!] DMI: ( 0.0000  0.0000 -0.0000)
[Testing!]J_ani:
[[-0.007 -0.    -0.   ]
 [-0.    -0.005 -0.001]
 [-0.    -0.001 -0.006]]
----------------------------------------------------------------------------------------
   Cr2   Cr1   ( -1,   2,   0)  0.0225   (-1.970, -10.234,  0.000) 10.422 
J_iso:  0.0225 
[Testing!] DMI: ( 0.0000 -0.0000 -0.0000)
[Testing!]J_ani:
[[-0.007  0.     0.   ]
 [ 0.    -0.005 -0.001]
 [ 0.    -0.001 -0.006]]
----------------------------------------------------------------------------------------
   Cr1   Cr2   (  1,  -2,   0)  0.0225   ( 1.970, 10.234,  0.000) 10.422 
J_iso:  0.0225 
[Testing!] DMI: (-0.0000  0.0000  0.0000)
[Testing!]J_ani:
[[-0.007  0.     0.   ]
 [ 0.    -0.005 -0.001]
 [ 0.    -0.001 -0.006]]
----------------------------------------------------------------------------------------
   Cr2   Cr1   (  2,  -1,   0)  0.0225   (-1.970, 10.234,  0.000) 10.422 
J_iso:  0.0225 
[Testing!] DMI: (-0.0000 -0.0000  0.0000)
[Testing!]J_ani:
[[-0.007 -0.    -0.   ]
 [-0.    -0.005 -0.001]
 [-0.    -0.001 -0.006]]
----------------------------------------------------------------------------------------
   Cr2   Cr1   ( -1,   0,   0)  0.0226   ( 9.848, -3.411,  0.000) 10.422 
J_iso:  0.0226 
[Testing!] DMI: (-0.0000  0.0000 -0.0000)
[Testing!]J_ani:
[[-0.005 -0.002 -0.001]
 [-0.002 -0.007  0.001]
 [-0.001  0.001 -0.006]]
----------------------------------------------------------------------------------------
   Cr2   Cr1   (  0,  -1,   0)  0.0225   ( 9.848,  3.411,  0.000) 10.422 
J_iso:  0.0225 
[Testing!] DMI: (-0.0000  0.0000  0.0000)
[Testing!]J_ani:
[[-0.005  0.002  0.001]
 [ 0.002 -0.007  0.001]
 [ 0.001  0.001 -0.006]]
----------------------------------------------------------------------------------------
   Cr1   Cr2   (  0,   1,   0)  0.0225   (-9.848, -3.411,  0.000) 10.422 
J_iso:  0.0225 
[Testing!] DMI: ( 0.0000 -0.0000 -0.0000)
[Testing!]J_ani:
[[-0.005  0.002  0.001]
 [ 0.002 -0.007  0.001]
 [ 0.001  0.001 -0.006]]
----------------------------------------------------------------------------------------
   Cr1   Cr2   (  1,   0,   0)  0.0226   (-9.848,  3.411,  0.000) 10.422 
J_iso:  0.0226 
[Testing!] DMI: ( 0.0000 -0.0000  0.0000)
[Testing!]J_ani:
[[-0.005 -0.002 -0.001]
 [-0.002 -0.007  0.001]
 [-0.001  0.001 -0.006]]
----------------------------------------------------------------------------------------
   Cr1   Cr1   ( -1,  -1,   0) -0.0101   (11.817,  0.000,  0.000) 11.817 
J_iso: -0.0101 
[Testing!] DMI: (-0.0091 -0.0000 -0.0000)
[Testing!]J_ani:
[[-0.003 -0.    -0.   ]
 [-0.    -0.003  0.001]
 [-0.     0.001 -0.003]]
----------------------------------------------------------------------------------------
   Cr2   Cr2   ( -1,  -1,   0) -0.0101   (11.817,  0.000,  0.000) 11.817 
J_iso: -0.0101 
[Testing!] DMI: ( 0.0091  0.0000  0.0000)
[Testing!]J_ani:
[[-0.003 -0.    -0.   ]
 [-0.    -0.003  0.001]
 [-0.     0.001 -0.003]]
----------------------------------------------------------------------------------------
   Cr1   Cr1   (  1,   1,   0) -0.0101   (-11.817,  0.000,  0.000) 11.817 
J_iso: -0.0101 
[Testing!] DMI: ( 0.0091  0.0000  0.0000)
[Testing!]J_ani:
[[-0.003 -0.    -0.   ]
 [-0.    -0.003  0.001]
 [-0.     0.001 -0.003]]
----------------------------------------------------------------------------------------
   Cr2   Cr2   (  1,   1,   0) -0.0101   (-11.817,  0.000,  0.000) 11.817 
J_iso: -0.0101 
[Testing!] DMI: (-0.0091 -0.0000 -0.0000)
[Testing!]J_ani:
[[-0.003 -0.    -0.   ]
 [-0.    -0.003  0.001]
 [-0.     0.001 -0.003]]
----------------------------------------------------------------------------------------
   Cr1   Cr1   ( -2,   1,   0) -0.0100   ( 5.909, -10.234,  0.000) 11.817 
J_iso: -0.0100 
[Testing!] DMI: (-0.0045  0.0078 -0.0000)
[Testing!]J_ani:
[[-0.003  0.    -0.001]
 [ 0.    -0.003 -0.001]
 [-0.001 -0.001 -0.003]]
----------------------------------------------------------------------------------------
   Cr2   Cr2   ( -2,   1,   0) -0.0100   ( 5.909, -10.234,  0.000) 11.817 
J_iso: -0.0100 
[Testing!] DMI: ( 0.0045 -0.0078  0.0000)
[Testing!]J_ani:
[[-0.003  0.    -0.001]
 [ 0.    -0.003 -0.001]
 [-0.001 -0.001 -0.003]]
----------------------------------------------------------------------------------------
   Cr1   Cr1   (  1,  -2,   0) -0.0101   ( 5.909, 10.234,  0.000) 11.817 
J_iso: -0.0101 
[Testing!] DMI: (-0.0045 -0.0078  0.0000)
[Testing!]J_ani:
[[-0.003 -0.     0.001]
 [-0.    -0.003 -0.001]
 [ 0.001 -0.001 -0.003]]
----------------------------------------------------------------------------------------
   Cr2   Cr2   (  1,  -2,   0) -0.0101   ( 5.909, 10.234,  0.000) 11.817 
J_iso: -0.0101 
[Testing!] DMI: ( 0.0045  0.0078 -0.0000)
[Testing!]J_ani:
[[-0.003 -0.     0.001]
 [-0.    -0.003 -0.001]
 [ 0.001 -0.001 -0.003]]
----------------------------------------------------------------------------------------
   Cr1   Cr1   ( -1,   2,   0) -0.0101   (-5.909, -10.234,  0.000) 11.817 
J_iso: -0.0101 
[Testing!] DMI: ( 0.0045  0.0078 -0.0000)
[Testing!]J_ani:
[[-0.003 -0.     0.001]
 [-0.    -0.003 -0.001]
 [ 0.001 -0.001 -0.003]]
----------------------------------------------------------------------------------------
   Cr2   Cr2   ( -1,   2,   0) -0.0101   (-5.909, -10.234,  0.000) 11.817 
J_iso: -0.0101 
[Testing!] DMI: (-0.0045 -0.0078  0.0000)
[Testing!]J_ani:
[[-0.003 -0.     0.001]
 [-0.    -0.003 -0.001]
 [ 0.001 -0.001 -0.003]]
----------------------------------------------------------------------------------------
   Cr1   Cr1   (  2,  -1,   0) -0.0100   (-5.909, 10.234,  0.000) 11.817 
J_iso: -0.0100 
[Testing!] DMI: ( 0.0045 -0.0078  0.0000)
[Testing!]J_ani:
[[-0.003  0.    -0.001]
 [ 0.    -0.003 -0.001]
 [-0.001 -0.001 -0.003]]
----------------------------------------------------------------------------------------
   Cr2   Cr2   (  2,  -1,   0) -0.0100   (-5.909, 10.234,  0.000) 11.817 
J_iso: -0.0100 
[Testing!] DMI: (-0.0045  0.0078 -0.0000)
[Testing!]J_ani:
[[-0.003  0.    -0.001]
 [ 0.    -0.003 -0.001]
 [-0.001 -0.001 -0.003]]
----------------------------------------------------------------------------------------
   Cr1   Cr1   ( -2,   0,   0) -0.0061   (11.817, -6.823,  0.000) 13.645 
J_iso: -0.0061 
[Testing!] DMI: (-0.0002  0.0001  0.0018)
[Testing!]J_ani:
[[-0.001  0.    -0.   ]
 [ 0.    -0.001  0.   ]
 [-0.     0.    -0.001]]
----------------------------------------------------------------------------------------
   Cr2   Cr2   ( -2,   0,   0) -0.0061   (11.817, -6.823,  0.000) 13.645 
J_iso: -0.0061 
[Testing!] DMI: ( 0.0002 -0.0001 -0.0018)
[Testing!]J_ani:
[[-0.001  0.    -0.   ]
 [ 0.    -0.001  0.   ]
 [-0.     0.    -0.001]]
----------------------------------------------------------------------------------------
   Cr1   Cr1   (  0,  -2,   0) -0.0061   (11.817,  6.823,  0.000) 13.645 
J_iso: -0.0061 
[Testing!] DMI: (-0.0002 -0.0001 -0.0018)
[Testing!]J_ani:
[[-0.001 -0.     0.   ]
 [-0.    -0.001  0.   ]
 [ 0.     0.    -0.001]]
----------------------------------------------------------------------------------------
   Cr2   Cr2   (  0,  -2,   0) -0.0061   (11.817,  6.823,  0.000) 13.645 
J_iso: -0.0061 
[Testing!] DMI: ( 0.0002  0.0001  0.0018)
[Testing!]J_ani:
[[-0.001 -0.     0.   ]
 [-0.    -0.001  0.   ]
 [ 0.     0.    -0.001]]
----------------------------------------------------------------------------------------
   Cr1   Cr1   (  0,   2,   0) -0.0061   (-11.817, -6.823,  0.000) 13.645 
J_iso: -0.0061 
[Testing!] DMI: ( 0.0002  0.0001  0.0018)
[Testing!]J_ani:
[[-0.001 -0.     0.   ]
 [-0.    -0.001  0.   ]
 [ 0.     0.    -0.001]]
----------------------------------------------------------------------------------------
   Cr2   Cr2   (  0,   2,   0) -0.0061   (-11.817, -6.823,  0.000) 13.645 
J_iso: -0.0061 
[Testing!] DMI: (-0.0002 -0.0001 -0.0018)
[Testing!]J_ani:
[[-0.001 -0.     0.   ]
 [-0.    -0.001  0.   ]
 [ 0.     0.    -0.001]]
----------------------------------------------------------------------------------------
   Cr1   Cr1   (  2,   0,   0) -0.0061   (-11.817,  6.823,  0.000) 13.645 
J_iso: -0.0061 
[Testing!] DMI: ( 0.0002 -0.0001 -0.0018)
[Testing!]J_ani:
[[-0.001  0.    -0.   ]
 [ 0.    -0.001  0.   ]
 [-0.     0.    -0.001]]
----------------------------------------------------------------------------------------
   Cr2   Cr2   (  2,   0,   0) -0.0061   (-11.817,  6.823,  0.000) 13.645 
J_iso: -0.0061 
[Testing!] DMI: (-0.0002  0.0001  0.0018)
[Testing!]J_ani:
[[-0.001  0.    -0.   ]
 [ 0.    -0.001  0.   ]
 [-0.     0.    -0.001]]
----------------------------------------------------------------------------------------
   Cr1   Cr1   ( -2,   2,   0) -0.0061   ( 0.000, -13.645,  0.000) 13.645 
J_iso: -0.0061 
[Testing!] DMI: (-0.0000  0.0002 -0.0018)
[Testing!]J_ani:
[[-0.001 -0.     0.   ]
 [-0.    -0.001 -0.   ]
 [ 0.    -0.    -0.001]]
----------------------------------------------------------------------------------------
   Cr2   Cr2   ( -2,   2,   0) -0.0061   ( 0.000, -13.645,  0.000) 13.645 
J_iso: -0.0061 
[Testing!] DMI: ( 0.0000 -0.0002  0.0018)
[Testing!]J_ani:
[[-0.001 -0.     0.   ]
 [-0.    -0.001 -0.   ]
 [ 0.    -0.    -0.001]]
----------------------------------------------------------------------------------------
   Cr1   Cr1   (  2,  -2,   0) -0.0061   ( 0.000, 13.645,  0.000) 13.645 
J_iso: -0.0061 
[Testing!] DMI: ( 0.0000 -0.0002  0.0018)
[Testing!]J_ani:
[[-0.001 -0.     0.   ]
 [-0.    -0.001 -0.   ]
 [ 0.    -0.    -0.001]]
----------------------------------------------------------------------------------------
   Cr2   Cr2   (  2,  -2,   0) -0.0061   ( 0.000, 13.645,  0.000) 13.645 
J_iso: -0.0061 
[Testing!] DMI: (-0.0000  0.0002 -0.0018)
[Testing!]J_ani:
[[-0.001 -0.     0.   ]
 [-0.    -0.001 -0.   ]
 [ 0.    -0.    -0.001]]
----------------------------------------------------------------------------------------
   Cr1   Cr2   ( -2,  -1,   0) -0.0000   (13.787, -3.411,  0.000) 14.202 
J_iso: -0.0000 
[Testing!] DMI: ( 0.0000  0.0000 -0.0000)
[Testing!]J_ani:
[[-0.001  0.    -0.   ]
 [ 0.    -0.001 -0.001]
 [-0.    -0.001 -0.   ]]
----------------------------------------------------------------------------------------
   Cr1   Cr2   ( -1,  -2,   0) -0.0000   (13.787,  3.411,  0.000) 14.202 
J_iso: -0.0000 
[Testing!] DMI: ( 0.0000  0.0000 -0.0000)
[Testing!]J_ani:
[[-0.001 -0.     0.   ]
 [-0.    -0.001 -0.001]
 [ 0.    -0.001 -0.   ]]
----------------------------------------------------------------------------------------
   Cr2   Cr1   (  1,   2,   0) -0.0000   (-13.787, -3.411,  0.000) 14.202 
J_iso: -0.0000 
[Testing!] DMI: (-0.0000 -0.0000  0.0000)
[Testing!]J_ani:
[[-0.001 -0.     0.   ]
 [-0.    -0.001 -0.001]
 [ 0.    -0.001 -0.   ]]
----------------------------------------------------------------------------------------
   Cr2   Cr1   (  2,   1,   0) -0.0000   (-13.787,  3.411,  0.000) 14.202 
J_iso: -0.0000 
[Testing!] DMI: (-0.0000 -0.0000  0.0000)
[Testing!]J_ani:
[[-0.001  0.    -0.   ]
 [ 0.    -0.001 -0.001]
 [-0.    -0.001 -0.   ]]
----------------------------------------------------------------------------------------
   Cr1   Cr2   ( -2,   2,   0) -0.0000   (-3.939, -13.645,  0.000) 14.202 
J_iso: -0.0000 
[Testing!] DMI: ( 0.0000  0.0000  0.0000)
[Testing!]J_ani:
[[-0.001  0.    -0.001]
 [ 0.    -0.001 -0.   ]
 [-0.001 -0.    -0.   ]]
----------------------------------------------------------------------------------------
   Cr2   Cr1   ( -2,   2,   0) -0.0000   ( 3.939, -13.645,  0.000) 14.202 
J_iso: -0.0000 
[Testing!] DMI: ( 0.0000 -0.0000  0.0000)
[Testing!]J_ani:
[[-0.001 -0.     0.001]
 [-0.    -0.001 -0.   ]
 [ 0.001 -0.    -0.   ]]
----------------------------------------------------------------------------------------
   Cr1   Cr2   (  2,  -2,   0) -0.0000   (-3.939, 13.645,  0.000) 14.202 
J_iso: -0.0000 
[Testing!] DMI: (-0.0000  0.0000 -0.0000)
[Testing!]J_ani:
[[-0.001 -0.     0.001]
 [-0.    -0.001 -0.   ]
 [ 0.001 -0.    -0.   ]]
----------------------------------------------------------------------------------------
   Cr2   Cr1   (  2,  -2,   0) -0.0000   ( 3.939, 13.645,  0.000) 14.202 
J_iso: -0.0000 
[Testing!] DMI: (-0.0000 -0.0000 -0.0000)
[Testing!]J_ani:
[[-0.001  0.    -0.001]
 [ 0.    -0.001 -0.   ]
 [-0.001 -0.    -0.   ]]
----------------------------------------------------------------------------------------
   Cr2   Cr1   ( -2,   1,   0) -0.0000   ( 9.848, -10.234,  0.000) 14.202 
J_iso: -0.0000 
[Testing!] DMI: ( 0.0000 -0.0000  0.0000)
[Testing!]J_ani:
[[-0.001  0.     0.   ]
 [ 0.    -0.001  0.001]
 [ 0.     0.001 -0.   ]]
----------------------------------------------------------------------------------------
   Cr2   Cr1   (  1,  -2,   0) -0.0000   ( 9.848, 10.234,  0.000) 14.202 
J_iso: -0.0000 
[Testing!] DMI: (-0.0000 -0.0000  0.0000)
[Testing!]J_ani:
[[-0.001 -0.    -0.   ]
 [-0.    -0.001  0.001]
 [-0.     0.001 -0.   ]]
----------------------------------------------------------------------------------------
   Cr1   Cr2   ( -1,   2,   0) -0.0000   (-9.848, -10.234,  0.000) 14.202 
J_iso: -0.0000 
[Testing!] DMI: ( 0.0000  0.0000 -0.0000)
[Testing!]J_ani:
[[-0.001 -0.    -0.   ]
 [-0.    -0.001  0.001]
 [-0.     0.001 -0.   ]]
----------------------------------------------------------------------------------------
   Cr1   Cr2   (  2,  -1,   0) -0.0000   (-9.848, 10.234,  0.000) 14.202 
J_iso: -0.0000 
[Testing!] DMI: (-0.0000  0.0000 -0.0000)
[Testing!]J_ani:
[[-0.001  0.     0.   ]
 [ 0.    -0.001  0.001]
 [ 0.     0.001 -0.   ]]
----------------------------------------------------------------------------------------
   Cr1   Cr2   ( -3,   1,   0) -0.0065   ( 7.878, -13.645,  0.000) 15.756 
J_iso: -0.0065 
[Testing!] DMI: (-0.0000  0.0000  0.0000)
[Testing!]J_ani:
[[-0.001 -0.    -0.   ]
 [-0.    -0.    -0.   ]
 [-0.    -0.    -0.001]]
----------------------------------------------------------------------------------------
   Cr2   Cr1   ( -1,   3,   0) -0.0065   (-7.878, -13.645,  0.000) 15.756 
J_iso: -0.0065 
[Testing!] DMI: ( 0.0000 -0.0000  0.0000)
[Testing!]J_ani:
[[-0.001  0.     0.   ]
 [ 0.    -0.    -0.   ]
 [ 0.    -0.    -0.001]]
----------------------------------------------------------------------------------------
   Cr1   Cr2   (  1,  -3,   0) -0.0065   ( 7.878, 13.645,  0.000) 15.756 
J_iso: -0.0065 
[Testing!] DMI: (-0.0000  0.0000 -0.0000)
[Testing!]J_ani:
[[-0.001  0.     0.   ]
 [ 0.    -0.    -0.   ]
 [ 0.    -0.    -0.001]]
----------------------------------------------------------------------------------------
   Cr2   Cr1   (  3,  -1,   0) -0.0065   (-7.878, 13.645,  0.000) 15.756 
J_iso: -0.0065 
[Testing!] DMI: ( 0.0000 -0.0000 -0.0000)
[Testing!]J_ani:
[[-0.001 -0.    -0.   ]
 [-0.    -0.    -0.   ]
 [-0.    -0.    -0.001]]
----------------------------------------------------------------------------------------
   Cr2   Cr1   ( -1,  -1,   0) -0.0065   (15.756,  0.000,  0.000) 15.756 
J_iso: -0.0065 
[Testing!] DMI: ( 0.0000  0.0000 -0.0000)
[Testing!]J_ani:
[[-0.    -0.    -0.   ]
 [-0.    -0.001  0.   ]
 [-0.     0.    -0.001]]
----------------------------------------------------------------------------------------
   Cr1   Cr2   (  1,   1,   0) -0.0065   (-15.756,  0.000,  0.000) 15.756 
J_iso: -0.0065 
[Testing!] DMI: (-0.0000 -0.0000  0.0000)
[Testing!]J_ani:
[[-0.    -0.    -0.   ]
 [-0.    -0.001  0.   ]
 [-0.     0.    -0.001]]
----------------------------------------------------------------------------------------
   Cr1   Cr2   ( -3,   0,   0) -0.0004   (13.787, -10.234,  0.000) 17.170 
J_iso: -0.0004 
[Testing!] DMI: ( 0.0000  0.0000  0.0000)
[Testing!]J_ani:
[[-0.  0. -0.]
 [ 0. -0. -0.]
 [-0. -0. -0.]]
----------------------------------------------------------------------------------------
   Cr1   Cr2   (  0,  -3,   0) -0.0004   (13.787, 10.234,  0.000) 17.170 
J_iso: -0.0004 
[Testing!] DMI: (-0.0000 -0.0000  0.0000)
[Testing!]J_ani:
[[-0. -0.  0.]
 [-0. -0. -0.]
 [ 0. -0. -0.]]
----------------------------------------------------------------------------------------
   Cr2   Cr1   (  0,   3,   0) -0.0004   (-13.787, -10.234,  0.000) 17.170 
J_iso: -0.0004 
[Testing!] DMI: ( 0.0000  0.0000 -0.0000)
[Testing!]J_ani:
[[-0. -0.  0.]
 [-0. -0. -0.]
 [ 0. -0. -0.]]
----------------------------------------------------------------------------------------
   Cr2   Cr1   (  3,   0,   0) -0.0004   (-13.787, 10.234,  0.000) 17.170 
J_iso: -0.0004 
[Testing!] DMI: (-0.0000 -0.0000 -0.0000)
[Testing!]J_ani:
[[-0.  0. -0.]
 [ 0. -0. -0.]
 [-0. -0. -0.]]
----------------------------------------------------------------------------------------
   Cr2   Cr1   ( -2,   3,   0) -0.0004   (-1.970, -17.057,  0.000) 17.170 
J_iso: -0.0004 
[Testing!] DMI: ( 0.0000  0.0000 -0.0000)
[Testing!]J_ani:
[[-0. -0.  0.]
 [-0. -0. -0.]
 [ 0. -0. -0.]]
----------------------------------------------------------------------------------------
   Cr2   Cr1   (  3,  -2,   0) -0.0004   (-1.970, 17.057,  0.000) 17.170 
J_iso: -0.0004 
[Testing!] DMI: (-0.0000 -0.0000  0.0000)
[Testing!]J_ani:
[[-0.  0. -0.]
 [ 0. -0.  0.]
 [-0.  0. -0.]]
----------------------------------------------------------------------------------------
   Cr1   Cr2   ( -3,   2,   0) -0.0004   ( 1.970, -17.057,  0.000) 17.170 
J_iso: -0.0004 
[Testing!] DMI: ( 0.0000  0.0000 -0.0000)
[Testing!]J_ani:
[[-0.  0. -0.]
 [ 0. -0.  0.]
 [-0.  0. -0.]]
----------------------------------------------------------------------------------------
   Cr1   Cr2   (  2,  -3,   0) -0.0004   ( 1.970, 17.057,  0.000) 17.170 
J_iso: -0.0004 
[Testing!] DMI: (-0.0000 -0.0000  0.0000)
[Testing!]J_ani:
[[-0. -0.  0.]
 [-0. -0. -0.]
 [ 0. -0. -0.]]
----------------------------------------------------------------------------------------
   Cr2   Cr1   ( -2,   0,   0) -0.0004   (15.756, -6.823,  0.000) 17.170 
J_iso: -0.0004 
[Testing!] DMI: ( 0.0000 -0.0000 -0.0000)
[Testing!]J_ani:
[[-0. -0.  0.]
 [-0. -0.  0.]
 [ 0.  0. -0.]]
----------------------------------------------------------------------------------------
   Cr2   Cr1   (  0,  -2,   0) -0.0004   (15.756,  6.823,  0.000) 17.170 
J_iso: -0.0004 
[Testing!] DMI: ( 0.0000 -0.0000  0.0000)
[Testing!]J_ani:
[[-0.  0. -0.]
 [ 0. -0.  0.]
 [-0.  0. -0.]]
----------------------------------------------------------------------------------------
   Cr1   Cr2   (  0,   2,   0) -0.0004   (-15.756, -6.823,  0.000) 17.170 
J_iso: -0.0004 
[Testing!] DMI: (-0.0000  0.0000 -0.0000)
[Testing!]J_ani:
[[-0.  0. -0.]
 [ 0. -0.  0.]
 [-0.  0. -0.]]
----------------------------------------------------------------------------------------
   Cr1   Cr2   (  2,   0,   0) -0.0004   (-15.756,  6.823,  0.000) 17.170 
J_iso: -0.0004 
[Testing!] DMI: (-0.0000  0.0000  0.0000)
[Testing!]J_ani:
[[-0. -0.  0.]
 [-0. -0.  0.]
 [ 0.  0. -0.]]
----------------------------------------------------------------------------------------
   Cr1   Cr1   ( -2,  -1,   0)  0.0005   (17.726, -3.411,  0.000) 18.051 
J_iso:  0.0005 
[Testing!] DMI: (-0.0001 -0.0000  0.0001)
[Testing!]J_ani:
[[-0. -0.  0.]
 [-0. -0. -0.]
 [ 0. -0. -0.]]
----------------------------------------------------------------------------------------
   Cr2   Cr2   ( -2,  -1,   0)  0.0005   (17.726, -3.411,  0.000) 18.051 
J_iso:  0.0005 
[Testing!] DMI: ( 0.0001  0.0000 -0.0001)
[Testing!]J_ani:
[[-0. -0.  0.]
 [-0. -0. -0.]
 [ 0. -0. -0.]]
----------------------------------------------------------------------------------------
   Cr1   Cr1   ( -1,  -2,   0)  0.0005   (17.726,  3.411,  0.000) 18.051 
J_iso:  0.0005 
[Testing!] DMI: (-0.0001  0.0000 -0.0001)
[Testing!]J_ani:
[[-0.  0. -0.]
 [ 0. -0. -0.]
 [-0. -0. -0.]]
----------------------------------------------------------------------------------------
   Cr2   Cr2   ( -1,  -2,   0)  0.0005   (17.726,  3.411,  0.000) 18.051 
J_iso:  0.0005 
[Testing!] DMI: ( 0.0001 -0.0000  0.0001)
[Testing!]J_ani:
[[-0.  0. -0.]
 [ 0. -0. -0.]
 [-0. -0. -0.]]
----------------------------------------------------------------------------------------
   Cr1   Cr1   (  1,   2,   0)  0.0005   (-17.726, -3.411,  0.000) 18.051 
J_iso:  0.0005 
[Testing!] DMI: ( 0.0001 -0.0000  0.0001)
[Testing!]J_ani:
[[-0.  0. -0.]
 [ 0. -0. -0.]
 [-0. -0. -0.]]
----------------------------------------------------------------------------------------
   Cr2   Cr2   (  1,   2,   0)  0.0005   (-17.726, -3.411,  0.000) 18.051 
J_iso:  0.0005 
[Testing!] DMI: (-0.0001  0.0000 -0.0001)
[Testing!]J_ani:
[[-0.  0. -0.]
 [ 0. -0. -0.]
 [-0. -0. -0.]]
----------------------------------------------------------------------------------------
   Cr1   Cr1   (  2,   1,   0)  0.0005   (-17.726,  3.411,  0.000) 18.051 
J_iso:  0.0005 
[Testing!] DMI: ( 0.0001  0.0000 -0.0001)
[Testing!]J_ani:
[[-0. -0.  0.]
 [-0. -0. -0.]
 [ 0. -0. -0.]]
----------------------------------------------------------------------------------------
   Cr2   Cr2   (  2,   1,   0)  0.0005   (-17.726,  3.411,  0.000) 18.051 
J_iso:  0.0005 
[Testing!] DMI: (-0.0001 -0.0000  0.0001)
[Testing!]J_ani:
[[-0. -0.  0.]
 [-0. -0. -0.]
 [ 0. -0. -0.]]
----------------------------------------------------------------------------------------
   Cr2   Cr2   ( -1,   3,   0)  0.0005   (-11.817, -13.645,  0.000) 18.051 
J_iso:  0.0005 
[Testing!] DMI: (-0.0000 -0.0001 -0.0001)
[Testing!]J_ani:
[[-0.  0. -0.]
 [ 0. -0. -0.]
 [-0. -0. -0.]]
----------------------------------------------------------------------------------------
   Cr2   Cr2   (  3,  -1,   0)  0.0005   (-11.817, 13.645,  0.000) 18.051 
J_iso:  0.0005 
[Testing!] DMI: (-0.0000  0.0001  0.0001)
[Testing!]J_ani:
[[-0. -0.  0.]
 [-0. -0. -0.]
 [ 0. -0. -0.]]
----------------------------------------------------------------------------------------
   Cr1   Cr1   ( -3,   1,   0)  0.0005   (11.817, -13.645,  0.000) 18.051 
J_iso:  0.0005 
[Testing!] DMI: (-0.0000  0.0001  0.0001)
[Testing!]J_ani:
[[-0. -0.  0.]
 [-0. -0. -0.]
 [ 0. -0. -0.]]
----------------------------------------------------------------------------------------
   Cr2   Cr2   ( -3,   1,   0)  0.0005   (11.817, -13.645,  0.000) 18.051 
J_iso:  0.0005 
[Testing!] DMI: ( 0.0000 -0.0001 -0.0001)
[Testing!]J_ani:
[[-0. -0.  0.]
 [-0. -0. -0.]
 [ 0. -0. -0.]]
----------------------------------------------------------------------------------------
   Cr1   Cr1   ( -1,   3,   0)  0.0005   (-11.817, -13.645,  0.000) 18.051 
J_iso:  0.0005 
[Testing!] DMI: ( 0.0000  0.0001  0.0001)
[Testing!]J_ani:
[[-0.  0. -0.]
 [ 0. -0. -0.]
 [-0. -0. -0.]]
----------------------------------------------------------------------------------------
   Cr1   Cr1   (  1,  -3,   0)  0.0005   (11.817, 13.645,  0.000) 18.051 
J_iso:  0.0005 
[Testing!] DMI: (-0.0000 -0.0001 -0.0001)
[Testing!]J_ani:
[[-0.  0. -0.]
 [ 0. -0. -0.]
 [-0. -0. -0.]]
----------------------------------------------------------------------------------------
   Cr2   Cr2   (  1,  -3,   0)  0.0005   (11.817, 13.645,  0.000) 18.051 
J_iso:  0.0005 
[Testing!] DMI: ( 0.0000  0.0001  0.0001)
[Testing!]J_ani:
[[-0.  0. -0.]
 [ 0. -0. -0.]
 [-0. -0. -0.]]
----------------------------------------------------------------------------------------
   Cr1   Cr1   (  3,  -1,   0)  0.0005   (-11.817, 13.645,  0.000) 18.051 
J_iso:  0.0005 
[Testing!] DMI: ( 0.0000 -0.0001 -0.0001)
[Testing!]J_ani:
[[-0. -0.  0.]
 [-0. -0. -0.]
 [ 0. -0. -0.]]
----------------------------------------------------------------------------------------
   Cr1   Cr1   ( -3,   2,   0)  0.0004   ( 5.909, -17.057,  0.000) 18.051 
J_iso:  0.0004 
[Testing!] DMI: (-0.0001  0.0000 -0.0001)
[Testing!]J_ani:
[[-0.  0.  0.]
 [ 0. -0.  0.]
 [ 0.  0. -0.]]
----------------------------------------------------------------------------------------
   Cr2   Cr2   ( -3,   2,   0)  0.0004   ( 5.909, -17.057,  0.000) 18.051 
J_iso:  0.0004 
[Testing!] DMI: ( 0.0001 -0.0000  0.0001)
[Testing!]J_ani:
[[-0.  0.  0.]
 [ 0. -0.  0.]
 [ 0.  0. -0.]]
----------------------------------------------------------------------------------------
   Cr1   Cr1   ( -2,   3,   0)  0.0004   (-5.909, -17.057,  0.000) 18.051 
J_iso:  0.0004 
[Testing!] DMI: ( 0.0001  0.0000 -0.0001)
[Testing!]J_ani:
[[-0. -0. -0.]
 [-0. -0.  0.]
 [-0.  0. -0.]]
----------------------------------------------------------------------------------------
   Cr2   Cr2   ( -2,   3,   0)  0.0004   (-5.909, -17.057,  0.000) 18.051 
J_iso:  0.0004 
[Testing!] DMI: (-0.0001 -0.0000  0.0001)
[Testing!]J_ani:
[[-0. -0. -0.]
 [-0. -0.  0.]
 [-0.  0. -0.]]
----------------------------------------------------------------------------------------
   Cr1   Cr1   (  2,  -3,   0)  0.0004   ( 5.909, 17.057,  0.000) 18.051 
J_iso:  0.0004 
[Testing!] DMI: (-0.0001 -0.0000  0.0001)
[Testing!]J_ani:
[[-0. -0. -0.]
 [-0. -0.  0.]
 [-0.  0. -0.]]
----------------------------------------------------------------------------------------
   Cr2   Cr2   (  2,  -3,   0)  0.0004   ( 5.909, 17.057,  0.000) 18.051 
J_iso:  0.0004 
[Testing!] DMI: ( 0.0001  0.0000 -0.0001)
[Testing!]J_ani:
[[-0. -0. -0.]
 [-0. -0.  0.]
 [-0.  0. -0.]]
----------------------------------------------------------------------------------------
   Cr1   Cr1   (  3,  -2,   0)  0.0004   (-5.909, 17.057,  0.000) 18.051 
J_iso:  0.0004 
[Testing!] DMI: ( 0.0001 -0.0000  0.0001)
[Testing!]J_ani:
[[-0.  0.  0.]
 [ 0. -0.  0.]
 [ 0.  0. -0.]]
----------------------------------------------------------------------------------------
   Cr2   Cr2   (  3,  -2,   0)  0.0004   (-5.909, 17.057,  0.000) 18.051 
J_iso:  0.0004 
[Testing!] DMI: (-0.0001  0.0000 -0.0001)
[Testing!]J_ani:
[[-0.  0.  0.]
 [ 0. -0.  0.]
 [ 0.  0. -0.]]
----------------------------------------------------------------------------------------
   Cr2   Cr1   (  2,   2,   0)  0.0002   (-19.695,  0.000,  0.000) 19.695 
J_iso:  0.0002 
[Testing!] DMI: (-0.0000  0.0000 -0.0000)
[Testing!]J_ani:
[[-0.  0. -0.]
 [ 0. -0.  0.]
 [-0.  0. -0.]]
----------------------------------------------------------------------------------------
   Cr1   Cr2   ( -2,  -2,   0)  0.0002   (19.695,  0.000,  0.000) 19.695 
J_iso:  0.0002 
[Testing!] DMI: ( 0.0000 -0.0000  0.0000)
[Testing!]J_ani:
[[-0.  0. -0.]
 [ 0. -0.  0.]
 [-0.  0. -0.]]
----------------------------------------------------------------------------------------
   Cr2   Cr1   ( -3,   2,   0)  0.0002   ( 9.848, -17.057,  0.000) 19.695 
J_iso:  0.0002 
[Testing!] DMI: ( 0.0000  0.0000  0.0000)
[Testing!]J_ani:
[[-0.  0. -0.]
 [ 0. -0. -0.]
 [-0. -0. -0.]]
----------------------------------------------------------------------------------------
   Cr1   Cr2   ( -2,   3,   0)  0.0002   (-9.848, -17.057,  0.000) 19.695 
J_iso:  0.0002 
[Testing!] DMI: (-0.0000  0.0000 -0.0000)
[Testing!]J_ani:
[[-0. -0.  0.]
 [-0. -0. -0.]
 [ 0. -0. -0.]]
----------------------------------------------------------------------------------------
   Cr2   Cr1   (  2,  -3,   0)  0.0002   ( 9.848, 17.057,  0.000) 19.695 
J_iso:  0.0002 
[Testing!] DMI: ( 0.0000 -0.0000  0.0000)
[Testing!]J_ani:
[[-0. -0.  0.]
 [-0. -0. -0.]
 [ 0. -0. -0.]]
----------------------------------------------------------------------------------------
   Cr1   Cr2   (  3,  -2,   0)  0.0002   (-9.848, 17.057,  0.000) 19.695 
J_iso:  0.0002 
[Testing!] DMI: (-0.0000 -0.0000 -0.0000)
[Testing!]J_ani:
[[-0.  0. -0.]
 [ 0. -0. -0.]
 [-0. -0. -0.]]
----------------------------------------------------------------------------------------
   Cr1   Cr1   ( -3,   0,   0) -0.0000   (17.726, -10.234,  0.000) 20.468 
J_iso: -0.0000 
[Testing!] DMI: (-0.0000  0.0000  0.0001)
[Testing!]J_ani:
[[-0.  0. -0.]
 [ 0. -0.  0.]
 [-0.  0. -0.]]
----------------------------------------------------------------------------------------
   Cr2   Cr2   ( -3,   0,   0) -0.0000   (17.726, -10.234,  0.000) 20.468 
J_iso: -0.0000 
[Testing!] DMI: ( 0.0000 -0.0000 -0.0001)
[Testing!]J_ani:
[[-0.  0. -0.]
 [ 0. -0.  0.]
 [-0.  0. -0.]]
----------------------------------------------------------------------------------------
   Cr1   Cr1   (  0,  -3,   0) -0.0000   (17.726, 10.234,  0.000) 20.468 
J_iso: -0.0000 
[Testing!] DMI: (-0.0000 -0.0000 -0.0001)
[Testing!]J_ani:
[[-0. -0.  0.]
 [-0. -0.  0.]
 [ 0.  0. -0.]]
----------------------------------------------------------------------------------------
   Cr2   Cr2   (  0,  -3,   0) -0.0000   (17.726, 10.234,  0.000) 20.468 
J_iso: -0.0000 
[Testing!] DMI: ( 0.0000  0.0000  0.0001)
[Testing!]J_ani:
[[-0. -0.  0.]
 [-0. -0.  0.]
 [ 0.  0. -0.]]
----------------------------------------------------------------------------------------
   Cr1   Cr1   (  0,   3,   0) -0.0000   (-17.726, -10.234,  0.000) 20.468 
J_iso: -0.0000 
[Testing!] DMI: ( 0.0000  0.0000  0.0001)
[Testing!]J_ani:
[[-0. -0.  0.]
 [-0. -0.  0.]
 [ 0.  0. -0.]]
----------------------------------------------------------------------------------------
   Cr2   Cr2   (  0,   3,   0) -0.0000   (-17.726, -10.234,  0.000) 20.468 
J_iso: -0.0000 
[Testing!] DMI: (-0.0000 -0.0000 -0.0001)
[Testing!]J_ani:
[[-0. -0.  0.]
 [-0. -0.  0.]
 [ 0.  0. -0.]]
----------------------------------------------------------------------------------------
   Cr1   Cr1   (  3,   0,   0) -0.0000   (-17.726, 10.234,  0.000) 20.468 
J_iso: -0.0000 
[Testing!] DMI: ( 0.0000 -0.0000 -0.0001)
[Testing!]J_ani:
[[-0.  0. -0.]
 [ 0. -0.  0.]
 [-0.  0. -0.]]
----------------------------------------------------------------------------------------
   Cr2   Cr2   (  3,   0,   0) -0.0000   (-17.726, 10.234,  0.000) 20.468 
J_iso: -0.0000 
[Testing!] DMI: (-0.0000  0.0000  0.0001)
[Testing!]J_ani:
[[-0.  0. -0.]
 [ 0. -0.  0.]
 [-0.  0. -0.]]
----------------------------------------------------------------------------------------
   Cr1   Cr1   ( -3,   3,   0) -0.0000   ( 0.000, -20.468,  0.000) 20.468 
J_iso: -0.0000 
[Testing!] DMI: ( 0.0000  0.0000 -0.0001)
[Testing!]J_ani:
[[-0. -0.  0.]
 [-0. -0. -0.]
 [ 0. -0. -0.]]
----------------------------------------------------------------------------------------
   Cr2   Cr2   ( -3,   3,   0) -0.0000   ( 0.000, -20.468,  0.000) 20.468 
J_iso: -0.0000 
[Testing!] DMI: (-0.0000 -0.0000  0.0001)
[Testing!]J_ani:
[[-0. -0.  0.]
 [-0. -0. -0.]
 [ 0. -0. -0.]]
----------------------------------------------------------------------------------------
   Cr1   Cr1   (  3,  -3,   0) -0.0000   ( 0.000, 20.468,  0.000) 20.468 
J_iso: -0.0000 
[Testing!] DMI: (-0.0000 -0.0000  0.0001)
[Testing!]J_ani:
[[-0. -0.  0.]
 [-0. -0. -0.]
 [ 0. -0. -0.]]
----------------------------------------------------------------------------------------
   Cr2   Cr2   (  3,  -3,   0) -0.0000   ( 0.000, 20.468,  0.000) 20.468 
J_iso: -0.0000 
[Testing!] DMI: ( 0.0000  0.0000 -0.0001)
[Testing!]J_ani:
[[-0. -0.  0.]
 [-0. -0. -0.]
 [ 0. -0. -0.]]
----------------------------------------------------------------------------------------
   Cr2   Cr1   (  1,   3,   0) -0.0001   (-19.695, -6.823,  0.000) 20.844 
J_iso: -0.0001 
[Testing!] DMI: (-0.0000  0.0000  0.0000)
[Testing!]J_ani:
[[-0. -0.  0.]
 [-0. -0. -0.]
 [ 0. -0. -0.]]
----------------------------------------------------------------------------------------
   Cr2   Cr1   (  3,   1,   0) -0.0001   (-19.695,  6.823,  0.000) 20.844 
J_iso: -0.0001 
[Testing!] DMI: (-0.0000  0.0000 -0.0000)
[Testing!]J_ani:
[[-0.  0. -0.]
 [ 0. -0. -0.]
 [-0. -0. -0.]]
----------------------------------------------------------------------------------------
   Cr1   Cr2   ( -3,  -1,   0) -0.0001   (19.695, -6.823,  0.000) 20.844 
J_iso: -0.0001 
[Testing!] DMI: ( 0.0000 -0.0000  0.0000)
[Testing!]J_ani:
[[-0.  0. -0.]
 [ 0. -0. -0.]
 [-0. -0. -0.]]
----------------------------------------------------------------------------------------
   Cr1   Cr2   ( -1,  -3,   0) -0.0001   (19.695,  6.823,  0.000) 20.844 
J_iso: -0.0001 
[Testing!] DMI: ( 0.0000 -0.0000 -0.0000)
[Testing!]J_ani:
[[-0. -0.  0.]
 [-0. -0. -0.]
 [ 0. -0. -0.]]
----------------------------------------------------------------------------------------
   Cr1   Cr2   ( -3,   3,   0) -0.0001   (-3.939, -20.468,  0.000) 20.844 
J_iso: -0.0001 
[Testing!] DMI: ( 0.0000  0.0000  0.0000)
[Testing!]J_ani:
[[-0. -0. -0.]
 [-0. -0. -0.]
 [-0. -0. -0.]]
----------------------------------------------------------------------------------------
   Cr2   Cr1   ( -3,   3,   0) -0.0001   ( 3.939, -20.468,  0.000) 20.844 
J_iso: -0.0001 
[Testing!] DMI: ( 0.0000 -0.0000 -0.0000)
[Testing!]J_ani:
[[-0.  0.  0.]
 [ 0. -0. -0.]
 [ 0. -0. -0.]]
----------------------------------------------------------------------------------------
   Cr1   Cr2   (  3,  -3,   0) -0.0001   (-3.939, 20.468,  0.000) 20.844 
J_iso: -0.0001 
[Testing!] DMI: (-0.0000  0.0000  0.0000)
[Testing!]J_ani:
[[-0.  0.  0.]
 [ 0. -0. -0.]
 [ 0. -0. -0.]]
----------------------------------------------------------------------------------------
   Cr2   Cr1   (  3,  -3,   0) -0.0001   ( 3.939, 20.468,  0.000) 20.844 
J_iso: -0.0001 
[Testing!] DMI: (-0.0000 -0.0000 -0.0000)
[Testing!]J_ani:
[[-0. -0. -0.]
 [-0. -0. -0.]
 [-0. -0. -0.]]
----------------------------------------------------------------------------------------
   Cr2   Cr1   ( -3,   1,   0) -0.0001   (15.756, -13.645,  0.000) 20.844 
J_iso: -0.0001 
[Testing!] DMI: ( 0.0000 -0.0000  0.0000)
[Testing!]J_ani:
[[-0.  0.  0.]
 [ 0. -0.  0.]
 [ 0.  0. -0.]]
----------------------------------------------------------------------------------------
   Cr1   Cr2   ( -1,   3,   0) -0.0001   (-15.756, -13.645,  0.000) 20.844 
J_iso: -0.0001 
[Testing!] DMI: (-0.0000  0.0000  0.0000)
[Testing!]J_ani:
[[-0. -0. -0.]
 [-0. -0.  0.]
 [-0.  0. -0.]]
----------------------------------------------------------------------------------------
   Cr2   Cr1   (  1,  -3,   0) -0.0001   (15.756, 13.645,  0.000) 20.844 
J_iso: -0.0001 
[Testing!] DMI: ( 0.0000 -0.0000 -0.0000)
[Testing!]J_ani:
[[-0. -0. -0.]
 [-0. -0.  0.]
 [-0.  0. -0.]]
----------------------------------------------------------------------------------------
   Cr1   Cr2   (  3,  -1,   0) -0.0001   (-15.756, 13.645,  0.000) 20.844 
J_iso: -0.0001 
[Testing!] DMI: (-0.0000  0.0000 -0.0000)
[Testing!]J_ani:
[[-0.  0.  0.]
 [ 0. -0.  0.]
 [ 0.  0. -0.]]
----------------------------------------------------------------------------------------
   Cr2   Cr1   ( -2,  -1,   0)  0.0000   (21.665, -3.411,  0.000) 21.932 
J_iso:  0.0000 
[Testing!] DMI: (-0.0000 -0.0000  0.0000)
[Testing!]J_ani:
[[-0. -0.  0.]
 [-0. -0. -0.]
 [ 0. -0. -0.]]
----------------------------------------------------------------------------------------
   Cr2   Cr1   ( -1,  -2,   0)  0.0000   (21.665,  3.411,  0.000) 21.932 
J_iso:  0.0000 
[Testing!] DMI: ( 0.0000  0.0000 -0.0000)
[Testing!]J_ani:
[[-0.  0. -0.]
 [ 0. -0. -0.]
 [-0. -0. -0.]]
----------------------------------------------------------------------------------------
   Cr1   Cr2   (  1,   2,   0)  0.0000   (-21.665, -3.411,  0.000) 21.932 
J_iso:  0.0000 
[Testing!] DMI: (-0.0000 -0.0000  0.0000)
[Testing!]J_ani:
[[-0.  0. -0.]
 [ 0. -0. -0.]
 [-0. -0. -0.]]
----------------------------------------------------------------------------------------
   Cr1   Cr2   (  2,   1,   0)  0.0000   (-21.665,  3.411,  0.000) 21.932 
J_iso:  0.0000 
[Testing!] DMI: ( 0.0000  0.0000 -0.0000)
[Testing!]J_ani:
[[-0. -0.  0.]
 [-0. -0. -0.]
 [ 0. -0. -0.]]
----------------------------------------------------------------------------------------
   Cr2   Cr2   (  2,   2,   0)  0.0000   (-23.634,  0.000,  0.000) 23.634 
J_iso:  0.0000 
[Testing!] DMI: (-0.0000  0.0000  0.0000)
[Testing!]J_ani:
[[-0.  0. -0.]
 [ 0. -0. -0.]
 [-0. -0. -0.]]
----------------------------------------------------------------------------------------
   Cr1   Cr1   ( -2,  -2,   0)  0.0000   (23.634,  0.000,  0.000) 23.634 
J_iso:  0.0000 
[Testing!] DMI: (-0.0000  0.0000  0.0000)
[Testing!]J_ani:
[[-0.  0. -0.]
 [ 0. -0. -0.]
 [-0. -0. -0.]]
----------------------------------------------------------------------------------------
   Cr2   Cr2   ( -2,  -2,   0)  0.0000   (23.634,  0.000,  0.000) 23.634 
J_iso:  0.0000 
[Testing!] DMI: ( 0.0000 -0.0000 -0.0000)
[Testing!]J_ani:
[[-0.  0. -0.]
 [ 0. -0. -0.]
 [-0. -0. -0.]]
----------------------------------------------------------------------------------------
   Cr1   Cr1   (  2,   2,   0)  0.0000   (-23.634,  0.000,  0.000) 23.634 
J_iso:  0.0000 
[Testing!] DMI: ( 0.0000 -0.0000 -0.0000)
[Testing!]J_ani:
[[-0.  0. -0.]
 [ 0. -0. -0.]
 [-0. -0. -0.]]
----------------------------------------------------------------------------------------
   Cr2   Cr1   ( -3,   0,   0) -0.0000   (21.665, -10.234,  0.000) 23.960 
J_iso: -0.0000 
[Testing!] DMI: ( 0.0000 -0.0000  0.0000)
[Testing!]J_ani:
[[-0.  0.  0.]
 [ 0. -0. -0.]
 [ 0. -0. -0.]]
----------------------------------------------------------------------------------------
   Cr2   Cr1   (  0,  -3,   0) -0.0000   (21.665, 10.234,  0.000) 23.960 
J_iso: -0.0000 
[Testing!] DMI: (-0.0000 -0.0000  0.0000)
[Testing!]J_ani:
[[-0. -0. -0.]
 [-0. -0. -0.]
 [-0. -0. -0.]]
----------------------------------------------------------------------------------------
   Cr1   Cr2   (  0,   3,   0) -0.0000   (-21.665, -10.234,  0.000) 23.960 
J_iso: -0.0000 
[Testing!] DMI: ( 0.0000  0.0000 -0.0000)
[Testing!]J_ani:
[[-0. -0. -0.]
 [-0. -0. -0.]
 [-0. -0. -0.]]
----------------------------------------------------------------------------------------
   Cr1   Cr2   (  3,   0,   0) -0.0000   (-21.665, 10.234,  0.000) 23.960 
J_iso: -0.0000 
[Testing!] DMI: (-0.0000  0.0000 -0.0000)
[Testing!]J_ani:
[[-0.  0.  0.]
 [ 0. -0. -0.]
 [ 0. -0. -0.]]
----------------------------------------------------------------------------------------
   Cr2   Cr2   (  1,   3,   0)  0.0000   (-23.634, -6.823,  0.000) 24.599 
J_iso:  0.0000 
[Testing!] DMI: ( 0.0000 -0.0000  0.0000)
[Testing!]J_ani:
[[-0. -0.  0.]
 [-0. -0.  0.]
 [ 0.  0. -0.]]
----------------------------------------------------------------------------------------
   Cr2   Cr2   (  3,   1,   0)  0.0000   (-23.634,  6.823,  0.000) 24.599 
J_iso:  0.0000 
[Testing!] DMI: ( 0.0000  0.0000  0.0000)
[Testing!]J_ani:
[[-0.  0. -0.]
 [ 0. -0.  0.]
 [-0.  0. -0.]]
----------------------------------------------------------------------------------------
   Cr1   Cr1   ( -3,  -1,   0)  0.0000   (23.634, -6.823,  0.000) 24.599 
J_iso:  0.0000 
[Testing!] DMI: ( 0.0000  0.0000  0.0000)
[Testing!]J_ani:
[[-0.  0. -0.]
 [ 0. -0.  0.]
 [-0.  0. -0.]]
----------------------------------------------------------------------------------------
   Cr2   Cr2   ( -3,  -1,   0)  0.0000   (23.634, -6.823,  0.000) 24.599 
J_iso:  0.0000 
[Testing!] DMI: (-0.0000 -0.0000 -0.0000)
[Testing!]J_ani:
[[-0.  0. -0.]
 [ 0. -0.  0.]
 [-0.  0. -0.]]
----------------------------------------------------------------------------------------
   Cr1   Cr1   ( -1,  -3,   0)  0.0000   (23.634,  6.823,  0.000) 24.599 
J_iso:  0.0000 
[Testing!] DMI: ( 0.0000 -0.0000  0.0000)
[Testing!]J_ani:
[[-0. -0.  0.]
 [-0. -0.  0.]
 [ 0.  0. -0.]]
----------------------------------------------------------------------------------------
   Cr2   Cr2   ( -1,  -3,   0)  0.0000   (23.634,  6.823,  0.000) 24.599 
J_iso:  0.0000 
[Testing!] DMI: (-0.0000  0.0000 -0.0000)
[Testing!]J_ani:
[[-0. -0.  0.]
 [-0. -0.  0.]
 [ 0.  0. -0.]]
----------------------------------------------------------------------------------------
   Cr1   Cr1   (  1,   3,   0)  0.0000   (-23.634, -6.823,  0.000) 24.599 
J_iso:  0.0000 
[Testing!] DMI: (-0.0000  0.0000 -0.0000)
[Testing!]J_ani:
[[-0. -0.  0.]
 [-0. -0.  0.]
 [ 0.  0. -0.]]
----------------------------------------------------------------------------------------
   Cr1   Cr1   (  3,   1,   0)  0.0000   (-23.634,  6.823,  0.000) 24.599 
J_iso:  0.0000 
[Testing!] DMI: (-0.0000 -0.0000 -0.0000)
[Testing!]J_ani:
[[-0.  0. -0.]
 [ 0. -0.  0.]
 [-0.  0. -0.]]
----------------------------------------------------------------------------------------
   Cr1   Cr2   ( -3,  -2,   0)  0.0000   (25.604, -3.411,  0.000) 25.830 
J_iso:  0.0000 
[Testing!] DMI: ( 0.0000 -0.0000 -0.0000)
[Testing!]J_ani:
[[-0.  0.  0.]
 [ 0. -0. -0.]
 [ 0. -0. -0.]]
----------------------------------------------------------------------------------------
   Cr1   Cr2   ( -2,  -3,   0)  0.0000   (25.604,  3.411,  0.000) 25.830 
J_iso:  0.0000 
[Testing!] DMI: (-0.0000 -0.0000  0.0000)
[Testing!]J_ani:
[[-0. -0. -0.]
 [-0. -0. -0.]
 [-0. -0. -0.]]
----------------------------------------------------------------------------------------
   Cr2   Cr1   (  2,   3,   0)  0.0000   (-25.604, -3.411,  0.000) 25.830 
J_iso:  0.0000 
[Testing!] DMI: ( 0.0000  0.0000 -0.0000)
[Testing!]J_ani:
[[-0. -0. -0.]
 [-0. -0. -0.]
 [-0. -0. -0.]]
----------------------------------------------------------------------------------------
   Cr2   Cr1   (  3,   2,   0)  0.0000   (-25.604,  3.411,  0.000) 25.830 
J_iso:  0.0000 
[Testing!] DMI: (-0.0000  0.0000  0.0000)
[Testing!]J_ani:
[[-0.  0.  0.]
 [ 0. -0. -0.]
 [ 0. -0. -0.]]
----------------------------------------------------------------------------------------
   Cr1   Cr2   (  2,   2,   0) -0.0001   (-27.573,  0.000,  0.000) 27.573 
J_iso: -0.0001 
[Testing!] DMI: (-0.0000  0.0000  0.0000)
[Testing!]J_ani:
[[-0. -0.  0.]
 [-0. -0.  0.]
 [ 0.  0. -0.]]
----------------------------------------------------------------------------------------
   Cr2   Cr1   ( -2,  -2,   0) -0.0001   (27.573,  0.000,  0.000) 27.573 
J_iso: -0.0001 
[Testing!] DMI: ( 0.0000 -0.0000 -0.0000)
[Testing!]J_ani:
[[-0. -0.  0.]
 [-0. -0.  0.]
 [ 0.  0. -0.]]
----------------------------------------------------------------------------------------
   Cr1   Cr2   (  1,   3,   0)  0.0000   (-27.573, -6.823,  0.000) 28.405 
J_iso:  0.0000 
[Testing!] DMI: ( 0.0000  0.0000  0.0000)
[Testing!]J_ani:
[[-0.  0. -0.]
 [ 0. -0.  0.]
 [-0.  0. -0.]]
----------------------------------------------------------------------------------------
   Cr1   Cr2   (  3,   1,   0)  0.0000   (-27.573,  6.823,  0.000) 28.405 
J_iso:  0.0000 
[Testing!] DMI: ( 0.0000 -0.0000  0.0000)
[Testing!]J_ani:
[[-0. -0.  0.]
 [-0. -0.  0.]
 [ 0.  0. -0.]]
----------------------------------------------------------------------------------------
   Cr2   Cr1   ( -3,  -1,   0)  0.0000   (27.573, -6.823,  0.000) 28.405 
J_iso:  0.0000 
[Testing!] DMI: (-0.0000  0.0000 -0.0000)
[Testing!]J_ani:
[[-0. -0.  0.]
 [-0. -0.  0.]
 [ 0.  0. -0.]]
----------------------------------------------------------------------------------------
   Cr2   Cr1   ( -1,  -3,   0)  0.0000   (27.573,  6.823,  0.000) 28.405 
J_iso:  0.0000 
[Testing!] DMI: (-0.0000 -0.0000 -0.0000)
[Testing!]J_ani:
[[-0.  0. -0.]
 [ 0. -0.  0.]
 [-0.  0. -0.]]
----------------------------------------------------------------------------------------
   Cr1   Cr1   ( -3,  -2,   0)  0.0000   (29.543, -3.411,  0.000) 29.739 
J_iso:  0.0000 
[Testing!] DMI: ( 0.0000 -0.0000  0.0000)
[Testing!]J_ani:
[[-0. -0.  0.]
 [-0. -0.  0.]
 [ 0.  0. -0.]]
----------------------------------------------------------------------------------------
   Cr2   Cr2   ( -3,  -2,   0)  0.0000   (29.543, -3.411,  0.000) 29.739 
J_iso:  0.0000 
[Testing!] DMI: (-0.0000  0.0000 -0.0000)
[Testing!]J_ani:
[[-0. -0.  0.]
 [-0. -0.  0.]
 [ 0.  0. -0.]]
----------------------------------------------------------------------------------------
   Cr1   Cr1   ( -2,  -3,   0)  0.0000   (29.543,  3.411,  0.000) 29.739 
J_iso:  0.0000 
[Testing!] DMI: ( 0.0000  0.0000 -0.0000)
[Testing!]J_ani:
[[-0.  0. -0.]
 [ 0. -0.  0.]
 [-0.  0. -0.]]
----------------------------------------------------------------------------------------
   Cr2   Cr2   ( -2,  -3,   0)  0.0000   (29.543,  3.411,  0.000) 29.739 
J_iso:  0.0000 
[Testing!] DMI: (-0.0000 -0.0000  0.0000)
[Testing!]J_ani:
[[-0.  0. -0.]
 [ 0. -0.  0.]
 [-0.  0. -0.]]
----------------------------------------------------------------------------------------
   Cr2   Cr2   (  2,   3,   0)  0.0000   (-29.543, -3.411,  0.000) 29.739 
J_iso:  0.0000 
[Testing!] DMI: ( 0.0000  0.0000 -0.0000)
[Testing!]J_ani:
[[-0.  0. -0.]
 [ 0. -0.  0.]
 [-0.  0. -0.]]
----------------------------------------------------------------------------------------
   Cr2   Cr2   (  3,   2,   0)  0.0000   (-29.543,  3.411,  0.000) 29.739 
J_iso:  0.0000 
[Testing!] DMI: ( 0.0000 -0.0000  0.0000)
[Testing!]J_ani:
[[-0. -0.  0.]
 [-0. -0.  0.]
 [ 0.  0. -0.]]
----------------------------------------------------------------------------------------
   Cr1   Cr1   (  2,   3,   0)  0.0000   (-29.543, -3.411,  0.000) 29.739 
J_iso:  0.0000 
[Testing!] DMI: (-0.0000 -0.0000  0.0000)
[Testing!]J_ani:
[[-0.  0. -0.]
 [ 0. -0.  0.]
 [-0.  0. -0.]]
----------------------------------------------------------------------------------------
   Cr1   Cr1   (  3,   2,   0)  0.0000   (-29.543,  3.411,  0.000) 29.739 
J_iso:  0.0000 
[Testing!] DMI: (-0.0000  0.0000 -0.0000)
[Testing!]J_ani:
[[-0. -0.  0.]
 [-0. -0.  0.]
 [ 0.  0. -0.]]
----------------------------------------------------------------------------------------
   Cr1   Cr2   ( -3,  -3,   0)  0.0000   (31.512,  0.000,  0.000) 31.512 
J_iso:  0.0000 
[Testing!] DMI: ( 0.0000 -0.0000 -0.0000)
[Testing!]J_ani:
[[-0.  0.  0.]
 [ 0. -0.  0.]
 [ 0.  0. -0.]]
----------------------------------------------------------------------------------------
   Cr2   Cr1   (  3,   3,   0)  0.0000   (-31.512,  0.000,  0.000) 31.512 
J_iso:  0.0000 
[Testing!] DMI: (-0.0000  0.0000  0.0000)
[Testing!]J_ani:
[[-0.  0.  0.]
 [ 0. -0.  0.]
 [ 0.  0. -0.]]
----------------------------------------------------------------------------------------
   Cr2   Cr1   ( -3,  -2,   0)  0.0000   (33.482, -3.411,  0.000) 33.655 
J_iso:  0.0000 
[Testing!] DMI: ( 0.0000 -0.0000 -0.0000)
[Testing!]J_ani:
[[-0. -0.  0.]
 [-0. -0.  0.]
 [ 0.  0. -0.]]
----------------------------------------------------------------------------------------
   Cr2   Cr1   ( -2,  -3,   0)  0.0000   (33.482,  3.411,  0.000) 33.655 
J_iso:  0.0000 
[Testing!] DMI: ( 0.0000  0.0000  0.0000)
[Testing!]J_ani:
[[-0.  0. -0.]
 [ 0. -0.  0.]
 [-0.  0. -0.]]
----------------------------------------------------------------------------------------
   Cr1   Cr2   (  2,   3,   0)  0.0000   (-33.482, -3.411,  0.000) 33.655 
J_iso:  0.0000 
[Testing!] DMI: (-0.0000 -0.0000 -0.0000)
[Testing!]J_ani:
[[-0.  0. -0.]
 [ 0. -0.  0.]
 [-0.  0. -0.]]
----------------------------------------------------------------------------------------
   Cr1   Cr2   (  3,   2,   0)  0.0000   (-33.482,  3.411,  0.000) 33.655 
J_iso:  0.0000 
[Testing!] DMI: (-0.0000  0.0000  0.0000)
[Testing!]J_ani:
[[-0. -0.  0.]
 [-0. -0.  0.]
 [ 0.  0. -0.]]
----------------------------------------------------------------------------------------
   Cr1   Cr1   ( -3,  -3,   0)  0.0000   (35.451,  0.000,  0.000) 35.451 
J_iso:  0.0000 
[Testing!] DMI: (-0.0000 -0.0000 -0.0000)
[Testing!]J_ani:
[[-0.  0.  0.]
 [ 0. -0. -0.]
 [ 0. -0. -0.]]
----------------------------------------------------------------------------------------
   Cr2   Cr2   ( -3,  -3,   0)  0.0000   (35.451,  0.000,  0.000) 35.451 
J_iso:  0.0000 
[Testing!] DMI: ( 0.0000  0.0000  0.0000)
[Testing!]J_ani:
[[-0.  0.  0.]
 [ 0. -0. -0.]
 [ 0. -0. -0.]]
----------------------------------------------------------------------------------------
   Cr1   Cr1   (  3,   3,   0)  0.0000   (-35.451,  0.000,  0.000) 35.451 
J_iso:  0.0000 
[Testing!] DMI: ( 0.0000  0.0000  0.0000)
[Testing!]J_ani:
[[-0.  0.  0.]
 [ 0. -0. -0.]
 [ 0. -0. -0.]]
----------------------------------------------------------------------------------------
   Cr2   Cr2   (  3,   3,   0)  0.0000   (-35.451,  0.000,  0.000) 35.451 
J_iso:  0.0000 
[Testing!] DMI: (-0.0000 -0.0000 -0.0000)
[Testing!]J_ani:
[[-0.  0.  0.]
 [ 0. -0. -0.]
 [ 0. -0. -0.]]
----------------------------------------------------------------------------------------
   Cr2   Cr1   ( -3,  -3,   0) -0.0000   (39.391,  0.000,  0.000) 39.391 
J_iso: -0.0000 
[Testing!] DMI: ( 0.0000  0.0000 -0.0000)
[Testing!]J_ani:
[[-0.  0. -0.]
 [ 0. -0.  0.]
 [-0.  0. -0.]]
----------------------------------------------------------------------------------------
   Cr1   Cr2   (  3,   3,   0) -0.0000   (-39.391,  0.000,  0.000) 39.391 
J_iso: -0.0000 
[Testing!] DMI: (-0.0000 -0.0000  0.0000)
[Testing!]J_ani:
[[-0.  0. -0.]
 [ 0. -0.  0.]
 [-0.  0. -0.]]
