==========================================================================================
Information: 
Exchange parameters generated by TB2J 0.8.2
Generation time: 24/03/08 13:59:44
 Input from non-collinear Abacus data.
data directory: OUT.CrI3

==========================================================================================
Cell (Angstrom):
-5.90858261  3.41132177  0.00000000
-5.90858261  -3.41132177  0.00000000
-0.00000000  -0.00000000  13.83830408

==========================================================================================
Atoms:  
(Note: charge and magmoms only count the wannier functions.)
Atom_number        x             y             z       w_charge    M(x)      M(y)      M(z)   
Cr1            -3.93905113    0.00000000    6.91915204    5.9702   -0.0117   -3.3642    0.0005
Cr2            -7.87811408    0.00000000    6.91915204    5.9702   -0.0117   -3.3642    0.0005
I1             -2.09120101    1.20735547    5.37074268    4.9863    0.0012    0.1189   -0.0004
I2             -7.99978361    2.20396630    8.46756140    4.9859   -0.0001    0.1192   -0.0006
I3             -5.90858261    0.99661083    5.37074268    4.9866    0.0004    0.1177    0.0004
I4             -5.90858261   -0.99661083    8.46756140    4.9866    0.0004    0.1177    0.0004
I5             -3.81738160   -2.20396630    5.37074268    4.9859   -0.0001    0.1192   -0.0006
I6             -9.72596421   -1.20735547    8.46756140    4.9863    0.0012    0.1189   -0.0004
Total                                                    41.8581   -0.0204   -6.0166   -0.0001

==========================================================================================
Exchange: 
    i      j          R        J_iso(meV)          vector          distance(A) 
----------------------------------------------------------------------------------------
   Cr1   Cr2   ( -1,   0,   0)  1.6879   ( 1.970, -3.411,  0.000)  3.939 
J_iso:  1.6879 
[Testing!] DMI: (-0.0000 -0.0000  0.0000)
[Testing!]J_ani:
[[-0.743 -0.369  0.42 ]
 [-0.369 -9.715  0.112]
 [ 0.42   0.112 -0.322]]
----------------------------------------------------------------------------------------
   Cr1   Cr2   (  0,  -1,   0)  1.6857   ( 1.970,  3.411,  0.000)  3.939 
J_iso:  1.6857 
[Testing!] DMI: ( 0.0000 -0.0000  0.0000)
[Testing!]J_ani:
[[-0.74   0.298 -0.421]
 [ 0.298 -9.716  0.113]
 [-0.421  0.113 -0.321]]
----------------------------------------------------------------------------------------
   Cr2   Cr1   (  0,   1,   0)  1.6857   (-1.970, -3.411,  0.000)  3.939 
J_iso:  1.6857 
[Testing!] DMI: (-0.0000  0.0000 -0.0000)
[Testing!]J_ani:
[[-0.74   0.298 -0.421]
 [ 0.298 -9.716  0.113]
 [-0.421  0.113 -0.321]]
----------------------------------------------------------------------------------------
   Cr2   Cr1   (  1,   0,   0)  1.6879   (-1.970,  3.411,  0.000)  3.939 
J_iso:  1.6879 
[Testing!] DMI: ( 0.0000  0.0000 -0.0000)
[Testing!]J_ani:
[[-0.743 -0.369  0.42 ]
 [-0.369 -9.715  0.112]
 [ 0.42   0.112 -0.322]]
----------------------------------------------------------------------------------------
   Cr1   Cr2   (  0,   0,   0)  1.9055   (-3.939,  0.000,  0.000)  3.939 
J_iso:  1.9055 
[Testing!] DMI: (-0.0000  0.0000 -0.0000)
[Testing!]J_ani:
[[-0.281 -0.024  0.001]
 [-0.024 -9.952 -0.216]
 [ 0.001 -0.216 -0.553]]
----------------------------------------------------------------------------------------
   Cr2   Cr1   (  0,   0,   0)  1.9055   ( 3.939,  0.000,  0.000)  3.939 
J_iso:  1.9055 
[Testing!] DMI: ( 0.0000 -0.0000  0.0000)
[Testing!]J_ani:
[[-0.281 -0.024  0.001]
 [-0.024 -9.952 -0.216]
 [ 0.001 -0.216 -0.553]]
----------------------------------------------------------------------------------------
   Cr1   Cr1   ( -1,   0,   0)  0.9773   ( 5.909, -3.411,  0.000)  6.823 
J_iso:  0.9773 
[Testing!] DMI: ( 0.0426 -0.0448  0.0137)
[Testing!]J_ani:
[[-0.076  0.016 -0.033]
 [ 0.016 -2.41  -0.051]
 [-0.033 -0.051 -0.086]]
----------------------------------------------------------------------------------------
   Cr2   Cr2   ( -1,   0,   0)  0.9773   ( 5.909, -3.411,  0.000)  6.823 
J_iso:  0.9773 
[Testing!] DMI: (-0.0426  0.0448 -0.0137)
[Testing!]J_ani:
[[-0.076  0.016 -0.033]
 [ 0.016 -2.41  -0.051]
 [-0.033 -0.051 -0.086]]
----------------------------------------------------------------------------------------
   Cr1   Cr1   (  0,  -1,   0)  0.9774   ( 5.909,  3.411,  0.000)  6.823 
J_iso:  0.9774 
[Testing!] DMI: ( 0.0426  0.0450 -0.0128)
[Testing!]J_ani:
[[-0.076 -0.033  0.032]
 [-0.033 -2.41  -0.051]
 [ 0.032 -0.051 -0.086]]
----------------------------------------------------------------------------------------
   Cr2   Cr2   (  0,  -1,   0)  0.9774   ( 5.909,  3.411,  0.000)  6.823 
J_iso:  0.9774 
[Testing!] DMI: (-0.0426 -0.0450  0.0128)
[Testing!]J_ani:
[[-0.076 -0.033  0.032]
 [-0.033 -2.41  -0.051]
 [ 0.032 -0.051 -0.086]]
----------------------------------------------------------------------------------------
   Cr1   Cr1   (  0,   1,   0)  0.9774   (-5.909, -3.411,  0.000)  6.823 
J_iso:  0.9774 
[Testing!] DMI: (-0.0426 -0.0450  0.0128)
[Testing!]J_ani:
[[-0.076 -0.033  0.032]
 [-0.033 -2.41  -0.051]
 [ 0.032 -0.051 -0.086]]
----------------------------------------------------------------------------------------
   Cr2   Cr2   (  0,   1,   0)  0.9774   (-5.909, -3.411,  0.000)  6.823 
J_iso:  0.9774 
[Testing!] DMI: ( 0.0426  0.0450 -0.0128)
[Testing!]J_ani:
[[-0.076 -0.033  0.032]
 [-0.033 -2.41  -0.051]
 [ 0.032 -0.051 -0.086]]
----------------------------------------------------------------------------------------
   Cr1   Cr1   (  1,   0,   0)  0.9773   (-5.909,  3.411,  0.000)  6.823 
J_iso:  0.9773 
[Testing!] DMI: (-0.0426  0.0448 -0.0137)
[Testing!]J_ani:
[[-0.076  0.016 -0.033]
 [ 0.016 -2.41  -0.051]
 [-0.033 -0.051 -0.086]]
----------------------------------------------------------------------------------------
   Cr2   Cr2   (  1,   0,   0)  0.9773   (-5.909,  3.411,  0.000)  6.823 
J_iso:  0.9773 
[Testing!] DMI: ( 0.0426 -0.0448  0.0137)
[Testing!]J_ani:
[[-0.076  0.016 -0.033]
 [ 0.016 -2.41  -0.051]
 [-0.033 -0.051 -0.086]]
----------------------------------------------------------------------------------------
   Cr1   Cr1   ( -1,   1,   0)  0.9880   ( 0.000, -6.823,  0.000)  6.823 
J_iso:  0.9880 
[Testing!] DMI: (-0.0002 -0.0856 -0.0159)
[Testing!]J_ani:
[[-0.031 -0.008  0.   ]
 [-0.008 -2.457  0.098]
 [ 0.     0.098 -0.103]]
----------------------------------------------------------------------------------------
   Cr2   Cr2   ( -1,   1,   0)  0.9880   ( 0.000, -6.823,  0.000)  6.823 
J_iso:  0.9880 
[Testing!] DMI: ( 0.0002  0.0856  0.0159)
[Testing!]J_ani:
[[-0.031 -0.008  0.   ]
 [-0.008 -2.457  0.098]
 [ 0.     0.098 -0.103]]
----------------------------------------------------------------------------------------
   Cr1   Cr1   (  1,  -1,   0)  0.9880   ( 0.000,  6.823,  0.000)  6.823 
J_iso:  0.9880 
[Testing!] DMI: ( 0.0002  0.0856  0.0159)
[Testing!]J_ani:
[[-0.031 -0.008  0.   ]
 [-0.008 -2.457  0.098]
 [ 0.     0.098 -0.103]]
----------------------------------------------------------------------------------------
   Cr2   Cr2   (  1,  -1,   0)  0.9880   ( 0.000,  6.823,  0.000)  6.823 
J_iso:  0.9880 
[Testing!] DMI: (-0.0002 -0.0856 -0.0159)
[Testing!]J_ani:
[[-0.031 -0.008  0.   ]
 [-0.008 -2.457  0.098]
 [ 0.     0.098 -0.103]]
----------------------------------------------------------------------------------------
   Cr1   Cr2   ( -1,  -1,   0) -0.0791   ( 7.878,  0.000,  0.000)  7.878 
J_iso: -0.0791 
[Testing!] DMI: (-0.0000 -0.0000 -0.0000)
[Testing!]J_ani:
[[-0.025 -0.001  0.   ]
 [-0.001 -0.277  0.01 ]
 [ 0.     0.01  -0.039]]
----------------------------------------------------------------------------------------
   Cr2   Cr1   (  1,   1,   0) -0.0791   (-7.878,  0.000,  0.000)  7.878 
J_iso: -0.0791 
[Testing!] DMI: ( 0.0000  0.0000  0.0000)
[Testing!]J_ani:
[[-0.025 -0.001  0.   ]
 [-0.001 -0.277  0.01 ]
 [ 0.     0.01  -0.039]]
----------------------------------------------------------------------------------------
   Cr1   Cr2   ( -1,   1,   0) -0.0875   (-3.939, -6.823,  0.000)  7.878 
J_iso: -0.0875 
[Testing!] DMI: ( 0.0000 -0.0000 -0.0000)
[Testing!]J_ani:
[[-0.029  0.005 -0.012]
 [ 0.005 -0.29  -0.005]
 [-0.012 -0.005 -0.031]]
----------------------------------------------------------------------------------------
   Cr2   Cr1   ( -1,   1,   0) -0.0875   ( 3.939, -6.823,  0.000)  7.878 
J_iso: -0.0875 
[Testing!] DMI: ( 0.0000 -0.0000  0.0000)
[Testing!]J_ani:
[[-0.029 -0.007  0.012]
 [-0.007 -0.29  -0.005]
 [ 0.012 -0.005 -0.031]]
----------------------------------------------------------------------------------------
   Cr1   Cr2   (  1,  -1,   0) -0.0875   (-3.939,  6.823,  0.000)  7.878 
J_iso: -0.0875 
[Testing!] DMI: (-0.0000  0.0000 -0.0000)
[Testing!]J_ani:
[[-0.029 -0.007  0.012]
 [-0.007 -0.29  -0.005]
 [ 0.012 -0.005 -0.031]]
----------------------------------------------------------------------------------------
   Cr2   Cr1   (  1,  -1,   0) -0.0875   ( 3.939,  6.823,  0.000)  7.878 
J_iso: -0.0875 
[Testing!] DMI: (-0.0000  0.0000  0.0000)
[Testing!]J_ani:
[[-0.029  0.005 -0.012]
 [ 0.005 -0.29  -0.005]
 [-0.012 -0.005 -0.031]]
----------------------------------------------------------------------------------------
   Cr1   Cr2   ( -2,   0,   0)  0.0242   ( 7.878, -6.823,  0.000) 10.422 
J_iso:  0.0242 
[Testing!] DMI: ( 0.0000 -0.0000  0.0000)
[Testing!]J_ani:
[[-0.008  0.009 -0.002]
 [ 0.009 -0.116  0.003]
 [-0.002  0.003 -0.007]]
----------------------------------------------------------------------------------------
   Cr1   Cr2   (  0,  -2,   0)  0.0242   ( 7.878,  6.823,  0.000) 10.422 
J_iso:  0.0242 
[Testing!] DMI: ( 0.0000 -0.0000  0.0000)
[Testing!]J_ani:
[[-0.008 -0.01   0.002]
 [-0.01  -0.116  0.003]
 [ 0.002  0.003 -0.007]]
----------------------------------------------------------------------------------------
   Cr2   Cr1   (  0,   2,   0)  0.0242   (-7.878, -6.823,  0.000) 10.422 
J_iso:  0.0242 
[Testing!] DMI: (-0.0000  0.0000 -0.0000)
[Testing!]J_ani:
[[-0.008 -0.01   0.002]
 [-0.01  -0.116  0.003]
 [ 0.002  0.003 -0.007]]
----------------------------------------------------------------------------------------
   Cr2   Cr1   (  2,   0,   0)  0.0242   (-7.878,  6.823,  0.000) 10.422 
J_iso:  0.0242 
[Testing!] DMI: (-0.0000  0.0000 -0.0000)
[Testing!]J_ani:
[[-0.008  0.009 -0.002]
 [ 0.009 -0.116  0.003]
 [-0.002  0.003 -0.007]]
----------------------------------------------------------------------------------------
   Cr1   Cr2   ( -2,   1,   0)  0.0194   ( 1.970, -10.234,  0.000) 10.422 
J_iso:  0.0194 
[Testing!] DMI: ( 0.0000  0.0000  0.0000)
[Testing!]J_ani:
[[-0.007 -0.012 -0.   ]
 [-0.012 -0.123  0.002]
 [-0.     0.002 -0.004]]
----------------------------------------------------------------------------------------
   Cr2   Cr1   ( -1,   2,   0)  0.0195   (-1.970, -10.234,  0.000) 10.422 
J_iso:  0.0195 
[Testing!] DMI: ( 0.0000  0.0000 -0.0000)
[Testing!]J_ani:
[[-0.007  0.011  0.   ]
 [ 0.011 -0.123  0.002]
 [ 0.     0.002 -0.004]]
----------------------------------------------------------------------------------------
   Cr1   Cr2   (  1,  -2,   0)  0.0195   ( 1.970, 10.234,  0.000) 10.422 
J_iso:  0.0195 
[Testing!] DMI: (-0.0000 -0.0000  0.0000)
[Testing!]J_ani:
[[-0.007  0.011  0.   ]
 [ 0.011 -0.123  0.002]
 [ 0.     0.002 -0.004]]
----------------------------------------------------------------------------------------
   Cr2   Cr1   (  2,  -1,   0)  0.0194   (-1.970, 10.234,  0.000) 10.422 
J_iso:  0.0194 
[Testing!] DMI: (-0.0000 -0.0000 -0.0000)
[Testing!]J_ani:
[[-0.007 -0.012 -0.   ]
 [-0.012 -0.123  0.002]
 [-0.     0.002 -0.004]]
----------------------------------------------------------------------------------------
   Cr2   Cr1   ( -1,   0,   0)  0.0226   ( 9.848, -3.411,  0.000) 10.422 
J_iso:  0.0226 
[Testing!] DMI: (-0.0000  0.0000  0.0000)
[Testing!]J_ani:
[[-0.005 -0.008 -0.001]
 [-0.008 -0.122 -0.005]
 [-0.001 -0.005 -0.007]]
----------------------------------------------------------------------------------------
   Cr2   Cr1   (  0,  -1,   0)  0.0225   ( 9.848,  3.411,  0.000) 10.422 
J_iso:  0.0225 
[Testing!] DMI: (-0.0000 -0.0000  0.0000)
[Testing!]J_ani:
[[-0.005  0.008  0.001]
 [ 0.008 -0.122 -0.005]
 [ 0.001 -0.005 -0.007]]
----------------------------------------------------------------------------------------
   Cr1   Cr2   (  0,   1,   0)  0.0225   (-9.848, -3.411,  0.000) 10.422 
J_iso:  0.0225 
[Testing!] DMI: ( 0.0000  0.0000 -0.0000)
[Testing!]J_ani:
[[-0.005  0.008  0.001]
 [ 0.008 -0.122 -0.005]
 [ 0.001 -0.005 -0.007]]
----------------------------------------------------------------------------------------
   Cr1   Cr2   (  1,   0,   0)  0.0226   (-9.848,  3.411,  0.000) 10.422 
J_iso:  0.0226 
[Testing!] DMI: ( 0.0000 -0.0000 -0.0000)
[Testing!]J_ani:
[[-0.005 -0.008 -0.001]
 [-0.008 -0.122 -0.005]
 [-0.001 -0.005 -0.007]]
----------------------------------------------------------------------------------------
   Cr1   Cr1   ( -1,  -1,   0) -0.0088   (11.817,  0.000,  0.000) 11.817 
J_iso: -0.0088 
[Testing!] DMI: (-0.0079  0.0000 -0.0000)
[Testing!]J_ani:
[[-0.003 -0.    -0.   ]
 [-0.    -0.066 -0.003]
 [-0.    -0.003 -0.003]]
----------------------------------------------------------------------------------------
   Cr2   Cr2   ( -1,  -1,   0) -0.0088   (11.817,  0.000,  0.000) 11.817 
J_iso: -0.0088 
[Testing!] DMI: ( 0.0079 -0.0000  0.0000)
[Testing!]J_ani:
[[-0.003 -0.    -0.   ]
 [-0.    -0.066 -0.003]
 [-0.    -0.003 -0.003]]
----------------------------------------------------------------------------------------
   Cr1   Cr1   (  1,   1,   0) -0.0088   (-11.817,  0.000,  0.000) 11.817 
J_iso: -0.0088 
[Testing!] DMI: ( 0.0079 -0.0000  0.0000)
[Testing!]J_ani:
[[-0.003 -0.    -0.   ]
 [-0.    -0.066 -0.003]
 [-0.    -0.003 -0.003]]
----------------------------------------------------------------------------------------
   Cr2   Cr2   (  1,   1,   0) -0.0088   (-11.817,  0.000,  0.000) 11.817 
J_iso: -0.0088 
[Testing!] DMI: (-0.0079  0.0000 -0.0000)
[Testing!]J_ani:
[[-0.003 -0.    -0.   ]
 [-0.    -0.066 -0.003]
 [-0.    -0.003 -0.003]]
----------------------------------------------------------------------------------------
   Cr1   Cr1   ( -2,   1,   0) -0.0096   ( 5.909, -10.234,  0.000) 11.817 
J_iso: -0.0096 
[Testing!] DMI: (-0.0038  0.0052 -0.0001)
[Testing!]J_ani:
[[-0.003  0.    -0.001]
 [ 0.    -0.068  0.002]
 [-0.001  0.002 -0.003]]
----------------------------------------------------------------------------------------
   Cr2   Cr2   ( -2,   1,   0) -0.0096   ( 5.909, -10.234,  0.000) 11.817 
J_iso: -0.0096 
[Testing!] DMI: ( 0.0038 -0.0052  0.0001)
[Testing!]J_ani:
[[-0.003  0.    -0.001]
 [ 0.    -0.068  0.002]
 [-0.001  0.002 -0.003]]
----------------------------------------------------------------------------------------
   Cr1   Cr1   (  1,  -2,   0) -0.0096   ( 5.909, 10.234,  0.000) 11.817 
J_iso: -0.0096 
[Testing!] DMI: (-0.0037 -0.0052  0.0001)
[Testing!]J_ani:
[[-0.003 -0.     0.001]
 [-0.    -0.068  0.002]
 [ 0.001  0.002 -0.003]]
----------------------------------------------------------------------------------------
   Cr2   Cr2   (  1,  -2,   0) -0.0096   ( 5.909, 10.234,  0.000) 11.817 
J_iso: -0.0096 
[Testing!] DMI: ( 0.0037  0.0052 -0.0001)
[Testing!]J_ani:
[[-0.003 -0.     0.001]
 [-0.    -0.068  0.002]
 [ 0.001  0.002 -0.003]]
----------------------------------------------------------------------------------------
   Cr1   Cr1   ( -1,   2,   0) -0.0096   (-5.909, -10.234,  0.000) 11.817 
J_iso: -0.0096 
[Testing!] DMI: ( 0.0037  0.0052 -0.0001)
[Testing!]J_ani:
[[-0.003 -0.     0.001]
 [-0.    -0.068  0.002]
 [ 0.001  0.002 -0.003]]
----------------------------------------------------------------------------------------
   Cr2   Cr2   ( -1,   2,   0) -0.0096   (-5.909, -10.234,  0.000) 11.817 
J_iso: -0.0096 
[Testing!] DMI: (-0.0037 -0.0052  0.0001)
[Testing!]J_ani:
[[-0.003 -0.     0.001]
 [-0.    -0.068  0.002]
 [ 0.001  0.002 -0.003]]
----------------------------------------------------------------------------------------
   Cr1   Cr1   (  2,  -1,   0) -0.0096   (-5.909, 10.234,  0.000) 11.817 
J_iso: -0.0096 
[Testing!] DMI: ( 0.0038 -0.0052  0.0001)
[Testing!]J_ani:
[[-0.003  0.    -0.001]
 [ 0.    -0.068  0.002]
 [-0.001  0.002 -0.003]]
----------------------------------------------------------------------------------------
   Cr2   Cr2   (  2,  -1,   0) -0.0096   (-5.909, 10.234,  0.000) 11.817 
J_iso: -0.0096 
[Testing!] DMI: (-0.0038  0.0052 -0.0001)
[Testing!]J_ani:
[[-0.003  0.    -0.001]
 [ 0.    -0.068  0.002]
 [-0.001  0.002 -0.003]]
----------------------------------------------------------------------------------------
   Cr1   Cr1   ( -2,   0,   0) -0.0060   (11.817, -6.823,  0.000) 13.645 
J_iso: -0.0060 
[Testing!] DMI: (-0.0007 -0.0008  0.0018)
[Testing!]J_ani:
[[-0.001  0.     0.   ]
 [ 0.    -0.004  0.   ]
 [ 0.     0.    -0.001]]
----------------------------------------------------------------------------------------
   Cr2   Cr2   ( -2,   0,   0) -0.0060   (11.817, -6.823,  0.000) 13.645 
J_iso: -0.0060 
[Testing!] DMI: ( 0.0007  0.0008 -0.0018)
[Testing!]J_ani:
[[-0.001  0.     0.   ]
 [ 0.    -0.004  0.   ]
 [ 0.     0.    -0.001]]
----------------------------------------------------------------------------------------
   Cr1   Cr1   (  0,  -2,   0) -0.0060   (11.817,  6.823,  0.000) 13.645 
J_iso: -0.0060 
[Testing!] DMI: (-0.0007  0.0008 -0.0018)
[Testing!]J_ani:
[[-0.001 -0.     0.   ]
 [-0.    -0.004  0.   ]
 [ 0.     0.    -0.001]]
----------------------------------------------------------------------------------------
   Cr2   Cr2   (  0,  -2,   0) -0.0060   (11.817,  6.823,  0.000) 13.645 
J_iso: -0.0060 
[Testing!] DMI: ( 0.0007 -0.0008  0.0018)
[Testing!]J_ani:
[[-0.001 -0.     0.   ]
 [-0.    -0.004  0.   ]
 [ 0.     0.    -0.001]]
----------------------------------------------------------------------------------------
   Cr1   Cr1   (  0,   2,   0) -0.0060   (-11.817, -6.823,  0.000) 13.645 
J_iso: -0.0060 
[Testing!] DMI: ( 0.0007 -0.0008  0.0018)
[Testing!]J_ani:
[[-0.001 -0.     0.   ]
 [-0.    -0.004  0.   ]
 [ 0.     0.    -0.001]]
----------------------------------------------------------------------------------------
   Cr2   Cr2   (  0,   2,   0) -0.0060   (-11.817, -6.823,  0.000) 13.645 
J_iso: -0.0060 
[Testing!] DMI: (-0.0007  0.0008 -0.0018)
[Testing!]J_ani:
[[-0.001 -0.     0.   ]
 [-0.    -0.004  0.   ]
 [ 0.     0.    -0.001]]
----------------------------------------------------------------------------------------
   Cr1   Cr1   (  2,   0,   0) -0.0060   (-11.817,  6.823,  0.000) 13.645 
J_iso: -0.0060 
[Testing!] DMI: ( 0.0007  0.0008 -0.0018)
[Testing!]J_ani:
[[-0.001  0.     0.   ]
 [ 0.    -0.004  0.   ]
 [ 0.     0.    -0.001]]
----------------------------------------------------------------------------------------
   Cr2   Cr2   (  2,   0,   0) -0.0060   (-11.817,  6.823,  0.000) 13.645 
J_iso: -0.0060 
[Testing!] DMI: (-0.0007 -0.0008  0.0018)
[Testing!]J_ani:
[[-0.001  0.     0.   ]
 [ 0.    -0.004  0.   ]
 [ 0.     0.    -0.001]]
----------------------------------------------------------------------------------------
   Cr1   Cr1   ( -2,   2,   0) -0.0059   ( 0.000, -13.645,  0.000) 13.645 
J_iso: -0.0059 
[Testing!] DMI: (-0.0000 -0.0017 -0.0019)
[Testing!]J_ani:
[[-0.001 -0.    -0.   ]
 [-0.    -0.005 -0.001]
 [-0.    -0.001 -0.001]]
----------------------------------------------------------------------------------------
   Cr2   Cr2   ( -2,   2,   0) -0.0059   ( 0.000, -13.645,  0.000) 13.645 
J_iso: -0.0059 
[Testing!] DMI: ( 0.0000  0.0017  0.0019)
[Testing!]J_ani:
[[-0.001 -0.    -0.   ]
 [-0.    -0.005 -0.001]
 [-0.    -0.001 -0.001]]
----------------------------------------------------------------------------------------
   Cr1   Cr1   (  2,  -2,   0) -0.0059   ( 0.000, 13.645,  0.000) 13.645 
J_iso: -0.0059 
[Testing!] DMI: ( 0.0000  0.0017  0.0019)
[Testing!]J_ani:
[[-0.001 -0.    -0.   ]
 [-0.    -0.005 -0.001]
 [-0.    -0.001 -0.001]]
----------------------------------------------------------------------------------------
   Cr2   Cr2   (  2,  -2,   0) -0.0059   ( 0.000, 13.645,  0.000) 13.645 
J_iso: -0.0059 
[Testing!] DMI: (-0.0000 -0.0017 -0.0019)
[Testing!]J_ani:
[[-0.001 -0.    -0.   ]
 [-0.    -0.005 -0.001]
 [-0.    -0.001 -0.001]]
----------------------------------------------------------------------------------------
   Cr1   Cr2   ( -2,  -1,   0)  0.0002   (13.787, -3.411,  0.000) 14.202 
J_iso:  0.0002 
[Testing!] DMI: ( 0.0000 -0.0000 -0.0000)
[Testing!]J_ani:
[[-0.001 -0.    -0.   ]
 [-0.    -0.006  0.   ]
 [-0.     0.    -0.   ]]
----------------------------------------------------------------------------------------
   Cr1   Cr2   ( -1,  -2,   0)  0.0002   (13.787,  3.411,  0.000) 14.202 
J_iso:  0.0002 
[Testing!] DMI: ( 0.0000  0.0000 -0.0000)
[Testing!]J_ani:
[[-0.001  0.     0.   ]
 [ 0.    -0.006  0.   ]
 [ 0.     0.    -0.   ]]
----------------------------------------------------------------------------------------
   Cr2   Cr1   (  1,   2,   0)  0.0002   (-13.787, -3.411,  0.000) 14.202 
J_iso:  0.0002 
[Testing!] DMI: (-0.0000 -0.0000  0.0000)
[Testing!]J_ani:
[[-0.001  0.     0.   ]
 [ 0.    -0.006  0.   ]
 [ 0.     0.    -0.   ]]
----------------------------------------------------------------------------------------
   Cr2   Cr1   (  2,   1,   0)  0.0002   (-13.787,  3.411,  0.000) 14.202 
J_iso:  0.0002 
[Testing!] DMI: (-0.0000  0.0000  0.0000)
[Testing!]J_ani:
[[-0.001 -0.    -0.   ]
 [-0.    -0.006  0.   ]
 [-0.     0.    -0.   ]]
----------------------------------------------------------------------------------------
   Cr1   Cr2   ( -2,   2,   0)  0.0004   (-3.939, -13.645,  0.000) 14.202 
J_iso:  0.0004 
[Testing!] DMI: ( 0.0000 -0.0000  0.0000)
[Testing!]J_ani:
[[-0.001  0.    -0.001]
 [ 0.    -0.006  0.   ]
 [-0.001  0.    -0.001]]
----------------------------------------------------------------------------------------
   Cr2   Cr1   ( -2,   2,   0)  0.0004   ( 3.939, -13.645,  0.000) 14.202 
J_iso:  0.0004 
[Testing!] DMI: ( 0.0000 -0.0000  0.0000)
[Testing!]J_ani:
[[-0.001 -0.     0.001]
 [-0.    -0.006  0.   ]
 [ 0.001  0.    -0.001]]
----------------------------------------------------------------------------------------
   Cr1   Cr2   (  2,  -2,   0)  0.0004   (-3.939, 13.645,  0.000) 14.202 
J_iso:  0.0004 
[Testing!] DMI: (-0.0000  0.0000 -0.0000)
[Testing!]J_ani:
[[-0.001 -0.     0.001]
 [-0.    -0.006  0.   ]
 [ 0.001  0.    -0.001]]
----------------------------------------------------------------------------------------
   Cr2   Cr1   (  2,  -2,   0)  0.0004   ( 3.939, 13.645,  0.000) 14.202 
J_iso:  0.0004 
[Testing!] DMI: (-0.0000  0.0000 -0.0000)
[Testing!]J_ani:
[[-0.001  0.    -0.001]
 [ 0.    -0.006  0.   ]
 [-0.001  0.    -0.001]]
----------------------------------------------------------------------------------------
   Cr2   Cr1   ( -2,   1,   0)  0.0002   ( 9.848, -10.234,  0.000) 14.202 
J_iso:  0.0002 
[Testing!] DMI: ( 0.0000  0.0000  0.0000)
[Testing!]J_ani:
[[-0.001  0.     0.   ]
 [ 0.    -0.006 -0.   ]
 [ 0.    -0.    -0.   ]]
----------------------------------------------------------------------------------------
   Cr2   Cr1   (  1,  -2,   0)  0.0002   ( 9.848, 10.234,  0.000) 14.202 
J_iso:  0.0002 
[Testing!] DMI: (-0.0000  0.0000 -0.0000)
[Testing!]J_ani:
[[-0.001 -0.    -0.   ]
 [-0.    -0.006 -0.   ]
 [-0.    -0.    -0.   ]]
----------------------------------------------------------------------------------------
   Cr1   Cr2   ( -1,   2,   0)  0.0002   (-9.848, -10.234,  0.000) 14.202 
J_iso:  0.0002 
[Testing!] DMI: ( 0.0000 -0.0000  0.0000)
[Testing!]J_ani:
[[-0.001 -0.    -0.   ]
 [-0.    -0.006 -0.   ]
 [-0.    -0.    -0.   ]]
----------------------------------------------------------------------------------------
   Cr1   Cr2   (  2,  -1,   0)  0.0002   (-9.848, 10.234,  0.000) 14.202 
J_iso:  0.0002 
[Testing!] DMI: (-0.0000 -0.0000 -0.0000)
[Testing!]J_ani:
[[-0.001  0.     0.   ]
 [ 0.    -0.006 -0.   ]
 [ 0.    -0.    -0.   ]]
----------------------------------------------------------------------------------------
   Cr1   Cr2   ( -3,   1,   0) -0.0065   ( 7.878, -13.645,  0.000) 15.756 
J_iso: -0.0065 
[Testing!] DMI: (-0.0000 -0.0000 -0.0000)
[Testing!]J_ani:
[[-0.001 -0.    -0.   ]
 [-0.    -0.01   0.   ]
 [-0.     0.    -0.001]]
----------------------------------------------------------------------------------------
   Cr2   Cr1   ( -1,   3,   0) -0.0065   (-7.878, -13.645,  0.000) 15.756 
J_iso: -0.0065 
[Testing!] DMI: ( 0.0000  0.0000 -0.0000)
[Testing!]J_ani:
[[-0.001  0.     0.   ]
 [ 0.    -0.01   0.   ]
 [ 0.     0.    -0.001]]
----------------------------------------------------------------------------------------
   Cr1   Cr2   (  1,  -3,   0) -0.0065   ( 7.878, 13.645,  0.000) 15.756 
J_iso: -0.0065 
[Testing!] DMI: (-0.0000 -0.0000  0.0000)
[Testing!]J_ani:
[[-0.001  0.     0.   ]
 [ 0.    -0.01   0.   ]
 [ 0.     0.    -0.001]]
----------------------------------------------------------------------------------------
   Cr2   Cr1   (  3,  -1,   0) -0.0065   (-7.878, 13.645,  0.000) 15.756 
J_iso: -0.0065 
[Testing!] DMI: ( 0.0000  0.0000  0.0000)
[Testing!]J_ani:
[[-0.001 -0.    -0.   ]
 [-0.    -0.01   0.   ]
 [-0.     0.    -0.001]]
----------------------------------------------------------------------------------------
   Cr2   Cr1   ( -1,  -1,   0) -0.0061   (15.756,  0.000,  0.000) 15.756 
J_iso: -0.0061 
[Testing!] DMI: ( 0.0000  0.0000  0.0000)
[Testing!]J_ani:
[[-0.001 -0.    -0.   ]
 [-0.    -0.011 -0.001]
 [-0.    -0.001 -0.001]]
----------------------------------------------------------------------------------------
   Cr1   Cr2   (  1,   1,   0) -0.0061   (-15.756,  0.000,  0.000) 15.756 
J_iso: -0.0061 
[Testing!] DMI: (-0.0000 -0.0000 -0.0000)
[Testing!]J_ani:
[[-0.001 -0.    -0.   ]
 [-0.    -0.011 -0.001]
 [-0.    -0.001 -0.001]]
----------------------------------------------------------------------------------------
   Cr1   Cr2   ( -3,   0,   0) -0.0004   (13.787, -10.234,  0.000) 17.170 
J_iso: -0.0004 
[Testing!] DMI: (-0.0000 -0.0000 -0.0000)
[Testing!]J_ani:
[[-0.     0.    -0.   ]
 [ 0.    -0.001  0.   ]
 [-0.     0.    -0.   ]]
----------------------------------------------------------------------------------------
   Cr1   Cr2   (  0,  -3,   0) -0.0004   (13.787, 10.234,  0.000) 17.170 
J_iso: -0.0004 
[Testing!] DMI: (-0.0000 -0.0000  0.0000)
[Testing!]J_ani:
[[-0.    -0.     0.   ]
 [-0.    -0.001  0.   ]
 [ 0.     0.    -0.   ]]
----------------------------------------------------------------------------------------
   Cr2   Cr1   (  0,   3,   0) -0.0004   (-13.787, -10.234,  0.000) 17.170 
J_iso: -0.0004 
[Testing!] DMI: ( 0.0000  0.0000 -0.0000)
[Testing!]J_ani:
[[-0.    -0.     0.   ]
 [-0.    -0.001  0.   ]
 [ 0.     0.    -0.   ]]
----------------------------------------------------------------------------------------
   Cr2   Cr1   (  3,   0,   0) -0.0004   (-13.787, 10.234,  0.000) 17.170 
J_iso: -0.0004 
[Testing!] DMI: ( 0.0000  0.0000  0.0000)
[Testing!]J_ani:
[[-0.     0.    -0.   ]
 [ 0.    -0.001  0.   ]
 [-0.     0.    -0.   ]]
----------------------------------------------------------------------------------------
   Cr2   Cr1   ( -2,   3,   0) -0.0004   (-1.970, -17.057,  0.000) 17.170 
J_iso: -0.0004 
[Testing!] DMI: ( 0.0000 -0.0000  0.0000)
[Testing!]J_ani:
[[-0.     0.     0.   ]
 [ 0.    -0.001  0.   ]
 [ 0.     0.    -0.   ]]
----------------------------------------------------------------------------------------
   Cr2   Cr1   (  3,  -2,   0) -0.0004   (-1.970, 17.057,  0.000) 17.170 
J_iso: -0.0004 
[Testing!] DMI: ( 0.0000  0.0000  0.0000)
[Testing!]J_ani:
[[-0.    -0.    -0.   ]
 [-0.    -0.001  0.   ]
 [-0.     0.    -0.   ]]
----------------------------------------------------------------------------------------
   Cr1   Cr2   ( -3,   2,   0) -0.0004   ( 1.970, -17.057,  0.000) 17.170 
J_iso: -0.0004 
[Testing!] DMI: (-0.0000 -0.0000 -0.0000)
[Testing!]J_ani:
[[-0.    -0.    -0.   ]
 [-0.    -0.001  0.   ]
 [-0.     0.    -0.   ]]
----------------------------------------------------------------------------------------
   Cr1   Cr2   (  2,  -3,   0) -0.0004   ( 1.970, 17.057,  0.000) 17.170 
J_iso: -0.0004 
[Testing!] DMI: (-0.0000  0.0000 -0.0000)
[Testing!]J_ani:
[[-0.     0.     0.   ]
 [ 0.    -0.001  0.   ]
 [ 0.     0.    -0.   ]]
----------------------------------------------------------------------------------------
   Cr2   Cr1   ( -2,   0,   0) -0.0004   (15.756, -6.823,  0.000) 17.170 
J_iso: -0.0004 
[Testing!] DMI: ( 0.0000 -0.0000  0.0000)
[Testing!]J_ani:
[[-0.    -0.     0.   ]
 [-0.    -0.001 -0.   ]
 [ 0.    -0.    -0.   ]]
----------------------------------------------------------------------------------------
   Cr2   Cr1   (  0,  -2,   0) -0.0004   (15.756,  6.823,  0.000) 17.170 
J_iso: -0.0004 
[Testing!] DMI: ( 0.0000  0.0000  0.0000)
[Testing!]J_ani:
[[-0.     0.    -0.   ]
 [ 0.    -0.001 -0.   ]
 [-0.    -0.    -0.   ]]
----------------------------------------------------------------------------------------
   Cr1   Cr2   (  0,   2,   0) -0.0004   (-15.756, -6.823,  0.000) 17.170 
J_iso: -0.0004 
[Testing!] DMI: (-0.0000 -0.0000 -0.0000)
[Testing!]J_ani:
[[-0.     0.    -0.   ]
 [ 0.    -0.001 -0.   ]
 [-0.    -0.    -0.   ]]
----------------------------------------------------------------------------------------
   Cr1   Cr2   (  2,   0,   0) -0.0004   (-15.756,  6.823,  0.000) 17.170 
J_iso: -0.0004 
[Testing!] DMI: (-0.0000  0.0000 -0.0000)
[Testing!]J_ani:
[[-0.    -0.     0.   ]
 [-0.    -0.001 -0.   ]
 [ 0.    -0.    -0.   ]]
----------------------------------------------------------------------------------------
   Cr1   Cr1   ( -2,  -1,   0)  0.0005   (17.726, -3.411,  0.000) 18.051 
J_iso:  0.0005 
[Testing!] DMI: (-0.0001 -0.0000  0.0001)
[Testing!]J_ani:
[[-0.    -0.     0.   ]
 [-0.    -0.002 -0.   ]
 [ 0.    -0.    -0.   ]]
----------------------------------------------------------------------------------------
   Cr2   Cr2   ( -2,  -1,   0)  0.0005   (17.726, -3.411,  0.000) 18.051 
J_iso:  0.0005 
[Testing!] DMI: ( 0.0001  0.0000 -0.0001)
[Testing!]J_ani:
[[-0.    -0.     0.   ]
 [-0.    -0.002 -0.   ]
 [ 0.    -0.    -0.   ]]
----------------------------------------------------------------------------------------
   Cr1   Cr1   ( -1,  -2,   0)  0.0005   (17.726,  3.411,  0.000) 18.051 
J_iso:  0.0005 
[Testing!] DMI: (-0.0001  0.0000 -0.0001)
[Testing!]J_ani:
[[-0.     0.    -0.   ]
 [ 0.    -0.002 -0.   ]
 [-0.    -0.    -0.   ]]
----------------------------------------------------------------------------------------
   Cr2   Cr2   ( -1,  -2,   0)  0.0005   (17.726,  3.411,  0.000) 18.051 
J_iso:  0.0005 
[Testing!] DMI: ( 0.0001 -0.0000  0.0001)
[Testing!]J_ani:
[[-0.     0.    -0.   ]
 [ 0.    -0.002 -0.   ]
 [-0.    -0.    -0.   ]]
----------------------------------------------------------------------------------------
   Cr1   Cr1   (  1,   2,   0)  0.0005   (-17.726, -3.411,  0.000) 18.051 
J_iso:  0.0005 
[Testing!] DMI: ( 0.0001 -0.0000  0.0001)
[Testing!]J_ani:
[[-0.     0.    -0.   ]
 [ 0.    -0.002 -0.   ]
 [-0.    -0.    -0.   ]]
----------------------------------------------------------------------------------------
   Cr2   Cr2   (  1,   2,   0)  0.0005   (-17.726, -3.411,  0.000) 18.051 
J_iso:  0.0005 
[Testing!] DMI: (-0.0001  0.0000 -0.0001)
[Testing!]J_ani:
[[-0.     0.    -0.   ]
 [ 0.    -0.002 -0.   ]
 [-0.    -0.    -0.   ]]
----------------------------------------------------------------------------------------
   Cr1   Cr1   (  2,   1,   0)  0.0005   (-17.726,  3.411,  0.000) 18.051 
J_iso:  0.0005 
[Testing!] DMI: ( 0.0001  0.0000 -0.0001)
[Testing!]J_ani:
[[-0.    -0.     0.   ]
 [-0.    -0.002 -0.   ]
 [ 0.    -0.    -0.   ]]
----------------------------------------------------------------------------------------
   Cr2   Cr2   (  2,   1,   0)  0.0005   (-17.726,  3.411,  0.000) 18.051 
J_iso:  0.0005 
[Testing!] DMI: (-0.0001 -0.0000  0.0001)
[Testing!]J_ani:
[[-0.    -0.     0.   ]
 [-0.    -0.002 -0.   ]
 [ 0.    -0.    -0.   ]]
----------------------------------------------------------------------------------------
   Cr2   Cr2   ( -1,   3,   0)  0.0005   (-11.817, -13.645,  0.000) 18.051 
J_iso:  0.0005 
[Testing!] DMI: (-0.0000  0.0000 -0.0001)
[Testing!]J_ani:
[[-0.    -0.    -0.   ]
 [-0.    -0.002 -0.   ]
 [-0.    -0.    -0.   ]]
----------------------------------------------------------------------------------------
   Cr2   Cr2   (  3,  -1,   0)  0.0005   (-11.817, 13.645,  0.000) 18.051 
J_iso:  0.0005 
[Testing!] DMI: (-0.0000 -0.0000  0.0001)
[Testing!]J_ani:
[[-0.     0.     0.   ]
 [ 0.    -0.002 -0.   ]
 [ 0.    -0.    -0.   ]]
----------------------------------------------------------------------------------------
   Cr1   Cr1   ( -3,   1,   0)  0.0005   (11.817, -13.645,  0.000) 18.051 
J_iso:  0.0005 
[Testing!] DMI: (-0.0000 -0.0000  0.0001)
[Testing!]J_ani:
[[-0.     0.     0.   ]
 [ 0.    -0.002 -0.   ]
 [ 0.    -0.    -0.   ]]
----------------------------------------------------------------------------------------
   Cr2   Cr2   ( -3,   1,   0)  0.0005   (11.817, -13.645,  0.000) 18.051 
J_iso:  0.0005 
[Testing!] DMI: ( 0.0000  0.0000 -0.0001)
[Testing!]J_ani:
[[-0.     0.     0.   ]
 [ 0.    -0.002 -0.   ]
 [ 0.    -0.    -0.   ]]
----------------------------------------------------------------------------------------
   Cr1   Cr1   ( -1,   3,   0)  0.0005   (-11.817, -13.645,  0.000) 18.051 
J_iso:  0.0005 
[Testing!] DMI: ( 0.0000 -0.0000  0.0001)
[Testing!]J_ani:
[[-0.    -0.    -0.   ]
 [-0.    -0.002 -0.   ]
 [-0.    -0.    -0.   ]]
----------------------------------------------------------------------------------------
   Cr1   Cr1   (  1,  -3,   0)  0.0005   (11.817, 13.645,  0.000) 18.051 
J_iso:  0.0005 
[Testing!] DMI: (-0.0000  0.0000 -0.0001)
[Testing!]J_ani:
[[-0.    -0.    -0.   ]
 [-0.    -0.002 -0.   ]
 [-0.    -0.    -0.   ]]
----------------------------------------------------------------------------------------
   Cr2   Cr2   (  1,  -3,   0)  0.0005   (11.817, 13.645,  0.000) 18.051 
J_iso:  0.0005 
[Testing!] DMI: ( 0.0000 -0.0000  0.0001)
[Testing!]J_ani:
[[-0.    -0.    -0.   ]
 [-0.    -0.002 -0.   ]
 [-0.    -0.    -0.   ]]
----------------------------------------------------------------------------------------
   Cr1   Cr1   (  3,  -1,   0)  0.0005   (-11.817, 13.645,  0.000) 18.051 
J_iso:  0.0005 
[Testing!] DMI: ( 0.0000  0.0000 -0.0001)
[Testing!]J_ani:
[[-0.     0.     0.   ]
 [ 0.    -0.002 -0.   ]
 [ 0.    -0.    -0.   ]]
----------------------------------------------------------------------------------------
   Cr1   Cr1   ( -3,   2,   0)  0.0005   ( 5.909, -17.057,  0.000) 18.051 
J_iso:  0.0005 
[Testing!] DMI: (-0.0000 -0.0000 -0.0001)
[Testing!]J_ani:
[[-0.    -0.     0.   ]
 [-0.    -0.002  0.   ]
 [ 0.     0.    -0.   ]]
----------------------------------------------------------------------------------------
   Cr2   Cr2   ( -3,   2,   0)  0.0005   ( 5.909, -17.057,  0.000) 18.051 
J_iso:  0.0005 
[Testing!] DMI: ( 0.0000  0.0000  0.0001)
[Testing!]J_ani:
[[-0.    -0.     0.   ]
 [-0.    -0.002  0.   ]
 [ 0.     0.    -0.   ]]
----------------------------------------------------------------------------------------
   Cr1   Cr1   ( -2,   3,   0)  0.0005   (-5.909, -17.057,  0.000) 18.051 
J_iso:  0.0005 
[Testing!] DMI: ( 0.0000 -0.0000 -0.0001)
[Testing!]J_ani:
[[-0.     0.    -0.   ]
 [ 0.    -0.002  0.   ]
 [-0.     0.    -0.   ]]
----------------------------------------------------------------------------------------
   Cr2   Cr2   ( -2,   3,   0)  0.0005   (-5.909, -17.057,  0.000) 18.051 
J_iso:  0.0005 
[Testing!] DMI: (-0.0000  0.0000  0.0001)
[Testing!]J_ani:
[[-0.     0.    -0.   ]
 [ 0.    -0.002  0.   ]
 [-0.     0.    -0.   ]]
----------------------------------------------------------------------------------------
   Cr1   Cr1   (  2,  -3,   0)  0.0005   ( 5.909, 17.057,  0.000) 18.051 
J_iso:  0.0005 
[Testing!] DMI: (-0.0000  0.0000  0.0001)
[Testing!]J_ani:
[[-0.     0.    -0.   ]
 [ 0.    -0.002  0.   ]
 [-0.     0.    -0.   ]]
----------------------------------------------------------------------------------------
   Cr2   Cr2   (  2,  -3,   0)  0.0005   ( 5.909, 17.057,  0.000) 18.051 
J_iso:  0.0005 
[Testing!] DMI: ( 0.0000 -0.0000 -0.0001)
[Testing!]J_ani:
[[-0.     0.    -0.   ]
 [ 0.    -0.002  0.   ]
 [-0.     0.    -0.   ]]
----------------------------------------------------------------------------------------
   Cr1   Cr1   (  3,  -2,   0)  0.0005   (-5.909, 17.057,  0.000) 18.051 
J_iso:  0.0005 
[Testing!] DMI: ( 0.0000  0.0000  0.0001)
[Testing!]J_ani:
[[-0.    -0.     0.   ]
 [-0.    -0.002  0.   ]
 [ 0.     0.    -0.   ]]
----------------------------------------------------------------------------------------
   Cr2   Cr2   (  3,  -2,   0)  0.0005   (-5.909, 17.057,  0.000) 18.051 
J_iso:  0.0005 
[Testing!] DMI: (-0.0000 -0.0000 -0.0001)
[Testing!]J_ani:
[[-0.    -0.     0.   ]
 [-0.    -0.002  0.   ]
 [ 0.     0.    -0.   ]]
----------------------------------------------------------------------------------------
   Cr2   Cr1   (  2,   2,   0)  0.0002   (-19.695,  0.000,  0.000) 19.695 
J_iso:  0.0002 
[Testing!] DMI: (-0.0000 -0.0000 -0.0000)
[Testing!]J_ani:
[[-0.    -0.    -0.   ]
 [-0.    -0.001 -0.   ]
 [-0.    -0.    -0.   ]]
----------------------------------------------------------------------------------------
   Cr1   Cr2   ( -2,  -2,   0)  0.0002   (19.695,  0.000,  0.000) 19.695 
J_iso:  0.0002 
[Testing!] DMI: ( 0.0000  0.0000  0.0000)
[Testing!]J_ani:
[[-0.    -0.    -0.   ]
 [-0.    -0.001 -0.   ]
 [-0.    -0.    -0.   ]]
----------------------------------------------------------------------------------------
   Cr2   Cr1   ( -3,   2,   0)  0.0002   ( 9.848, -17.057,  0.000) 19.695 
J_iso:  0.0002 
[Testing!] DMI: ( 0.0000  0.0000  0.0000)
[Testing!]J_ani:
[[-0.    -0.    -0.   ]
 [-0.    -0.001  0.   ]
 [-0.     0.    -0.   ]]
----------------------------------------------------------------------------------------
   Cr1   Cr2   ( -2,   3,   0)  0.0002   (-9.848, -17.057,  0.000) 19.695 
J_iso:  0.0002 
[Testing!] DMI: (-0.0000  0.0000 -0.0000)
[Testing!]J_ani:
[[-0.    -0.     0.   ]
 [-0.    -0.001  0.   ]
 [ 0.     0.    -0.   ]]
----------------------------------------------------------------------------------------
   Cr2   Cr1   (  2,  -3,   0)  0.0002   ( 9.848, 17.057,  0.000) 19.695 
J_iso:  0.0002 
[Testing!] DMI: ( 0.0000 -0.0000  0.0000)
[Testing!]J_ani:
[[-0.    -0.     0.   ]
 [-0.    -0.001  0.   ]
 [ 0.     0.    -0.   ]]
----------------------------------------------------------------------------------------
   Cr1   Cr2   (  3,  -2,   0)  0.0002   (-9.848, 17.057,  0.000) 19.695 
J_iso:  0.0002 
[Testing!] DMI: (-0.0000 -0.0000 -0.0000)
[Testing!]J_ani:
[[-0.    -0.    -0.   ]
 [-0.    -0.001  0.   ]
 [-0.     0.    -0.   ]]
----------------------------------------------------------------------------------------
   Cr1   Cr1   ( -3,   0,   0)  0.0000   (17.726, -10.234,  0.000) 20.468 
J_iso:  0.0000 
[Testing!] DMI: (-0.0000  0.0000  0.0001)
[Testing!]J_ani:
[[-0. -0. -0.]
 [-0. -0.  0.]
 [-0.  0. -0.]]
----------------------------------------------------------------------------------------
   Cr2   Cr2   ( -3,   0,   0)  0.0000   (17.726, -10.234,  0.000) 20.468 
J_iso:  0.0000 
[Testing!] DMI: ( 0.0000 -0.0000 -0.0001)
[Testing!]J_ani:
[[-0. -0. -0.]
 [-0. -0.  0.]
 [-0.  0. -0.]]
----------------------------------------------------------------------------------------
   Cr1   Cr1   (  0,  -3,   0)  0.0000   (17.726, 10.234,  0.000) 20.468 
J_iso:  0.0000 
[Testing!] DMI: (-0.0000 -0.0000 -0.0001)
[Testing!]J_ani:
[[-0. -0.  0.]
 [-0. -0.  0.]
 [ 0.  0. -0.]]
----------------------------------------------------------------------------------------
   Cr2   Cr2   (  0,  -3,   0)  0.0000   (17.726, 10.234,  0.000) 20.468 
J_iso:  0.0000 
[Testing!] DMI: ( 0.0000  0.0000  0.0001)
[Testing!]J_ani:
[[-0. -0.  0.]
 [-0. -0.  0.]
 [ 0.  0. -0.]]
----------------------------------------------------------------------------------------
   Cr1   Cr1   (  0,   3,   0)  0.0000   (-17.726, -10.234,  0.000) 20.468 
J_iso:  0.0000 
[Testing!] DMI: ( 0.0000  0.0000  0.0001)
[Testing!]J_ani:
[[-0. -0.  0.]
 [-0. -0.  0.]
 [ 0.  0. -0.]]
----------------------------------------------------------------------------------------
   Cr2   Cr2   (  0,   3,   0)  0.0000   (-17.726, -10.234,  0.000) 20.468 
J_iso:  0.0000 
[Testing!] DMI: (-0.0000 -0.0000 -0.0001)
[Testing!]J_ani:
[[-0. -0.  0.]
 [-0. -0.  0.]
 [ 0.  0. -0.]]
----------------------------------------------------------------------------------------
   Cr1   Cr1   (  3,   0,   0)  0.0000   (-17.726, 10.234,  0.000) 20.468 
J_iso:  0.0000 
[Testing!] DMI: ( 0.0000 -0.0000 -0.0001)
[Testing!]J_ani:
[[-0. -0. -0.]
 [-0. -0.  0.]
 [-0.  0. -0.]]
----------------------------------------------------------------------------------------
   Cr2   Cr2   (  3,   0,   0)  0.0000   (-17.726, 10.234,  0.000) 20.468 
J_iso:  0.0000 
[Testing!] DMI: (-0.0000  0.0000  0.0001)
[Testing!]J_ani:
[[-0. -0. -0.]
 [-0. -0.  0.]
 [-0.  0. -0.]]
----------------------------------------------------------------------------------------
   Cr1   Cr1   ( -3,   3,   0) -0.0000   ( 0.000, -20.468,  0.000) 20.468 
J_iso: -0.0000 
[Testing!] DMI: ( 0.0000  0.0000 -0.0001)
[Testing!]J_ani:
[[-0. -0. -0.]
 [-0. -0. -0.]
 [-0. -0. -0.]]
----------------------------------------------------------------------------------------
   Cr2   Cr2   ( -3,   3,   0) -0.0000   ( 0.000, -20.468,  0.000) 20.468 
J_iso: -0.0000 
[Testing!] DMI: (-0.0000 -0.0000  0.0001)
[Testing!]J_ani:
[[-0. -0. -0.]
 [-0. -0. -0.]
 [-0. -0. -0.]]
----------------------------------------------------------------------------------------
   Cr1   Cr1   (  3,  -3,   0) -0.0000   ( 0.000, 20.468,  0.000) 20.468 
J_iso: -0.0000 
[Testing!] DMI: (-0.0000 -0.0000  0.0001)
[Testing!]J_ani:
[[-0. -0. -0.]
 [-0. -0. -0.]
 [-0. -0. -0.]]
----------------------------------------------------------------------------------------
   Cr2   Cr2   (  3,  -3,   0) -0.0000   ( 0.000, 20.468,  0.000) 20.468 
J_iso: -0.0000 
[Testing!] DMI: ( 0.0000  0.0000 -0.0001)
[Testing!]J_ani:
[[-0. -0. -0.]
 [-0. -0. -0.]
 [-0. -0. -0.]]
----------------------------------------------------------------------------------------
   Cr2   Cr1   (  1,   3,   0) -0.0001   (-19.695, -6.823,  0.000) 20.844 
J_iso: -0.0001 
[Testing!] DMI: (-0.0000  0.0000  0.0000)
[Testing!]J_ani:
[[-0. -0.  0.]
 [-0. -0. -0.]
 [ 0. -0. -0.]]
----------------------------------------------------------------------------------------
   Cr2   Cr1   (  3,   1,   0) -0.0001   (-19.695,  6.823,  0.000) 20.844 
J_iso: -0.0001 
[Testing!] DMI: (-0.0000  0.0000  0.0000)
[Testing!]J_ani:
[[-0.  0. -0.]
 [ 0. -0. -0.]
 [-0. -0. -0.]]
----------------------------------------------------------------------------------------
   Cr1   Cr2   ( -3,  -1,   0) -0.0001   (19.695, -6.823,  0.000) 20.844 
J_iso: -0.0001 
[Testing!] DMI: ( 0.0000 -0.0000 -0.0000)
[Testing!]J_ani:
[[-0.  0. -0.]
 [ 0. -0. -0.]
 [-0. -0. -0.]]
----------------------------------------------------------------------------------------
   Cr1   Cr2   ( -1,  -3,   0) -0.0001   (19.695,  6.823,  0.000) 20.844 
J_iso: -0.0001 
[Testing!] DMI: ( 0.0000 -0.0000 -0.0000)
[Testing!]J_ani:
[[-0. -0.  0.]
 [-0. -0. -0.]
 [ 0. -0. -0.]]
----------------------------------------------------------------------------------------
   Cr1   Cr2   ( -3,   3,   0) -0.0001   (-3.939, -20.468,  0.000) 20.844 
J_iso: -0.0001 
[Testing!] DMI: ( 0.0000 -0.0000  0.0000)
[Testing!]J_ani:
[[-0. -0. -0.]
 [-0. -0. -0.]
 [-0. -0. -0.]]
----------------------------------------------------------------------------------------
   Cr2   Cr1   ( -3,   3,   0) -0.0001   ( 3.939, -20.468,  0.000) 20.844 
J_iso: -0.0001 
[Testing!] DMI: (-0.0000  0.0000 -0.0000)
[Testing!]J_ani:
[[-0.  0.  0.]
 [ 0. -0. -0.]
 [ 0. -0. -0.]]
----------------------------------------------------------------------------------------
   Cr1   Cr2   (  3,  -3,   0) -0.0001   (-3.939, 20.468,  0.000) 20.844 
J_iso: -0.0001 
[Testing!] DMI: ( 0.0000 -0.0000  0.0000)
[Testing!]J_ani:
[[-0.  0.  0.]
 [ 0. -0. -0.]
 [ 0. -0. -0.]]
----------------------------------------------------------------------------------------
   Cr2   Cr1   (  3,  -3,   0) -0.0001   ( 3.939, 20.468,  0.000) 20.844 
J_iso: -0.0001 
[Testing!] DMI: (-0.0000  0.0000 -0.0000)
[Testing!]J_ani:
[[-0. -0. -0.]
 [-0. -0. -0.]
 [-0. -0. -0.]]
----------------------------------------------------------------------------------------
   Cr2   Cr1   ( -3,   1,   0) -0.0001   (15.756, -13.645,  0.000) 20.844 
J_iso: -0.0001 
[Testing!] DMI: (-0.0000 -0.0000 -0.0000)
[Testing!]J_ani:
[[-0. -0.  0.]
 [-0. -0.  0.]
 [ 0.  0. -0.]]
----------------------------------------------------------------------------------------
   Cr1   Cr2   ( -1,   3,   0) -0.0001   (-15.756, -13.645,  0.000) 20.844 
J_iso: -0.0001 
[Testing!] DMI: (-0.0000 -0.0000  0.0000)
[Testing!]J_ani:
[[-0.  0. -0.]
 [ 0. -0.  0.]
 [-0.  0. -0.]]
----------------------------------------------------------------------------------------
   Cr2   Cr1   (  1,  -3,   0) -0.0001   (15.756, 13.645,  0.000) 20.844 
J_iso: -0.0001 
[Testing!] DMI: ( 0.0000  0.0000 -0.0000)
[Testing!]J_ani:
[[-0.  0. -0.]
 [ 0. -0.  0.]
 [-0.  0. -0.]]
----------------------------------------------------------------------------------------
   Cr1   Cr2   (  3,  -1,   0) -0.0001   (-15.756, 13.645,  0.000) 20.844 
J_iso: -0.0001 
[Testing!] DMI: ( 0.0000  0.0000  0.0000)
[Testing!]J_ani:
[[-0. -0.  0.]
 [-0. -0.  0.]
 [ 0.  0. -0.]]
----------------------------------------------------------------------------------------
   Cr2   Cr1   ( -2,  -1,   0) -0.0000   (21.665, -3.411,  0.000) 21.932 
J_iso: -0.0000 
[Testing!] DMI: ( 0.0000 -0.0000  0.0000)
[Testing!]J_ani:
[[-0. -0.  0.]
 [-0. -0.  0.]
 [ 0.  0. -0.]]
----------------------------------------------------------------------------------------
   Cr2   Cr1   ( -1,  -2,   0) -0.0000   (21.665,  3.411,  0.000) 21.932 
J_iso: -0.0000 
[Testing!] DMI: (-0.0000 -0.0000  0.0000)
[Testing!]J_ani:
[[-0.  0. -0.]
 [ 0. -0.  0.]
 [-0.  0. -0.]]
----------------------------------------------------------------------------------------
   Cr1   Cr2   (  1,   2,   0) -0.0000   (-21.665, -3.411,  0.000) 21.932 
J_iso: -0.0000 
[Testing!] DMI: ( 0.0000  0.0000 -0.0000)
[Testing!]J_ani:
[[-0.  0. -0.]
 [ 0. -0.  0.]
 [-0.  0. -0.]]
----------------------------------------------------------------------------------------
   Cr1   Cr2   (  2,   1,   0) -0.0000   (-21.665,  3.411,  0.000) 21.932 
J_iso: -0.0000 
[Testing!] DMI: (-0.0000  0.0000 -0.0000)
[Testing!]J_ani:
[[-0. -0.  0.]
 [-0. -0.  0.]
 [ 0.  0. -0.]]
----------------------------------------------------------------------------------------
   Cr2   Cr2   (  2,   2,   0) -0.0000   (-23.634,  0.000,  0.000) 23.634 
J_iso: -0.0000 
[Testing!] DMI: (-0.0000  0.0000  0.0000)
[Testing!]J_ani:
[[-0. -0. -0.]
 [-0. -0. -0.]
 [-0. -0. -0.]]
----------------------------------------------------------------------------------------
   Cr1   Cr1   ( -2,  -2,   0) -0.0000   (23.634,  0.000,  0.000) 23.634 
J_iso: -0.0000 
[Testing!] DMI: (-0.0000  0.0000  0.0000)
[Testing!]J_ani:
[[-0. -0. -0.]
 [-0. -0. -0.]
 [-0. -0. -0.]]
----------------------------------------------------------------------------------------
   Cr2   Cr2   ( -2,  -2,   0) -0.0000   (23.634,  0.000,  0.000) 23.634 
J_iso: -0.0000 
[Testing!] DMI: ( 0.0000 -0.0000 -0.0000)
[Testing!]J_ani:
[[-0. -0. -0.]
 [-0. -0. -0.]
 [-0. -0. -0.]]
----------------------------------------------------------------------------------------
   Cr1   Cr1   (  2,   2,   0) -0.0000   (-23.634,  0.000,  0.000) 23.634 
J_iso: -0.0000 
[Testing!] DMI: ( 0.0000 -0.0000 -0.0000)
[Testing!]J_ani:
[[-0. -0. -0.]
 [-0. -0. -0.]
 [-0. -0. -0.]]
----------------------------------------------------------------------------------------
   Cr2   Cr1   ( -3,   0,   0) -0.0000   (21.665, -10.234,  0.000) 23.960 
J_iso: -0.0000 
[Testing!] DMI: ( 0.0000  0.0000  0.0000)
[Testing!]J_ani:
[[-0. -0.  0.]
 [-0. -0. -0.]
 [ 0. -0. -0.]]
----------------------------------------------------------------------------------------
   Cr2   Cr1   (  0,  -3,   0) -0.0000   (21.665, 10.234,  0.000) 23.960 
J_iso: -0.0000 
[Testing!] DMI: ( 0.0000 -0.0000  0.0000)
[Testing!]J_ani:
[[-0. -0. -0.]
 [-0. -0. -0.]
 [-0. -0. -0.]]
----------------------------------------------------------------------------------------
   Cr1   Cr2   (  0,   3,   0) -0.0000   (-21.665, -10.234,  0.000) 23.960 
J_iso: -0.0000 
[Testing!] DMI: (-0.0000  0.0000 -0.0000)
[Testing!]J_ani:
[[-0. -0. -0.]
 [-0. -0. -0.]
 [-0. -0. -0.]]
----------------------------------------------------------------------------------------
   Cr1   Cr2   (  3,   0,   0) -0.0000   (-21.665, 10.234,  0.000) 23.960 
J_iso: -0.0000 
[Testing!] DMI: (-0.0000 -0.0000 -0.0000)
[Testing!]J_ani:
[[-0. -0.  0.]
 [-0. -0. -0.]
 [ 0. -0. -0.]]
----------------------------------------------------------------------------------------
   Cr2   Cr2   (  1,   3,   0)  0.0000   (-23.634, -6.823,  0.000) 24.599 
J_iso:  0.0000 
[Testing!] DMI: (-0.0000 -0.0000 -0.0000)
[Testing!]J_ani:
[[-0.  0.  0.]
 [ 0. -0.  0.]
 [ 0.  0. -0.]]
----------------------------------------------------------------------------------------
   Cr2   Cr2   (  3,   1,   0)  0.0000   (-23.634,  6.823,  0.000) 24.599 
J_iso:  0.0000 
[Testing!] DMI: (-0.0000  0.0000  0.0000)
[Testing!]J_ani:
[[-0. -0. -0.]
 [-0. -0.  0.]
 [-0.  0. -0.]]
----------------------------------------------------------------------------------------
   Cr1   Cr1   ( -3,  -1,   0)  0.0000   (23.634, -6.823,  0.000) 24.599 
J_iso:  0.0000 
[Testing!] DMI: (-0.0000  0.0000  0.0000)
[Testing!]J_ani:
[[-0. -0. -0.]
 [-0. -0.  0.]
 [-0.  0. -0.]]
----------------------------------------------------------------------------------------
   Cr2   Cr2   ( -3,  -1,   0)  0.0000   (23.634, -6.823,  0.000) 24.599 
J_iso:  0.0000 
[Testing!] DMI: ( 0.0000 -0.0000 -0.0000)
[Testing!]J_ani:
[[-0. -0. -0.]
 [-0. -0.  0.]
 [-0.  0. -0.]]
----------------------------------------------------------------------------------------
   Cr1   Cr1   ( -1,  -3,   0)  0.0000   (23.634,  6.823,  0.000) 24.599 
J_iso:  0.0000 
[Testing!] DMI: (-0.0000 -0.0000 -0.0000)
[Testing!]J_ani:
[[-0.  0.  0.]
 [ 0. -0.  0.]
 [ 0.  0. -0.]]
----------------------------------------------------------------------------------------
   Cr2   Cr2   ( -1,  -3,   0)  0.0000   (23.634,  6.823,  0.000) 24.599 
J_iso:  0.0000 
[Testing!] DMI: ( 0.0000  0.0000  0.0000)
[Testing!]J_ani:
[[-0.  0.  0.]
 [ 0. -0.  0.]
 [ 0.  0. -0.]]
----------------------------------------------------------------------------------------
   Cr1   Cr1   (  1,   3,   0)  0.0000   (-23.634, -6.823,  0.000) 24.599 
J_iso:  0.0000 
[Testing!] DMI: ( 0.0000  0.0000  0.0000)
[Testing!]J_ani:
[[-0.  0.  0.]
 [ 0. -0.  0.]
 [ 0.  0. -0.]]
----------------------------------------------------------------------------------------
   Cr1   Cr1   (  3,   1,   0)  0.0000   (-23.634,  6.823,  0.000) 24.599 
J_iso:  0.0000 
[Testing!] DMI: ( 0.0000 -0.0000 -0.0000)
[Testing!]J_ani:
[[-0. -0. -0.]
 [-0. -0.  0.]
 [-0.  0. -0.]]
----------------------------------------------------------------------------------------
   Cr1   Cr2   ( -3,  -2,   0)  0.0000   (25.604, -3.411,  0.000) 25.830 
J_iso:  0.0000 
[Testing!] DMI: ( 0.0000 -0.0000 -0.0000)
[Testing!]J_ani:
[[ 0. -0.  0.]
 [-0. -0. -0.]
 [ 0. -0. -0.]]
----------------------------------------------------------------------------------------
   Cr1   Cr2   ( -2,  -3,   0)  0.0000   (25.604,  3.411,  0.000) 25.830 
J_iso:  0.0000 
[Testing!] DMI: (-0.0000 -0.0000  0.0000)
[Testing!]J_ani:
[[ 0.  0. -0.]
 [ 0. -0. -0.]
 [-0. -0. -0.]]
----------------------------------------------------------------------------------------
   Cr2   Cr1   (  2,   3,   0)  0.0000   (-25.604, -3.411,  0.000) 25.830 
J_iso:  0.0000 
[Testing!] DMI: ( 0.0000  0.0000 -0.0000)
[Testing!]J_ani:
[[ 0.  0. -0.]
 [ 0. -0. -0.]
 [-0. -0. -0.]]
----------------------------------------------------------------------------------------
   Cr2   Cr1   (  3,   2,   0)  0.0000   (-25.604,  3.411,  0.000) 25.830 
J_iso:  0.0000 
[Testing!] DMI: (-0.0000  0.0000  0.0000)
[Testing!]J_ani:
[[ 0. -0.  0.]
 [-0. -0. -0.]
 [ 0. -0. -0.]]
----------------------------------------------------------------------------------------
   Cr1   Cr2   (  2,   2,   0) -0.0001   (-27.573,  0.000,  0.000) 27.573 
J_iso: -0.0001 
[Testing!] DMI: (-0.0000 -0.0000  0.0000)
[Testing!]J_ani:
[[ 0. -0.  0.]
 [-0. -0. -0.]
 [ 0. -0. -0.]]
----------------------------------------------------------------------------------------
   Cr2   Cr1   ( -2,  -2,   0) -0.0001   (27.573,  0.000,  0.000) 27.573 
J_iso: -0.0001 
[Testing!] DMI: ( 0.0000  0.0000 -0.0000)
[Testing!]J_ani:
[[ 0. -0.  0.]
 [-0. -0. -0.]
 [ 0. -0. -0.]]
----------------------------------------------------------------------------------------
   Cr1   Cr2   (  1,   3,   0)  0.0000   (-27.573, -6.823,  0.000) 28.405 
J_iso:  0.0000 
[Testing!] DMI: ( 0.0000 -0.0000 -0.0000)
[Testing!]J_ani:
[[-0. -0. -0.]
 [-0. -0. -0.]
 [-0. -0. -0.]]
----------------------------------------------------------------------------------------
   Cr1   Cr2   (  3,   1,   0)  0.0000   (-27.573,  6.823,  0.000) 28.405 
J_iso:  0.0000 
[Testing!] DMI: ( 0.0000  0.0000 -0.0000)
[Testing!]J_ani:
[[-0.  0.  0.]
 [ 0. -0. -0.]
 [ 0. -0. -0.]]
----------------------------------------------------------------------------------------
   Cr2   Cr1   ( -3,  -1,   0)  0.0000   (27.573, -6.823,  0.000) 28.405 
J_iso:  0.0000 
[Testing!] DMI: (-0.0000 -0.0000  0.0000)
[Testing!]J_ani:
[[-0.  0.  0.]
 [ 0. -0. -0.]
 [ 0. -0. -0.]]
----------------------------------------------------------------------------------------
   Cr2   Cr1   ( -1,  -3,   0)  0.0000   (27.573,  6.823,  0.000) 28.405 
J_iso:  0.0000 
[Testing!] DMI: (-0.0000  0.0000  0.0000)
[Testing!]J_ani:
[[-0. -0. -0.]
 [-0. -0. -0.]
 [-0. -0. -0.]]
----------------------------------------------------------------------------------------
   Cr1   Cr1   ( -3,  -2,   0) -0.0000   (29.543, -3.411,  0.000) 29.739 
J_iso: -0.0000 
[Testing!] DMI: ( 0.0000  0.0000  0.0000)
[Testing!]J_ani:
[[-0. -0.  0.]
 [-0. -0.  0.]
 [ 0.  0. -0.]]
----------------------------------------------------------------------------------------
   Cr2   Cr2   ( -3,  -2,   0) -0.0000   (29.543, -3.411,  0.000) 29.739 
J_iso: -0.0000 
[Testing!] DMI: (-0.0000 -0.0000 -0.0000)
[Testing!]J_ani:
[[-0. -0.  0.]
 [-0. -0.  0.]
 [ 0.  0. -0.]]
----------------------------------------------------------------------------------------
   Cr1   Cr1   ( -2,  -3,   0) -0.0000   (29.543,  3.411,  0.000) 29.739 
J_iso: -0.0000 
[Testing!] DMI: ( 0.0000 -0.0000 -0.0000)
[Testing!]J_ani:
[[-0. -0. -0.]
 [-0. -0.  0.]
 [-0.  0. -0.]]
----------------------------------------------------------------------------------------
   Cr2   Cr2   ( -2,  -3,   0) -0.0000   (29.543,  3.411,  0.000) 29.739 
J_iso: -0.0000 
[Testing!] DMI: (-0.0000  0.0000  0.0000)
[Testing!]J_ani:
[[-0. -0. -0.]
 [-0. -0.  0.]
 [-0.  0. -0.]]
----------------------------------------------------------------------------------------
   Cr2   Cr2   (  2,   3,   0) -0.0000   (-29.543, -3.411,  0.000) 29.739 
J_iso: -0.0000 
[Testing!] DMI: ( 0.0000 -0.0000 -0.0000)
[Testing!]J_ani:
[[-0. -0. -0.]
 [-0. -0.  0.]
 [-0.  0. -0.]]
----------------------------------------------------------------------------------------
   Cr2   Cr2   (  3,   2,   0) -0.0000   (-29.543,  3.411,  0.000) 29.739 
J_iso: -0.0000 
[Testing!] DMI: ( 0.0000  0.0000  0.0000)
[Testing!]J_ani:
[[-0. -0.  0.]
 [-0. -0.  0.]
 [ 0.  0. -0.]]
----------------------------------------------------------------------------------------
   Cr1   Cr1   (  2,   3,   0) -0.0000   (-29.543, -3.411,  0.000) 29.739 
J_iso: -0.0000 
[Testing!] DMI: (-0.0000  0.0000  0.0000)
[Testing!]J_ani:
[[-0. -0. -0.]
 [-0. -0.  0.]
 [-0.  0. -0.]]
----------------------------------------------------------------------------------------
   Cr1   Cr1   (  3,   2,   0) -0.0000   (-29.543,  3.411,  0.000) 29.739 
J_iso: -0.0000 
[Testing!] DMI: (-0.0000 -0.0000 -0.0000)
[Testing!]J_ani:
[[-0. -0.  0.]
 [-0. -0.  0.]
 [ 0.  0. -0.]]
----------------------------------------------------------------------------------------
   Cr1   Cr2   ( -3,  -3,   0)  0.0000   (31.512,  0.000,  0.000) 31.512 
J_iso:  0.0000 
[Testing!] DMI: ( 0.0000 -0.0000  0.0000)
[Testing!]J_ani:
[[-0. -0.  0.]
 [-0. -0.  0.]
 [ 0.  0. -0.]]
----------------------------------------------------------------------------------------
   Cr2   Cr1   (  3,   3,   0)  0.0000   (-31.512,  0.000,  0.000) 31.512 
J_iso:  0.0000 
[Testing!] DMI: (-0.0000  0.0000 -0.0000)
[Testing!]J_ani:
[[-0. -0.  0.]
 [-0. -0.  0.]
 [ 0.  0. -0.]]
----------------------------------------------------------------------------------------
   Cr2   Cr1   ( -3,  -2,   0)  0.0000   (33.482, -3.411,  0.000) 33.655 
J_iso:  0.0000 
[Testing!] DMI: ( 0.0000 -0.0000  0.0000)
[Testing!]J_ani:
[[-0. -0.  0.]
 [-0. -0.  0.]
 [ 0.  0. -0.]]
----------------------------------------------------------------------------------------
   Cr2   Cr1   ( -2,  -3,   0)  0.0000   (33.482,  3.411,  0.000) 33.655 
J_iso:  0.0000 
[Testing!] DMI: (-0.0000  0.0000 -0.0000)
[Testing!]J_ani:
[[-0.  0. -0.]
 [ 0. -0.  0.]
 [-0.  0. -0.]]
----------------------------------------------------------------------------------------
   Cr1   Cr2   (  2,   3,   0)  0.0000   (-33.482, -3.411,  0.000) 33.655 
J_iso:  0.0000 
[Testing!] DMI: ( 0.0000 -0.0000  0.0000)
[Testing!]J_ani:
[[-0.  0. -0.]
 [ 0. -0.  0.]
 [-0.  0. -0.]]
----------------------------------------------------------------------------------------
   Cr1   Cr2   (  3,   2,   0)  0.0000   (-33.482,  3.411,  0.000) 33.655 
J_iso:  0.0000 
[Testing!] DMI: (-0.0000  0.0000 -0.0000)
[Testing!]J_ani:
[[-0. -0.  0.]
 [-0. -0.  0.]
 [ 0.  0. -0.]]
----------------------------------------------------------------------------------------
   Cr1   Cr1   ( -3,  -3,   0)  0.0000   (35.451,  0.000,  0.000) 35.451 
J_iso:  0.0000 
[Testing!] DMI: ( 0.0000 -0.0000 -0.0000)
[Testing!]J_ani:
[[-0. -0. -0.]
 [-0. -0. -0.]
 [-0. -0. -0.]]
----------------------------------------------------------------------------------------
   Cr2   Cr2   ( -3,  -3,   0)  0.0000   (35.451,  0.000,  0.000) 35.451 
J_iso:  0.0000 
[Testing!] DMI: (-0.0000  0.0000  0.0000)
[Testing!]J_ani:
[[-0. -0. -0.]
 [-0. -0. -0.]
 [-0. -0. -0.]]
----------------------------------------------------------------------------------------
   Cr1   Cr1   (  3,   3,   0)  0.0000   (-35.451,  0.000,  0.000) 35.451 
J_iso:  0.0000 
[Testing!] DMI: (-0.0000  0.0000  0.0000)
[Testing!]J_ani:
[[-0. -0. -0.]
 [-0. -0. -0.]
 [-0. -0. -0.]]
----------------------------------------------------------------------------------------
   Cr2   Cr2   (  3,   3,   0)  0.0000   (-35.451,  0.000,  0.000) 35.451 
J_iso:  0.0000 
[Testing!] DMI: ( 0.0000 -0.0000 -0.0000)
[Testing!]J_ani:
[[-0. -0. -0.]
 [-0. -0. -0.]
 [-0. -0. -0.]]
----------------------------------------------------------------------------------------
   Cr2   Cr1   ( -3,  -3,   0) -0.0000   (39.391,  0.000,  0.000) 39.391 
J_iso: -0.0000 
[Testing!] DMI: (-0.0000  0.0000 -0.0000)
[Testing!]J_ani:
[[-0. -0. -0.]
 [-0. -0.  0.]
 [-0.  0. -0.]]
----------------------------------------------------------------------------------------
   Cr1   Cr2   (  3,   3,   0) -0.0000   (-39.391,  0.000,  0.000) 39.391 
J_iso: -0.0000 
[Testing!] DMI: ( 0.0000 -0.0000  0.0000)
[Testing!]J_ani:
[[-0. -0. -0.]
 [-0. -0.  0.]
 [-0.  0. -0.]]
