==========================================================================================
Information: 
Exchange parameters generated by TB2J 0.7.0
Generation time: 21/11/11 17:58:09
 Input from non-collinear Wannier90 data.
 Tight binding data from ./. 
 Prefix of wannier function files:wannier90.
Warning: Please check if the noise level of Wannier function Hamiltonian to make sure it is much smaller than the exchange values.
 The DMI component parallel to the spin orientation, the Jani which has the component of that orientation should be disregarded
 e.g. if the spins are along z, the xz, yz, zz, zx, zy components and the z component of DMI.
 If you need these component, try to do three calculations with spin along x, y, z,  or use structure with z rotated to x, y and z. And then use TB2J_merge.py to get the full set of parameters.


==========================================================================================
Cell (Angstrom):
-5.909   0.000   3.411
-5.909  -0.000  -3.411
 0.000  -13.838   0.000

==========================================================================================
Atoms:  
(Note: charge and magmoms only count the wannier functions.)
Atom_number      x         y         z     w_charge    M(x)      M(y)      M(z)   
Cr1            -3.9391   -6.9192    0.0000    4.6116    0.0002   -0.0004    3.0888
Cr2            -7.8781   -6.9192    0.0000    4.6116    0.0002   -0.0004    3.0888
I1             -2.0912   -5.3707    1.2074    5.4602   -0.0004   -0.0004   -0.0278
I2             -7.9998   -8.4676    2.2040    5.4602    0.0004   -0.0004   -0.0278
I3             -5.9086   -5.3707    0.9966    5.4609   -0.0000    0.0014   -0.0268
I4             -5.9086   -8.4676   -0.9966    5.4609   -0.0000    0.0014   -0.0268
I5             -3.8174   -5.3707   -2.2040    5.4602    0.0004   -0.0004   -0.0278
I6             -9.7260   -8.4676   -1.2074    5.4602   -0.0004   -0.0004   -0.0278
Total                                        41.9859    0.0004    0.0005    6.0128

==========================================================================================
Orbitals used in decomposition: 
The name of the orbitals for the decomposition: 
Cr1 : ['orb_1', 'orb_2', 'orb_3', 'orb_4', 'orb_5', 'orb_6', 'orb_7', 'orb_8', 'orb_9', 'orb_10']
Cr2 : ['orb_1', 'orb_2', 'orb_3', 'orb_4', 'orb_5', 'orb_6', 'orb_7', 'orb_8', 'orb_9', 'orb_10']

==========================================================================================
Exchange: 
    i      j          R        J_iso(meV)          vector          distance(A) 
----------------------------------------------------------------------------------------
   Cr1   Cr2   ( -1,   0,   0)  0.5325   ( 1.970, -0.000, -3.411)  3.939 
J_iso:  0.5325 
[Testing!] Jprime: 3.923,  B: -1.872
[Testing!] DMI: (-0.0000 -0.0000 -0.0000)
[Testing!]J_ani:
[[-0.468 -0.192 -0.194]
 [-0.192 -0.241 -0.015]
 [-0.194 -0.015 -3.745]]
----------------------------------------------------------------------------------------
   Cr1   Cr2   (  0,  -1,   0)  0.5325   ( 1.970, -0.000,  3.411)  3.939 
J_iso:  0.5325 
[Testing!] Jprime: 3.923,  B: -1.872
[Testing!] DMI: ( 0.0000 -0.0000  0.0000)
[Testing!]J_ani:
[[-0.468  0.192  0.193]
 [ 0.192 -0.241 -0.015]
 [ 0.193 -0.015 -3.745]]
----------------------------------------------------------------------------------------
   Cr2   Cr1   (  0,   1,   0)  0.5325   (-1.970,  0.000, -3.411)  3.939 
J_iso:  0.5325 
[Testing!] Jprime: 3.923,  B: -1.872
[Testing!] DMI: (-0.0000  0.0000 -0.0000)
[Testing!]J_ani:
[[-0.468  0.192  0.193]
 [ 0.192 -0.241 -0.015]
 [ 0.193 -0.015 -3.745]]
----------------------------------------------------------------------------------------
   Cr2   Cr1   (  1,   0,   0)  0.5325   (-1.970,  0.000,  3.411)  3.939 
J_iso:  0.5325 
[Testing!] Jprime: 3.923,  B: -1.872
[Testing!] DMI: ( 0.0000  0.0000  0.0000)
[Testing!]J_ani:
[[-0.468 -0.192 -0.194]
 [-0.192 -0.241 -0.015]
 [-0.194 -0.015 -3.745]]
----------------------------------------------------------------------------------------
   Cr1   Cr2   (  0,   0,   0)  0.6912   (-3.939, -0.000,  0.000)  3.939 
J_iso:  0.6912 
[Testing!] Jprime: 4.231,  B: -1.944
[Testing!] DMI: (-0.0000  0.0000 -0.0000)
[Testing!]J_ani:
[[-0.264 -0.    -0.   ]
 [-0.    -0.434  0.028]
 [-0.     0.028 -3.889]]
----------------------------------------------------------------------------------------
   Cr2   Cr1   (  0,   0,   0)  0.6912   ( 3.939,  0.000, -0.000)  3.939 
J_iso:  0.6912 
[Testing!] Jprime: 4.231,  B: -1.944
[Testing!] DMI: ( 0.0000 -0.0000  0.0000)
[Testing!]J_ani:
[[-0.264 -0.    -0.   ]
 [-0.    -0.434  0.028]
 [-0.     0.028 -3.889]]
----------------------------------------------------------------------------------------
   Cr1   Cr1   ( -1,   1,   0)  0.7461   ( 0.000,  0.000, -6.823)  6.823 
J_iso:  0.7461 
[Testing!] Jprime: 2.470,  B: -0.887
[Testing!] DMI: (-0.0000  0.0581 -0.0717)
[Testing!]J_ani:
[[-0.021 -0.    -0.   ]
 [-0.    -0.081 -0.095]
 [-0.    -0.095 -1.775]]
----------------------------------------------------------------------------------------
   Cr2   Cr2   ( -1,   1,   0)  0.7461   ( 0.000,  0.000, -6.823)  6.823 
J_iso:  0.7461 
[Testing!] Jprime: 2.470,  B: -0.887
[Testing!] DMI: ( 0.0000 -0.0581  0.0717)
[Testing!]J_ani:
[[-0.021 -0.    -0.   ]
 [-0.    -0.081 -0.095]
 [-0.    -0.095 -1.775]]
----------------------------------------------------------------------------------------
   Cr1   Cr1   (  1,  -1,   0)  0.7461   ( 0.000,  0.000,  6.823)  6.823 
J_iso:  0.7461 
[Testing!] Jprime: 2.470,  B: -0.887
[Testing!] DMI: ( 0.0000 -0.0581  0.0717)
[Testing!]J_ani:
[[-0.021 -0.    -0.   ]
 [-0.    -0.081 -0.095]
 [-0.    -0.095 -1.775]]
----------------------------------------------------------------------------------------
   Cr2   Cr2   (  1,  -1,   0)  0.7461   ( 0.000,  0.000,  6.823)  6.823 
J_iso:  0.7461 
[Testing!] Jprime: 2.470,  B: -0.887
[Testing!] DMI: (-0.0000  0.0581 -0.0717)
[Testing!]J_ani:
[[-0.021 -0.    -0.   ]
 [-0.    -0.081 -0.095]
 [-0.    -0.095 -1.775]]
----------------------------------------------------------------------------------------
   Cr1   Cr1   ( -1,   0,   0)  0.7409   ( 5.909,  0.000, -3.411)  6.823 
J_iso:  0.7409 
[Testing!] Jprime: 2.429,  B: -0.874
[Testing!] DMI: ( 0.0189 -0.0543 -0.0376)
[Testing!]J_ani:
[[-0.055  0.024  0.018]
 [ 0.024 -0.066  0.049]
 [ 0.018  0.049 -1.748]]
----------------------------------------------------------------------------------------
   Cr2   Cr2   ( -1,   0,   0)  0.7409   ( 5.909,  0.000, -3.411)  6.823 
J_iso:  0.7409 
[Testing!] Jprime: 2.429,  B: -0.874
[Testing!] DMI: (-0.0189  0.0543  0.0376)
[Testing!]J_ani:
[[-0.055  0.024  0.018]
 [ 0.024 -0.066  0.049]
 [ 0.018  0.049 -1.748]]
----------------------------------------------------------------------------------------
   Cr1   Cr1   (  0,  -1,   0)  0.7409   ( 5.909,  0.000,  3.411)  6.823 
J_iso:  0.7409 
[Testing!] Jprime: 2.429,  B: -0.874
[Testing!] DMI: ( 0.0190  0.0543  0.0376)
[Testing!]J_ani:
[[-0.055 -0.024 -0.019]
 [-0.024 -0.066  0.049]
 [-0.019  0.049 -1.748]]
----------------------------------------------------------------------------------------
   Cr2   Cr2   (  0,  -1,   0)  0.7409   ( 5.909,  0.000,  3.411)  6.823 
J_iso:  0.7409 
[Testing!] Jprime: 2.429,  B: -0.874
[Testing!] DMI: (-0.0190 -0.0543 -0.0376)
[Testing!]J_ani:
[[-0.055 -0.024 -0.019]
 [-0.024 -0.066  0.049]
 [-0.019  0.049 -1.748]]
----------------------------------------------------------------------------------------
   Cr1   Cr1   (  0,   1,   0)  0.7409   (-5.909,  0.000, -3.411)  6.823 
J_iso:  0.7409 
[Testing!] Jprime: 2.429,  B: -0.874
[Testing!] DMI: (-0.0190 -0.0543 -0.0376)
[Testing!]J_ani:
[[-0.055 -0.024 -0.019]
 [-0.024 -0.066  0.049]
 [-0.019  0.049 -1.748]]
----------------------------------------------------------------------------------------
   Cr1   Cr1   (  1,   0,   0)  0.7409   (-5.909,  0.000,  3.411)  6.823 
J_iso:  0.7409 
[Testing!] Jprime: 2.429,  B: -0.874
[Testing!] DMI: (-0.0189  0.0543  0.0376)
[Testing!]J_ani:
[[-0.055  0.024  0.018]
 [ 0.024 -0.066  0.049]
 [ 0.018  0.049 -1.748]]
----------------------------------------------------------------------------------------
   Cr2   Cr2   (  0,   1,   0)  0.7409   (-5.909,  0.000, -3.411)  6.823 
J_iso:  0.7409 
[Testing!] Jprime: 2.429,  B: -0.874
[Testing!] DMI: ( 0.0190  0.0543  0.0376)
[Testing!]J_ani:
[[-0.055 -0.024 -0.019]
 [-0.024 -0.066  0.049]
 [-0.019  0.049 -1.748]]
----------------------------------------------------------------------------------------
   Cr2   Cr2   (  1,   0,   0)  0.7409   (-5.909,  0.000,  3.411)  6.823 
J_iso:  0.7409 
[Testing!] Jprime: 2.429,  B: -0.874
[Testing!] DMI: ( 0.0189 -0.0543 -0.0376)
[Testing!]J_ani:
[[-0.055  0.024  0.018]
 [ 0.024 -0.066  0.049]
 [ 0.018  0.049 -1.748]]
----------------------------------------------------------------------------------------
   Cr1   Cr2   ( -1,   1,   0) -0.1559   (-3.939, -0.000, -6.823)  7.878 
J_iso: -0.1559 
[Testing!] Jprime: -0.016,  B: -0.081
[Testing!] DMI: ( 0.0000 -0.0000  0.0000)
[Testing!]J_ani:
[[-0.024  0.007  0.006]
 [ 0.007 -0.018  0.014]
 [ 0.006  0.014 -0.161]]
----------------------------------------------------------------------------------------
   Cr2   Cr1   (  1,  -1,   0) -0.1559   ( 3.939,  0.000,  6.823)  7.878 
J_iso: -0.1559 
[Testing!] Jprime: -0.016,  B: -0.081
[Testing!] DMI: (-0.0000  0.0000 -0.0000)
[Testing!]J_ani:
[[-0.024  0.007  0.006]
 [ 0.007 -0.018  0.014]
 [ 0.006  0.014 -0.161]]
----------------------------------------------------------------------------------------
   Cr2   Cr1   ( -1,   1,   0) -0.1559   ( 3.939,  0.000, -6.823)  7.878 
J_iso: -0.1559 
[Testing!] Jprime: -0.016,  B: -0.081
[Testing!] DMI: (-0.0000 -0.0000  0.0000)
[Testing!]J_ani:
[[-0.024 -0.007 -0.006]
 [-0.007 -0.018  0.014]
 [-0.006  0.014 -0.161]]
----------------------------------------------------------------------------------------
   Cr1   Cr2   (  1,  -1,   0) -0.1559   (-3.939, -0.000,  6.823)  7.878 
J_iso: -0.1559 
[Testing!] Jprime: -0.016,  B: -0.081
[Testing!] DMI: ( 0.0000  0.0000 -0.0000)
[Testing!]J_ani:
[[-0.024 -0.007 -0.006]
 [-0.007 -0.018  0.014]
 [-0.006  0.014 -0.161]]
----------------------------------------------------------------------------------------
   Cr2   Cr1   (  1,   1,   0) -0.1484   (-7.878,  0.000, -0.000)  7.878 
J_iso: -0.1484 
[Testing!] Jprime: 0.003,  B: -0.086
[Testing!] DMI: (-0.0000 -0.0000 -0.0000)
[Testing!]J_ani:
[[-0.017 -0.    -0.   ]
 [-0.    -0.023 -0.026]
 [-0.    -0.026 -0.172]]
----------------------------------------------------------------------------------------
   Cr1   Cr2   ( -1,  -1,   0) -0.1484   ( 7.878, -0.000,  0.000)  7.878 
J_iso: -0.1484 
[Testing!] Jprime: 0.003,  B: -0.086
[Testing!] DMI: ( 0.0000  0.0000  0.0000)
[Testing!]J_ani:
[[-0.017 -0.    -0.   ]
 [-0.    -0.023 -0.026]
 [-0.    -0.026 -0.172]]
----------------------------------------------------------------------------------------
   Cr1   Cr2   ( -2,   1,   0)  0.0064   ( 1.970, -0.000, -10.234) 10.422 
J_iso:  0.0064 
[Testing!] Jprime: 0.102,  B: -0.050
[Testing!] DMI: ( 0.0000 -0.0000 -0.0000)
[Testing!]J_ani:
[[-0.004  0.    -0.012]
 [ 0.    -0.003 -0.002]
 [-0.012 -0.002 -0.099]]
----------------------------------------------------------------------------------------
   Cr2   Cr1   ( -1,   2,   0)  0.0064   (-1.970,  0.000, -10.234) 10.422 
J_iso:  0.0064 
[Testing!] Jprime: 0.102,  B: -0.050
[Testing!] DMI: (-0.0000 -0.0000 -0.0000)
[Testing!]J_ani:
[[-0.004 -0.     0.012]
 [-0.    -0.003 -0.002]
 [ 0.012 -0.002 -0.099]]
----------------------------------------------------------------------------------------
   Cr1   Cr2   (  1,  -2,   0)  0.0064   ( 1.970, -0.000, 10.234) 10.422 
J_iso:  0.0064 
[Testing!] Jprime: 0.102,  B: -0.050
[Testing!] DMI: ( 0.0000  0.0000  0.0000)
[Testing!]J_ani:
[[-0.004 -0.     0.012]
 [-0.    -0.003 -0.002]
 [ 0.012 -0.002 -0.099]]
----------------------------------------------------------------------------------------
   Cr2   Cr1   (  2,  -1,   0)  0.0064   (-1.970,  0.000, 10.234) 10.422 
J_iso:  0.0064 
[Testing!] Jprime: 0.102,  B: -0.050
[Testing!] DMI: (-0.0000  0.0000  0.0000)
[Testing!]J_ani:
[[-0.004  0.    -0.012]
 [ 0.    -0.003 -0.002]
 [-0.012 -0.002 -0.099]]
----------------------------------------------------------------------------------------
   Cr1   Cr2   ( -2,   0,   0)  0.0091   ( 7.878, -0.000, -6.823) 10.422 
J_iso:  0.0091 
[Testing!] Jprime: 0.100,  B: -0.048
[Testing!] DMI: ( 0.0000 -0.0000 -0.0000)
[Testing!]J_ani:
[[-0.005  0.001  0.011]
 [ 0.001 -0.005  0.003]
 [ 0.011  0.003 -0.096]]
----------------------------------------------------------------------------------------
   Cr2   Cr1   (  0,   2,   0)  0.0091   (-7.878,  0.000, -6.823) 10.422 
J_iso:  0.0091 
[Testing!] Jprime: 0.100,  B: -0.048
[Testing!] DMI: ( 0.0000  0.0000  0.0000)
[Testing!]J_ani:
[[-0.005 -0.001 -0.011]
 [-0.001 -0.005  0.003]
 [-0.011  0.003 -0.096]]
----------------------------------------------------------------------------------------
   Cr2   Cr1   (  2,   0,   0)  0.0091   (-7.878,  0.000,  6.823) 10.422 
J_iso:  0.0091 
[Testing!] Jprime: 0.100,  B: -0.048
[Testing!] DMI: (-0.0000  0.0000  0.0000)
[Testing!]J_ani:
[[-0.005  0.001  0.011]
 [ 0.001 -0.005  0.003]
 [ 0.011  0.003 -0.096]]
----------------------------------------------------------------------------------------
   Cr1   Cr2   (  0,  -2,   0)  0.0091   ( 7.878, -0.000,  6.823) 10.422 
J_iso:  0.0091 
[Testing!] Jprime: 0.100,  B: -0.048
[Testing!] DMI: (-0.0000 -0.0000 -0.0000)
[Testing!]J_ani:
[[-0.005 -0.001 -0.011]
 [-0.001 -0.005  0.003]
 [-0.011  0.003 -0.096]]
----------------------------------------------------------------------------------------
   Cr2   Cr1   ( -1,   0,   0)  0.0091   ( 9.848,  0.000, -3.411) 10.422 
J_iso:  0.0091 
[Testing!] Jprime: 0.104,  B: -0.050
[Testing!] DMI: ( 0.0000  0.0000 -0.0000)
[Testing!]J_ani:
[[-0.003  0.    -0.009]
 [ 0.    -0.006 -0.001]
 [-0.009 -0.001 -0.099]]
----------------------------------------------------------------------------------------
   Cr2   Cr1   (  0,  -1,   0)  0.0091   ( 9.848,  0.000,  3.411) 10.422 
J_iso:  0.0091 
[Testing!] Jprime: 0.104,  B: -0.050
[Testing!] DMI: (-0.0000 -0.0000  0.0000)
[Testing!]J_ani:
[[-0.003 -0.     0.009]
 [-0.    -0.006 -0.001]
 [ 0.009 -0.001 -0.099]]
----------------------------------------------------------------------------------------
   Cr1   Cr2   (  0,   1,   0)  0.0091   (-9.848, -0.000, -3.411) 10.422 
J_iso:  0.0091 
[Testing!] Jprime: 0.104,  B: -0.050
[Testing!] DMI: ( 0.0000  0.0000 -0.0000)
[Testing!]J_ani:
[[-0.003 -0.     0.009]
 [-0.    -0.006 -0.001]
 [ 0.009 -0.001 -0.099]]
----------------------------------------------------------------------------------------
   Cr1   Cr2   (  1,   0,   0)  0.0091   (-9.848, -0.000,  3.411) 10.422 
J_iso:  0.0091 
[Testing!] Jprime: 0.104,  B: -0.050
[Testing!] DMI: (-0.0000 -0.0000  0.0000)
[Testing!]J_ani:
[[-0.003  0.    -0.009]
 [ 0.    -0.006 -0.001]
 [-0.009 -0.001 -0.099]]
----------------------------------------------------------------------------------------
   Cr1   Cr1   ( -2,   1,   0) -0.0208   ( 5.909, -0.000, -10.234) 11.817 
J_iso: -0.0208 
[Testing!] Jprime: 0.015,  B: -0.019
[Testing!] DMI: (-0.0033  0.0001  0.0044)
[Testing!]J_ani:
[[-0.003  0.001  0.   ]
 [ 0.001 -0.003 -0.002]
 [ 0.    -0.002 -0.039]]
----------------------------------------------------------------------------------------
   Cr2   Cr2   ( -2,   1,   0) -0.0208   ( 5.909, -0.000, -10.234) 11.817 
J_iso: -0.0208 
[Testing!] Jprime: 0.015,  B: -0.019
[Testing!] DMI: ( 0.0033 -0.0001 -0.0044)
[Testing!]J_ani:
[[-0.003  0.001  0.   ]
 [ 0.001 -0.003 -0.002]
 [ 0.    -0.002 -0.039]]
----------------------------------------------------------------------------------------
   Cr1   Cr1   ( -1,   2,   0) -0.0208   (-5.909, -0.000, -10.234) 11.817 
J_iso: -0.0208 
[Testing!] Jprime: 0.015,  B: -0.019
[Testing!] DMI: ( 0.0033  0.0001  0.0044)
[Testing!]J_ani:
[[-0.003 -0.001 -0.   ]
 [-0.001 -0.003 -0.002]
 [-0.    -0.002 -0.039]]
----------------------------------------------------------------------------------------
   Cr2   Cr2   ( -1,   2,   0) -0.0208   (-5.909, -0.000, -10.234) 11.817 
J_iso: -0.0208 
[Testing!] Jprime: 0.015,  B: -0.019
[Testing!] DMI: (-0.0033 -0.0001 -0.0044)
[Testing!]J_ani:
[[-0.003 -0.001 -0.   ]
 [-0.001 -0.003 -0.002]
 [-0.    -0.002 -0.039]]
----------------------------------------------------------------------------------------
   Cr1   Cr1   (  1,  -2,   0) -0.0208   ( 5.909,  0.000, 10.234) 11.817 
J_iso: -0.0208 
[Testing!] Jprime: 0.015,  B: -0.019
[Testing!] DMI: (-0.0033 -0.0001 -0.0044)
[Testing!]J_ani:
[[-0.003 -0.001 -0.   ]
 [-0.001 -0.003 -0.002]
 [-0.    -0.002 -0.039]]
----------------------------------------------------------------------------------------
   Cr2   Cr2   (  1,  -2,   0) -0.0208   ( 5.909,  0.000, 10.234) 11.817 
J_iso: -0.0208 
[Testing!] Jprime: 0.015,  B: -0.019
[Testing!] DMI: ( 0.0033  0.0001  0.0044)
[Testing!]J_ani:
[[-0.003 -0.001 -0.   ]
 [-0.001 -0.003 -0.002]
 [-0.    -0.002 -0.039]]
----------------------------------------------------------------------------------------
   Cr1   Cr1   (  2,  -1,   0) -0.0208   (-5.909,  0.000, 10.234) 11.817 
J_iso: -0.0208 
[Testing!] Jprime: 0.015,  B: -0.019
[Testing!] DMI: ( 0.0033 -0.0001 -0.0044)
[Testing!]J_ani:
[[-0.003  0.001  0.   ]
 [ 0.001 -0.003 -0.002]
 [ 0.    -0.002 -0.039]]
----------------------------------------------------------------------------------------
   Cr2   Cr2   (  2,  -1,   0) -0.0208   (-5.909,  0.000, 10.234) 11.817 
J_iso: -0.0208 
[Testing!] Jprime: 0.015,  B: -0.019
[Testing!] DMI: (-0.0033  0.0001  0.0044)
[Testing!]J_ani:
[[-0.003  0.001  0.   ]
 [ 0.001 -0.003 -0.002]
 [ 0.    -0.002 -0.039]]
----------------------------------------------------------------------------------------
   Cr1   Cr1   (  1,   1,   0) -0.0197   (-11.817,  0.000,  0.000) 11.817 
J_iso: -0.0197 
[Testing!] Jprime: 0.016,  B: -0.019
[Testing!] DMI: ( 0.0069  0.0000 -0.0000)
[Testing!]J_ani:
[[-0.003  0.    -0.   ]
 [ 0.    -0.003  0.003]
 [-0.     0.003 -0.039]]
----------------------------------------------------------------------------------------
   Cr1   Cr1   ( -1,  -1,   0) -0.0197   (11.817,  0.000,  0.000) 11.817 
J_iso: -0.0197 
[Testing!] Jprime: 0.016,  B: -0.019
[Testing!] DMI: (-0.0069 -0.0000  0.0000)
[Testing!]J_ani:
[[-0.003  0.    -0.   ]
 [ 0.    -0.003  0.003]
 [-0.     0.003 -0.039]]
----------------------------------------------------------------------------------------
   Cr2   Cr2   ( -1,  -1,   0) -0.0197   (11.817,  0.000,  0.000) 11.817 
J_iso: -0.0197 
[Testing!] Jprime: 0.016,  B: -0.019
[Testing!] DMI: ( 0.0069  0.0000 -0.0000)
[Testing!]J_ani:
[[-0.003  0.    -0.   ]
 [ 0.    -0.003  0.003]
 [-0.     0.003 -0.039]]
----------------------------------------------------------------------------------------
   Cr2   Cr2   (  1,   1,   0) -0.0197   (-11.817,  0.000,  0.000) 11.817 
J_iso: -0.0197 
[Testing!] Jprime: 0.016,  B: -0.019
[Testing!] DMI: (-0.0069 -0.0000  0.0000)
[Testing!]J_ani:
[[-0.003  0.    -0.   ]
 [ 0.    -0.003  0.003]
 [-0.     0.003 -0.039]]
----------------------------------------------------------------------------------------
   Cr1   Cr1   ( -2,   2,   0) -0.0063   ( 0.000, -0.000, -13.645) 13.645 
J_iso: -0.0063 
[Testing!] Jprime: -0.002,  B: -0.003
[Testing!] DMI: (-0.0000  0.0020 -0.0011)
[Testing!]J_ani:
[[-0.001  0.    -0.   ]
 [ 0.    -0.001  0.   ]
 [-0.     0.    -0.005]]
----------------------------------------------------------------------------------------
   Cr2   Cr2   ( -2,   2,   0) -0.0063   ( 0.000, -0.000, -13.645) 13.645 
J_iso: -0.0063 
[Testing!] Jprime: -0.002,  B: -0.003
[Testing!] DMI: ( 0.0000 -0.0020  0.0011)
[Testing!]J_ani:
[[-0.001  0.    -0.   ]
 [ 0.    -0.001  0.   ]
 [-0.     0.    -0.005]]
----------------------------------------------------------------------------------------
   Cr1   Cr1   (  2,  -2,   0) -0.0063   ( 0.000,  0.000, 13.645) 13.645 
J_iso: -0.0063 
[Testing!] Jprime: -0.002,  B: -0.003
[Testing!] DMI: ( 0.0000 -0.0020  0.0011)
[Testing!]J_ani:
[[-0.001  0.    -0.   ]
 [ 0.    -0.001  0.   ]
 [-0.     0.    -0.005]]
----------------------------------------------------------------------------------------
   Cr2   Cr2   (  2,  -2,   0) -0.0063   ( 0.000,  0.000, 13.645) 13.645 
J_iso: -0.0063 
[Testing!] Jprime: -0.002,  B: -0.003
[Testing!] DMI: (-0.0000  0.0020 -0.0011)
[Testing!]J_ani:
[[-0.001  0.    -0.   ]
 [ 0.    -0.001  0.   ]
 [-0.     0.    -0.005]]
----------------------------------------------------------------------------------------
   Cr1   Cr1   (  0,   2,   0) -0.0064   (-11.817,  0.000, -6.823) 13.645 
J_iso: -0.0064 
[Testing!] Jprime: -0.002,  B: -0.002
[Testing!] DMI: ( 0.0007 -0.0019 -0.0006)
[Testing!]J_ani:
[[-0.001  0.    -0.   ]
 [ 0.    -0.001 -0.   ]
 [-0.    -0.    -0.005]]
----------------------------------------------------------------------------------------
   Cr1   Cr1   (  2,   0,   0) -0.0064   (-11.817,  0.000,  6.823) 13.645 
J_iso: -0.0064 
[Testing!] Jprime: -0.002,  B: -0.002
[Testing!] DMI: ( 0.0007  0.0019  0.0006)
[Testing!]J_ani:
[[-0.001 -0.     0.   ]
 [-0.    -0.001 -0.   ]
 [ 0.    -0.    -0.005]]
----------------------------------------------------------------------------------------
   Cr1   Cr1   ( -2,   0,   0) -0.0064   (11.817,  0.000, -6.823) 13.645 
J_iso: -0.0064 
[Testing!] Jprime: -0.002,  B: -0.002
[Testing!] DMI: (-0.0007 -0.0019 -0.0006)
[Testing!]J_ani:
[[-0.001 -0.     0.   ]
 [-0.    -0.001 -0.   ]
 [ 0.    -0.    -0.005]]
----------------------------------------------------------------------------------------
   Cr2   Cr2   ( -2,   0,   0) -0.0064   (11.817,  0.000, -6.823) 13.645 
J_iso: -0.0064 
[Testing!] Jprime: -0.002,  B: -0.002
[Testing!] DMI: ( 0.0007  0.0019  0.0006)
[Testing!]J_ani:
[[-0.001 -0.     0.   ]
 [-0.    -0.001 -0.   ]
 [ 0.    -0.    -0.005]]
----------------------------------------------------------------------------------------
   Cr1   Cr1   (  0,  -2,   0) -0.0064   (11.817,  0.000,  6.823) 13.645 
J_iso: -0.0064 
[Testing!] Jprime: -0.002,  B: -0.002
[Testing!] DMI: (-0.0007  0.0019  0.0006)
[Testing!]J_ani:
[[-0.001  0.    -0.   ]
 [ 0.    -0.001 -0.   ]
 [-0.    -0.    -0.005]]
----------------------------------------------------------------------------------------
   Cr2   Cr2   (  0,  -2,   0) -0.0064   (11.817,  0.000,  6.823) 13.645 
J_iso: -0.0064 
[Testing!] Jprime: -0.002,  B: -0.002
[Testing!] DMI: ( 0.0007 -0.0019 -0.0006)
[Testing!]J_ani:
[[-0.001  0.    -0.   ]
 [ 0.    -0.001 -0.   ]
 [-0.    -0.    -0.005]]
----------------------------------------------------------------------------------------
   Cr2   Cr2   (  0,   2,   0) -0.0064   (-11.817,  0.000, -6.823) 13.645 
J_iso: -0.0064 
[Testing!] Jprime: -0.002,  B: -0.002
[Testing!] DMI: (-0.0007  0.0019  0.0006)
[Testing!]J_ani:
[[-0.001  0.    -0.   ]
 [ 0.    -0.001 -0.   ]
 [-0.    -0.    -0.005]]
----------------------------------------------------------------------------------------
   Cr2   Cr2   (  2,   0,   0) -0.0064   (-11.817,  0.000,  6.823) 13.645 
J_iso: -0.0064 
[Testing!] Jprime: -0.002,  B: -0.002
[Testing!] DMI: (-0.0007 -0.0019 -0.0006)
[Testing!]J_ani:
[[-0.001 -0.     0.   ]
 [-0.    -0.001 -0.   ]
 [ 0.    -0.    -0.005]]
----------------------------------------------------------------------------------------
   Cr1   Cr2   ( -2,   2,   0)  0.0008   (-3.939, -0.000, -13.645) 14.202 
J_iso:  0.0008 
[Testing!] Jprime: 0.006,  B: -0.003
[Testing!] DMI: (-0.0000 -0.0000  0.0000)
[Testing!]J_ani:
[[-0.001  0.001 -0.   ]
 [ 0.001 -0.     0.   ]
 [-0.     0.    -0.006]]
----------------------------------------------------------------------------------------
   Cr2   Cr1   ( -2,   2,   0)  0.0008   ( 3.939,  0.000, -13.645) 14.202 
J_iso:  0.0008 
[Testing!] Jprime: 0.006,  B: -0.003
[Testing!] DMI: ( 0.0000 -0.0000  0.0000)
[Testing!]J_ani:
[[-0.001 -0.001  0.   ]
 [-0.001 -0.     0.   ]
 [ 0.     0.    -0.006]]
----------------------------------------------------------------------------------------
   Cr1   Cr2   (  2,  -2,   0)  0.0008   (-3.939, -0.000, 13.645) 14.202 
J_iso:  0.0008 
[Testing!] Jprime: 0.006,  B: -0.003
[Testing!] DMI: (-0.0000  0.0000 -0.0000)
[Testing!]J_ani:
[[-0.001 -0.001  0.   ]
 [-0.001 -0.     0.   ]
 [ 0.     0.    -0.006]]
----------------------------------------------------------------------------------------
   Cr2   Cr1   (  2,  -2,   0)  0.0008   ( 3.939,  0.000, 13.645) 14.202 
J_iso:  0.0008 
[Testing!] Jprime: 0.006,  B: -0.003
[Testing!] DMI: ( 0.0000  0.0000 -0.0000)
[Testing!]J_ani:
[[-0.001  0.001 -0.   ]
 [ 0.001 -0.     0.   ]
 [-0.     0.    -0.006]]
----------------------------------------------------------------------------------------
   Cr2   Cr1   ( -2,   1,   0)  0.0004   ( 9.848,  0.000, -10.234) 14.202 
J_iso:  0.0004 
[Testing!] Jprime: 0.006,  B: -0.003
[Testing!] DMI: ( 0.0000  0.0000  0.0000)
[Testing!]J_ani:
[[-0.001 -0.     0.   ]
 [-0.    -0.    -0.   ]
 [ 0.    -0.    -0.006]]
----------------------------------------------------------------------------------------
   Cr1   Cr2   ( -1,   2,   0)  0.0004   (-9.848, -0.000, -10.234) 14.202 
J_iso:  0.0004 
[Testing!] Jprime: 0.006,  B: -0.003
[Testing!] DMI: (-0.0000  0.0000 -0.0000)
[Testing!]J_ani:
[[-0.001  0.    -0.   ]
 [ 0.    -0.    -0.   ]
 [-0.    -0.    -0.006]]
----------------------------------------------------------------------------------------
   Cr2   Cr1   (  1,  -2,   0)  0.0004   ( 9.848,  0.000, 10.234) 14.202 
J_iso:  0.0004 
[Testing!] Jprime: 0.006,  B: -0.003
[Testing!] DMI: ( 0.0000 -0.0000  0.0000)
[Testing!]J_ani:
[[-0.001  0.    -0.   ]
 [ 0.    -0.    -0.   ]
 [-0.    -0.    -0.006]]
----------------------------------------------------------------------------------------
   Cr1   Cr2   (  2,  -1,   0)  0.0004   (-9.848, -0.000, 10.234) 14.202 
J_iso:  0.0004 
[Testing!] Jprime: 0.006,  B: -0.003
[Testing!] DMI: (-0.0000 -0.0000 -0.0000)
[Testing!]J_ani:
[[-0.001 -0.     0.   ]
 [-0.    -0.    -0.   ]
 [ 0.    -0.    -0.006]]
----------------------------------------------------------------------------------------
   Cr1   Cr2   ( -2,  -1,   0)  0.0005   (13.787, -0.000, -3.411) 14.202 
J_iso:  0.0005 
[Testing!] Jprime: 0.006,  B: -0.003
[Testing!] DMI: ( 0.0000  0.0000  0.0000)
[Testing!]J_ani:
[[-0.001  0.001 -0.   ]
 [ 0.001 -0.    -0.   ]
 [-0.    -0.    -0.006]]
----------------------------------------------------------------------------------------
   Cr1   Cr2   ( -1,  -2,   0)  0.0005   (13.787, -0.000,  3.411) 14.202 
J_iso:  0.0005 
[Testing!] Jprime: 0.006,  B: -0.003
[Testing!] DMI: (-0.0000  0.0000 -0.0000)
[Testing!]J_ani:
[[-0.001 -0.001  0.   ]
 [-0.001 -0.    -0.   ]
 [ 0.    -0.    -0.006]]
----------------------------------------------------------------------------------------
   Cr2   Cr1   (  1,   2,   0)  0.0005   (-13.787,  0.000, -3.411) 14.202 
J_iso:  0.0005 
[Testing!] Jprime: 0.006,  B: -0.003
[Testing!] DMI: ( 0.0000 -0.0000  0.0000)
[Testing!]J_ani:
[[-0.001 -0.001  0.   ]
 [-0.001 -0.    -0.   ]
 [ 0.    -0.    -0.006]]
----------------------------------------------------------------------------------------
   Cr2   Cr1   (  2,   1,   0)  0.0005   (-13.787,  0.000,  3.411) 14.202 
J_iso:  0.0005 
[Testing!] Jprime: 0.006,  B: -0.003
[Testing!] DMI: (-0.0000 -0.0000 -0.0000)
[Testing!]J_ani:
[[-0.001  0.001 -0.   ]
 [ 0.001 -0.    -0.   ]
 [-0.    -0.    -0.006]]
----------------------------------------------------------------------------------------
   Cr2   Cr1   ( -1,   3,   0) -0.0047   (-7.878,  0.000, -13.645) 15.756 
J_iso: -0.0047 
[Testing!] Jprime: 0.002,  B: -0.004
[Testing!] DMI: (-0.0000 -0.0000 -0.0000)
[Testing!]J_ani:
[[-0.    -0.    -0.   ]
 [-0.    -0.001 -0.   ]
 [-0.    -0.    -0.007]]
----------------------------------------------------------------------------------------
   Cr1   Cr2   (  1,  -3,   0) -0.0047   ( 7.878, -0.000, 13.645) 15.756 
J_iso: -0.0047 
[Testing!] Jprime: 0.002,  B: -0.004
[Testing!] DMI: ( 0.0000  0.0000  0.0000)
[Testing!]J_ani:
[[-0.    -0.    -0.   ]
 [-0.    -0.001 -0.   ]
 [-0.    -0.    -0.007]]
----------------------------------------------------------------------------------------
   Cr1   Cr2   ( -3,   1,   0) -0.0047   ( 7.878, -0.000, -13.645) 15.756 
J_iso: -0.0047 
[Testing!] Jprime: 0.002,  B: -0.004
[Testing!] DMI: (-0.0000 -0.0000 -0.0000)
[Testing!]J_ani:
[[-0.     0.     0.   ]
 [ 0.    -0.001 -0.   ]
 [ 0.    -0.    -0.007]]
----------------------------------------------------------------------------------------
   Cr2   Cr1   (  3,  -1,   0) -0.0047   (-7.878,  0.000, 13.645) 15.756 
J_iso: -0.0047 
[Testing!] Jprime: 0.002,  B: -0.004
[Testing!] DMI: ( 0.0000  0.0000  0.0000)
[Testing!]J_ani:
[[-0.     0.     0.   ]
 [ 0.    -0.001 -0.   ]
 [ 0.    -0.    -0.007]]
----------------------------------------------------------------------------------------
   Cr2   Cr1   ( -1,  -1,   0) -0.0040   (15.756,  0.000, -0.000) 15.756 
J_iso: -0.0040 
[Testing!] Jprime: 0.003,  B: -0.004
[Testing!] DMI: (-0.0000 -0.0000  0.0000)
[Testing!]J_ani:
[[-0.001 -0.    -0.   ]
 [-0.    -0.001  0.001]
 [-0.     0.001 -0.007]]
----------------------------------------------------------------------------------------
   Cr1   Cr2   (  1,   1,   0) -0.0040   (-15.756, -0.000,  0.000) 15.756 
J_iso: -0.0040 
[Testing!] Jprime: 0.003,  B: -0.004
[Testing!] DMI: ( 0.0000  0.0000 -0.0000)
[Testing!]J_ani:
[[-0.001 -0.    -0.   ]
 [-0.    -0.001  0.001]
 [-0.     0.001 -0.007]]
----------------------------------------------------------------------------------------
   Cr1   Cr2   ( -3,   2,   0) -0.0005   ( 1.970, -0.000, -17.057) 17.170 
J_iso: -0.0005 
[Testing!] Jprime: 0.001,  B: -0.001
[Testing!] DMI: (-0.0000  0.0000  0.0000)
[Testing!]J_ani:
[[-0.     0.    -0.   ]
 [ 0.    -0.     0.   ]
 [-0.     0.    -0.002]]
----------------------------------------------------------------------------------------
   Cr2   Cr1   ( -2,   3,   0) -0.0005   (-1.970,  0.000, -17.057) 17.170 
J_iso: -0.0005 
[Testing!] Jprime: 0.001,  B: -0.001
[Testing!] DMI: ( 0.0000  0.0000  0.0000)
[Testing!]J_ani:
[[-0.    -0.     0.   ]
 [-0.    -0.     0.   ]
 [ 0.     0.    -0.002]]
----------------------------------------------------------------------------------------
   Cr1   Cr2   (  2,  -3,   0) -0.0005   ( 1.970, -0.000, 17.057) 17.170 
J_iso: -0.0005 
[Testing!] Jprime: 0.001,  B: -0.001
[Testing!] DMI: (-0.0000 -0.0000 -0.0000)
[Testing!]J_ani:
[[-0.    -0.     0.   ]
 [-0.    -0.     0.   ]
 [ 0.     0.    -0.002]]
----------------------------------------------------------------------------------------
   Cr2   Cr1   (  3,  -2,   0) -0.0005   (-1.970,  0.000, 17.057) 17.170 
J_iso: -0.0005 
[Testing!] Jprime: 0.001,  B: -0.001
[Testing!] DMI: ( 0.0000 -0.0000 -0.0000)
[Testing!]J_ani:
[[-0.     0.    -0.   ]
 [ 0.    -0.     0.   ]
 [-0.     0.    -0.002]]
----------------------------------------------------------------------------------------
   Cr1   Cr2   ( -3,   0,   0) -0.0005   (13.787, -0.000, -10.234) 17.170 
J_iso: -0.0005 
[Testing!] Jprime: 0.001,  B: -0.001
[Testing!] DMI: (-0.0000 -0.0000  0.0000)
[Testing!]J_ani:
[[-0.     0.     0.   ]
 [ 0.    -0.    -0.   ]
 [ 0.    -0.    -0.002]]
----------------------------------------------------------------------------------------
   Cr1   Cr2   (  0,  -3,   0) -0.0005   (13.787, -0.000, 10.234) 17.170 
J_iso: -0.0005 
[Testing!] Jprime: 0.001,  B: -0.001
[Testing!] DMI: (-0.0000  0.0000  0.0000)
[Testing!]J_ani:
[[-0.    -0.    -0.   ]
 [-0.    -0.    -0.   ]
 [-0.    -0.    -0.002]]
----------------------------------------------------------------------------------------
   Cr2   Cr1   (  0,   3,   0) -0.0005   (-13.787,  0.000, -10.234) 17.170 
J_iso: -0.0005 
[Testing!] Jprime: 0.001,  B: -0.001
[Testing!] DMI: ( 0.0000 -0.0000 -0.0000)
[Testing!]J_ani:
[[-0.    -0.    -0.   ]
 [-0.    -0.    -0.   ]
 [-0.    -0.    -0.002]]
----------------------------------------------------------------------------------------
   Cr2   Cr1   (  3,   0,   0) -0.0005   (-13.787,  0.000, 10.234) 17.170 
J_iso: -0.0005 
[Testing!] Jprime: 0.001,  B: -0.001
[Testing!] DMI: ( 0.0000  0.0000 -0.0000)
[Testing!]J_ani:
[[-0.     0.     0.   ]
 [ 0.    -0.    -0.   ]
 [ 0.    -0.    -0.002]]
----------------------------------------------------------------------------------------
   Cr2   Cr1   ( -2,   0,   0) -0.0005   (15.756,  0.000, -6.823) 17.170 
J_iso: -0.0005 
[Testing!] Jprime: 0.001,  B: -0.001
[Testing!] DMI: (-0.0000 -0.0000  0.0000)
[Testing!]J_ani:
[[-0.    -0.    -0.   ]
 [-0.    -0.     0.   ]
 [-0.     0.    -0.002]]
----------------------------------------------------------------------------------------
   Cr2   Cr1   (  0,  -2,   0) -0.0005   (15.756,  0.000,  6.823) 17.170 
J_iso: -0.0005 
[Testing!] Jprime: 0.001,  B: -0.001
[Testing!] DMI: ( 0.0000  0.0000  0.0000)
[Testing!]J_ani:
[[-0.     0.     0.   ]
 [ 0.    -0.     0.   ]
 [ 0.     0.    -0.002]]
----------------------------------------------------------------------------------------
   Cr1   Cr2   (  0,   2,   0) -0.0005   (-15.756, -0.000, -6.823) 17.170 
J_iso: -0.0005 
[Testing!] Jprime: 0.001,  B: -0.001
[Testing!] DMI: (-0.0000 -0.0000 -0.0000)
[Testing!]J_ani:
[[-0.     0.     0.   ]
 [ 0.    -0.     0.   ]
 [ 0.     0.    -0.002]]
----------------------------------------------------------------------------------------
   Cr1   Cr2   (  2,   0,   0) -0.0005   (-15.756, -0.000,  6.823) 17.170 
J_iso: -0.0005 
[Testing!] Jprime: 0.001,  B: -0.001
[Testing!] DMI: ( 0.0000  0.0000 -0.0000)
[Testing!]J_ani:
[[-0.    -0.    -0.   ]
 [-0.    -0.     0.   ]
 [-0.     0.    -0.002]]
----------------------------------------------------------------------------------------
   Cr1   Cr1   ( -3,   2,   0)  0.0002   ( 5.909, -0.000, -17.057) 18.051 
J_iso:  0.0002 
[Testing!] Jprime: 0.001,  B: -0.001
[Testing!] DMI: (-0.0000  0.0001 -0.0000)
[Testing!]J_ani:
[[-0.    -0.    -0.   ]
 [-0.    -0.    -0.   ]
 [-0.    -0.    -0.001]]
----------------------------------------------------------------------------------------
   Cr2   Cr2   ( -3,   2,   0)  0.0002   ( 5.909, -0.000, -17.057) 18.051 
J_iso:  0.0002 
[Testing!] Jprime: 0.001,  B: -0.001
[Testing!] DMI: ( 0.0000 -0.0001  0.0000)
[Testing!]J_ani:
[[-0.    -0.    -0.   ]
 [-0.    -0.    -0.   ]
 [-0.    -0.    -0.001]]
----------------------------------------------------------------------------------------
   Cr1   Cr1   ( -2,   3,   0)  0.0002   (-5.909, -0.000, -17.057) 18.051 
J_iso:  0.0002 
[Testing!] Jprime: 0.001,  B: -0.001
[Testing!] DMI: ( 0.0000  0.0001 -0.0000)
[Testing!]J_ani:
[[-0.     0.     0.   ]
 [ 0.    -0.    -0.   ]
 [ 0.    -0.    -0.001]]
----------------------------------------------------------------------------------------
   Cr2   Cr2   ( -2,   3,   0)  0.0002   (-5.909, -0.000, -17.057) 18.051 
J_iso:  0.0002 
[Testing!] Jprime: 0.001,  B: -0.001
[Testing!] DMI: (-0.0000 -0.0001  0.0000)
[Testing!]J_ani:
[[-0.     0.     0.   ]
 [ 0.    -0.    -0.   ]
 [ 0.    -0.    -0.001]]
----------------------------------------------------------------------------------------
   Cr1   Cr1   (  2,  -3,   0)  0.0002   ( 5.909,  0.000, 17.057) 18.051 
J_iso:  0.0002 
[Testing!] Jprime: 0.001,  B: -0.001
[Testing!] DMI: (-0.0000 -0.0001  0.0000)
[Testing!]J_ani:
[[-0.     0.     0.   ]
 [ 0.    -0.    -0.   ]
 [ 0.    -0.    -0.001]]
----------------------------------------------------------------------------------------
   Cr2   Cr2   (  2,  -3,   0)  0.0002   ( 5.909,  0.000, 17.057) 18.051 
J_iso:  0.0002 
[Testing!] Jprime: 0.001,  B: -0.001
[Testing!] DMI: ( 0.0000  0.0001 -0.0000)
[Testing!]J_ani:
[[-0.     0.     0.   ]
 [ 0.    -0.    -0.   ]
 [ 0.    -0.    -0.001]]
----------------------------------------------------------------------------------------
   Cr1   Cr1   (  3,  -2,   0)  0.0002   (-5.909,  0.000, 17.057) 18.051 
J_iso:  0.0002 
[Testing!] Jprime: 0.001,  B: -0.001
[Testing!] DMI: ( 0.0000 -0.0001  0.0000)
[Testing!]J_ani:
[[-0.    -0.    -0.   ]
 [-0.    -0.    -0.   ]
 [-0.    -0.    -0.001]]
----------------------------------------------------------------------------------------
   Cr2   Cr2   (  3,  -2,   0)  0.0002   (-5.909,  0.000, 17.057) 18.051 
J_iso:  0.0002 
[Testing!] Jprime: 0.001,  B: -0.001
[Testing!] DMI: (-0.0000  0.0001 -0.0000)
[Testing!]J_ani:
[[-0.    -0.    -0.   ]
 [-0.    -0.    -0.   ]
 [-0.    -0.    -0.001]]
----------------------------------------------------------------------------------------
   Cr1   Cr1   ( -3,   1,   0)  0.0002   (11.817, -0.000, -13.645) 18.051 
J_iso:  0.0002 
[Testing!] Jprime: 0.001,  B: -0.001
[Testing!] DMI: (-0.0001 -0.0001  0.0000)
[Testing!]J_ani:
[[-0.    -0.     0.   ]
 [-0.    -0.     0.   ]
 [ 0.     0.    -0.001]]
----------------------------------------------------------------------------------------
   Cr2   Cr2   ( -3,   1,   0)  0.0002   (11.817, -0.000, -13.645) 18.051 
J_iso:  0.0002 
[Testing!] Jprime: 0.001,  B: -0.001
[Testing!] DMI: ( 0.0001  0.0001 -0.0000)
[Testing!]J_ani:
[[-0.    -0.     0.   ]
 [-0.    -0.     0.   ]
 [ 0.     0.    -0.001]]
----------------------------------------------------------------------------------------
   Cr1   Cr1   ( -1,   3,   0)  0.0002   (-11.817, -0.000, -13.645) 18.051 
J_iso:  0.0002 
[Testing!] Jprime: 0.001,  B: -0.001
[Testing!] DMI: ( 0.0001 -0.0001  0.0000)
[Testing!]J_ani:
[[-0.     0.    -0.   ]
 [ 0.    -0.     0.   ]
 [-0.     0.    -0.001]]
----------------------------------------------------------------------------------------
   Cr2   Cr2   ( -1,   3,   0)  0.0002   (-11.817, -0.000, -13.645) 18.051 
J_iso:  0.0002 
[Testing!] Jprime: 0.001,  B: -0.001
[Testing!] DMI: (-0.0001  0.0001 -0.0000)
[Testing!]J_ani:
[[-0.     0.    -0.   ]
 [ 0.    -0.     0.   ]
 [-0.     0.    -0.001]]
----------------------------------------------------------------------------------------
   Cr1   Cr1   (  1,  -3,   0)  0.0002   (11.817,  0.000, 13.645) 18.051 
J_iso:  0.0002 
[Testing!] Jprime: 0.001,  B: -0.001
[Testing!] DMI: (-0.0001  0.0001 -0.0000)
[Testing!]J_ani:
[[-0.     0.    -0.   ]
 [ 0.    -0.     0.   ]
 [-0.     0.    -0.001]]
----------------------------------------------------------------------------------------
   Cr2   Cr2   (  1,  -3,   0)  0.0002   (11.817,  0.000, 13.645) 18.051 
J_iso:  0.0002 
[Testing!] Jprime: 0.001,  B: -0.001
[Testing!] DMI: ( 0.0001 -0.0001  0.0000)
[Testing!]J_ani:
[[-0.     0.    -0.   ]
 [ 0.    -0.     0.   ]
 [-0.     0.    -0.001]]
----------------------------------------------------------------------------------------
   Cr1   Cr1   (  3,  -1,   0)  0.0002   (-11.817,  0.000, 13.645) 18.051 
J_iso:  0.0002 
[Testing!] Jprime: 0.001,  B: -0.001
[Testing!] DMI: ( 0.0001  0.0001 -0.0000)
[Testing!]J_ani:
[[-0.    -0.     0.   ]
 [-0.    -0.     0.   ]
 [ 0.     0.    -0.001]]
----------------------------------------------------------------------------------------
   Cr2   Cr2   (  3,  -1,   0)  0.0002   (-11.817,  0.000, 13.645) 18.051 
J_iso:  0.0002 
[Testing!] Jprime: 0.001,  B: -0.001
[Testing!] DMI: (-0.0001 -0.0001  0.0000)
[Testing!]J_ani:
[[-0.    -0.     0.   ]
 [-0.    -0.     0.   ]
 [ 0.     0.    -0.001]]
----------------------------------------------------------------------------------------
   Cr2   Cr2   (  1,   2,   0)  0.0002   (-17.726,  0.000, -3.411) 18.051 
J_iso:  0.0002 
[Testing!] Jprime: 0.001,  B: -0.001
[Testing!] DMI: (-0.0001  0.0001  0.0000)
[Testing!]J_ani:
[[-0.    -0.     0.   ]
 [-0.    -0.     0.   ]
 [ 0.     0.    -0.001]]
----------------------------------------------------------------------------------------
   Cr2   Cr2   (  2,   1,   0)  0.0002   (-17.726,  0.000,  3.411) 18.051 
J_iso:  0.0002 
[Testing!] Jprime: 0.001,  B: -0.001
[Testing!] DMI: (-0.0001 -0.0001 -0.0000)
[Testing!]J_ani:
[[-0.     0.    -0.   ]
 [ 0.    -0.     0.   ]
 [-0.     0.    -0.001]]
----------------------------------------------------------------------------------------
   Cr1   Cr1   ( -2,  -1,   0)  0.0002   (17.726,  0.000, -3.411) 18.051 
J_iso:  0.0002 
[Testing!] Jprime: 0.001,  B: -0.001
[Testing!] DMI: (-0.0001 -0.0001 -0.0000)
[Testing!]J_ani:
[[-0.     0.    -0.   ]
 [ 0.    -0.     0.   ]
 [-0.     0.    -0.001]]
----------------------------------------------------------------------------------------
   Cr2   Cr2   ( -2,  -1,   0)  0.0002   (17.726,  0.000, -3.411) 18.051 
J_iso:  0.0002 
[Testing!] Jprime: 0.001,  B: -0.001
[Testing!] DMI: ( 0.0001  0.0001  0.0000)
[Testing!]J_ani:
[[-0.     0.    -0.   ]
 [ 0.    -0.     0.   ]
 [-0.     0.    -0.001]]
----------------------------------------------------------------------------------------
   Cr1   Cr1   ( -1,  -2,   0)  0.0002   (17.726,  0.000,  3.411) 18.051 
J_iso:  0.0002 
[Testing!] Jprime: 0.001,  B: -0.001
[Testing!] DMI: (-0.0001  0.0001  0.0000)
[Testing!]J_ani:
[[-0.    -0.     0.   ]
 [-0.    -0.     0.   ]
 [ 0.     0.    -0.001]]
----------------------------------------------------------------------------------------
   Cr2   Cr2   ( -1,  -2,   0)  0.0002   (17.726,  0.000,  3.411) 18.051 
J_iso:  0.0002 
[Testing!] Jprime: 0.001,  B: -0.001
[Testing!] DMI: ( 0.0001 -0.0001 -0.0000)
[Testing!]J_ani:
[[-0.    -0.     0.   ]
 [-0.    -0.     0.   ]
 [ 0.     0.    -0.001]]
----------------------------------------------------------------------------------------
   Cr1   Cr1   (  1,   2,   0)  0.0002   (-17.726,  0.000, -3.411) 18.051 
J_iso:  0.0002 
[Testing!] Jprime: 0.001,  B: -0.001
[Testing!] DMI: ( 0.0001 -0.0001 -0.0000)
[Testing!]J_ani:
[[-0.    -0.     0.   ]
 [-0.    -0.     0.   ]
 [ 0.     0.    -0.001]]
----------------------------------------------------------------------------------------
   Cr1   Cr1   (  2,   1,   0)  0.0002   (-17.726,  0.000,  3.411) 18.051 
J_iso:  0.0002 
[Testing!] Jprime: 0.001,  B: -0.001
[Testing!] DMI: ( 0.0001  0.0001  0.0000)
[Testing!]J_ani:
[[-0.     0.    -0.   ]
 [ 0.    -0.     0.   ]
 [-0.     0.    -0.001]]
----------------------------------------------------------------------------------------
   Cr2   Cr1   ( -3,   2,   0)  0.0000   ( 9.848,  0.000, -17.057) 19.695 
J_iso:  0.0000 
[Testing!] Jprime: 0.001,  B: -0.000
[Testing!] DMI: ( 0.0000 -0.0000  0.0000)
[Testing!]J_ani:
[[-0.     0.     0.   ]
 [ 0.    -0.    -0.   ]
 [ 0.    -0.    -0.001]]
----------------------------------------------------------------------------------------
   Cr1   Cr2   ( -2,   3,   0)  0.0000   (-9.848, -0.000, -17.057) 19.695 
J_iso:  0.0000 
[Testing!] Jprime: 0.001,  B: -0.000
[Testing!] DMI: (-0.0000  0.0000  0.0000)
[Testing!]J_ani:
[[-0.    -0.    -0.   ]
 [-0.    -0.    -0.   ]
 [-0.    -0.    -0.001]]
----------------------------------------------------------------------------------------
   Cr2   Cr1   (  2,  -3,   0)  0.0000   ( 9.848,  0.000, 17.057) 19.695 
J_iso:  0.0000 
[Testing!] Jprime: 0.001,  B: -0.000
[Testing!] DMI: ( 0.0000 -0.0000 -0.0000)
[Testing!]J_ani:
[[-0.    -0.    -0.   ]
 [-0.    -0.    -0.   ]
 [-0.    -0.    -0.001]]
----------------------------------------------------------------------------------------
   Cr1   Cr2   (  3,  -2,   0)  0.0000   (-9.848, -0.000, 17.057) 19.695 
J_iso:  0.0000 
[Testing!] Jprime: 0.001,  B: -0.000
[Testing!] DMI: (-0.0000  0.0000 -0.0000)
[Testing!]J_ani:
[[-0.     0.     0.   ]
 [ 0.    -0.    -0.   ]
 [ 0.    -0.    -0.001]]
----------------------------------------------------------------------------------------
   Cr1   Cr2   ( -2,  -2,   0)  0.0000   (19.695, -0.000,  0.000) 19.695 
J_iso:  0.0000 
[Testing!] Jprime: 0.001,  B: -0.000
[Testing!] DMI: (-0.0000 -0.0000 -0.0000)
[Testing!]J_ani:
[[-0.     0.    -0.   ]
 [ 0.    -0.     0.   ]
 [-0.     0.    -0.001]]
----------------------------------------------------------------------------------------
   Cr2   Cr1   (  2,   2,   0)  0.0000   (-19.695,  0.000, -0.000) 19.695 
J_iso:  0.0000 
[Testing!] Jprime: 0.001,  B: -0.000
[Testing!] DMI: ( 0.0000  0.0000  0.0000)
[Testing!]J_ani:
[[-0.     0.    -0.   ]
 [ 0.    -0.     0.   ]
 [-0.     0.    -0.001]]
----------------------------------------------------------------------------------------
   Cr1   Cr1   ( -3,   3,   0) -0.0000   ( 0.000, -0.000, -20.468) 20.468 
J_iso: -0.0000 
[Testing!] Jprime: 0.000,  B: -0.000
[Testing!] DMI: (-0.0000  0.0001  0.0001)
[Testing!]J_ani:
[[-0.    -0.    -0.   ]
 [-0.    -0.    -0.   ]
 [-0.    -0.    -0.001]]
----------------------------------------------------------------------------------------
   Cr2   Cr2   ( -3,   3,   0) -0.0000   ( 0.000, -0.000, -20.468) 20.468 
J_iso: -0.0000 
[Testing!] Jprime: 0.000,  B: -0.000
[Testing!] DMI: ( 0.0000 -0.0001 -0.0001)
[Testing!]J_ani:
[[-0.    -0.    -0.   ]
 [-0.    -0.    -0.   ]
 [-0.    -0.    -0.001]]
----------------------------------------------------------------------------------------
   Cr1   Cr1   (  3,  -3,   0) -0.0000   (-0.000,  0.000, 20.468) 20.468 
J_iso: -0.0000 
[Testing!] Jprime: 0.000,  B: -0.000
[Testing!] DMI: ( 0.0000 -0.0001 -0.0001)
[Testing!]J_ani:
[[-0.    -0.    -0.   ]
 [-0.    -0.    -0.   ]
 [-0.    -0.    -0.001]]
----------------------------------------------------------------------------------------
   Cr2   Cr2   (  3,  -3,   0) -0.0000   (-0.000,  0.000, 20.468) 20.468 
J_iso: -0.0000 
[Testing!] Jprime: 0.000,  B: -0.000
[Testing!] DMI: (-0.0000  0.0001  0.0001)
[Testing!]J_ani:
[[-0.    -0.    -0.   ]
 [-0.    -0.    -0.   ]
 [-0.    -0.    -0.001]]
----------------------------------------------------------------------------------------
   Cr2   Cr2   (  0,   3,   0) -0.0000   (-17.726, -0.000, -10.234) 20.468 
J_iso: -0.0000 
[Testing!] Jprime: 0.000,  B: -0.000
[Testing!] DMI: (-0.0000  0.0001 -0.0000)
[Testing!]J_ani:
[[-0.     0.     0.   ]
 [ 0.    -0.     0.   ]
 [ 0.     0.    -0.001]]
----------------------------------------------------------------------------------------
   Cr2   Cr2   (  3,   0,   0) -0.0000   (-17.726,  0.000, 10.234) 20.468 
J_iso: -0.0000 
[Testing!] Jprime: 0.000,  B: -0.000
[Testing!] DMI: (-0.0000 -0.0001  0.0000)
[Testing!]J_ani:
[[-0.    -0.    -0.   ]
 [-0.    -0.     0.   ]
 [-0.     0.    -0.001]]
----------------------------------------------------------------------------------------
   Cr1   Cr1   ( -3,   0,   0) -0.0000   (17.726, -0.000, -10.234) 20.468 
J_iso: -0.0000 
[Testing!] Jprime: 0.000,  B: -0.000
[Testing!] DMI: (-0.0000 -0.0001  0.0000)
[Testing!]J_ani:
[[-0.    -0.    -0.   ]
 [-0.    -0.     0.   ]
 [-0.     0.    -0.001]]
----------------------------------------------------------------------------------------
   Cr2   Cr2   ( -3,   0,   0) -0.0000   (17.726, -0.000, -10.234) 20.468 
J_iso: -0.0000 
[Testing!] Jprime: 0.000,  B: -0.000
[Testing!] DMI: ( 0.0000  0.0001 -0.0000)
[Testing!]J_ani:
[[-0.    -0.    -0.   ]
 [-0.    -0.     0.   ]
 [-0.     0.    -0.001]]
----------------------------------------------------------------------------------------
   Cr1   Cr1   (  0,  -3,   0) -0.0000   (17.726,  0.000, 10.234) 20.468 
J_iso: -0.0000 
[Testing!] Jprime: 0.000,  B: -0.000
[Testing!] DMI: (-0.0000  0.0001 -0.0000)
[Testing!]J_ani:
[[-0.     0.     0.   ]
 [ 0.    -0.     0.   ]
 [ 0.     0.    -0.001]]
----------------------------------------------------------------------------------------
   Cr2   Cr2   (  0,  -3,   0) -0.0000   (17.726,  0.000, 10.234) 20.468 
J_iso: -0.0000 
[Testing!] Jprime: 0.000,  B: -0.000
[Testing!] DMI: ( 0.0000 -0.0001  0.0000)
[Testing!]J_ani:
[[-0.     0.     0.   ]
 [ 0.    -0.     0.   ]
 [ 0.     0.    -0.001]]
----------------------------------------------------------------------------------------
   Cr1   Cr1   (  0,   3,   0) -0.0000   (-17.726, -0.000, -10.234) 20.468 
J_iso: -0.0000 
[Testing!] Jprime: 0.000,  B: -0.000
[Testing!] DMI: ( 0.0000 -0.0001  0.0000)
[Testing!]J_ani:
[[-0.     0.     0.   ]
 [ 0.    -0.     0.   ]
 [ 0.     0.    -0.001]]
----------------------------------------------------------------------------------------
   Cr1   Cr1   (  3,   0,   0) -0.0000   (-17.726,  0.000, 10.234) 20.468 
J_iso: -0.0000 
[Testing!] Jprime: 0.000,  B: -0.000
[Testing!] DMI: ( 0.0000  0.0001 -0.0000)
[Testing!]J_ani:
[[-0.    -0.    -0.   ]
 [-0.    -0.     0.   ]
 [-0.     0.    -0.001]]
----------------------------------------------------------------------------------------
   Cr1   Cr2   ( -3,   3,   0) -0.0001   (-3.939, -0.000, -20.468) 20.844 
J_iso: -0.0001 
[Testing!] Jprime: 0.000,  B: -0.000
[Testing!] DMI: ( 0.0000 -0.0000  0.0000)
[Testing!]J_ani:
[[-0.  0. -0.]
 [ 0. -0.  0.]
 [-0.  0. -0.]]
----------------------------------------------------------------------------------------
   Cr2   Cr1   ( -3,   3,   0) -0.0001   ( 3.939,  0.000, -20.468) 20.844 
J_iso: -0.0001 
[Testing!] Jprime: 0.000,  B: -0.000
[Testing!] DMI: (-0.0000 -0.0000  0.0000)
[Testing!]J_ani:
[[-0. -0.  0.]
 [-0. -0.  0.]
 [ 0.  0. -0.]]
----------------------------------------------------------------------------------------
   Cr1   Cr2   (  3,  -3,   0) -0.0001   (-3.939, -0.000, 20.468) 20.844 
J_iso: -0.0001 
[Testing!] Jprime: 0.000,  B: -0.000
[Testing!] DMI: ( 0.0000  0.0000 -0.0000)
[Testing!]J_ani:
[[-0. -0.  0.]
 [-0. -0.  0.]
 [ 0.  0. -0.]]
----------------------------------------------------------------------------------------
   Cr2   Cr1   (  3,  -3,   0) -0.0001   ( 3.939,  0.000, 20.468) 20.844 
J_iso: -0.0001 
[Testing!] Jprime: 0.000,  B: -0.000
[Testing!] DMI: (-0.0000  0.0000 -0.0000)
[Testing!]J_ani:
[[-0.  0. -0.]
 [ 0. -0.  0.]
 [-0.  0. -0.]]
----------------------------------------------------------------------------------------
   Cr1   Cr2   ( -1,   3,   0) -0.0001   (-15.756, -0.000, -13.645) 20.844 
J_iso: -0.0001 
[Testing!] Jprime: 0.000,  B: -0.000
[Testing!] DMI: ( 0.0000 -0.0000  0.0000)
[Testing!]J_ani:
[[-0. -0.  0.]
 [-0. -0.  0.]
 [ 0.  0. -0.]]
----------------------------------------------------------------------------------------
   Cr2   Cr1   (  1,  -3,   0) -0.0001   (15.756,  0.000, 13.645) 20.844 
J_iso: -0.0001 
[Testing!] Jprime: 0.000,  B: -0.000
[Testing!] DMI: (-0.0000  0.0000 -0.0000)
[Testing!]J_ani:
[[-0. -0.  0.]
 [-0. -0.  0.]
 [ 0.  0. -0.]]
----------------------------------------------------------------------------------------
   Cr1   Cr2   (  3,  -1,   0) -0.0001   (-15.756, -0.000, 13.645) 20.844 
J_iso: -0.0001 
[Testing!] Jprime: 0.000,  B: -0.000
[Testing!] DMI: ( 0.0000 -0.0000 -0.0000)
[Testing!]J_ani:
[[-0.  0. -0.]
 [ 0. -0.  0.]
 [-0.  0. -0.]]
----------------------------------------------------------------------------------------
   Cr2   Cr1   ( -3,   1,   0) -0.0001   (15.756,  0.000, -13.645) 20.844 
J_iso: -0.0001 
[Testing!] Jprime: 0.000,  B: -0.000
[Testing!] DMI: (-0.0000  0.0000  0.0000)
[Testing!]J_ani:
[[-0.  0. -0.]
 [ 0. -0.  0.]
 [-0.  0. -0.]]
----------------------------------------------------------------------------------------
   Cr1   Cr2   ( -3,  -1,   0) -0.0001   (19.695, -0.000, -6.823) 20.844 
J_iso: -0.0001 
[Testing!] Jprime: 0.000,  B: -0.000
[Testing!] DMI: (-0.0000 -0.0000 -0.0000)
[Testing!]J_ani:
[[-0.  0.  0.]
 [ 0. -0. -0.]
 [ 0. -0. -0.]]
----------------------------------------------------------------------------------------
   Cr1   Cr2   ( -1,  -3,   0) -0.0001   (19.695, -0.000,  6.823) 20.844 
J_iso: -0.0001 
[Testing!] Jprime: 0.000,  B: -0.000
[Testing!] DMI: ( 0.0000  0.0000  0.0000)
[Testing!]J_ani:
[[-0. -0. -0.]
 [-0. -0. -0.]
 [-0. -0. -0.]]
----------------------------------------------------------------------------------------
   Cr2   Cr1   (  1,   3,   0) -0.0001   (-19.695,  0.000, -6.823) 20.844 
J_iso: -0.0001 
[Testing!] Jprime: 0.000,  B: -0.000
[Testing!] DMI: (-0.0000 -0.0000 -0.0000)
[Testing!]J_ani:
[[-0. -0. -0.]
 [-0. -0. -0.]
 [-0. -0. -0.]]
----------------------------------------------------------------------------------------
   Cr2   Cr1   (  3,   1,   0) -0.0001   (-19.695,  0.000,  6.823) 20.844 
J_iso: -0.0001 
[Testing!] Jprime: 0.000,  B: -0.000
[Testing!] DMI: ( 0.0000  0.0000  0.0000)
[Testing!]J_ani:
[[-0.  0.  0.]
 [ 0. -0. -0.]
 [ 0. -0. -0.]]
----------------------------------------------------------------------------------------
   Cr2   Cr1   ( -2,  -1,   0) -0.0000   (21.665,  0.000, -3.411) 21.932 
J_iso: -0.0000 
[Testing!] Jprime: 0.000,  B: -0.000
[Testing!] DMI: (-0.0000 -0.0000 -0.0000)
[Testing!]J_ani:
[[-0.  0. -0.]
 [ 0. -0.  0.]
 [-0.  0. -0.]]
----------------------------------------------------------------------------------------
   Cr2   Cr1   ( -1,  -2,   0) -0.0000   (21.665,  0.000,  3.411) 21.932 
J_iso: -0.0000 
[Testing!] Jprime: 0.000,  B: -0.000
[Testing!] DMI: (-0.0000  0.0000 -0.0000)
[Testing!]J_ani:
[[-0. -0.  0.]
 [-0. -0.  0.]
 [ 0.  0. -0.]]
----------------------------------------------------------------------------------------
   Cr1   Cr2   (  1,   2,   0) -0.0000   (-21.665, -0.000, -3.411) 21.932 
J_iso: -0.0000 
[Testing!] Jprime: 0.000,  B: -0.000
[Testing!] DMI: ( 0.0000 -0.0000  0.0000)
[Testing!]J_ani:
[[-0. -0.  0.]
 [-0. -0.  0.]
 [ 0.  0. -0.]]
----------------------------------------------------------------------------------------
   Cr1   Cr2   (  2,   1,   0) -0.0000   (-21.665, -0.000,  3.411) 21.932 
J_iso: -0.0000 
[Testing!] Jprime: 0.000,  B: -0.000
[Testing!] DMI: ( 0.0000  0.0000  0.0000)
[Testing!]J_ani:
[[-0.  0. -0.]
 [ 0. -0.  0.]
 [-0.  0. -0.]]
----------------------------------------------------------------------------------------
   Cr2   Cr2   (  2,   2,   0)  0.0000   (-23.634,  0.000,  0.000) 23.634 
J_iso:  0.0000 
[Testing!] Jprime: 0.000,  B: -0.000
[Testing!] DMI: (-0.0000 -0.0000 -0.0000)
[Testing!]J_ani:
[[-0.  0. -0.]
 [ 0. -0.  0.]
 [-0.  0. -0.]]
----------------------------------------------------------------------------------------
   Cr1   Cr1   ( -2,  -2,   0)  0.0000   (23.634,  0.000,  0.000) 23.634 
J_iso:  0.0000 
[Testing!] Jprime: 0.000,  B: -0.000
[Testing!] DMI: (-0.0000 -0.0000 -0.0000)
[Testing!]J_ani:
[[-0.  0. -0.]
 [ 0. -0.  0.]
 [-0.  0. -0.]]
----------------------------------------------------------------------------------------
   Cr2   Cr2   ( -2,  -2,   0)  0.0000   (23.634,  0.000,  0.000) 23.634 
J_iso:  0.0000 
[Testing!] Jprime: 0.000,  B: -0.000
[Testing!] DMI: ( 0.0000  0.0000  0.0000)
[Testing!]J_ani:
[[-0.  0. -0.]
 [ 0. -0.  0.]
 [-0.  0. -0.]]
----------------------------------------------------------------------------------------
   Cr1   Cr1   (  2,   2,   0)  0.0000   (-23.634,  0.000,  0.000) 23.634 
J_iso:  0.0000 
[Testing!] Jprime: 0.000,  B: -0.000
[Testing!] DMI: ( 0.0000  0.0000  0.0000)
[Testing!]J_ani:
[[-0.  0. -0.]
 [ 0. -0.  0.]
 [-0.  0. -0.]]
----------------------------------------------------------------------------------------
   Cr2   Cr1   ( -3,   0,   0)  0.0000   (21.665,  0.000, -10.234) 23.960 
J_iso:  0.0000 
[Testing!] Jprime: 0.000,  B: -0.000
[Testing!] DMI: (-0.0000  0.0000  0.0000)
[Testing!]J_ani:
[[-0.  0. -0.]
 [ 0. -0.  0.]
 [-0.  0. -0.]]
----------------------------------------------------------------------------------------
   Cr2   Cr1   (  0,  -3,   0)  0.0000   (21.665,  0.000, 10.234) 23.960 
J_iso:  0.0000 
[Testing!] Jprime: 0.000,  B: -0.000
[Testing!] DMI: (-0.0000 -0.0000 -0.0000)
[Testing!]J_ani:
[[-0. -0.  0.]
 [-0. -0.  0.]
 [ 0.  0. -0.]]
----------------------------------------------------------------------------------------
   Cr1   Cr2   (  0,   3,   0)  0.0000   (-21.665, -0.000, -10.234) 23.960 
J_iso:  0.0000 
[Testing!] Jprime: 0.000,  B: -0.000
[Testing!] DMI: ( 0.0000  0.0000  0.0000)
[Testing!]J_ani:
[[-0. -0.  0.]
 [-0. -0.  0.]
 [ 0.  0. -0.]]
----------------------------------------------------------------------------------------
   Cr1   Cr2   (  3,   0,   0)  0.0000   (-21.665, -0.000, 10.234) 23.960 
J_iso:  0.0000 
[Testing!] Jprime: 0.000,  B: -0.000
[Testing!] DMI: ( 0.0000 -0.0000 -0.0000)
[Testing!]J_ani:
[[-0.  0. -0.]
 [ 0. -0.  0.]
 [-0.  0. -0.]]
----------------------------------------------------------------------------------------
   Cr2   Cr2   (  1,   3,   0)  0.0000   (-23.634,  0.000, -6.823) 24.599 
J_iso:  0.0000 
[Testing!] Jprime: 0.000,  B: -0.000
[Testing!] DMI: ( 0.0000  0.0000 -0.0000)
[Testing!]J_ani:
[[-0. -0.  0.]
 [-0. -0. -0.]
 [ 0. -0. -0.]]
----------------------------------------------------------------------------------------
   Cr2   Cr2   (  3,   1,   0)  0.0000   (-23.634,  0.000,  6.823) 24.599 
J_iso:  0.0000 
[Testing!] Jprime: 0.000,  B: -0.000
[Testing!] DMI: ( 0.0000 -0.0000  0.0000)
[Testing!]J_ani:
[[-0.  0. -0.]
 [ 0. -0. -0.]
 [-0. -0. -0.]]
----------------------------------------------------------------------------------------
   Cr1   Cr1   ( -3,  -1,   0)  0.0000   (23.634,  0.000, -6.823) 24.599 
J_iso:  0.0000 
[Testing!] Jprime: 0.000,  B: -0.000
[Testing!] DMI: ( 0.0000 -0.0000  0.0000)
[Testing!]J_ani:
[[-0.  0. -0.]
 [ 0. -0. -0.]
 [-0. -0. -0.]]
----------------------------------------------------------------------------------------
   Cr2   Cr2   ( -3,  -1,   0)  0.0000   (23.634,  0.000, -6.823) 24.599 
J_iso:  0.0000 
[Testing!] Jprime: 0.000,  B: -0.000
[Testing!] DMI: (-0.0000  0.0000 -0.0000)
[Testing!]J_ani:
[[-0.  0. -0.]
 [ 0. -0. -0.]
 [-0. -0. -0.]]
----------------------------------------------------------------------------------------
   Cr1   Cr1   ( -1,  -3,   0)  0.0000   (23.634,  0.000,  6.823) 24.599 
J_iso:  0.0000 
[Testing!] Jprime: 0.000,  B: -0.000
[Testing!] DMI: ( 0.0000  0.0000 -0.0000)
[Testing!]J_ani:
[[-0. -0.  0.]
 [-0. -0. -0.]
 [ 0. -0. -0.]]
----------------------------------------------------------------------------------------
   Cr2   Cr2   ( -1,  -3,   0)  0.0000   (23.634,  0.000,  6.823) 24.599 
J_iso:  0.0000 
[Testing!] Jprime: 0.000,  B: -0.000
[Testing!] DMI: (-0.0000 -0.0000  0.0000)
[Testing!]J_ani:
[[-0. -0.  0.]
 [-0. -0. -0.]
 [ 0. -0. -0.]]
----------------------------------------------------------------------------------------
   Cr1   Cr1   (  1,   3,   0)  0.0000   (-23.634,  0.000, -6.823) 24.599 
J_iso:  0.0000 
[Testing!] Jprime: 0.000,  B: -0.000
[Testing!] DMI: (-0.0000 -0.0000  0.0000)
[Testing!]J_ani:
[[-0. -0.  0.]
 [-0. -0. -0.]
 [ 0. -0. -0.]]
----------------------------------------------------------------------------------------
   Cr1   Cr1   (  3,   1,   0)  0.0000   (-23.634,  0.000,  6.823) 24.599 
J_iso:  0.0000 
[Testing!] Jprime: 0.000,  B: -0.000
[Testing!] DMI: (-0.0000  0.0000 -0.0000)
[Testing!]J_ani:
[[-0.  0. -0.]
 [ 0. -0. -0.]
 [-0. -0. -0.]]
----------------------------------------------------------------------------------------
   Cr2   Cr1   (  2,   3,   0)  0.0000   (-25.604,  0.000, -3.411) 25.830 
J_iso:  0.0000 
[Testing!] Jprime: 0.000,  B: -0.000
[Testing!] DMI: (-0.0000  0.0000 -0.0000)
[Testing!]J_ani:
[[ 0. -0. -0.]
 [-0. -0.  0.]
 [-0.  0. -0.]]
----------------------------------------------------------------------------------------
   Cr1   Cr2   ( -3,  -2,   0)  0.0000   (25.604, -0.000, -3.411) 25.830 
J_iso:  0.0000 
[Testing!] Jprime: 0.000,  B: -0.000
[Testing!] DMI: (-0.0000  0.0000 -0.0000)
[Testing!]J_ani:
[[ 0.  0.  0.]
 [ 0. -0.  0.]
 [ 0.  0. -0.]]
----------------------------------------------------------------------------------------
   Cr1   Cr2   ( -2,  -3,   0)  0.0000   (25.604, -0.000,  3.411) 25.830 
J_iso:  0.0000 
[Testing!] Jprime: 0.000,  B: -0.000
[Testing!] DMI: ( 0.0000 -0.0000  0.0000)
[Testing!]J_ani:
[[ 0. -0. -0.]
 [-0. -0.  0.]
 [-0.  0. -0.]]
----------------------------------------------------------------------------------------
   Cr2   Cr1   (  3,   2,   0)  0.0000   (-25.604,  0.000,  3.411) 25.830 
J_iso:  0.0000 
[Testing!] Jprime: 0.000,  B: -0.000
[Testing!] DMI: ( 0.0000 -0.0000  0.0000)
[Testing!]J_ani:
[[ 0.  0.  0.]
 [ 0. -0.  0.]
 [ 0.  0. -0.]]
----------------------------------------------------------------------------------------
   Cr2   Cr1   ( -2,  -2,   0) -0.0000   (27.573,  0.000, -0.000) 27.573 
J_iso: -0.0000 
[Testing!] Jprime: 0.000,  B: -0.000
[Testing!] DMI: ( 0.0000  0.0000 -0.0000)
[Testing!]J_ani:
[[ 0.  0. -0.]
 [ 0. -0.  0.]
 [-0.  0. -0.]]
----------------------------------------------------------------------------------------
   Cr1   Cr2   (  2,   2,   0) -0.0000   (-27.573, -0.000,  0.000) 27.573 
J_iso: -0.0000 
[Testing!] Jprime: 0.000,  B: -0.000
[Testing!] DMI: (-0.0000 -0.0000  0.0000)
[Testing!]J_ani:
[[ 0.  0. -0.]
 [ 0. -0.  0.]
 [-0.  0. -0.]]
----------------------------------------------------------------------------------------
   Cr2   Cr1   ( -3,  -1,   0)  0.0000   (27.573,  0.000, -6.823) 28.405 
J_iso:  0.0000 
[Testing!] Jprime: 0.000,  B: -0.000
[Testing!] DMI: (-0.0000 -0.0000  0.0000)
[Testing!]J_ani:
[[-0. -0.  0.]
 [-0. -0.  0.]
 [ 0.  0. -0.]]
----------------------------------------------------------------------------------------
   Cr2   Cr1   ( -1,  -3,   0)  0.0000   (27.573,  0.000,  6.823) 28.405 
J_iso:  0.0000 
[Testing!] Jprime: 0.000,  B: -0.000
[Testing!] DMI: ( 0.0000  0.0000 -0.0000)
[Testing!]J_ani:
[[-0.  0. -0.]
 [ 0. -0.  0.]
 [-0.  0. -0.]]
----------------------------------------------------------------------------------------
   Cr1   Cr2   (  1,   3,   0)  0.0000   (-27.573, -0.000, -6.823) 28.405 
J_iso:  0.0000 
[Testing!] Jprime: 0.000,  B: -0.000
[Testing!] DMI: (-0.0000 -0.0000  0.0000)
[Testing!]J_ani:
[[-0.  0. -0.]
 [ 0. -0.  0.]
 [-0.  0. -0.]]
----------------------------------------------------------------------------------------
   Cr1   Cr2   (  3,   1,   0)  0.0000   (-27.573, -0.000,  6.823) 28.405 
J_iso:  0.0000 
[Testing!] Jprime: 0.000,  B: -0.000
[Testing!] DMI: ( 0.0000  0.0000 -0.0000)
[Testing!]J_ani:
[[-0. -0.  0.]
 [-0. -0.  0.]
 [ 0.  0. -0.]]
----------------------------------------------------------------------------------------
   Cr1   Cr1   (  2,   3,   0)  0.0000   (-29.543,  0.000, -3.411) 29.739 
J_iso:  0.0000 
[Testing!] Jprime: 0.000,  B: -0.000
[Testing!] DMI: (-0.0000 -0.0000 -0.0000)
[Testing!]J_ani:
[[-0.  0.  0.]
 [ 0. -0. -0.]
 [ 0. -0. -0.]]
----------------------------------------------------------------------------------------
   Cr2   Cr2   (  2,   3,   0)  0.0000   (-29.543,  0.000, -3.411) 29.739 
J_iso:  0.0000 
[Testing!] Jprime: 0.000,  B: -0.000
[Testing!] DMI: ( 0.0000  0.0000  0.0000)
[Testing!]J_ani:
[[-0.  0.  0.]
 [ 0. -0. -0.]
 [ 0. -0. -0.]]
----------------------------------------------------------------------------------------
   Cr1   Cr1   ( -2,  -3,   0)  0.0000   (29.543,  0.000,  3.411) 29.739 
J_iso:  0.0000 
[Testing!] Jprime: 0.000,  B: -0.000
[Testing!] DMI: ( 0.0000  0.0000  0.0000)
[Testing!]J_ani:
[[-0.  0.  0.]
 [ 0. -0. -0.]
 [ 0. -0. -0.]]
----------------------------------------------------------------------------------------
   Cr1   Cr1   ( -3,  -2,   0)  0.0000   (29.543,  0.000, -3.411) 29.739 
J_iso:  0.0000 
[Testing!] Jprime: 0.000,  B: -0.000
[Testing!] DMI: ( 0.0000 -0.0000 -0.0000)
[Testing!]J_ani:
[[-0. -0. -0.]
 [-0. -0. -0.]
 [-0. -0. -0.]]
----------------------------------------------------------------------------------------
   Cr2   Cr2   ( -3,  -2,   0)  0.0000   (29.543,  0.000, -3.411) 29.739 
J_iso:  0.0000 
[Testing!] Jprime: 0.000,  B: -0.000
[Testing!] DMI: (-0.0000  0.0000  0.0000)
[Testing!]J_ani:
[[-0. -0. -0.]
 [-0. -0. -0.]
 [-0. -0. -0.]]
----------------------------------------------------------------------------------------
   Cr2   Cr2   ( -2,  -3,   0)  0.0000   (29.543,  0.000,  3.411) 29.739 
J_iso:  0.0000 
[Testing!] Jprime: 0.000,  B: -0.000
[Testing!] DMI: (-0.0000 -0.0000 -0.0000)
[Testing!]J_ani:
[[-0.  0.  0.]
 [ 0. -0. -0.]
 [ 0. -0. -0.]]
----------------------------------------------------------------------------------------
   Cr1   Cr1   (  3,   2,   0)  0.0000   (-29.543,  0.000,  3.411) 29.739 
J_iso:  0.0000 
[Testing!] Jprime: 0.000,  B: -0.000
[Testing!] DMI: (-0.0000  0.0000  0.0000)
[Testing!]J_ani:
[[-0. -0. -0.]
 [-0. -0. -0.]
 [-0. -0. -0.]]
----------------------------------------------------------------------------------------
   Cr2   Cr2   (  3,   2,   0)  0.0000   (-29.543,  0.000,  3.411) 29.739 
J_iso:  0.0000 
[Testing!] Jprime: 0.000,  B: -0.000
[Testing!] DMI: ( 0.0000 -0.0000 -0.0000)
[Testing!]J_ani:
[[-0. -0. -0.]
 [-0. -0. -0.]
 [-0. -0. -0.]]
----------------------------------------------------------------------------------------
   Cr1   Cr2   ( -3,  -3,   0)  0.0000   (31.512, -0.000, -0.000) 31.512 
J_iso:  0.0000 
[Testing!] Jprime: 0.000,  B: -0.000
[Testing!] DMI: ( 0.0000 -0.0000 -0.0000)
[Testing!]J_ani:
[[ 0. -0. -0.]
 [-0. -0. -0.]
 [-0. -0. -0.]]
----------------------------------------------------------------------------------------
   Cr2   Cr1   (  3,   3,   0)  0.0000   (-31.512,  0.000,  0.000) 31.512 
J_iso:  0.0000 
[Testing!] Jprime: 0.000,  B: -0.000
[Testing!] DMI: (-0.0000  0.0000  0.0000)
[Testing!]J_ani:
[[ 0. -0. -0.]
 [-0. -0. -0.]
 [-0. -0. -0.]]
----------------------------------------------------------------------------------------
   Cr2   Cr1   ( -2,  -3,   0)  0.0000   (33.482,  0.000,  3.411) 33.655 
J_iso:  0.0000 
[Testing!] Jprime: 0.000,  B: -0.000
[Testing!] DMI: (-0.0000  0.0000  0.0000)
[Testing!]J_ani:
[[-0.  0.  0.]
 [ 0. -0. -0.]
 [ 0. -0. -0.]]
----------------------------------------------------------------------------------------
   Cr1   Cr2   (  2,   3,   0)  0.0000   (-33.482, -0.000, -3.411) 33.655 
J_iso:  0.0000 
[Testing!] Jprime: 0.000,  B: -0.000
[Testing!] DMI: ( 0.0000 -0.0000 -0.0000)
[Testing!]J_ani:
[[-0.  0.  0.]
 [ 0. -0. -0.]
 [ 0. -0. -0.]]
----------------------------------------------------------------------------------------
   Cr2   Cr1   ( -3,  -2,   0)  0.0000   (33.482,  0.000, -3.411) 33.655 
J_iso:  0.0000 
[Testing!] Jprime: 0.000,  B: -0.000
[Testing!] DMI: ( 0.0000  0.0000  0.0000)
[Testing!]J_ani:
[[-0. -0. -0.]
 [-0. -0. -0.]
 [-0. -0. -0.]]
----------------------------------------------------------------------------------------
   Cr1   Cr2   (  3,   2,   0)  0.0000   (-33.482, -0.000,  3.411) 33.655 
J_iso:  0.0000 
[Testing!] Jprime: 0.000,  B: -0.000
[Testing!] DMI: (-0.0000 -0.0000 -0.0000)
[Testing!]J_ani:
[[-0. -0. -0.]
 [-0. -0. -0.]
 [-0. -0. -0.]]
----------------------------------------------------------------------------------------
   Cr1   Cr1   ( -3,  -3,   0)  0.0000   (35.451,  0.000, -0.000) 35.451 
J_iso:  0.0000 
[Testing!] Jprime: 0.000,  B: -0.000
[Testing!] DMI: (-0.0000  0.0000 -0.0000)
[Testing!]J_ani:
[[-0.  0.  0.]
 [ 0. -0.  0.]
 [ 0.  0. -0.]]
----------------------------------------------------------------------------------------
   Cr2   Cr2   ( -3,  -3,   0)  0.0000   (35.451,  0.000, -0.000) 35.451 
J_iso:  0.0000 
[Testing!] Jprime: 0.000,  B: -0.000
[Testing!] DMI: ( 0.0000 -0.0000  0.0000)
[Testing!]J_ani:
[[-0.  0.  0.]
 [ 0. -0.  0.]
 [ 0.  0. -0.]]
----------------------------------------------------------------------------------------
   Cr1   Cr1   (  3,   3,   0)  0.0000   (-35.451,  0.000,  0.000) 35.451 
J_iso:  0.0000 
[Testing!] Jprime: 0.000,  B: -0.000
[Testing!] DMI: ( 0.0000 -0.0000  0.0000)
[Testing!]J_ani:
[[-0.  0.  0.]
 [ 0. -0.  0.]
 [ 0.  0. -0.]]
----------------------------------------------------------------------------------------
   Cr2   Cr2   (  3,   3,   0)  0.0000   (-35.451,  0.000,  0.000) 35.451 
J_iso:  0.0000 
[Testing!] Jprime: 0.000,  B: -0.000
[Testing!] DMI: (-0.0000  0.0000 -0.0000)
[Testing!]J_ani:
[[-0.  0.  0.]
 [ 0. -0.  0.]
 [ 0.  0. -0.]]
----------------------------------------------------------------------------------------
   Cr2   Cr1   ( -3,  -3,   0)  0.0000   (39.391,  0.000, -0.000) 39.391 
J_iso:  0.0000 
[Testing!] Jprime: 0.000,  B: -0.000
[Testing!] DMI: (-0.0000  0.0000 -0.0000)
[Testing!]J_ani:
[[-0. -0. -0.]
 [-0. -0. -0.]
 [-0. -0. -0.]]
----------------------------------------------------------------------------------------
   Cr1   Cr2   (  3,   3,   0)  0.0000   (-39.391, -0.000,  0.000) 39.391 
J_iso:  0.0000 
[Testing!] Jprime: 0.000,  B: -0.000
[Testing!] DMI: ( 0.0000 -0.0000  0.0000)
[Testing!]J_ani:
[[-0. -0. -0.]
 [-0. -0. -0.]
 [-0. -0. -0.]]
