==========================================================================================
Information: 
Exchange parameters generated by TB2J 0.3.1
Generation time: 20/09/13 10:51:41
 Input from collinear Wannier90 data.
 Tight binding data from ./. 
 Prefix of wannier function files:wannier90.up and wannier90.dn.
Warning: Please check if the noise level of Wannier function Hamiltonian to make sure it is much smaller than the exchange values.

==========================================================================================
Cell (Angstrom):
 0.000   3.810   3.810
 3.810   0.000   3.810
 3.810   3.810   0.000

==========================================================================================
Atoms:  
(Note: charge and magmoms only count the wannier functions.)
Atom number      x         y         z     w_charge  w_magmom 
Sr1             0.0000    0.0000    0.0000    0.0000    0.0000
Sr2             3.8100    3.8100    3.8100    0.0000    0.0000
Mn1             1.9050    1.9050    1.9050    4.7021    2.8116
Mn2             5.7150    5.7150    5.7150    4.7021   -2.8116
O1              5.7150    1.9050    3.8100    5.4336    0.0000
O2              5.7150    5.7150    3.8100    5.4336    0.0000
O3              3.8100    5.7150    1.9050    5.4336    0.0000
O4              3.8100    5.7150    5.7150    5.4336    0.0000
O5              5.7150    3.8100    1.9050    5.4336    0.0000
O6              1.9050    3.8100    1.9050    5.4336    0.0000
Total                                        42.0058    0.0000

==========================================================================================
Exchange: 
    i      j          R        J_iso(meV)          vector          distance(A) 
----------------------------------------------------------------------------------------
   Mn1   Mn2   ( -1,   0,   0) -8.1573   ( 3.810, -0.000, -0.000)  3.810 
J_iso: -8.1573 
Orbital contributions:
 [[ 0.269 -0.    -0.    -0.161 -0.   ]
 [-0.    -4.291  0.     0.    -0.   ]
 [ 0.    -0.    -0.036 -0.     0.   ]
 [-0.161 -0.     0.     0.516 -0.   ]
 [-0.    -0.    -0.    -0.    -4.291]] 
----------------------------------------------------------------------------------------
   Mn2   Mn1   (  1,   0,   0) -8.1573   (-3.810,  0.000,  0.000)  3.810 
J_iso: -8.1573 
Orbital contributions:
 [[ 0.269 -0.    -0.    -0.161 -0.   ]
 [-0.    -4.291  0.     0.    -0.   ]
 [ 0.    -0.    -0.036 -0.     0.   ]
 [-0.161 -0.     0.     0.516 -0.   ]
 [-0.    -0.    -0.    -0.    -4.291]] 
----------------------------------------------------------------------------------------
   Mn1   Mn2   (  0,  -1,   0) -8.1573   (-0.000,  3.810, -0.000)  3.810 
J_iso: -8.1573 
Orbital contributions:
 [[ 0.269 -0.     0.    -0.161  0.   ]
 [ 0.    -0.036 -0.     0.     0.   ]
 [-0.     0.    -4.291 -0.     0.   ]
 [-0.161  0.    -0.     0.516  0.   ]
 [ 0.    -0.     0.    -0.    -4.291]] 
----------------------------------------------------------------------------------------
   Mn2   Mn1   (  0,   1,   0) -8.1573   ( 0.000, -3.810,  0.000)  3.810 
J_iso: -8.1573 
Orbital contributions:
 [[ 0.269 -0.     0.    -0.161  0.   ]
 [ 0.    -0.036 -0.     0.     0.   ]
 [-0.     0.    -4.291 -0.     0.   ]
 [-0.161  0.    -0.     0.516  0.   ]
 [ 0.    -0.     0.    -0.    -4.291]] 
----------------------------------------------------------------------------------------
   Mn1   Mn2   (  0,   0,  -1) -8.1573   (-0.000, -0.000,  3.810)  3.810 
J_iso: -8.1573 
Orbital contributions:
 [[ 0.478  0.    -0.     0.    -0.   ]
 [ 0.    -4.291  0.    -0.    -0.   ]
 [-0.     0.    -4.291  0.    -0.   ]
 [ 0.    -0.    -0.    -0.016 -0.   ]
 [ 0.    -0.     0.    -0.    -0.036]] 
----------------------------------------------------------------------------------------
   Mn2   Mn1   (  0,   0,   1) -8.1573   ( 0.000,  0.000, -3.810)  3.810 
J_iso: -8.1573 
Orbital contributions:
 [[ 0.478  0.    -0.     0.    -0.   ]
 [ 0.    -4.291  0.    -0.    -0.   ]
 [-0.     0.    -4.291  0.    -0.   ]
 [ 0.    -0.    -0.    -0.016 -0.   ]
 [ 0.    -0.     0.    -0.    -0.036]] 
----------------------------------------------------------------------------------------
   Mn1   Mn2   ( -1,  -1,   0) -8.1572   (-0.000, -0.000, -3.810)  3.810 
J_iso: -8.1572 
Orbital contributions:
 [[ 0.478  0.     0.     0.    -0.   ]
 [-0.    -4.291 -0.     0.     0.   ]
 [-0.    -0.    -4.291  0.     0.   ]
 [ 0.     0.     0.    -0.016  0.   ]
 [ 0.    -0.    -0.     0.    -0.036]] 
----------------------------------------------------------------------------------------
   Mn2   Mn1   (  1,   1,   0) -8.1572   ( 0.000,  0.000,  3.810)  3.810 
J_iso: -8.1572 
Orbital contributions:
 [[ 0.478  0.     0.     0.    -0.   ]
 [-0.    -4.291 -0.     0.     0.   ]
 [-0.    -0.    -4.291  0.     0.   ]
 [ 0.     0.     0.    -0.016  0.   ]
 [ 0.    -0.    -0.     0.    -0.036]] 
----------------------------------------------------------------------------------------
   Mn1   Mn2   ( -1,   0,  -1) -8.1573   (-0.000, -3.810, -0.000)  3.810 
J_iso: -8.1573 
Orbital contributions:
 [[ 0.269 -0.    -0.    -0.161  0.   ]
 [ 0.    -0.036  0.     0.     0.   ]
 [ 0.    -0.    -4.291  0.    -0.   ]
 [-0.161  0.     0.     0.516 -0.   ]
 [ 0.    -0.     0.     0.    -4.291]] 
----------------------------------------------------------------------------------------
   Mn2   Mn1   (  1,   0,   1) -8.1573   ( 0.000,  3.810,  0.000)  3.810 
J_iso: -8.1573 
Orbital contributions:
 [[ 0.269 -0.    -0.    -0.161  0.   ]
 [ 0.    -0.036  0.     0.     0.   ]
 [ 0.    -0.    -4.291  0.    -0.   ]
 [-0.161  0.     0.     0.516 -0.   ]
 [ 0.    -0.     0.     0.    -4.291]] 
----------------------------------------------------------------------------------------
   Mn1   Mn2   (  0,  -1,  -1) -8.1573   (-3.810, -0.000, -0.000)  3.810 
J_iso: -8.1573 
Orbital contributions:
 [[ 0.269 -0.    -0.    -0.161  0.   ]
 [ 0.    -4.291  0.     0.    -0.   ]
 [ 0.     0.    -0.036 -0.     0.   ]
 [-0.161  0.     0.     0.516  0.   ]
 [ 0.    -0.    -0.    -0.    -4.291]] 
----------------------------------------------------------------------------------------
   Mn2   Mn1   (  0,   1,   1) -8.1573   ( 3.810,  0.000,  0.000)  3.810 
J_iso: -8.1573 
Orbital contributions:
 [[ 0.269 -0.    -0.    -0.161  0.   ]
 [ 0.    -4.291  0.     0.    -0.   ]
 [ 0.     0.    -0.036 -0.     0.   ]
 [-0.161  0.     0.     0.516  0.   ]
 [ 0.    -0.    -0.    -0.    -4.291]] 
----------------------------------------------------------------------------------------
   Mn1   Mn1   ( -1,   0,   0) -0.3656   ( 0.000, -3.810, -3.810)  5.388 
J_iso: -0.3656 
Orbital contributions:
 [[ 0.086  0.     0.03   0.038  0.   ]
 [ 0.     0.003  0.     0.    -0.011]
 [ 0.03  -0.    -0.749  0.089 -0.   ]
 [ 0.038 -0.     0.089 -0.001 -0.   ]
 [ 0.    -0.011  0.    -0.     0.003]] 
----------------------------------------------------------------------------------------
   Mn1   Mn1   (  1,   0,   0) -0.3656   ( 0.000,  3.810,  3.810)  5.388 
J_iso: -0.3656 
Orbital contributions:
 [[ 0.086  0.     0.03   0.038  0.   ]
 [ 0.     0.003  0.     0.    -0.011]
 [ 0.03  -0.    -0.749  0.089 -0.   ]
 [ 0.038 -0.     0.089 -0.001 -0.   ]
 [ 0.    -0.011  0.    -0.     0.003]] 
----------------------------------------------------------------------------------------
   Mn2   Mn2   ( -1,   0,   0) -0.3657   ( 0.000, -3.810, -3.810)  5.388 
J_iso: -0.3657 
Orbital contributions:
 [[ 0.086 -0.     0.03   0.038  0.   ]
 [-0.     0.003  0.    -0.    -0.011]
 [ 0.03  -0.    -0.749  0.089 -0.   ]
 [ 0.038  0.     0.089 -0.001  0.   ]
 [-0.    -0.011  0.    -0.     0.003]] 
----------------------------------------------------------------------------------------
   Mn1   Mn1   ( -1,   0,   1) -0.3656   ( 3.810,  0.000, -3.810)  5.388 
J_iso: -0.3656 
Orbital contributions:
 [[ 0.086  0.03   0.     0.038  0.   ]
 [ 0.03  -0.749  0.     0.089 -0.   ]
 [ 0.    -0.     0.003  0.    -0.011]
 [ 0.038  0.089  0.    -0.001  0.   ]
 [ 0.    -0.    -0.011 -0.     0.003]] 
----------------------------------------------------------------------------------------
   Mn1   Mn1   (  1,   0,  -1) -0.3656   (-3.810,  0.000,  3.810)  5.388 
J_iso: -0.3656 
Orbital contributions:
 [[ 0.086  0.03   0.     0.038  0.   ]
 [ 0.03  -0.749  0.     0.089 -0.   ]
 [ 0.    -0.     0.003  0.    -0.011]
 [ 0.038  0.089  0.    -0.001  0.   ]
 [ 0.    -0.    -0.011 -0.     0.003]] 
----------------------------------------------------------------------------------------
   Mn1   Mn1   ( -1,   1,   0) -0.3657   ( 3.810, -3.810,  0.000)  5.388 
J_iso: -0.3657 
Orbital contributions:
 [[-0.006  0.    -0.    -0.     0.119]
 [-0.     0.003 -0.011 -0.    -0.   ]
 [-0.    -0.011  0.003  0.    -0.   ]
 [-0.     0.    -0.     0.167  0.   ]
 [ 0.119 -0.     0.    -0.    -0.749]] 
----------------------------------------------------------------------------------------
   Mn1   Mn1   (  1,  -1,   0) -0.3657   (-3.810,  3.810,  0.000)  5.388 
J_iso: -0.3657 
Orbital contributions:
 [[-0.006  0.    -0.    -0.     0.119]
 [-0.     0.003 -0.011 -0.    -0.   ]
 [-0.    -0.011  0.003  0.    -0.   ]
 [-0.     0.    -0.     0.167  0.   ]
 [ 0.119 -0.     0.    -0.    -0.749]] 
----------------------------------------------------------------------------------------
   Mn1   Mn1   (  0,  -1,   0) -0.3656   (-3.810,  0.000, -3.810)  5.388 
J_iso: -0.3656 
Orbital contributions:
 [[ 0.086  0.03   0.     0.038 -0.   ]
 [ 0.03  -0.749  0.     0.089 -0.   ]
 [ 0.     0.     0.003  0.    -0.011]
 [ 0.038  0.089 -0.    -0.001 -0.   ]
 [ 0.    -0.    -0.011  0.     0.003]] 
----------------------------------------------------------------------------------------
   Mn1   Mn1   (  0,   1,   0) -0.3656   ( 3.810,  0.000,  3.810)  5.388 
J_iso: -0.3656 
Orbital contributions:
 [[ 0.086  0.03   0.     0.038 -0.   ]
 [ 0.03  -0.749  0.     0.089 -0.   ]
 [ 0.     0.     0.003  0.    -0.011]
 [ 0.038  0.089 -0.    -0.001 -0.   ]
 [ 0.    -0.    -0.011  0.     0.003]] 
----------------------------------------------------------------------------------------
   Mn2   Mn2   (  0,  -1,   0) -0.3657   (-3.810,  0.000, -3.810)  5.388 
J_iso: -0.3657 
Orbital contributions:
 [[ 0.086  0.03  -0.     0.038  0.   ]
 [ 0.03  -0.749 -0.     0.089  0.   ]
 [-0.    -0.     0.003 -0.    -0.011]
 [ 0.038  0.089 -0.    -0.001 -0.   ]
 [ 0.    -0.    -0.011 -0.     0.003]] 
----------------------------------------------------------------------------------------
   Mn1   Mn1   (  0,  -1,   1) -0.3656   ( 0.000,  3.810, -3.810)  5.388 
J_iso: -0.3656 
Orbital contributions:
 [[ 0.086  0.     0.03   0.038  0.   ]
 [-0.     0.003  0.     0.    -0.011]
 [ 0.03  -0.    -0.749  0.089  0.   ]
 [ 0.038  0.     0.089 -0.001 -0.   ]
 [ 0.    -0.011  0.     0.     0.003]] 
----------------------------------------------------------------------------------------
   Mn1   Mn1   (  0,   1,  -1) -0.3656   ( 0.000, -3.810,  3.810)  5.388 
J_iso: -0.3656 
Orbital contributions:
 [[ 0.086  0.     0.03   0.038  0.   ]
 [-0.     0.003  0.     0.    -0.011]
 [ 0.03  -0.    -0.749  0.089  0.   ]
 [ 0.038  0.     0.089 -0.001 -0.   ]
 [ 0.    -0.011  0.     0.     0.003]] 
----------------------------------------------------------------------------------------
   Mn1   Mn1   (  0,   0,  -1) -0.3657   (-3.810, -3.810,  0.000)  5.388 
J_iso: -0.3657 
Orbital contributions:
 [[-0.006  0.    -0.    -0.     0.119]
 [ 0.     0.003 -0.011  0.    -0.   ]
 [-0.    -0.011  0.003  0.     0.   ]
 [-0.     0.    -0.     0.167 -0.   ]
 [ 0.119 -0.    -0.    -0.    -0.749]] 
----------------------------------------------------------------------------------------
   Mn1   Mn1   (  0,   0,   1) -0.3657   ( 3.810,  3.810,  0.000)  5.388 
J_iso: -0.3657 
Orbital contributions:
 [[-0.006  0.    -0.    -0.     0.119]
 [ 0.     0.003 -0.011  0.    -0.   ]
 [-0.    -0.011  0.003  0.     0.   ]
 [-0.     0.    -0.     0.167 -0.   ]
 [ 0.119 -0.    -0.    -0.    -0.749]] 
----------------------------------------------------------------------------------------
   Mn2   Mn2   (  0,   0,  -1) -0.3656   (-3.810, -3.810,  0.000)  5.388 
J_iso: -0.3656 
Orbital contributions:
 [[-0.006  0.     0.    -0.     0.119]
 [-0.     0.003 -0.011 -0.     0.   ]
 [-0.    -0.011  0.003 -0.     0.   ]
 [-0.     0.     0.     0.167 -0.   ]
 [ 0.119 -0.    -0.     0.    -0.749]] 
----------------------------------------------------------------------------------------
   Mn2   Mn2   (  1,   0,   0) -0.3657   ( 0.000,  3.810,  3.810)  5.388 
J_iso: -0.3657 
Orbital contributions:
 [[ 0.086 -0.     0.03   0.038  0.   ]
 [-0.     0.003  0.    -0.    -0.011]
 [ 0.03  -0.    -0.749  0.089 -0.   ]
 [ 0.038  0.     0.089 -0.001  0.   ]
 [-0.    -0.011  0.    -0.     0.003]] 
----------------------------------------------------------------------------------------
   Mn2   Mn2   ( -1,   0,   1) -0.3657   ( 3.810,  0.000, -3.810)  5.388 
J_iso: -0.3657 
Orbital contributions:
 [[ 0.086  0.03  -0.     0.038 -0.   ]
 [ 0.03  -0.749  0.     0.089 -0.   ]
 [-0.     0.     0.003  0.    -0.011]
 [ 0.038  0.089  0.    -0.001 -0.   ]
 [ 0.     0.    -0.011 -0.     0.003]] 
----------------------------------------------------------------------------------------
   Mn2   Mn2   (  1,   0,  -1) -0.3657   (-3.810,  0.000,  3.810)  5.388 
J_iso: -0.3657 
Orbital contributions:
 [[ 0.086  0.03  -0.     0.038 -0.   ]
 [ 0.03  -0.749  0.     0.089 -0.   ]
 [-0.     0.     0.003  0.    -0.011]
 [ 0.038  0.089  0.    -0.001 -0.   ]
 [ 0.     0.    -0.011 -0.     0.003]] 
----------------------------------------------------------------------------------------
   Mn2   Mn2   ( -1,   1,   0) -0.3656   ( 3.810, -3.810,  0.000)  5.388 
J_iso: -0.3656 
Orbital contributions:
 [[-0.006 -0.     0.    -0.     0.119]
 [ 0.     0.003 -0.011  0.     0.   ]
 [-0.    -0.011  0.003 -0.    -0.   ]
 [-0.    -0.     0.     0.167  0.   ]
 [ 0.119  0.    -0.    -0.    -0.749]] 
----------------------------------------------------------------------------------------
   Mn2   Mn2   (  1,  -1,   0) -0.3656   (-3.810,  3.810,  0.000)  5.388 
J_iso: -0.3656 
Orbital contributions:
 [[-0.006 -0.     0.    -0.     0.119]
 [ 0.     0.003 -0.011  0.     0.   ]
 [-0.    -0.011  0.003 -0.    -0.   ]
 [-0.    -0.     0.     0.167  0.   ]
 [ 0.119  0.    -0.    -0.    -0.749]] 
----------------------------------------------------------------------------------------
   Mn2   Mn2   (  0,   1,   0) -0.3657   ( 3.810,  0.000,  3.810)  5.388 
J_iso: -0.3657 
Orbital contributions:
 [[ 0.086  0.03  -0.     0.038  0.   ]
 [ 0.03  -0.749 -0.     0.089  0.   ]
 [-0.    -0.     0.003 -0.    -0.011]
 [ 0.038  0.089 -0.    -0.001 -0.   ]
 [ 0.    -0.    -0.011 -0.     0.003]] 
----------------------------------------------------------------------------------------
   Mn2   Mn2   (  0,  -1,   1) -0.3657   ( 0.000,  3.810, -3.810)  5.388 
J_iso: -0.3657 
Orbital contributions:
 [[ 0.086 -0.     0.03   0.038  0.   ]
 [-0.     0.003  0.     0.    -0.011]
 [ 0.03  -0.    -0.749  0.089  0.   ]
 [ 0.038  0.     0.089 -0.001 -0.   ]
 [ 0.    -0.011  0.     0.     0.003]] 
----------------------------------------------------------------------------------------
   Mn2   Mn2   (  0,   1,  -1) -0.3657   ( 0.000, -3.810,  3.810)  5.388 
J_iso: -0.3657 
Orbital contributions:
 [[ 0.086 -0.     0.03   0.038  0.   ]
 [-0.     0.003  0.     0.    -0.011]
 [ 0.03  -0.    -0.749  0.089  0.   ]
 [ 0.038  0.     0.089 -0.001 -0.   ]
 [ 0.    -0.011  0.     0.     0.003]] 
----------------------------------------------------------------------------------------
   Mn2   Mn2   (  0,   0,   1) -0.3656   ( 3.810,  3.810,  0.000)  5.388 
J_iso: -0.3656 
Orbital contributions:
 [[-0.006  0.     0.    -0.     0.119]
 [-0.     0.003 -0.011 -0.     0.   ]
 [-0.    -0.011  0.003 -0.     0.   ]
 [-0.     0.     0.     0.167 -0.   ]
 [ 0.119 -0.    -0.     0.    -0.749]] 
----------------------------------------------------------------------------------------
   Mn1   Mn2   (  0,   0,   0) -0.0185   ( 3.810,  3.810,  3.810)  6.599 
J_iso: -0.0185 
Orbital contributions:
 [[-0.001 -0.    -0.    -0.    -0.001]
 [-0.    -0.003  0.    -0.001  0.   ]
 [-0.     0.    -0.003 -0.001  0.   ]
 [-0.    -0.001 -0.001 -0.001 -0.   ]
 [-0.001  0.     0.    -0.    -0.003]] 
----------------------------------------------------------------------------------------
   Mn2   Mn1   (  0,   0,   0) -0.0185   (-3.810, -3.810, -3.810)  6.599 
J_iso: -0.0185 
Orbital contributions:
 [[-0.001 -0.    -0.    -0.    -0.001]
 [-0.    -0.003  0.    -0.001  0.   ]
 [-0.     0.    -0.003 -0.001  0.   ]
 [-0.    -0.001 -0.001 -0.001 -0.   ]
 [-0.001  0.     0.    -0.    -0.003]] 
----------------------------------------------------------------------------------------
   Mn1   Mn2   ( -1,  -1,   1) -0.0185   ( 3.810,  3.810, -3.810)  6.599 
J_iso: -0.0185 
Orbital contributions:
 [[-0.001 -0.    -0.    -0.    -0.001]
 [-0.    -0.003  0.    -0.001  0.   ]
 [-0.     0.    -0.003 -0.001  0.   ]
 [-0.    -0.001 -0.001 -0.001  0.   ]
 [-0.001  0.     0.     0.    -0.003]] 
----------------------------------------------------------------------------------------
   Mn2   Mn1   (  1,   1,  -1) -0.0185   (-3.810, -3.810,  3.810)  6.599 
J_iso: -0.0185 
Orbital contributions:
 [[-0.001 -0.    -0.    -0.    -0.001]
 [-0.    -0.003  0.    -0.001  0.   ]
 [-0.     0.    -0.003 -0.001  0.   ]
 [-0.    -0.001 -0.001 -0.001  0.   ]
 [-0.001  0.     0.     0.    -0.003]] 
----------------------------------------------------------------------------------------
   Mn1   Mn2   ( -1,   1,  -1) -0.0185   ( 3.810, -3.810,  3.810)  6.599 
J_iso: -0.0185 
Orbital contributions:
 [[-0.001 -0.    -0.    -0.    -0.001]
 [-0.    -0.003  0.    -0.001  0.   ]
 [-0.     0.    -0.003 -0.001  0.   ]
 [-0.    -0.001 -0.001 -0.001 -0.   ]
 [-0.001  0.     0.    -0.    -0.003]] 
----------------------------------------------------------------------------------------
   Mn2   Mn1   (  1,  -1,   1) -0.0185   (-3.810,  3.810, -3.810)  6.599 
J_iso: -0.0185 
Orbital contributions:
 [[-0.001 -0.    -0.    -0.    -0.001]
 [-0.    -0.003  0.    -0.001  0.   ]
 [-0.     0.    -0.003 -0.001  0.   ]
 [-0.    -0.001 -0.001 -0.001 -0.   ]
 [-0.001  0.     0.    -0.    -0.003]] 
----------------------------------------------------------------------------------------
   Mn2   Mn1   ( -1,   1,   1) -0.0185   ( 3.810, -3.810, -3.810)  6.599 
J_iso: -0.0185 
Orbital contributions:
 [[-0.001 -0.    -0.    -0.    -0.001]
 [-0.    -0.003  0.    -0.001  0.   ]
 [-0.     0.    -0.003 -0.001  0.   ]
 [-0.    -0.001 -0.001 -0.001 -0.   ]
 [-0.001  0.     0.    -0.    -0.003]] 
----------------------------------------------------------------------------------------
   Mn1   Mn2   (  1,  -1,  -1) -0.0185   (-3.810,  3.810,  3.810)  6.599 
J_iso: -0.0185 
Orbital contributions:
 [[-0.001 -0.    -0.    -0.    -0.001]
 [-0.    -0.003  0.    -0.001  0.   ]
 [-0.     0.    -0.003 -0.001  0.   ]
 [-0.    -0.001 -0.001 -0.001 -0.   ]
 [-0.001  0.     0.    -0.    -0.003]] 
----------------------------------------------------------------------------------------
   Mn1   Mn2   ( -2,   0,   0) -0.0185   ( 3.810, -3.810, -3.810)  6.599 
J_iso: -0.0185 
Orbital contributions:
 [[-0.001 -0.    -0.    -0.    -0.001]
 [-0.    -0.003  0.    -0.001  0.   ]
 [-0.     0.    -0.003 -0.001  0.   ]
 [-0.    -0.001 -0.001 -0.001  0.   ]
 [-0.001  0.     0.    -0.    -0.003]] 
----------------------------------------------------------------------------------------
   Mn2   Mn1   (  2,   0,   0) -0.0185   (-3.810,  3.810,  3.810)  6.599 
J_iso: -0.0185 
Orbital contributions:
 [[-0.001 -0.    -0.    -0.    -0.001]
 [-0.    -0.003  0.    -0.001  0.   ]
 [-0.     0.    -0.003 -0.001  0.   ]
 [-0.    -0.001 -0.001 -0.001  0.   ]
 [-0.001  0.     0.    -0.    -0.003]] 
----------------------------------------------------------------------------------------
   Mn1   Mn2   ( -1,  -1,  -1) -0.0185   (-3.810, -3.810, -3.810)  6.599 
J_iso: -0.0185 
Orbital contributions:
 [[-0.001 -0.    -0.    -0.    -0.001]
 [-0.    -0.003  0.    -0.001  0.   ]
 [-0.     0.    -0.003 -0.001  0.   ]
 [-0.    -0.001 -0.001 -0.001 -0.   ]
 [-0.001  0.     0.    -0.    -0.003]] 
----------------------------------------------------------------------------------------
   Mn2   Mn1   (  1,   1,   1) -0.0185   ( 3.810,  3.810,  3.810)  6.599 
J_iso: -0.0185 
Orbital contributions:
 [[-0.001 -0.    -0.    -0.    -0.001]
 [-0.    -0.003  0.    -0.001  0.   ]
 [-0.     0.    -0.003 -0.001  0.   ]
 [-0.    -0.001 -0.001 -0.001 -0.   ]
 [-0.001  0.     0.    -0.    -0.003]] 
----------------------------------------------------------------------------------------
   Mn1   Mn2   (  0,  -2,   0) -0.0185   (-3.810,  3.810, -3.810)  6.599 
J_iso: -0.0185 
Orbital contributions:
 [[-0.001 -0.    -0.    -0.    -0.001]
 [-0.    -0.003  0.    -0.001  0.   ]
 [-0.     0.    -0.003 -0.001  0.   ]
 [-0.    -0.001 -0.001 -0.001 -0.   ]
 [-0.001  0.     0.     0.    -0.003]] 
----------------------------------------------------------------------------------------
   Mn2   Mn1   (  0,   2,   0) -0.0185   ( 3.810, -3.810,  3.810)  6.599 
J_iso: -0.0185 
Orbital contributions:
 [[-0.001 -0.    -0.    -0.    -0.001]
 [-0.    -0.003  0.    -0.001  0.   ]
 [-0.     0.    -0.003 -0.001  0.   ]
 [-0.    -0.001 -0.001 -0.001 -0.   ]
 [-0.001  0.     0.     0.    -0.003]] 
----------------------------------------------------------------------------------------
   Mn1   Mn2   (  0,   0,  -2) -0.0185   (-3.810, -3.810,  3.810)  6.599 
J_iso: -0.0185 
Orbital contributions:
 [[-0.001 -0.    -0.    -0.    -0.001]
 [-0.    -0.003  0.    -0.001  0.   ]
 [-0.     0.    -0.003 -0.001  0.   ]
 [-0.    -0.001 -0.001 -0.001  0.   ]
 [-0.001  0.     0.     0.    -0.003]] 
----------------------------------------------------------------------------------------
   Mn2   Mn1   (  0,   0,   2) -0.0185   ( 3.810,  3.810, -3.810)  6.599 
J_iso: -0.0185 
Orbital contributions:
 [[-0.001 -0.    -0.    -0.    -0.001]
 [-0.    -0.003  0.    -0.001  0.   ]
 [-0.     0.    -0.003 -0.001  0.   ]
 [-0.    -0.001 -0.001 -0.001  0.   ]
 [-0.001  0.     0.     0.    -0.003]] 
----------------------------------------------------------------------------------------
   Mn1   Mn1   ( -1,  -1,   1) -0.4611   ( 0.000,  0.000, -7.620)  7.620 
J_iso: -0.4611 
Orbital contributions:
 [[-0.523  0.     0.     0.     0.   ]
 [-0.     0.025  0.    -0.     0.   ]
 [ 0.     0.     0.025  0.     0.   ]
 [-0.    -0.    -0.     0.012  0.   ]
 [ 0.     0.     0.     0.     0.   ]] 
----------------------------------------------------------------------------------------
   Mn1   Mn1   (  1,   1,  -1) -0.4611   ( 0.000,  0.000,  7.620)  7.620 
J_iso: -0.4611 
Orbital contributions:
 [[-0.523  0.     0.     0.     0.   ]
 [-0.     0.025  0.    -0.     0.   ]
 [ 0.     0.     0.025  0.     0.   ]
 [-0.    -0.    -0.     0.012  0.   ]
 [ 0.     0.     0.     0.     0.   ]] 
----------------------------------------------------------------------------------------
   Mn2   Mn2   ( -1,  -1,   1) -0.4610   ( 0.000,  0.000, -7.620)  7.620 
J_iso: -0.4610 
Orbital contributions:
 [[-0.523  0.     0.    -0.    -0.   ]
 [ 0.     0.025  0.    -0.     0.   ]
 [-0.    -0.     0.025  0.    -0.   ]
 [ 0.    -0.     0.     0.012 -0.   ]
 [-0.    -0.     0.     0.     0.   ]] 
----------------------------------------------------------------------------------------
   Mn1   Mn1   ( -1,   1,  -1) -0.4610   ( 0.000, -7.620,  0.000)  7.620 
J_iso: -0.4610 
Orbital contributions:
 [[-0.016 -0.     0.    -0.106  0.   ]
 [-0.     0.     0.     0.     0.   ]
 [ 0.    -0.     0.025 -0.     0.   ]
 [-0.106  0.    -0.    -0.283 -0.   ]
 [ 0.    -0.     0.    -0.     0.025]] 
----------------------------------------------------------------------------------------
   Mn1   Mn1   (  1,  -1,   1) -0.4610   ( 0.000,  7.620,  0.000)  7.620 
J_iso: -0.4610 
Orbital contributions:
 [[-0.016 -0.     0.    -0.106  0.   ]
 [-0.     0.     0.     0.     0.   ]
 [ 0.    -0.     0.025 -0.     0.   ]
 [-0.106  0.    -0.    -0.283 -0.   ]
 [ 0.    -0.     0.    -0.     0.025]] 
----------------------------------------------------------------------------------------
   Mn2   Mn2   ( -1,   1,  -1) -0.4611   ( 0.000, -7.620,  0.000)  7.620 
J_iso: -0.4611 
Orbital contributions:
 [[-0.016 -0.     0.    -0.106  0.   ]
 [-0.     0.    -0.     0.    -0.   ]
 [ 0.     0.     0.025 -0.     0.   ]
 [-0.106  0.     0.    -0.283  0.   ]
 [ 0.     0.     0.    -0.     0.025]] 
----------------------------------------------------------------------------------------
   Mn1   Mn1   ( -1,   1,   1) -0.4610   ( 7.620,  0.000,  0.000)  7.620 
J_iso: -0.4610 
Orbital contributions:
 [[-0.016  0.     0.    -0.106  0.   ]
 [-0.     0.025  0.    -0.     0.   ]
 [ 0.     0.     0.    -0.     0.   ]
 [-0.106  0.    -0.    -0.283 -0.   ]
 [-0.    -0.     0.    -0.     0.025]] 
----------------------------------------------------------------------------------------
   Mn1   Mn1   (  1,  -1,  -1) -0.4610   (-7.620,  0.000,  0.000)  7.620 
J_iso: -0.4610 
Orbital contributions:
 [[-0.016  0.     0.    -0.106  0.   ]
 [-0.     0.025  0.    -0.     0.   ]
 [ 0.     0.     0.    -0.     0.   ]
 [-0.106  0.    -0.    -0.283 -0.   ]
 [-0.    -0.     0.    -0.     0.025]] 
----------------------------------------------------------------------------------------
   Mn2   Mn2   (  1,  -1,  -1) -0.4611   (-7.620,  0.000,  0.000)  7.620 
J_iso: -0.4611 
Orbital contributions:
 [[-0.016 -0.    -0.    -0.106 -0.   ]
 [-0.     0.025 -0.    -0.    -0.   ]
 [-0.    -0.     0.     0.     0.   ]
 [-0.106 -0.     0.    -0.283 -0.   ]
 [-0.     0.     0.     0.     0.025]] 
----------------------------------------------------------------------------------------
   Mn2   Mn2   (  1,   1,  -1) -0.4610   ( 0.000,  0.000,  7.620)  7.620 
J_iso: -0.4610 
Orbital contributions:
 [[-0.523  0.     0.    -0.    -0.   ]
 [ 0.     0.025  0.    -0.     0.   ]
 [-0.    -0.     0.025  0.    -0.   ]
 [ 0.    -0.     0.     0.012 -0.   ]
 [-0.    -0.     0.     0.     0.   ]] 
----------------------------------------------------------------------------------------
   Mn2   Mn2   (  1,  -1,   1) -0.4611   ( 0.000,  7.620,  0.000)  7.620 
J_iso: -0.4611 
Orbital contributions:
 [[-0.016 -0.     0.    -0.106  0.   ]
 [-0.     0.    -0.     0.    -0.   ]
 [ 0.     0.     0.025 -0.     0.   ]
 [-0.106  0.     0.    -0.283  0.   ]
 [ 0.     0.     0.    -0.     0.025]] 
----------------------------------------------------------------------------------------
   Mn2   Mn2   ( -1,   1,   1) -0.4611   ( 7.620,  0.000,  0.000)  7.620 
J_iso: -0.4611 
Orbital contributions:
 [[-0.016 -0.    -0.    -0.106 -0.   ]
 [-0.     0.025 -0.    -0.    -0.   ]
 [-0.    -0.     0.     0.     0.   ]
 [-0.106 -0.     0.    -0.283 -0.   ]
 [-0.     0.     0.     0.     0.025]] 
----------------------------------------------------------------------------------------
   Mn2   Mn1   (  2,   1,   0)  0.1763   ( 0.000,  3.810,  7.620)  8.519 
J_iso:  0.1763 
Orbital contributions:
 [[ 0.044  0.     0.052  0.017  0.   ]
 [ 0.    -0.003  0.    -0.     0.   ]
 [ 0.052  0.    -0.005 -0.    -0.   ]
 [ 0.017  0.    -0.     0.002  0.   ]
 [ 0.     0.     0.    -0.     0.   ]] 
----------------------------------------------------------------------------------------
   Mn2   Mn1   (  2,   1,  -1)  0.1763   (-3.810,  0.000,  7.620)  8.519 
J_iso:  0.1763 
Orbital contributions:
 [[ 0.044  0.052 -0.     0.017  0.   ]
 [ 0.052 -0.005  0.    -0.    -0.   ]
 [ 0.     0.    -0.003 -0.     0.   ]
 [ 0.017 -0.     0.     0.002 -0.   ]
 [ 0.    -0.     0.    -0.     0.   ]] 
----------------------------------------------------------------------------------------
   Mn2   Mn1   (  2,   0,   1)  0.1763   ( 0.000,  7.620,  3.810)  8.519 
J_iso:  0.1763 
Orbital contributions:
 [[ 0.04   0.     0.017  0.019  0.   ]
 [-0.     0.     0.     0.     0.   ]
 [ 0.017 -0.    -0.005  0.035  0.   ]
 [ 0.019  0.     0.035  0.003 -0.   ]
 [ 0.     0.     0.    -0.    -0.003]] 
----------------------------------------------------------------------------------------
   Mn2   Mn1   (  2,  -1,   1)  0.1763   (-3.810,  7.620,  0.000)  8.519 
J_iso:  0.1763 
Orbital contributions:
 [[ 0.001  0.     0.     0.     0.009]
 [ 0.     0.     0.     0.    -0.   ]
 [ 0.     0.    -0.003 -0.     0.   ]
 [ 0.    -0.     0.     0.079  0.043]
 [ 0.009  0.     0.     0.043 -0.005]] 
----------------------------------------------------------------------------------------
   Mn2   Mn1   (  1,   2,   0)  0.1763   ( 3.810,  0.000,  7.620)  8.519 
J_iso:  0.1763 
Orbital contributions:
 [[ 0.044  0.052 -0.     0.017  0.   ]
 [ 0.052 -0.005  0.    -0.     0.   ]
 [ 0.     0.    -0.003  0.     0.   ]
 [ 0.017 -0.     0.     0.002 -0.   ]
 [ 0.     0.     0.    -0.     0.   ]] 
----------------------------------------------------------------------------------------
   Mn2   Mn1   (  1,   2,  -1)  0.1763   ( 0.000, -3.810,  7.620)  8.519 
J_iso:  0.1763 
Orbital contributions:
 [[ 0.044  0.     0.052  0.017  0.   ]
 [-0.    -0.003  0.    -0.     0.   ]
 [ 0.052  0.    -0.005 -0.     0.   ]
 [ 0.017  0.    -0.     0.002  0.   ]
 [ 0.     0.    -0.     0.     0.   ]] 
----------------------------------------------------------------------------------------
   Mn2   Mn1   (  1,   0,   2)  0.1763   ( 3.810,  7.620,  0.000)  8.519 
J_iso:  0.1763 
Orbital contributions:
 [[ 0.001  0.     0.     0.     0.009]
 [ 0.     0.     0.     0.     0.   ]
 [-0.     0.    -0.003 -0.    -0.   ]
 [ 0.     0.     0.     0.079  0.043]
 [ 0.009  0.     0.     0.043 -0.005]] 
----------------------------------------------------------------------------------------
   Mn2   Mn1   (  1,  -1,   2)  0.1763   ( 0.000,  7.620, -3.810)  8.519 
J_iso:  0.1763 
Orbital contributions:
 [[ 0.04  -0.     0.017  0.019  0.   ]
 [-0.     0.    -0.    -0.     0.   ]
 [ 0.017 -0.    -0.005  0.035  0.   ]
 [ 0.019  0.     0.035  0.003  0.   ]
 [ 0.     0.    -0.    -0.    -0.003]] 
----------------------------------------------------------------------------------------
   Mn2   Mn1   (  0,   2,   1)  0.1763   ( 7.620,  0.000,  3.810)  8.519 
J_iso:  0.1763 
Orbital contributions:
 [[ 0.04   0.017 -0.     0.019  0.   ]
 [ 0.017 -0.005 -0.     0.035  0.   ]
 [ 0.     0.     0.     0.     0.   ]
 [ 0.019  0.035 -0.     0.003 -0.   ]
 [ 0.     0.     0.     0.    -0.003]] 
----------------------------------------------------------------------------------------
   Mn2   Mn1   (  0,   1,   2)  0.1763   ( 7.620,  3.810,  0.000)  8.519 
J_iso:  0.1763 
Orbital contributions:
 [[ 0.001  0.    -0.     0.     0.009]
 [-0.    -0.003  0.     0.    -0.   ]
 [ 0.     0.     0.     0.     0.   ]
 [ 0.     0.    -0.     0.079  0.043]
 [ 0.009  0.     0.     0.043 -0.005]] 
----------------------------------------------------------------------------------------
   Mn2   Mn1   ( -1,   2,   1)  0.1763   ( 7.620, -3.810,  0.000)  8.519 
J_iso:  0.1763 
Orbital contributions:
 [[ 0.001  0.    -0.     0.     0.009]
 [ 0.    -0.003  0.     0.     0.   ]
 [-0.     0.     0.    -0.    -0.   ]
 [ 0.     0.     0.     0.079  0.043]
 [ 0.009  0.     0.     0.043 -0.005]] 
----------------------------------------------------------------------------------------
   Mn2   Mn1   ( -1,   1,   2)  0.1763   ( 7.620,  0.000, -3.810)  8.519 
J_iso:  0.1763 
Orbital contributions:
 [[ 0.04   0.017  0.     0.019 -0.   ]
 [ 0.017 -0.005 -0.     0.035  0.   ]
 [ 0.     0.     0.     0.     0.   ]
 [ 0.019  0.035  0.     0.003  0.   ]
 [ 0.     0.     0.     0.    -0.003]] 
----------------------------------------------------------------------------------------
   Mn1   Mn2   ( -2,   0,   1)  0.1763   ( 7.620, -0.000, -3.810)  8.519 
J_iso:  0.1763 
Orbital contributions:
 [[ 0.04   0.017 -0.     0.019  0.   ]
 [ 0.017 -0.005  0.     0.035  0.   ]
 [ 0.     0.     0.     0.     0.   ]
 [ 0.019  0.035  0.     0.003 -0.   ]
 [-0.     0.     0.    -0.    -0.003]] 
----------------------------------------------------------------------------------------
   Mn2   Mn1   (  2,   0,  -1)  0.1763   (-7.620,  0.000,  3.810)  8.519 
J_iso:  0.1763 
Orbital contributions:
 [[ 0.04   0.017 -0.     0.019  0.   ]
 [ 0.017 -0.005  0.     0.035  0.   ]
 [ 0.     0.     0.     0.     0.   ]
 [ 0.019  0.035  0.     0.003 -0.   ]
 [-0.     0.     0.    -0.    -0.003]] 
----------------------------------------------------------------------------------------
   Mn1   Mn2   ( -2,   1,   0)  0.1763   ( 7.620, -3.810, -0.000)  8.519 
J_iso:  0.1763 
Orbital contributions:
 [[ 0.001  0.     0.     0.     0.009]
 [-0.    -0.003  0.    -0.     0.   ]
 [ 0.     0.     0.     0.     0.   ]
 [ 0.    -0.     0.     0.079  0.043]
 [ 0.009  0.    -0.     0.043 -0.005]] 
----------------------------------------------------------------------------------------
   Mn2   Mn1   (  2,  -1,   0)  0.1763   (-7.620,  3.810,  0.000)  8.519 
J_iso:  0.1763 
Orbital contributions:
 [[ 0.001  0.     0.     0.     0.009]
 [-0.    -0.003  0.    -0.     0.   ]
 [ 0.     0.     0.     0.     0.   ]
 [ 0.    -0.     0.     0.079  0.043]
 [ 0.009  0.    -0.     0.043 -0.005]] 
----------------------------------------------------------------------------------------
   Mn1   Mn2   ( -1,   0,   1)  0.1763   ( 7.620,  3.810, -0.000)  8.519 
J_iso:  0.1763 
Orbital contributions:
 [[ 0.001 -0.    -0.     0.     0.009]
 [-0.    -0.003  0.     0.    -0.   ]
 [-0.     0.     0.    -0.    -0.   ]
 [ 0.    -0.    -0.     0.079  0.043]
 [ 0.009 -0.     0.     0.043 -0.005]] 
----------------------------------------------------------------------------------------
   Mn2   Mn1   (  1,   0,  -1)  0.1763   (-7.620, -3.810,  0.000)  8.519 
J_iso:  0.1763 
Orbital contributions:
 [[ 0.001 -0.    -0.     0.     0.009]
 [-0.    -0.003  0.     0.    -0.   ]
 [-0.     0.     0.    -0.    -0.   ]
 [ 0.    -0.    -0.     0.079  0.043]
 [ 0.009 -0.     0.     0.043 -0.005]] 
----------------------------------------------------------------------------------------
   Mn2   Mn1   ( -1,   0,   1)  0.1763   ( 0.000, -3.810, -7.620)  8.519 
J_iso:  0.1763 
Orbital contributions:
 [[ 0.044  0.     0.052  0.017 -0.   ]
 [-0.    -0.003 -0.     0.     0.   ]
 [ 0.052 -0.    -0.005 -0.    -0.   ]
 [ 0.017  0.    -0.     0.002  0.   ]
 [-0.     0.     0.    -0.     0.   ]] 
----------------------------------------------------------------------------------------
   Mn1   Mn2   (  1,   0,  -1)  0.1763   (-0.000,  3.810,  7.620)  8.519 
J_iso:  0.1763 
Orbital contributions:
 [[ 0.044  0.     0.052  0.017 -0.   ]
 [-0.    -0.003 -0.     0.     0.   ]
 [ 0.052 -0.    -0.005 -0.    -0.   ]
 [ 0.017  0.    -0.     0.002  0.   ]
 [-0.     0.     0.    -0.     0.   ]] 
----------------------------------------------------------------------------------------
   Mn2   Mn1   ( -1,   0,   2)  0.1763   ( 3.810,  0.000, -7.620)  8.519 
J_iso:  0.1763 
Orbital contributions:
 [[ 0.044  0.052 -0.     0.017  0.   ]
 [ 0.052 -0.005 -0.    -0.    -0.   ]
 [ 0.     0.    -0.003  0.     0.   ]
 [ 0.017 -0.    -0.     0.002 -0.   ]
 [ 0.    -0.     0.     0.     0.   ]] 
----------------------------------------------------------------------------------------
   Mn1   Mn2   (  1,   0,  -2)  0.1763   (-3.810, -0.000,  7.620)  8.519 
J_iso:  0.1763 
Orbital contributions:
 [[ 0.044  0.052 -0.     0.017  0.   ]
 [ 0.052 -0.005 -0.    -0.    -0.   ]
 [ 0.     0.    -0.003  0.     0.   ]
 [ 0.017 -0.    -0.     0.002 -0.   ]
 [ 0.    -0.     0.     0.     0.   ]] 
----------------------------------------------------------------------------------------
   Mn1   Mn2   ( -1,   1,   0)  0.1763   ( 7.620, -0.000,  3.810)  8.519 
J_iso:  0.1763 
Orbital contributions:
 [[ 0.04   0.017 -0.     0.019  0.   ]
 [ 0.017 -0.005 -0.     0.035 -0.   ]
 [-0.     0.     0.    -0.     0.   ]
 [ 0.019  0.035  0.     0.003 -0.   ]
 [-0.    -0.     0.    -0.    -0.003]] 
----------------------------------------------------------------------------------------
   Mn2   Mn1   (  1,  -1,   0)  0.1763   (-7.620,  0.000, -3.810)  8.519 
J_iso:  0.1763 
Orbital contributions:
 [[ 0.04   0.017 -0.     0.019  0.   ]
 [ 0.017 -0.005 -0.     0.035 -0.   ]
 [-0.     0.     0.    -0.     0.   ]
 [ 0.019  0.035  0.     0.003 -0.   ]
 [-0.    -0.     0.    -0.    -0.003]] 
----------------------------------------------------------------------------------------
   Mn2   Mn1   ( -1,   1,   0)  0.1763   ( 0.000, -7.620, -3.810)  8.519 
J_iso:  0.1763 
Orbital contributions:
 [[ 0.04  -0.     0.017  0.019  0.   ]
 [ 0.     0.    -0.     0.     0.   ]
 [ 0.017 -0.    -0.005  0.035 -0.   ]
 [ 0.019 -0.     0.035  0.003  0.   ]
 [ 0.     0.     0.    -0.    -0.003]] 
----------------------------------------------------------------------------------------
   Mn1   Mn2   (  1,  -1,   0)  0.1763   (-0.000,  7.620,  3.810)  8.519 
J_iso:  0.1763 
Orbital contributions:
 [[ 0.04  -0.     0.017  0.019  0.   ]
 [ 0.     0.    -0.     0.     0.   ]
 [ 0.017 -0.    -0.005  0.035 -0.   ]
 [ 0.019 -0.     0.035  0.003  0.   ]
 [ 0.     0.     0.    -0.    -0.003]] 
----------------------------------------------------------------------------------------
   Mn2   Mn1   ( -1,   2,   0)  0.1763   ( 3.810, -7.620,  0.000)  8.519 
J_iso:  0.1763 
Orbital contributions:
 [[ 0.001  0.    -0.     0.     0.009]
 [ 0.     0.     0.    -0.     0.   ]
 [-0.     0.    -0.003 -0.     0.   ]
 [ 0.     0.    -0.     0.079  0.043]
 [ 0.009 -0.     0.     0.043 -0.005]] 
----------------------------------------------------------------------------------------
   Mn1   Mn2   (  1,  -2,   0)  0.1763   (-3.810,  7.620, -0.000)  8.519 
J_iso:  0.1763 
Orbital contributions:
 [[ 0.001  0.    -0.     0.     0.009]
 [ 0.     0.     0.    -0.     0.   ]
 [-0.     0.    -0.003 -0.     0.   ]
 [ 0.     0.    -0.     0.079  0.043]
 [ 0.009 -0.     0.     0.043 -0.005]] 
----------------------------------------------------------------------------------------
   Mn1   Mn2   (  0,  -2,   1)  0.1763   (-0.000,  7.620, -3.810)  8.519 
J_iso:  0.1763 
Orbital contributions:
 [[ 0.04  -0.     0.017  0.019 -0.   ]
 [-0.     0.    -0.     0.     0.   ]
 [ 0.017  0.    -0.005  0.035  0.   ]
 [ 0.019  0.     0.035  0.003 -0.   ]
 [ 0.     0.    -0.    -0.    -0.003]] 
----------------------------------------------------------------------------------------
   Mn2   Mn1   (  0,   2,  -1)  0.1763   ( 0.000, -7.620,  3.810)  8.519 
J_iso:  0.1763 
Orbital contributions:
 [[ 0.04  -0.     0.017  0.019 -0.   ]
 [-0.     0.    -0.     0.     0.   ]
 [ 0.017  0.    -0.005  0.035  0.   ]
 [ 0.019  0.     0.035  0.003 -0.   ]
 [ 0.     0.    -0.    -0.    -0.003]] 
----------------------------------------------------------------------------------------
   Mn1   Mn2   (  0,  -1,   1)  0.1763   ( 3.810,  7.620, -0.000)  8.519 
J_iso:  0.1763 
Orbital contributions:
 [[ 0.001 -0.    -0.     0.     0.009]
 [ 0.     0.     0.     0.    -0.   ]
 [ 0.     0.    -0.003 -0.    -0.   ]
 [ 0.    -0.    -0.     0.079  0.043]
 [ 0.009  0.    -0.     0.043 -0.005]] 
----------------------------------------------------------------------------------------
   Mn2   Mn1   (  0,   1,  -1)  0.1763   (-3.810, -7.620,  0.000)  8.519 
J_iso:  0.1763 
Orbital contributions:
 [[ 0.001 -0.    -0.     0.     0.009]
 [ 0.     0.     0.     0.    -0.   ]
 [ 0.     0.    -0.003 -0.    -0.   ]
 [ 0.    -0.    -0.     0.079  0.043]
 [ 0.009  0.    -0.     0.043 -0.005]] 
----------------------------------------------------------------------------------------
   Mn2   Mn1   (  0,  -1,   1)  0.1763   (-3.810,  0.000, -7.620)  8.519 
J_iso:  0.1763 
Orbital contributions:
 [[ 0.044  0.052 -0.     0.017 -0.   ]
 [ 0.052 -0.005 -0.    -0.    -0.   ]
 [ 0.    -0.    -0.003  0.     0.   ]
 [ 0.017 -0.     0.     0.002 -0.   ]
 [ 0.    -0.     0.    -0.     0.   ]] 
----------------------------------------------------------------------------------------
   Mn1   Mn2   (  0,   1,  -1)  0.1763   ( 3.810, -0.000,  7.620)  8.519 
J_iso:  0.1763 
Orbital contributions:
 [[ 0.044  0.052 -0.     0.017 -0.   ]
 [ 0.052 -0.005 -0.    -0.    -0.   ]
 [ 0.    -0.    -0.003  0.     0.   ]
 [ 0.017 -0.     0.     0.002 -0.   ]
 [ 0.    -0.     0.    -0.     0.   ]] 
----------------------------------------------------------------------------------------
   Mn2   Mn1   (  0,  -1,   2)  0.1763   ( 0.000,  3.810, -7.620)  8.519 
J_iso:  0.1763 
Orbital contributions:
 [[ 0.044  0.     0.052  0.017  0.   ]
 [-0.    -0.003 -0.     0.     0.   ]
 [ 0.052 -0.    -0.005 -0.     0.   ]
 [ 0.017  0.    -0.     0.002  0.   ]
 [ 0.     0.    -0.    -0.     0.   ]] 
----------------------------------------------------------------------------------------
   Mn1   Mn2   (  0,   1,  -2)  0.1763   (-0.000, -3.810,  7.620)  8.519 
J_iso:  0.1763 
Orbital contributions:
 [[ 0.044  0.     0.052  0.017  0.   ]
 [-0.    -0.003 -0.     0.     0.   ]
 [ 0.052 -0.    -0.005 -0.     0.   ]
 [ 0.017  0.    -0.     0.002  0.   ]
 [ 0.     0.    -0.    -0.     0.   ]] 
----------------------------------------------------------------------------------------
   Mn1   Mn2   ( -2,  -1,   0)  0.1763   (-0.000, -3.810, -7.620)  8.519 
J_iso:  0.1763 
Orbital contributions:
 [[ 0.044  0.     0.052  0.017  0.   ]
 [ 0.    -0.003  0.    -0.     0.   ]
 [ 0.052  0.    -0.005 -0.    -0.   ]
 [ 0.017  0.    -0.     0.002  0.   ]
 [ 0.     0.     0.    -0.     0.   ]] 
----------------------------------------------------------------------------------------
   Mn1   Mn2   ( -2,  -1,   1)  0.1763   ( 3.810, -0.000, -7.620)  8.519 
J_iso:  0.1763 
Orbital contributions:
 [[ 0.044  0.052 -0.     0.017  0.   ]
 [ 0.052 -0.005  0.    -0.    -0.   ]
 [ 0.     0.    -0.003 -0.     0.   ]
 [ 0.017 -0.     0.     0.002 -0.   ]
 [ 0.    -0.     0.    -0.     0.   ]] 
----------------------------------------------------------------------------------------
   Mn1   Mn2   ( -2,   0,  -1)  0.1763   (-0.000, -7.620, -3.810)  8.519 
J_iso:  0.1763 
Orbital contributions:
 [[ 0.04   0.     0.017  0.019  0.   ]
 [-0.     0.     0.     0.     0.   ]
 [ 0.017 -0.    -0.005  0.035  0.   ]
 [ 0.019  0.     0.035  0.003 -0.   ]
 [ 0.     0.     0.    -0.    -0.003]] 
----------------------------------------------------------------------------------------
   Mn1   Mn2   ( -2,   1,  -1)  0.1763   ( 3.810, -7.620, -0.000)  8.519 
J_iso:  0.1763 
Orbital contributions:
 [[ 0.001  0.     0.     0.     0.009]
 [ 0.     0.     0.     0.    -0.   ]
 [ 0.     0.    -0.003 -0.     0.   ]
 [ 0.    -0.     0.     0.079  0.043]
 [ 0.009  0.     0.     0.043 -0.005]] 
----------------------------------------------------------------------------------------
   Mn1   Mn2   ( -1,  -2,   0)  0.1763   (-3.810, -0.000, -7.620)  8.519 
J_iso:  0.1763 
Orbital contributions:
 [[ 0.044  0.052 -0.     0.017  0.   ]
 [ 0.052 -0.005  0.    -0.     0.   ]
 [ 0.     0.    -0.003  0.     0.   ]
 [ 0.017 -0.     0.     0.002 -0.   ]
 [ 0.     0.     0.    -0.     0.   ]] 
----------------------------------------------------------------------------------------
   Mn1   Mn2   ( -1,  -2,   1)  0.1763   (-0.000,  3.810, -7.620)  8.519 
J_iso:  0.1763 
Orbital contributions:
 [[ 0.044  0.     0.052  0.017  0.   ]
 [-0.    -0.003  0.    -0.     0.   ]
 [ 0.052  0.    -0.005 -0.     0.   ]
 [ 0.017  0.    -0.     0.002  0.   ]
 [ 0.     0.    -0.     0.     0.   ]] 
----------------------------------------------------------------------------------------
   Mn1   Mn2   ( -1,   0,  -2)  0.1763   (-3.810, -7.620, -0.000)  8.519 
J_iso:  0.1763 
Orbital contributions:
 [[ 0.001  0.     0.     0.     0.009]
 [ 0.     0.     0.     0.     0.   ]
 [-0.     0.    -0.003 -0.    -0.   ]
 [ 0.     0.     0.     0.079  0.043]
 [ 0.009  0.     0.     0.043 -0.005]] 
----------------------------------------------------------------------------------------
   Mn1   Mn2   ( -1,   1,  -2)  0.1763   (-0.000, -7.620,  3.810)  8.519 
J_iso:  0.1763 
Orbital contributions:
 [[ 0.04  -0.     0.017  0.019  0.   ]
 [-0.     0.    -0.    -0.     0.   ]
 [ 0.017 -0.    -0.005  0.035  0.   ]
 [ 0.019  0.     0.035  0.003  0.   ]
 [ 0.     0.    -0.    -0.    -0.003]] 
----------------------------------------------------------------------------------------
   Mn1   Mn2   (  0,  -2,  -1)  0.1763   (-7.620, -0.000, -3.810)  8.519 
J_iso:  0.1763 
Orbital contributions:
 [[ 0.04   0.017 -0.     0.019  0.   ]
 [ 0.017 -0.005 -0.     0.035  0.   ]
 [ 0.     0.     0.     0.     0.   ]
 [ 0.019  0.035 -0.     0.003 -0.   ]
 [ 0.     0.     0.     0.    -0.003]] 
----------------------------------------------------------------------------------------
   Mn1   Mn2   (  0,  -1,  -2)  0.1763   (-7.620, -3.810, -0.000)  8.519 
J_iso:  0.1763 
Orbital contributions:
 [[ 0.001  0.    -0.     0.     0.009]
 [-0.    -0.003  0.     0.    -0.   ]
 [ 0.     0.     0.     0.     0.   ]
 [ 0.     0.    -0.     0.079  0.043]
 [ 0.009  0.     0.     0.043 -0.005]] 
----------------------------------------------------------------------------------------
   Mn1   Mn2   (  1,  -2,  -1)  0.1763   (-7.620,  3.810, -0.000)  8.519 
J_iso:  0.1763 
Orbital contributions:
 [[ 0.001  0.    -0.     0.     0.009]
 [ 0.    -0.003  0.     0.     0.   ]
 [-0.     0.     0.    -0.    -0.   ]
 [ 0.     0.     0.     0.079  0.043]
 [ 0.009  0.     0.     0.043 -0.005]] 
----------------------------------------------------------------------------------------
   Mn1   Mn2   (  1,  -1,  -2)  0.1763   (-7.620, -0.000,  3.810)  8.519 
J_iso:  0.1763 
Orbital contributions:
 [[ 0.04   0.017  0.     0.019 -0.   ]
 [ 0.017 -0.005 -0.     0.035  0.   ]
 [ 0.     0.     0.     0.     0.   ]
 [ 0.019  0.035  0.     0.003  0.   ]
 [ 0.     0.     0.     0.    -0.003]] 
----------------------------------------------------------------------------------------
   Mn1   Mn1   ( -2,   0,   1)  0.0008   ( 3.810, -3.810, -7.620)  9.333 
J_iso:  0.0008 
Orbital contributions:
 [[-0.  0.  0. -0. -0.]
 [ 0.  0. -0. -0.  0.]
 [ 0. -0.  0. -0.  0.]
 [-0. -0. -0.  0.  0.]
 [-0.  0.  0. -0.  0.]] 
----------------------------------------------------------------------------------------
   Mn1   Mn1   (  2,   0,  -1)  0.0008   (-3.810,  3.810,  7.620)  9.333 
J_iso:  0.0008 
Orbital contributions:
 [[-0.  0.  0. -0. -0.]
 [ 0.  0. -0. -0.  0.]
 [ 0. -0.  0. -0.  0.]
 [-0. -0. -0.  0.  0.]
 [-0.  0.  0. -0.  0.]] 
----------------------------------------------------------------------------------------
   Mn2   Mn2   ( -2,   0,   1)  0.0008   ( 3.810, -3.810, -7.620)  9.333 
J_iso:  0.0008 
Orbital contributions:
 [[-0.  0.  0. -0. -0.]
 [ 0.  0. -0. -0.  0.]
 [ 0. -0.  0. -0.  0.]
 [-0. -0. -0.  0.  0.]
 [-0.  0.  0.  0.  0.]] 
----------------------------------------------------------------------------------------
   Mn1   Mn1   ( -2,   1,   0)  0.0008   ( 3.810, -7.620, -3.810)  9.333 
J_iso:  0.0008 
Orbital contributions:
 [[ 0. -0. -0. -0.  0.]
 [-0.  0.  0. -0.  0.]
 [-0.  0.  0.  0. -0.]
 [-0. -0.  0. -0.  0.]
 [ 0.  0. -0.  0.  0.]] 
----------------------------------------------------------------------------------------
   Mn1   Mn1   (  2,  -1,   0)  0.0008   (-3.810,  7.620,  3.810)  9.333 
J_iso:  0.0008 
Orbital contributions:
 [[ 0. -0. -0. -0.  0.]
 [-0.  0.  0. -0.  0.]
 [-0.  0.  0.  0. -0.]
 [-0. -0.  0. -0.  0.]
 [ 0.  0. -0.  0.  0.]] 
----------------------------------------------------------------------------------------
   Mn2   Mn2   ( -2,   1,   0)  0.0008   ( 3.810, -7.620, -3.810)  9.333 
J_iso:  0.0008 
Orbital contributions:
 [[ 0. -0. -0. -0.  0.]
 [-0.  0.  0. -0.  0.]
 [-0.  0.  0.  0. -0.]
 [-0. -0.  0. -0.  0.]
 [ 0.  0. -0.  0.  0.]] 
----------------------------------------------------------------------------------------
   Mn1   Mn1   ( -2,   1,   1)  0.0008   ( 7.620, -3.810, -3.810)  9.333 
J_iso:  0.0008 
Orbital contributions:
 [[ 0. -0. -0. -0.  0.]
 [-0.  0.  0.  0. -0.]
 [-0.  0.  0. -0.  0.]
 [-0.  0. -0. -0.  0.]
 [ 0. -0.  0.  0.  0.]] 
----------------------------------------------------------------------------------------
   Mn1   Mn1   (  2,  -1,  -1)  0.0008   (-7.620,  3.810,  3.810)  9.333 
J_iso:  0.0008 
Orbital contributions:
 [[ 0. -0. -0. -0.  0.]
 [-0.  0.  0.  0. -0.]
 [-0.  0.  0. -0.  0.]
 [-0.  0. -0. -0.  0.]
 [ 0. -0.  0.  0.  0.]] 
----------------------------------------------------------------------------------------
   Mn2   Mn2   ( -2,   1,   1)  0.0008   ( 7.620, -3.810, -3.810)  9.333 
J_iso:  0.0008 
Orbital contributions:
 [[ 0. -0. -0. -0.  0.]
 [-0.  0.  0.  0. -0.]
 [-0.  0.  0. -0.  0.]
 [-0.  0. -0. -0.  0.]
 [ 0. -0.  0.  0.  0.]] 
----------------------------------------------------------------------------------------
   Mn2   Mn2   (  2,  -1,  -1)  0.0008   (-7.620,  3.810,  3.810)  9.333 
J_iso:  0.0008 
Orbital contributions:
 [[ 0. -0. -0. -0.  0.]
 [-0.  0.  0.  0. -0.]
 [-0.  0.  0. -0.  0.]
 [-0.  0. -0. -0.  0.]
 [ 0. -0.  0.  0.  0.]] 
----------------------------------------------------------------------------------------
   Mn1   Mn1   ( -1,  -1,   0)  0.0008   (-3.810, -3.810, -7.620)  9.333 
J_iso:  0.0008 
Orbital contributions:
 [[-0.  0.  0. -0. -0.]
 [ 0.  0. -0. -0.  0.]
 [ 0. -0.  0. -0.  0.]
 [-0. -0. -0.  0.  0.]
 [-0.  0.  0. -0.  0.]] 
----------------------------------------------------------------------------------------
   Mn1   Mn1   (  1,   1,   0)  0.0008   ( 3.810,  3.810,  7.620)  9.333 
J_iso:  0.0008 
Orbital contributions:
 [[-0.  0.  0. -0. -0.]
 [ 0.  0. -0. -0.  0.]
 [ 0. -0.  0. -0.  0.]
 [-0. -0. -0.  0.  0.]
 [-0.  0.  0. -0.  0.]] 
----------------------------------------------------------------------------------------
   Mn2   Mn2   ( -1,  -1,   0)  0.0008   (-3.810, -3.810, -7.620)  9.333 
J_iso:  0.0008 
Orbital contributions:
 [[-0.  0.  0. -0. -0.]
 [ 0.  0. -0. -0.  0.]
 [ 0. -0.  0. -0.  0.]
 [-0. -0. -0.  0. -0.]
 [-0.  0.  0.  0.  0.]] 
----------------------------------------------------------------------------------------
   Mn1   Mn1   ( -1,  -1,   2)  0.0008   ( 3.810,  3.810, -7.620)  9.333 
J_iso:  0.0008 
Orbital contributions:
 [[-0.  0.  0. -0. -0.]
 [ 0.  0. -0. -0.  0.]
 [ 0. -0.  0. -0.  0.]
 [-0. -0. -0.  0.  0.]
 [-0.  0.  0.  0.  0.]] 
----------------------------------------------------------------------------------------
   Mn1   Mn1   (  1,   1,  -2)  0.0008   (-3.810, -3.810,  7.620)  9.333 
J_iso:  0.0008 
Orbital contributions:
 [[-0.  0.  0. -0. -0.]
 [ 0.  0. -0. -0.  0.]
 [ 0. -0.  0. -0.  0.]
 [-0. -0. -0.  0.  0.]
 [-0.  0.  0.  0.  0.]] 
----------------------------------------------------------------------------------------
   Mn2   Mn2   ( -1,  -1,   2)  0.0008   ( 3.810,  3.810, -7.620)  9.333 
J_iso:  0.0008 
Orbital contributions:
 [[-0.  0.  0. -0. -0.]
 [ 0.  0. -0. -0.  0.]
 [ 0. -0.  0. -0.  0.]
 [-0. -0. -0.  0.  0.]
 [-0.  0.  0. -0.  0.]] 
----------------------------------------------------------------------------------------
   Mn2   Mn2   (  1,   1,  -2)  0.0008   (-3.810, -3.810,  7.620)  9.333 
J_iso:  0.0008 
Orbital contributions:
 [[-0.  0.  0. -0. -0.]
 [ 0.  0. -0. -0.  0.]
 [ 0. -0.  0. -0.  0.]
 [-0. -0. -0.  0.  0.]
 [-0.  0.  0. -0.  0.]] 
----------------------------------------------------------------------------------------
   Mn1   Mn1   ( -1,   0,  -1)  0.0008   (-3.810, -7.620, -3.810)  9.333 
J_iso:  0.0008 
Orbital contributions:
 [[ 0. -0. -0. -0.  0.]
 [-0.  0.  0. -0.  0.]
 [-0.  0.  0.  0. -0.]
 [-0. -0.  0. -0.  0.]
 [ 0.  0. -0.  0.  0.]] 
----------------------------------------------------------------------------------------
   Mn1   Mn1   (  1,   0,   1)  0.0008   ( 3.810,  7.620,  3.810)  9.333 
J_iso:  0.0008 
Orbital contributions:
 [[ 0. -0. -0. -0.  0.]
 [-0.  0.  0. -0.  0.]
 [-0.  0.  0.  0. -0.]
 [-0. -0.  0. -0.  0.]
 [ 0.  0. -0.  0.  0.]] 
----------------------------------------------------------------------------------------
   Mn2   Mn2   ( -1,   0,  -1)  0.0008   (-3.810, -7.620, -3.810)  9.333 
J_iso:  0.0008 
Orbital contributions:
 [[ 0. -0. -0. -0.  0.]
 [-0.  0.  0. -0.  0.]
 [-0.  0.  0.  0. -0.]
 [-0. -0.  0. -0.  0.]
 [ 0.  0. -0.  0.  0.]] 
----------------------------------------------------------------------------------------
   Mn1   Mn1   ( -1,   0,   2)  0.0008   ( 7.620,  3.810, -3.810)  9.333 
J_iso:  0.0008 
Orbital contributions:
 [[ 0. -0. -0. -0.  0.]
 [-0.  0.  0.  0. -0.]
 [-0.  0.  0. -0.  0.]
 [-0.  0. -0. -0.  0.]
 [ 0. -0.  0.  0.  0.]] 
----------------------------------------------------------------------------------------
   Mn1   Mn1   (  1,   0,  -2)  0.0008   (-7.620, -3.810,  3.810)  9.333 
J_iso:  0.0008 
Orbital contributions:
 [[ 0. -0. -0. -0.  0.]
 [-0.  0.  0.  0. -0.]
 [-0.  0.  0. -0.  0.]
 [-0.  0. -0. -0.  0.]
 [ 0. -0.  0.  0.  0.]] 
----------------------------------------------------------------------------------------
   Mn2   Mn2   ( -1,   0,   2)  0.0008   ( 7.620,  3.810, -3.810)  9.333 
J_iso:  0.0008 
Orbital contributions:
 [[ 0. -0. -0. -0.  0.]
 [-0.  0.  0.  0. -0.]
 [-0.  0.  0. -0.  0.]
 [-0.  0. -0. -0.  0.]
 [ 0. -0.  0.  0.  0.]] 
----------------------------------------------------------------------------------------
   Mn2   Mn2   (  1,   0,  -2)  0.0008   (-7.620, -3.810,  3.810)  9.333 
J_iso:  0.0008 
Orbital contributions:
 [[ 0. -0. -0. -0.  0.]
 [-0.  0.  0.  0. -0.]
 [-0.  0.  0. -0.  0.]
 [-0.  0. -0. -0.  0.]
 [ 0. -0.  0.  0.  0.]] 
----------------------------------------------------------------------------------------
   Mn1   Mn1   ( -1,   2,  -1)  0.0008   ( 3.810, -7.620,  3.810)  9.333 
J_iso:  0.0008 
Orbital contributions:
 [[ 0. -0. -0. -0.  0.]
 [-0.  0.  0. -0.  0.]
 [-0.  0.  0.  0. -0.]
 [-0. -0.  0. -0.  0.]
 [ 0.  0. -0.  0.  0.]] 
----------------------------------------------------------------------------------------
   Mn1   Mn1   (  1,  -2,   1)  0.0008   (-3.810,  7.620, -3.810)  9.333 
J_iso:  0.0008 
Orbital contributions:
 [[ 0. -0. -0. -0.  0.]
 [-0.  0.  0. -0.  0.]
 [-0.  0.  0.  0. -0.]
 [-0. -0.  0. -0.  0.]
 [ 0.  0. -0.  0.  0.]] 
----------------------------------------------------------------------------------------
   Mn2   Mn2   ( -1,   2,  -1)  0.0008   ( 3.810, -7.620,  3.810)  9.333 
J_iso:  0.0008 
Orbital contributions:
 [[ 0. -0. -0. -0.  0.]
 [-0.  0.  0. -0.  0.]
 [-0.  0.  0.  0. -0.]
 [-0. -0.  0. -0.  0.]
 [ 0.  0. -0.  0.  0.]] 
----------------------------------------------------------------------------------------
   Mn2   Mn2   (  1,  -2,   1)  0.0008   (-3.810,  7.620, -3.810)  9.333 
J_iso:  0.0008 
Orbital contributions:
 [[ 0. -0. -0. -0.  0.]
 [-0.  0.  0. -0.  0.]
 [-0.  0.  0.  0. -0.]
 [-0. -0.  0. -0.  0.]
 [ 0.  0. -0.  0.  0.]] 
----------------------------------------------------------------------------------------
   Mn1   Mn1   ( -1,   2,   0)  0.0008   ( 7.620, -3.810,  3.810)  9.333 
J_iso:  0.0008 
Orbital contributions:
 [[ 0. -0. -0. -0.  0.]
 [-0.  0.  0.  0. -0.]
 [-0.  0.  0. -0.  0.]
 [-0.  0. -0. -0.  0.]
 [ 0. -0.  0.  0.  0.]] 
----------------------------------------------------------------------------------------
   Mn1   Mn1   (  1,  -2,   0)  0.0008   (-7.620,  3.810, -3.810)  9.333 
J_iso:  0.0008 
Orbital contributions:
 [[ 0. -0. -0. -0.  0.]
 [-0.  0.  0.  0. -0.]
 [-0.  0.  0. -0.  0.]
 [-0.  0. -0. -0.  0.]
 [ 0. -0.  0.  0.  0.]] 
----------------------------------------------------------------------------------------
   Mn2   Mn2   (  1,  -2,   0)  0.0008   (-7.620,  3.810, -3.810)  9.333 
J_iso:  0.0008 
Orbital contributions:
 [[ 0. -0. -0. -0.  0.]
 [-0.  0.  0.  0. -0.]
 [-0.  0.  0. -0.  0.]
 [-0.  0. -0. -0.  0.]
 [ 0. -0.  0.  0.  0.]] 
----------------------------------------------------------------------------------------
   Mn1   Mn1   (  0,  -2,   1)  0.0008   (-3.810,  3.810, -7.620)  9.333 
J_iso:  0.0008 
Orbital contributions:
 [[-0.  0.  0. -0. -0.]
 [ 0.  0. -0. -0.  0.]
 [ 0. -0.  0. -0.  0.]
 [-0. -0. -0.  0. -0.]
 [-0.  0.  0.  0.  0.]] 
----------------------------------------------------------------------------------------
   Mn1   Mn1   (  0,   2,  -1)  0.0008   ( 3.810, -3.810,  7.620)  9.333 
J_iso:  0.0008 
Orbital contributions:
 [[-0.  0.  0. -0. -0.]
 [ 0.  0. -0. -0.  0.]
 [ 0. -0.  0. -0.  0.]
 [-0. -0. -0.  0. -0.]
 [-0.  0.  0.  0.  0.]] 
----------------------------------------------------------------------------------------
   Mn2   Mn2   (  0,  -2,   1)  0.0008   (-3.810,  3.810, -7.620)  9.333 
J_iso:  0.0008 
Orbital contributions:
 [[-0.  0.  0. -0. -0.]
 [ 0.  0. -0. -0.  0.]
 [ 0. -0.  0. -0.  0.]
 [-0. -0. -0.  0. -0.]
 [-0.  0.  0.  0.  0.]] 
----------------------------------------------------------------------------------------
   Mn1   Mn1   (  0,  -1,  -1)  0.0008   (-7.620, -3.810, -3.810)  9.333 
J_iso:  0.0008 
Orbital contributions:
 [[ 0. -0. -0. -0.  0.]
 [-0.  0.  0.  0. -0.]
 [-0.  0.  0. -0.  0.]
 [-0.  0. -0. -0.  0.]
 [ 0. -0.  0.  0.  0.]] 
----------------------------------------------------------------------------------------
   Mn1   Mn1   (  0,   1,   1)  0.0008   ( 7.620,  3.810,  3.810)  9.333 
J_iso:  0.0008 
Orbital contributions:
 [[ 0. -0. -0. -0.  0.]
 [-0.  0.  0.  0. -0.]
 [-0.  0.  0. -0.  0.]
 [-0.  0. -0. -0.  0.]
 [ 0. -0.  0.  0.  0.]] 
----------------------------------------------------------------------------------------
   Mn2   Mn2   (  0,  -1,  -1)  0.0008   (-7.620, -3.810, -3.810)  9.333 
J_iso:  0.0008 
Orbital contributions:
 [[ 0. -0. -0. -0.  0.]
 [-0.  0.  0.  0. -0.]
 [-0.  0.  0. -0.  0.]
 [-0.  0. -0. -0.  0.]
 [ 0. -0.  0.  0.  0.]] 
----------------------------------------------------------------------------------------
   Mn1   Mn1   (  0,  -1,   2)  0.0008   ( 3.810,  7.620, -3.810)  9.333 
J_iso:  0.0008 
Orbital contributions:
 [[ 0. -0. -0. -0.  0.]
 [-0.  0.  0. -0.  0.]
 [-0.  0.  0.  0. -0.]
 [-0. -0.  0. -0.  0.]
 [ 0.  0. -0.  0.  0.]] 
----------------------------------------------------------------------------------------
   Mn1   Mn1   (  0,   1,  -2)  0.0008   (-3.810, -7.620,  3.810)  9.333 
J_iso:  0.0008 
Orbital contributions:
 [[ 0. -0. -0. -0.  0.]
 [-0.  0.  0. -0.  0.]
 [-0.  0.  0.  0. -0.]
 [-0. -0.  0. -0.  0.]
 [ 0.  0. -0.  0.  0.]] 
----------------------------------------------------------------------------------------
   Mn2   Mn2   (  0,  -1,   2)  0.0008   ( 3.810,  7.620, -3.810)  9.333 
J_iso:  0.0008 
Orbital contributions:
 [[ 0. -0. -0. -0.  0.]
 [-0.  0.  0. -0.  0.]
 [-0.  0.  0.  0. -0.]
 [-0. -0.  0. -0.  0.]
 [ 0.  0. -0.  0.  0.]] 
----------------------------------------------------------------------------------------
   Mn2   Mn2   (  0,   1,  -2)  0.0008   (-3.810, -7.620,  3.810)  9.333 
J_iso:  0.0008 
Orbital contributions:
 [[ 0. -0. -0. -0.  0.]
 [-0.  0.  0. -0.  0.]
 [-0.  0.  0.  0. -0.]
 [-0. -0.  0. -0.  0.]
 [ 0.  0. -0.  0.  0.]] 
----------------------------------------------------------------------------------------
   Mn2   Mn2   (  2,   0,  -1)  0.0008   (-3.810,  3.810,  7.620)  9.333 
J_iso:  0.0008 
Orbital contributions:
 [[-0.  0.  0. -0. -0.]
 [ 0.  0. -0. -0.  0.]
 [ 0. -0.  0. -0.  0.]
 [-0. -0. -0.  0.  0.]
 [-0.  0.  0.  0.  0.]] 
----------------------------------------------------------------------------------------
   Mn2   Mn2   (  2,  -1,   0)  0.0008   (-3.810,  7.620,  3.810)  9.333 
J_iso:  0.0008 
Orbital contributions:
 [[ 0. -0. -0. -0.  0.]
 [-0.  0.  0. -0.  0.]
 [-0.  0.  0.  0. -0.]
 [-0. -0.  0. -0.  0.]
 [ 0.  0. -0.  0.  0.]] 
----------------------------------------------------------------------------------------
   Mn2   Mn2   (  1,   1,   0)  0.0008   ( 3.810,  3.810,  7.620)  9.333 
J_iso:  0.0008 
Orbital contributions:
 [[-0.  0.  0. -0. -0.]
 [ 0.  0. -0. -0.  0.]
 [ 0. -0.  0. -0.  0.]
 [-0. -0. -0.  0. -0.]
 [-0.  0.  0.  0.  0.]] 
----------------------------------------------------------------------------------------
   Mn2   Mn2   (  1,   0,   1)  0.0008   ( 3.810,  7.620,  3.810)  9.333 
J_iso:  0.0008 
Orbital contributions:
 [[ 0. -0. -0. -0.  0.]
 [-0.  0.  0. -0.  0.]
 [-0.  0.  0.  0. -0.]
 [-0. -0.  0. -0.  0.]
 [ 0.  0. -0.  0.  0.]] 
----------------------------------------------------------------------------------------
   Mn2   Mn2   ( -1,   2,   0)  0.0008   ( 7.620, -3.810,  3.810)  9.333 
J_iso:  0.0008 
Orbital contributions:
 [[ 0. -0. -0. -0.  0.]
 [-0.  0.  0.  0. -0.]
 [-0.  0.  0. -0.  0.]
 [-0.  0. -0. -0.  0.]
 [ 0. -0.  0.  0.  0.]] 
----------------------------------------------------------------------------------------
   Mn2   Mn2   (  0,   2,  -1)  0.0008   ( 3.810, -3.810,  7.620)  9.333 
J_iso:  0.0008 
Orbital contributions:
 [[-0.  0.  0. -0. -0.]
 [ 0.  0. -0. -0.  0.]
 [ 0. -0.  0. -0.  0.]
 [-0. -0. -0.  0. -0.]
 [-0.  0.  0.  0.  0.]] 
----------------------------------------------------------------------------------------
   Mn2   Mn2   (  0,   1,   1)  0.0008   ( 7.620,  3.810,  3.810)  9.333 
J_iso:  0.0008 
Orbital contributions:
 [[ 0. -0. -0. -0.  0.]
 [-0.  0.  0.  0. -0.]
 [-0.  0.  0. -0.  0.]
 [-0.  0. -0. -0.  0.]
 [ 0. -0.  0.  0.  0.]] 
