==========================================================================================
Information: 
Exchange parameters generated by TB2J 0.7.0
Generation time: 21/11/12 23:07:14
 Input from non-collinear Wannier90 data.
 Tight binding data from ./. 
 Prefix of wannier function files:wannier90.
Warning: Please check if the noise level of Wannier function Hamiltonian to make sure it is much smaller than the exchange values.
 The DMI component parallel to the spin orientation, the Jani which has the component of that orientation should be disregarded
 e.g. if the spins are along z, the xz, yz, zz, zx, zy components and the z component of DMI.
 If you need these component, try to do three calculations with spin along x, y, z,  or use structure with z rotated to x, y and z. And then use TB2J_merge.py to get the full set of parameters.


==========================================================================================
Cell (Angstrom):
-0.000   3.411   5.909
-0.000  -3.411   5.909
13.838   0.000   0.000

==========================================================================================
Atoms:  
(Note: charge and magmoms only count the wannier functions.)
Atom_number      x         y         z     w_charge    M(x)      M(y)      M(z)   
Cr1             6.9192   -0.0000    3.9391    4.6096    0.0014    0.0011    3.0880
Cr2             6.9192    0.0000    7.8781    4.6096    0.0014    0.0011    3.0880
I1              5.3707    1.2074    2.0912    5.4517   -0.0004   -0.0002   -0.0277
I2              8.4676    2.2040    7.9998    5.4517   -0.0007   -0.0003   -0.0277
I3              5.3707    0.9966    5.9086    5.4510   -0.0001    0.0001   -0.0283
I4              8.4676   -0.9966    5.9086    5.4510   -0.0001    0.0001   -0.0283
I5              5.3707   -2.2040    3.8174    5.4517   -0.0007   -0.0003   -0.0277
I6              8.4676   -1.2074    9.7260    5.4517   -0.0004   -0.0002   -0.0277
Total                                        41.9280    0.0003    0.0013    6.0082

==========================================================================================
Exchange: 
    i      j          R        J_iso(meV)          vector          distance(A) 
----------------------------------------------------------------------------------------
   Cr1   Cr2   (  0,   0,   0)  0.2359   ( 0.000,  0.000,  3.939)  3.939 
J_iso:  0.2359 
[Testing!] Jprime: 3.791,  B: -1.842
[Testing!] DMI: (-0.0000  0.0000  0.0000)
[Testing!]J_ani:
[[-0.128 -0.052  0.368]
 [-0.052 -0.129  0.676]
 [ 0.368  0.676 -3.684]]
----------------------------------------------------------------------------------------
   Cr2   Cr1   (  0,   0,   0)  0.2359   ( 0.000,  0.000, -3.939)  3.939 
J_iso:  0.2359 
[Testing!] Jprime: 3.791,  B: -1.842
[Testing!] DMI: ( 0.0000 -0.0000 -0.0000)
[Testing!]J_ani:
[[-0.128 -0.052  0.368]
 [-0.052 -0.129  0.676]
 [ 0.368  0.676 -3.684]]
----------------------------------------------------------------------------------------
   Cr2   Cr1   (  0,   1,   0)  0.3326   ( 0.000, -3.411,  1.970)  3.939 
J_iso:  0.3326 
[Testing!] Jprime: 4.128,  B: -1.923
[Testing!] DMI: ( 0.0000 -0.0000  0.0000)
[Testing!]J_ani:
[[-0.04  -0.018 -0.088]
 [-0.018 -0.06  -0.18 ]
 [-0.088 -0.18  -3.846]]
----------------------------------------------------------------------------------------
   Cr2   Cr1   (  1,   0,   0)  0.3782   ( 0.000,  3.411,  1.970)  3.939 
J_iso:  0.3782 
[Testing!] Jprime: 4.163,  B: -1.936
[Testing!] DMI: ( 0.0000 -0.0000 -0.0000)
[Testing!]J_ani:
[[-0.025  0.038 -0.004]
 [ 0.038 -0.148 -0.252]
 [-0.004 -0.252 -3.872]]
----------------------------------------------------------------------------------------
   Cr1   Cr2   ( -1,   0,   0)  0.3782   ( 0.000, -3.411, -1.970)  3.939 
J_iso:  0.3782 
[Testing!] Jprime: 4.163,  B: -1.936
[Testing!] DMI: (-0.0000  0.0000  0.0000)
[Testing!]J_ani:
[[-0.025  0.038 -0.004]
 [ 0.038 -0.148 -0.252]
 [-0.004 -0.252 -3.872]]
----------------------------------------------------------------------------------------
   Cr1   Cr2   (  0,  -1,   0)  0.3326   ( 0.000,  3.411, -1.970)  3.939 
J_iso:  0.3326 
[Testing!] Jprime: 4.128,  B: -1.923
[Testing!] DMI: (-0.0000  0.0000 -0.0000)
[Testing!]J_ani:
[[-0.04  -0.018 -0.088]
 [-0.018 -0.06  -0.18 ]
 [-0.088 -0.18  -3.846]]
----------------------------------------------------------------------------------------
   Cr2   Cr2   (  0,   1,   0)  0.9439   ( 0.000, -3.411,  5.909)  6.823 
J_iso:  0.9439 
[Testing!] Jprime: 2.404,  B: -0.860
[Testing!] DMI: ( 0.0778 -0.0119 -0.0631)
[Testing!]J_ani:
[[-0.247 -0.007 -0.153]
 [-0.007 -0.272  0.036]
 [-0.153  0.036 -1.72 ]]
----------------------------------------------------------------------------------------
   Cr2   Cr2   (  1,   0,   0)  0.9853   ( 0.000,  3.411,  5.909)  6.823 
J_iso:  0.9853 
[Testing!] Jprime: 2.402,  B: -0.858
[Testing!] DMI: ( 0.0757 -0.0248 -0.0656)
[Testing!]J_ani:
[[-0.259 -0.001 -0.161]
 [-0.001 -0.342  0.01 ]
 [-0.161  0.01  -1.717]]
----------------------------------------------------------------------------------------
   Cr1   Cr1   ( -1,   0,   0)  0.9853   ( 0.000, -3.411, -5.909)  6.823 
J_iso:  0.9853 
[Testing!] Jprime: 2.402,  B: -0.858
[Testing!] DMI: ( 0.0757 -0.0248 -0.0656)
[Testing!]J_ani:
[[-0.259 -0.001 -0.161]
 [-0.001 -0.342  0.01 ]
 [-0.161  0.01  -1.717]]
----------------------------------------------------------------------------------------
   Cr2   Cr2   ( -1,   0,   0)  0.9853   ( 0.000, -3.411, -5.909)  6.823 
J_iso:  0.9853 
[Testing!] Jprime: 2.402,  B: -0.858
[Testing!] DMI: (-0.0757  0.0248  0.0656)
[Testing!]J_ani:
[[-0.259 -0.001 -0.161]
 [-0.001 -0.342  0.01 ]
 [-0.161  0.01  -1.717]]
----------------------------------------------------------------------------------------
   Cr1   Cr1   (  0,  -1,   0)  0.9439   ( 0.000,  3.411, -5.909)  6.823 
J_iso:  0.9439 
[Testing!] Jprime: 2.404,  B: -0.860
[Testing!] DMI: ( 0.0778 -0.0119 -0.0631)
[Testing!]J_ani:
[[-0.247 -0.007 -0.153]
 [-0.007 -0.272  0.036]
 [-0.153  0.036 -1.72 ]]
----------------------------------------------------------------------------------------
   Cr2   Cr2   (  0,  -1,   0)  0.9439   ( 0.000,  3.411, -5.909)  6.823 
J_iso:  0.9439 
[Testing!] Jprime: 2.404,  B: -0.860
[Testing!] DMI: (-0.0778  0.0119  0.0631)
[Testing!]J_ani:
[[-0.247 -0.007 -0.153]
 [-0.007 -0.272  0.036]
 [-0.153  0.036 -1.72 ]]
----------------------------------------------------------------------------------------
   Cr1   Cr1   (  0,   1,   0)  0.9439   ( 0.000, -3.411,  5.909)  6.823 
J_iso:  0.9439 
[Testing!] Jprime: 2.404,  B: -0.860
[Testing!] DMI: (-0.0778  0.0119  0.0631)
[Testing!]J_ani:
[[-0.247 -0.007 -0.153]
 [-0.007 -0.272  0.036]
 [-0.153  0.036 -1.72 ]]
----------------------------------------------------------------------------------------
   Cr1   Cr1   (  1,   0,   0)  0.9853   ( 0.000,  3.411,  5.909)  6.823 
J_iso:  0.9853 
[Testing!] Jprime: 2.402,  B: -0.858
[Testing!] DMI: (-0.0757  0.0248  0.0656)
[Testing!]J_ani:
[[-0.259 -0.001 -0.161]
 [-0.001 -0.342  0.01 ]
 [-0.161  0.01  -1.717]]
----------------------------------------------------------------------------------------
   Cr1   Cr1   ( -1,   1,   0)  0.6989   ( 0.000, -6.823,  0.000)  6.823 
J_iso:  0.6989 
[Testing!] Jprime: 2.358,  B: -0.846
[Testing!] DMI: ( 0.0238  0.0037  0.0026)
[Testing!]J_ani:
[[-0.034  0.001 -0.045]
 [ 0.001 -0.03  -0.006]
 [-0.045 -0.006 -1.691]]
----------------------------------------------------------------------------------------
   Cr2   Cr2   ( -1,   1,   0)  0.6989   ( 0.000, -6.823,  0.000)  6.823 
J_iso:  0.6989 
[Testing!] Jprime: 2.358,  B: -0.846
[Testing!] DMI: (-0.0238 -0.0037 -0.0026)
[Testing!]J_ani:
[[-0.034  0.001 -0.045]
 [ 0.001 -0.03  -0.006]
 [-0.045 -0.006 -1.691]]
----------------------------------------------------------------------------------------
   Cr1   Cr1   (  1,  -1,   0)  0.6989   ( 0.000,  6.823,  0.000)  6.823 
J_iso:  0.6989 
[Testing!] Jprime: 2.358,  B: -0.846
[Testing!] DMI: (-0.0238 -0.0037 -0.0026)
[Testing!]J_ani:
[[-0.034  0.001 -0.045]
 [ 0.001 -0.03  -0.006]
 [-0.045 -0.006 -1.691]]
----------------------------------------------------------------------------------------
   Cr2   Cr2   (  1,  -1,   0)  0.6989   ( 0.000,  6.823,  0.000)  6.823 
J_iso:  0.6989 
[Testing!] Jprime: 2.358,  B: -0.846
[Testing!] DMI: ( 0.0238  0.0037  0.0026)
[Testing!]J_ani:
[[-0.034  0.001 -0.045]
 [ 0.001 -0.03  -0.006]
 [-0.045 -0.006 -1.691]]
----------------------------------------------------------------------------------------
   Cr1   Cr2   ( -1,   1,   0) -0.0878   ( 0.000, -6.823,  3.939)  7.878 
J_iso: -0.0878 
[Testing!] Jprime: 0.020,  B: -0.084
[Testing!] DMI: (-0.0000  0.0000 -0.0000)
[Testing!]J_ani:
[[-0.077  0.033 -0.051]
 [ 0.033 -0.044  0.025]
 [-0.051  0.025 -0.169]]
----------------------------------------------------------------------------------------
   Cr2   Cr1   ( -1,   1,   0) -0.0836   ( 0.000, -6.823, -3.939)  7.878 
J_iso: -0.0836 
[Testing!] Jprime: -0.010,  B: -0.073
[Testing!] DMI: (-0.0000 -0.0000 -0.0000)
[Testing!]J_ani:
[[-0.055  0.046 -0.06 ]
 [ 0.046 -0.09   0.031]
 [-0.06   0.031 -0.146]]
----------------------------------------------------------------------------------------
   Cr1   Cr2   (  1,  -1,   0) -0.0836   ( 0.000,  6.823,  3.939)  7.878 
J_iso: -0.0836 
[Testing!] Jprime: -0.010,  B: -0.073
[Testing!] DMI: ( 0.0000  0.0000  0.0000)
[Testing!]J_ani:
[[-0.055  0.046 -0.06 ]
 [ 0.046 -0.09   0.031]
 [-0.06   0.031 -0.146]]
----------------------------------------------------------------------------------------
   Cr2   Cr1   (  1,  -1,   0) -0.0878   ( 0.000,  6.823, -3.939)  7.878 
J_iso: -0.0878 
[Testing!] Jprime: 0.020,  B: -0.084
[Testing!] DMI: ( 0.0000 -0.0000  0.0000)
[Testing!]J_ani:
[[-0.077  0.033 -0.051]
 [ 0.033 -0.044  0.025]
 [-0.051  0.025 -0.169]]
----------------------------------------------------------------------------------------
   Cr2   Cr1   (  1,   1,   0) -0.0337   ( 0.000,  0.000,  7.878)  7.878 
J_iso: -0.0337 
[Testing!] Jprime: 0.007,  B: -0.078
[Testing!] DMI: (-0.0000 -0.0000  0.0000)
[Testing!]J_ani:
[[-0.132 -0.04  -0.162]
 [-0.04  -0.1   -0.043]
 [-0.162 -0.043 -0.157]]
----------------------------------------------------------------------------------------
   Cr1   Cr2   ( -1,  -1,   0) -0.0337   ( 0.000,  0.000, -7.878)  7.878 
J_iso: -0.0337 
[Testing!] Jprime: 0.007,  B: -0.078
[Testing!] DMI: ( 0.0000  0.0000 -0.0000)
[Testing!]J_ani:
[[-0.132 -0.04  -0.162]
 [-0.04  -0.1   -0.043]
 [-0.162 -0.043 -0.157]]
----------------------------------------------------------------------------------------
   Cr2   Cr1   ( -1,   0,   0)  0.0852   ( 0.000, -3.411, -9.848) 10.422 
J_iso:  0.0852 
[Testing!] Jprime: 0.099,  B: -0.048
[Testing!] DMI: (-0.0000  0.0000  0.0000)
[Testing!]J_ani:
[[-0.044 -0.029 -0.039]
 [-0.029 -0.121 -0.013]
 [-0.039 -0.013 -0.096]]
----------------------------------------------------------------------------------------
   Cr2   Cr1   (  0,  -1,   0)  0.0671   ( 0.000,  3.411, -9.848) 10.422 
J_iso:  0.0671 
[Testing!] Jprime: 0.104,  B: -0.051
[Testing!] DMI: ( 0.0000 -0.0000  0.0000)
[Testing!]J_ani:
[[-0.042 -0.042 -0.024]
 [-0.042 -0.086 -0.017]
 [-0.024 -0.017 -0.101]]
----------------------------------------------------------------------------------------
   Cr1   Cr2   (  0,   1,   0)  0.0671   ( 0.000, -3.411,  9.848) 10.422 
J_iso:  0.0671 
[Testing!] Jprime: 0.104,  B: -0.051
[Testing!] DMI: (-0.0000  0.0000 -0.0000)
[Testing!]J_ani:
[[-0.042 -0.042 -0.024]
 [-0.042 -0.086 -0.017]
 [-0.024 -0.017 -0.101]]
----------------------------------------------------------------------------------------
   Cr1   Cr2   (  1,   0,   0)  0.0852   ( 0.000,  3.411,  9.848) 10.422 
J_iso:  0.0852 
[Testing!] Jprime: 0.099,  B: -0.048
[Testing!] DMI: ( 0.0000 -0.0000 -0.0000)
[Testing!]J_ani:
[[-0.044 -0.029 -0.039]
 [-0.029 -0.121 -0.013]
 [-0.039 -0.013 -0.096]]
----------------------------------------------------------------------------------------
   Cr1   Cr2   ( -2,   0,   0)  0.0791   ( 0.000, -6.823, -7.878) 10.422 
J_iso:  0.0791 
[Testing!] Jprime: 0.098,  B: -0.048
[Testing!] DMI: ( 0.0000  0.0000 -0.0000)
[Testing!]J_ani:
[[-0.084  0.038  0.029]
 [ 0.038 -0.069  0.02 ]
 [ 0.029  0.02  -0.095]]
----------------------------------------------------------------------------------------
   Cr1   Cr2   (  0,  -2,   0)  0.0732   ( 0.000,  6.823, -7.878) 10.422 
J_iso:  0.0732 
[Testing!] Jprime: 0.113,  B: -0.052
[Testing!] DMI: (-0.0000 -0.0000  0.0000)
[Testing!]J_ani:
[[-0.07   0.045  0.031]
 [ 0.045 -0.059  0.009]
 [ 0.031  0.009 -0.104]]
----------------------------------------------------------------------------------------
   Cr2   Cr1   (  0,   2,   0)  0.0732   ( 0.000, -6.823,  7.878) 10.422 
J_iso:  0.0732 
[Testing!] Jprime: 0.113,  B: -0.052
[Testing!] DMI: ( 0.0000  0.0000 -0.0000)
[Testing!]J_ani:
[[-0.07   0.045  0.031]
 [ 0.045 -0.059  0.009]
 [ 0.031  0.009 -0.104]]
----------------------------------------------------------------------------------------
   Cr2   Cr1   (  2,   0,   0)  0.0791   ( 0.000,  6.823,  7.878) 10.422 
J_iso:  0.0791 
[Testing!] Jprime: 0.098,  B: -0.048
[Testing!] DMI: (-0.0000 -0.0000  0.0000)
[Testing!]J_ani:
[[-0.084  0.038  0.029]
 [ 0.038 -0.069  0.02 ]
 [ 0.029  0.02  -0.095]]
----------------------------------------------------------------------------------------
   Cr1   Cr2   ( -2,   1,   0)  0.0184   ( 0.000, -10.234, -1.970) 10.422 
J_iso:  0.0184 
[Testing!] Jprime: 0.102,  B: -0.049
[Testing!] DMI: (-0.0000  0.0000 -0.0000)
[Testing!]J_ani:
[[-0.002  0.007 -0.01 ]
 [ 0.007 -0.027  0.01 ]
 [-0.01   0.01  -0.098]]
----------------------------------------------------------------------------------------
   Cr2   Cr1   ( -1,   2,   0)  0.0240   ( 0.000, -10.234,  1.970) 10.422 
J_iso:  0.0240 
[Testing!] Jprime: 0.108,  B: -0.049
[Testing!] DMI: ( 0.0000  0.0000  0.0000)
[Testing!]J_ani:
[[-0.018  0.003 -0.008]
 [ 0.003 -0.012 -0.001]
 [-0.008 -0.001 -0.099]]
----------------------------------------------------------------------------------------
   Cr1   Cr2   (  1,  -2,   0)  0.0240   ( 0.000, 10.234, -1.970) 10.422 
J_iso:  0.0240 
[Testing!] Jprime: 0.108,  B: -0.049
[Testing!] DMI: (-0.0000 -0.0000 -0.0000)
[Testing!]J_ani:
[[-0.018  0.003 -0.008]
 [ 0.003 -0.012 -0.001]
 [-0.008 -0.001 -0.099]]
----------------------------------------------------------------------------------------
   Cr2   Cr1   (  2,  -1,   0)  0.0184   ( 0.000, 10.234,  1.970) 10.422 
J_iso:  0.0184 
[Testing!] Jprime: 0.102,  B: -0.049
[Testing!] DMI: ( 0.0000 -0.0000  0.0000)
[Testing!]J_ani:
[[-0.002  0.007 -0.01 ]
 [ 0.007 -0.027  0.01 ]
 [-0.01   0.01  -0.098]]
----------------------------------------------------------------------------------------
   Cr1   Cr1   ( -1,  -1,   0)  0.0160   ( 0.000,  0.000, -11.817) 11.817 
J_iso:  0.0160 
[Testing!] Jprime: 0.018,  B: -0.019
[Testing!] DMI: (-0.0021 -0.0051  0.0026)
[Testing!]J_ani:
[[-0.047  0.004 -0.005]
 [ 0.004 -0.027 -0.   ]
 [-0.005 -0.    -0.039]]
----------------------------------------------------------------------------------------
   Cr2   Cr2   ( -1,  -1,   0)  0.0160   ( 0.000,  0.000, -11.817) 11.817 
J_iso:  0.0160 
[Testing!] Jprime: 0.018,  B: -0.019
[Testing!] DMI: ( 0.0021  0.0051 -0.0026)
[Testing!]J_ani:
[[-0.047  0.004 -0.005]
 [ 0.004 -0.027 -0.   ]
 [-0.005 -0.    -0.039]]
----------------------------------------------------------------------------------------
   Cr1   Cr1   (  1,   1,   0)  0.0160   ( 0.000,  0.000, 11.817) 11.817 
J_iso:  0.0160 
[Testing!] Jprime: 0.018,  B: -0.019
[Testing!] DMI: ( 0.0021  0.0051 -0.0026)
[Testing!]J_ani:
[[-0.047  0.004 -0.005]
 [ 0.004 -0.027 -0.   ]
 [-0.005 -0.    -0.039]]
----------------------------------------------------------------------------------------
   Cr2   Cr2   (  1,   1,   0)  0.0160   ( 0.000,  0.000, 11.817) 11.817 
J_iso:  0.0160 
[Testing!] Jprime: 0.018,  B: -0.019
[Testing!] DMI: (-0.0021 -0.0051  0.0026)
[Testing!]J_ani:
[[-0.047  0.004 -0.005]
 [ 0.004 -0.027 -0.   ]
 [-0.005 -0.    -0.039]]
----------------------------------------------------------------------------------------
   Cr1   Cr1   ( -2,   1,   0)  0.0256   ( 0.000, -10.234, -5.909) 11.817 
J_iso:  0.0256 
[Testing!] Jprime: 0.016,  B: -0.019
[Testing!] DMI: (-0.0008 -0.0006  0.0032)
[Testing!]J_ani:
[[-0.023 -0.003  0.005]
 [-0.003 -0.072  0.003]
 [ 0.005  0.003 -0.037]]
----------------------------------------------------------------------------------------
   Cr2   Cr2   ( -2,   1,   0)  0.0256   ( 0.000, -10.234, -5.909) 11.817 
J_iso:  0.0256 
[Testing!] Jprime: 0.016,  B: -0.019
[Testing!] DMI: ( 0.0008  0.0006 -0.0032)
[Testing!]J_ani:
[[-0.023 -0.003  0.005]
 [-0.003 -0.072  0.003]
 [ 0.005  0.003 -0.037]]
----------------------------------------------------------------------------------------
   Cr1   Cr1   ( -1,   2,   0)  0.0055   ( 0.000, -10.234,  5.909) 11.817 
J_iso:  0.0055 
[Testing!] Jprime: 0.021,  B: -0.022
[Testing!] DMI: (-0.0016 -0.0004 -0.0021)
[Testing!]J_ani:
[[-0.033  0.001  0.004]
 [ 0.001 -0.024  0.004]
 [ 0.004  0.004 -0.044]]
----------------------------------------------------------------------------------------
   Cr2   Cr2   ( -1,   2,   0)  0.0055   ( 0.000, -10.234,  5.909) 11.817 
J_iso:  0.0055 
[Testing!] Jprime: 0.021,  B: -0.022
[Testing!] DMI: ( 0.0016  0.0004  0.0021)
[Testing!]J_ani:
[[-0.033  0.001  0.004]
 [ 0.001 -0.024  0.004]
 [ 0.004  0.004 -0.044]]
----------------------------------------------------------------------------------------
   Cr1   Cr1   (  1,  -2,   0)  0.0055   ( 0.000, 10.234, -5.909) 11.817 
J_iso:  0.0055 
[Testing!] Jprime: 0.021,  B: -0.022
[Testing!] DMI: ( 0.0016  0.0004  0.0021)
[Testing!]J_ani:
[[-0.033  0.001  0.004]
 [ 0.001 -0.024  0.004]
 [ 0.004  0.004 -0.044]]
----------------------------------------------------------------------------------------
   Cr2   Cr2   (  1,  -2,   0)  0.0055   ( 0.000, 10.234, -5.909) 11.817 
J_iso:  0.0055 
[Testing!] Jprime: 0.021,  B: -0.022
[Testing!] DMI: (-0.0016 -0.0004 -0.0021)
[Testing!]J_ani:
[[-0.033  0.001  0.004]
 [ 0.001 -0.024  0.004]
 [ 0.004  0.004 -0.044]]
----------------------------------------------------------------------------------------
   Cr1   Cr1   (  2,  -1,   0)  0.0256   ( 0.000, 10.234,  5.909) 11.817 
J_iso:  0.0256 
[Testing!] Jprime: 0.016,  B: -0.019
[Testing!] DMI: ( 0.0008  0.0006 -0.0032)
[Testing!]J_ani:
[[-0.023 -0.003  0.005]
 [-0.003 -0.072  0.003]
 [ 0.005  0.003 -0.037]]
----------------------------------------------------------------------------------------
   Cr2   Cr2   (  2,  -1,   0)  0.0256   ( 0.000, 10.234,  5.909) 11.817 
J_iso:  0.0256 
[Testing!] Jprime: 0.016,  B: -0.019
[Testing!] DMI: (-0.0008 -0.0006  0.0032)
[Testing!]J_ani:
[[-0.023 -0.003  0.005]
 [-0.003 -0.072  0.003]
 [ 0.005  0.003 -0.037]]
----------------------------------------------------------------------------------------
   Cr1   Cr1   ( -2,   0,   0)  0.0214   ( 0.000, -6.823, -11.817) 13.645 
J_iso:  0.0214 
[Testing!] Jprime: -0.004,  B: -0.000
[Testing!] DMI: (-0.0098  0.0030 -0.0007)
[Testing!]J_ani:
[[-0.024  0.005  0.001]
 [ 0.005 -0.029 -0.001]
 [ 0.001 -0.001 -0.001]]
----------------------------------------------------------------------------------------
   Cr2   Cr2   ( -2,   0,   0)  0.0214   ( 0.000, -6.823, -11.817) 13.645 
J_iso:  0.0214 
[Testing!] Jprime: -0.004,  B: -0.000
[Testing!] DMI: ( 0.0098 -0.0030  0.0007)
[Testing!]J_ani:
[[-0.024  0.005  0.001]
 [ 0.005 -0.029 -0.001]
 [ 0.001 -0.001 -0.001]]
----------------------------------------------------------------------------------------
   Cr1   Cr1   (  0,  -2,   0) -0.0052   ( 0.000,  6.823, -11.817) 13.645 
J_iso: -0.0052 
[Testing!] Jprime: -0.007,  B: -0.005
[Testing!] DMI: (-0.0039 -0.0019 -0.0011)
[Testing!]J_ani:
[[-0.019  0.002  0.002]
 [ 0.002 -0.003 -0.001]
 [ 0.002 -0.001 -0.009]]
----------------------------------------------------------------------------------------
   Cr2   Cr2   (  0,  -2,   0) -0.0052   ( 0.000,  6.823, -11.817) 13.645 
J_iso: -0.0052 
[Testing!] Jprime: -0.007,  B: -0.005
[Testing!] DMI: ( 0.0039  0.0019  0.0011)
[Testing!]J_ani:
[[-0.019  0.002  0.002]
 [ 0.002 -0.003 -0.001]
 [ 0.002 -0.001 -0.009]]
----------------------------------------------------------------------------------------
   Cr1   Cr1   (  0,   2,   0) -0.0052   ( 0.000, -6.823, 11.817) 13.645 
J_iso: -0.0052 
[Testing!] Jprime: -0.007,  B: -0.005
[Testing!] DMI: ( 0.0039  0.0019  0.0011)
[Testing!]J_ani:
[[-0.019  0.002  0.002]
 [ 0.002 -0.003 -0.001]
 [ 0.002 -0.001 -0.009]]
----------------------------------------------------------------------------------------
   Cr2   Cr2   (  0,   2,   0) -0.0052   ( 0.000, -6.823, 11.817) 13.645 
J_iso: -0.0052 
[Testing!] Jprime: -0.007,  B: -0.005
[Testing!] DMI: (-0.0039 -0.0019 -0.0011)
[Testing!]J_ani:
[[-0.019  0.002  0.002]
 [ 0.002 -0.003 -0.001]
 [ 0.002 -0.001 -0.009]]
----------------------------------------------------------------------------------------
   Cr1   Cr1   (  2,   0,   0)  0.0214   ( 0.000,  6.823, 11.817) 13.645 
J_iso:  0.0214 
[Testing!] Jprime: -0.004,  B: -0.000
[Testing!] DMI: ( 0.0098 -0.0030  0.0007)
[Testing!]J_ani:
[[-0.024  0.005  0.001]
 [ 0.005 -0.029 -0.001]
 [ 0.001 -0.001 -0.001]]
----------------------------------------------------------------------------------------
   Cr2   Cr2   (  2,   0,   0)  0.0214   ( 0.000,  6.823, 11.817) 13.645 
J_iso:  0.0214 
[Testing!] Jprime: -0.004,  B: -0.000
[Testing!] DMI: (-0.0098  0.0030 -0.0007)
[Testing!]J_ani:
[[-0.024  0.005  0.001]
 [ 0.005 -0.029 -0.001]
 [ 0.001 -0.001 -0.001]]
----------------------------------------------------------------------------------------
   Cr1   Cr1   ( -2,   2,   0)  0.0060   ( 0.000, -13.645,  0.000) 13.645 
J_iso:  0.0060 
[Testing!] Jprime: -0.007,  B: -0.002
[Testing!] DMI: ( 0.0017 -0.0043  0.0003)
[Testing!]J_ani:
[[-0.021  0.     0.   ]
 [ 0.    -0.015  0.001]
 [ 0.     0.001 -0.005]]
----------------------------------------------------------------------------------------
   Cr2   Cr2   ( -2,   2,   0)  0.0060   ( 0.000, -13.645,  0.000) 13.645 
J_iso:  0.0060 
[Testing!] Jprime: -0.007,  B: -0.002
[Testing!] DMI: (-0.0017  0.0043 -0.0003)
[Testing!]J_ani:
[[-0.021  0.     0.   ]
 [ 0.    -0.015  0.001]
 [ 0.     0.001 -0.005]]
----------------------------------------------------------------------------------------
   Cr1   Cr1   (  2,  -2,   0)  0.0060   ( 0.000, 13.645,  0.000) 13.645 
J_iso:  0.0060 
[Testing!] Jprime: -0.007,  B: -0.002
[Testing!] DMI: (-0.0017  0.0043 -0.0003)
[Testing!]J_ani:
[[-0.021  0.     0.   ]
 [ 0.    -0.015  0.001]
 [ 0.     0.001 -0.005]]
----------------------------------------------------------------------------------------
   Cr2   Cr2   (  2,  -2,   0)  0.0060   ( 0.000, 13.645,  0.000) 13.645 
J_iso:  0.0060 
[Testing!] Jprime: -0.007,  B: -0.002
[Testing!] DMI: ( 0.0017 -0.0043  0.0003)
[Testing!]J_ani:
[[-0.021  0.     0.   ]
 [ 0.    -0.015  0.001]
 [ 0.     0.001 -0.005]]
----------------------------------------------------------------------------------------
   Cr2   Cr1   ( -2,   1,   0)  0.0210   ( 0.000, -10.234, -9.848) 14.202 
J_iso:  0.0210 
[Testing!] Jprime: -0.004,  B: 0.002
[Testing!] DMI: ( 0.0000 -0.0000 -0.0000)
[Testing!]J_ani:
[[-0.033 -0.005 -0.003]
 [-0.005 -0.007 -0.001]
 [-0.003 -0.001  0.005]]
----------------------------------------------------------------------------------------
   Cr1   Cr2   ( -1,   2,   0)  0.0044   ( 0.000, -10.234,  9.848) 14.202 
J_iso:  0.0044 
[Testing!] Jprime: 0.012,  B: -0.005
[Testing!] DMI: ( 0.0000  0.0000 -0.0000)
[Testing!]J_ani:
[[ 0.    -0.004  0.   ]
 [-0.004 -0.007 -0.001]
 [ 0.    -0.001 -0.011]]
----------------------------------------------------------------------------------------
   Cr2   Cr1   (  1,  -2,   0)  0.0044   ( 0.000, 10.234, -9.848) 14.202 
J_iso:  0.0044 
[Testing!] Jprime: 0.012,  B: -0.005
[Testing!] DMI: (-0.0000 -0.0000  0.0000)
[Testing!]J_ani:
[[ 0.    -0.004  0.   ]
 [-0.004 -0.007 -0.001]
 [ 0.    -0.001 -0.011]]
----------------------------------------------------------------------------------------
   Cr1   Cr2   (  2,  -1,   0)  0.0210   ( 0.000, 10.234,  9.848) 14.202 
J_iso:  0.0210 
[Testing!] Jprime: -0.004,  B: 0.002
[Testing!] DMI: (-0.0000  0.0000  0.0000)
[Testing!]J_ani:
[[-0.033 -0.005 -0.003]
 [-0.005 -0.007 -0.001]
 [-0.003 -0.001  0.005]]
----------------------------------------------------------------------------------------
   Cr1   Cr2   ( -2,  -1,   0)  0.0322   ( 0.000, -3.411, -13.787) 14.202 
J_iso:  0.0322 
[Testing!] Jprime: -0.000,  B: 0.002
[Testing!] DMI: ( 0.0000 -0.0000 -0.0000)
[Testing!]J_ani:
[[-0.027 -0.009 -0.002]
 [-0.009 -0.032  0.001]
 [-0.002  0.001  0.003]]
----------------------------------------------------------------------------------------
   Cr1   Cr2   ( -1,  -2,   0)  0.0233   ( 0.000,  3.411, -13.787) 14.202 
J_iso:  0.0233 
[Testing!] Jprime: 0.007,  B: -0.002
[Testing!] DMI: ( 0.0000 -0.0000  0.0000)
[Testing!]J_ani:
[[-0.023 -0.013  0.003]
 [-0.013 -0.016  0.003]
 [ 0.003  0.003 -0.003]]
----------------------------------------------------------------------------------------
   Cr2   Cr1   (  1,   2,   0)  0.0233   ( 0.000, -3.411, 13.787) 14.202 
J_iso:  0.0233 
[Testing!] Jprime: 0.007,  B: -0.002
[Testing!] DMI: (-0.0000  0.0000 -0.0000)
[Testing!]J_ani:
[[-0.023 -0.013  0.003]
 [-0.013 -0.016  0.003]
 [ 0.003  0.003 -0.003]]
----------------------------------------------------------------------------------------
   Cr2   Cr1   (  2,   1,   0)  0.0322   ( 0.000,  3.411, 13.787) 14.202 
J_iso:  0.0322 
[Testing!] Jprime: -0.000,  B: 0.002
[Testing!] DMI: (-0.0000  0.0000  0.0000)
[Testing!]J_ani:
[[-0.027 -0.009 -0.002]
 [-0.009 -0.032  0.001]
 [-0.002  0.001  0.003]]
----------------------------------------------------------------------------------------
   Cr1   Cr2   ( -2,   2,   0)  0.0103   ( 0.000, -13.645,  3.939) 14.202 
J_iso:  0.0103 
[Testing!] Jprime: 0.009,  B: -0.004
[Testing!] DMI: (-0.0000  0.0000 -0.0000)
[Testing!]J_ani:
[[-0.012  0.005 -0.003]
 [ 0.005 -0.008  0.004]
 [-0.003  0.004 -0.009]]
----------------------------------------------------------------------------------------
   Cr2   Cr1   ( -2,   2,   0)  0.0128   ( 0.000, -13.645, -3.939) 14.202 
J_iso:  0.0128 
[Testing!] Jprime: 0.001,  B: 0.001
[Testing!] DMI: (-0.0000  0.0000 -0.0000)
[Testing!]J_ani:
[[-0.002 -0.003 -0.001]
 [-0.003 -0.018  0.003]
 [-0.001  0.003  0.002]]
----------------------------------------------------------------------------------------
   Cr1   Cr2   (  2,  -2,   0)  0.0128   ( 0.000, 13.645,  3.939) 14.202 
J_iso:  0.0128 
[Testing!] Jprime: 0.001,  B: 0.001
[Testing!] DMI: ( 0.0000 -0.0000  0.0000)
[Testing!]J_ani:
[[-0.002 -0.003 -0.001]
 [-0.003 -0.018  0.003]
 [-0.001  0.003  0.002]]
----------------------------------------------------------------------------------------
   Cr2   Cr1   (  2,  -2,   0)  0.0103   ( 0.000, 13.645, -3.939) 14.202 
J_iso:  0.0103 
[Testing!] Jprime: 0.009,  B: -0.004
[Testing!] DMI: ( 0.0000 -0.0000  0.0000)
[Testing!]J_ani:
[[-0.012  0.005 -0.003]
 [ 0.005 -0.008  0.004]
 [-0.003  0.004 -0.009]]
----------------------------------------------------------------------------------------
   Cr2   Cr1   ( -1,  -1,   0)  0.0146   ( 0.000,  0.000, -15.756) 15.756 
J_iso:  0.0146 
[Testing!] Jprime: 0.002,  B: -0.006
[Testing!] DMI: ( 0.0000 -0.0000 -0.0000)
[Testing!]J_ani:
[[-0.027 -0.009  0.004]
 [-0.009 -0.021  0.005]
 [ 0.004  0.005 -0.012]]
----------------------------------------------------------------------------------------
   Cr1   Cr2   (  1,   1,   0)  0.0146   ( 0.000,  0.000, 15.756) 15.756 
J_iso:  0.0146 
[Testing!] Jprime: 0.002,  B: -0.006
[Testing!] DMI: (-0.0000  0.0000  0.0000)
[Testing!]J_ani:
[[-0.027 -0.009  0.004]
 [-0.009 -0.021  0.005]
 [ 0.004  0.005 -0.012]]
----------------------------------------------------------------------------------------
   Cr2   Cr1   ( -1,   3,   0) -0.0011   ( 0.000, -13.645,  7.878) 15.756 
J_iso: -0.0011 
[Testing!] Jprime: 0.009,  B: -0.007
[Testing!] DMI: (-0.0000  0.0000  0.0000)
[Testing!]J_ani:
[[ 0.     0.01  -0.004]
 [ 0.01  -0.009  0.004]
 [-0.004  0.004 -0.015]]
----------------------------------------------------------------------------------------
   Cr2   Cr1   (  3,  -1,   0) -0.0039   ( 0.000, 13.645,  7.878) 15.756 
J_iso: -0.0039 
[Testing!] Jprime: -0.009,  B: -0.003
[Testing!] DMI: ( 0.0000 -0.0000 -0.0000)
[Testing!]J_ani:
[[-0.016 -0.001 -0.002]
 [-0.001 -0.005 -0.001]
 [-0.002 -0.001 -0.005]]
----------------------------------------------------------------------------------------
   Cr1   Cr2   ( -3,   1,   0) -0.0039   ( 0.000, -13.645, -7.878) 15.756 
J_iso: -0.0039 
[Testing!] Jprime: -0.009,  B: -0.003
[Testing!] DMI: (-0.0000  0.0000  0.0000)
[Testing!]J_ani:
[[-0.016 -0.001 -0.002]
 [-0.001 -0.005 -0.001]
 [-0.002 -0.001 -0.005]]
----------------------------------------------------------------------------------------
   Cr1   Cr2   (  1,  -3,   0) -0.0011   ( 0.000, 13.645, -7.878) 15.756 
J_iso: -0.0011 
[Testing!] Jprime: 0.009,  B: -0.007
[Testing!] DMI: ( 0.0000 -0.0000 -0.0000)
[Testing!]J_ani:
[[ 0.     0.01  -0.004]
 [ 0.01  -0.009  0.004]
 [-0.004  0.004 -0.015]]
----------------------------------------------------------------------------------------
   Cr2   Cr1   ( -2,   0,   0)  0.0184   ( 0.000, -6.823, -15.756) 17.170 
J_iso:  0.0184 
[Testing!] Jprime: -0.001,  B: 0.000
[Testing!] DMI: (-0.0000 -0.0000  0.0000)
[Testing!]J_ani:
[[-0.033  0.006  0.   ]
 [ 0.006 -0.006 -0.   ]
 [ 0.    -0.     0.   ]]
----------------------------------------------------------------------------------------
   Cr2   Cr1   (  0,  -2,   0)  0.0066   ( 0.000,  6.823, -15.756) 17.170 
J_iso:  0.0066 
[Testing!] Jprime: 0.015,  B: -0.007
[Testing!] DMI: (-0.0000 -0.0000  0.0000)
[Testing!]J_ani:
[[-0.005  0.005  0.   ]
 [ 0.005 -0.006 -0.   ]
 [ 0.    -0.    -0.014]]
----------------------------------------------------------------------------------------
   Cr1   Cr2   (  0,   2,   0)  0.0066   ( 0.000, -6.823, 15.756) 17.170 
J_iso:  0.0066 
[Testing!] Jprime: 0.015,  B: -0.007
[Testing!] DMI: ( 0.0000  0.0000 -0.0000)
[Testing!]J_ani:
[[-0.005  0.005  0.   ]
 [ 0.005 -0.006 -0.   ]
 [ 0.    -0.    -0.014]]
----------------------------------------------------------------------------------------
   Cr1   Cr2   (  2,   0,   0)  0.0184   ( 0.000,  6.823, 15.756) 17.170 
J_iso:  0.0184 
[Testing!] Jprime: -0.001,  B: 0.000
[Testing!] DMI: ( 0.0000  0.0000 -0.0000)
[Testing!]J_ani:
[[-0.033  0.006  0.   ]
 [ 0.006 -0.006 -0.   ]
 [ 0.    -0.     0.   ]]
----------------------------------------------------------------------------------------
   Cr1   Cr2   ( -3,   0,   0)  0.0144   ( 0.000, -10.234, -13.787) 17.170 
J_iso:  0.0144 
[Testing!] Jprime: -0.004,  B: 0.001
[Testing!] DMI: ( 0.0000  0.0000 -0.0000)
[Testing!]J_ani:
[[-0.031 -0.002 -0.001]
 [-0.002 -0.001 -0.001]
 [-0.001 -0.001  0.002]]
----------------------------------------------------------------------------------------
   Cr1   Cr2   (  0,  -3,   0)  0.0031   ( 0.000, 10.234, -13.787) 17.170 
J_iso:  0.0031 
[Testing!] Jprime: 0.018,  B: -0.007
[Testing!] DMI: ( 0.0000 -0.0000  0.0000)
[Testing!]J_ani:
[[ 0.005 -0.001  0.   ]
 [-0.001 -0.001 -0.   ]
 [ 0.    -0.    -0.013]]
----------------------------------------------------------------------------------------
   Cr2   Cr1   (  0,   3,   0)  0.0031   ( 0.000, -10.234, 13.787) 17.170 
J_iso:  0.0031 
[Testing!] Jprime: 0.018,  B: -0.007
[Testing!] DMI: (-0.0000  0.0000 -0.0000)
[Testing!]J_ani:
[[ 0.005 -0.001  0.   ]
 [-0.001 -0.001 -0.   ]
 [ 0.    -0.    -0.013]]
----------------------------------------------------------------------------------------
   Cr2   Cr1   (  3,   0,   0)  0.0144   ( 0.000, 10.234, 13.787) 17.170 
J_iso:  0.0144 
[Testing!] Jprime: -0.004,  B: 0.001
[Testing!] DMI: (-0.0000 -0.0000  0.0000)
[Testing!]J_ani:
[[-0.031 -0.002 -0.001]
 [-0.002 -0.001 -0.001]
 [-0.001 -0.001  0.002]]
----------------------------------------------------------------------------------------
   Cr1   Cr2   ( -3,   2,   0)  0.0082   ( 0.000, -17.057, -1.970) 17.170 
J_iso:  0.0082 
[Testing!] Jprime: 0.005,  B: -0.004
[Testing!] DMI: ( 0.0000  0.0000 -0.0000)
[Testing!]J_ani:
[[-0.005  0.011  0.004]
 [ 0.011 -0.016  0.001]
 [ 0.004  0.001 -0.007]]
----------------------------------------------------------------------------------------
   Cr2   Cr1   ( -2,   3,   0)  0.0197   ( 0.000, -17.057,  1.970) 17.170 
J_iso:  0.0197 
[Testing!] Jprime: 0.012,  B: -0.004
[Testing!] DMI: (-0.0000  0.0000 -0.0000)
[Testing!]J_ani:
[[-0.017  0.002 -0.003]
 [ 0.002 -0.014 -0.002]
 [-0.003 -0.002 -0.008]]
----------------------------------------------------------------------------------------
   Cr1   Cr2   (  2,  -3,   0)  0.0197   ( 0.000, 17.057, -1.970) 17.170 
J_iso:  0.0197 
[Testing!] Jprime: 0.012,  B: -0.004
[Testing!] DMI: ( 0.0000 -0.0000  0.0000)
[Testing!]J_ani:
[[-0.017  0.002 -0.003]
 [ 0.002 -0.014 -0.002]
 [-0.003 -0.002 -0.008]]
----------------------------------------------------------------------------------------
   Cr2   Cr1   (  3,  -2,   0)  0.0082   ( 0.000, 17.057,  1.970) 17.170 
J_iso:  0.0082 
[Testing!] Jprime: 0.005,  B: -0.004
[Testing!] DMI: (-0.0000 -0.0000  0.0000)
[Testing!]J_ani:
[[-0.005  0.011  0.004]
 [ 0.011 -0.016  0.001]
 [ 0.004  0.001 -0.007]]
----------------------------------------------------------------------------------------
   Cr1   Cr1   ( -2,  -1,   0)  0.0376   ( 0.000, -3.411, -17.726) 18.051 
J_iso:  0.0376 
[Testing!] Jprime: 0.001,  B: -0.001
[Testing!] DMI: ( 0.0014  0.0033 -0.0001)
[Testing!]J_ani:
[[-0.03  -0.002 -0.001]
 [-0.002 -0.048 -0.001]
 [-0.001 -0.001 -0.002]]
----------------------------------------------------------------------------------------
   Cr2   Cr2   ( -2,  -1,   0)  0.0376   ( 0.000, -3.411, -17.726) 18.051 
J_iso:  0.0376 
[Testing!] Jprime: 0.001,  B: -0.001
[Testing!] DMI: (-0.0014 -0.0033  0.0001)
[Testing!]J_ani:
[[-0.03  -0.002 -0.001]
 [-0.002 -0.048 -0.001]
 [-0.001 -0.001 -0.002]]
----------------------------------------------------------------------------------------
   Cr1   Cr1   ( -1,  -2,   0)  0.0192   ( 0.000,  3.411, -17.726) 18.051 
J_iso:  0.0192 
[Testing!] Jprime: 0.004,  B: -0.004
[Testing!] DMI: ( 0.0026  0.0013 -0.0002)
[Testing!]J_ani:
[[-0.025 -0.004 -0.001]
 [-0.004 -0.021 -0.001]
 [-0.001 -0.001 -0.007]]
----------------------------------------------------------------------------------------
   Cr2   Cr2   ( -1,  -2,   0)  0.0192   ( 0.000,  3.411, -17.726) 18.051 
J_iso:  0.0192 
[Testing!] Jprime: 0.004,  B: -0.004
[Testing!] DMI: (-0.0026 -0.0013  0.0002)
[Testing!]J_ani:
[[-0.025 -0.004 -0.001]
 [-0.004 -0.021 -0.001]
 [-0.001 -0.001 -0.007]]
----------------------------------------------------------------------------------------
   Cr1   Cr1   (  1,   2,   0)  0.0192   ( 0.000, -3.411, 17.726) 18.051 
J_iso:  0.0192 
[Testing!] Jprime: 0.004,  B: -0.004
[Testing!] DMI: (-0.0026 -0.0013  0.0002)
[Testing!]J_ani:
[[-0.025 -0.004 -0.001]
 [-0.004 -0.021 -0.001]
 [-0.001 -0.001 -0.007]]
----------------------------------------------------------------------------------------
   Cr2   Cr2   (  1,   2,   0)  0.0192   ( 0.000, -3.411, 17.726) 18.051 
J_iso:  0.0192 
[Testing!] Jprime: 0.004,  B: -0.004
[Testing!] DMI: ( 0.0026  0.0013 -0.0002)
[Testing!]J_ani:
[[-0.025 -0.004 -0.001]
 [-0.004 -0.021 -0.001]
 [-0.001 -0.001 -0.007]]
----------------------------------------------------------------------------------------
   Cr1   Cr1   (  2,   1,   0)  0.0376   ( 0.000,  3.411, 17.726) 18.051 
J_iso:  0.0376 
[Testing!] Jprime: 0.001,  B: -0.001
[Testing!] DMI: (-0.0014 -0.0033  0.0001)
[Testing!]J_ani:
[[-0.03  -0.002 -0.001]
 [-0.002 -0.048 -0.001]
 [-0.001 -0.001 -0.002]]
----------------------------------------------------------------------------------------
   Cr2   Cr2   (  2,   1,   0)  0.0376   ( 0.000,  3.411, 17.726) 18.051 
J_iso:  0.0376 
[Testing!] Jprime: 0.001,  B: -0.001
[Testing!] DMI: ( 0.0014  0.0033 -0.0001)
[Testing!]J_ani:
[[-0.03  -0.002 -0.001]
 [-0.002 -0.048 -0.001]
 [-0.001 -0.001 -0.002]]
----------------------------------------------------------------------------------------
   Cr1   Cr1   ( -3,   1,   0)  0.0204   ( 0.000, -13.645, -11.817) 18.051 
J_iso:  0.0204 
[Testing!] Jprime: 0.004,  B: 0.000
[Testing!] DMI: (-0.0029 -0.0016  0.0004)
[Testing!]J_ani:
[[-0.013  0.001 -0.   ]
 [ 0.001 -0.019  0.   ]
 [-0.     0.     0.   ]]
----------------------------------------------------------------------------------------
   Cr2   Cr2   ( -3,   1,   0)  0.0204   ( 0.000, -13.645, -11.817) 18.051 
J_iso:  0.0204 
[Testing!] Jprime: 0.004,  B: 0.000
[Testing!] DMI: ( 0.0029  0.0016 -0.0004)
[Testing!]J_ani:
[[-0.013  0.001 -0.   ]
 [ 0.001 -0.019  0.   ]
 [-0.     0.     0.   ]]
----------------------------------------------------------------------------------------
   Cr1   Cr1   ( -1,   3,   0) -0.0131   ( 0.000, -13.645, 11.817) 18.051 
J_iso: -0.0131 
[Testing!] Jprime: -0.001,  B: -0.005
[Testing!] DMI: (-0.0020 -0.0003  0.0001)
[Testing!]J_ani:
[[-0.001  0.001  0.   ]
 [ 0.001  0.004  0.   ]
 [ 0.     0.    -0.011]]
----------------------------------------------------------------------------------------
   Cr2   Cr2   ( -1,   3,   0) -0.0131   ( 0.000, -13.645, 11.817) 18.051 
J_iso: -0.0131 
[Testing!] Jprime: -0.001,  B: -0.005
[Testing!] DMI: ( 0.0020  0.0003 -0.0001)
[Testing!]J_ani:
[[-0.001  0.001  0.   ]
 [ 0.001  0.004  0.   ]
 [ 0.     0.    -0.011]]
----------------------------------------------------------------------------------------
   Cr1   Cr1   (  1,  -3,   0) -0.0131   ( 0.000, 13.645, -11.817) 18.051 
J_iso: -0.0131 
[Testing!] Jprime: -0.001,  B: -0.005
[Testing!] DMI: ( 0.0020  0.0003 -0.0001)
[Testing!]J_ani:
[[-0.001  0.001  0.   ]
 [ 0.001  0.004  0.   ]
 [ 0.     0.    -0.011]]
----------------------------------------------------------------------------------------
   Cr2   Cr2   (  1,  -3,   0) -0.0131   ( 0.000, 13.645, -11.817) 18.051 
J_iso: -0.0131 
[Testing!] Jprime: -0.001,  B: -0.005
[Testing!] DMI: (-0.0020 -0.0003  0.0001)
[Testing!]J_ani:
[[-0.001  0.001  0.   ]
 [ 0.001  0.004  0.   ]
 [ 0.     0.    -0.011]]
----------------------------------------------------------------------------------------
   Cr1   Cr1   (  3,  -1,   0)  0.0204   ( 0.000, 13.645, 11.817) 18.051 
J_iso:  0.0204 
[Testing!] Jprime: 0.004,  B: 0.000
[Testing!] DMI: ( 0.0029  0.0016 -0.0004)
[Testing!]J_ani:
[[-0.013  0.001 -0.   ]
 [ 0.001 -0.019  0.   ]
 [-0.     0.     0.   ]]
----------------------------------------------------------------------------------------
   Cr2   Cr2   (  3,  -1,   0)  0.0204   ( 0.000, 13.645, 11.817) 18.051 
J_iso:  0.0204 
[Testing!] Jprime: 0.004,  B: 0.000
[Testing!] DMI: (-0.0029 -0.0016  0.0004)
[Testing!]J_ani:
[[-0.013  0.001 -0.   ]
 [ 0.001 -0.019  0.   ]
 [-0.     0.     0.   ]]
----------------------------------------------------------------------------------------
   Cr2   Cr2   ( -2,   3,   0)  0.0255   ( 0.000, -17.057,  5.909) 18.051 
J_iso:  0.0255 
[Testing!] Jprime: 0.001,  B: -0.004
[Testing!] DMI: (-0.0011 -0.0006 -0.0002)
[Testing!]J_ani:
[[-0.04  -0.     0.002]
 [-0.    -0.026 -0.001]
 [ 0.002 -0.001 -0.009]]
----------------------------------------------------------------------------------------
   Cr2   Cr2   (  3,  -2,   0)  0.0050   ( 0.000, 17.057,  5.909) 18.051 
J_iso:  0.0050 
[Testing!] Jprime: 0.005,  B: -0.002
[Testing!] DMI: ( 0.0011 -0.0010  0.0000)
[Testing!]J_ani:
[[-0.006 -0.    -0.002]
 [-0.    -0.002  0.   ]
 [-0.002  0.    -0.004]]
----------------------------------------------------------------------------------------
   Cr1   Cr1   ( -3,   2,   0)  0.0050   ( 0.000, -17.057, -5.909) 18.051 
J_iso:  0.0050 
[Testing!] Jprime: 0.005,  B: -0.002
[Testing!] DMI: ( 0.0011 -0.0010  0.0000)
[Testing!]J_ani:
[[-0.006 -0.    -0.002]
 [-0.    -0.002  0.   ]
 [-0.002  0.    -0.004]]
----------------------------------------------------------------------------------------
   Cr2   Cr2   ( -3,   2,   0)  0.0050   ( 0.000, -17.057, -5.909) 18.051 
J_iso:  0.0050 
[Testing!] Jprime: 0.005,  B: -0.002
[Testing!] DMI: (-0.0011  0.0010 -0.0000)
[Testing!]J_ani:
[[-0.006 -0.    -0.002]
 [-0.    -0.002  0.   ]
 [-0.002  0.    -0.004]]
----------------------------------------------------------------------------------------
   Cr1   Cr1   ( -2,   3,   0)  0.0255   ( 0.000, -17.057,  5.909) 18.051 
J_iso:  0.0255 
[Testing!] Jprime: 0.001,  B: -0.004
[Testing!] DMI: ( 0.0011  0.0006  0.0002)
[Testing!]J_ani:
[[-0.04  -0.     0.002]
 [-0.    -0.026 -0.001]
 [ 0.002 -0.001 -0.009]]
----------------------------------------------------------------------------------------
   Cr1   Cr1   (  2,  -3,   0)  0.0255   ( 0.000, 17.057, -5.909) 18.051 
J_iso:  0.0255 
[Testing!] Jprime: 0.001,  B: -0.004
[Testing!] DMI: (-0.0011 -0.0006 -0.0002)
[Testing!]J_ani:
[[-0.04  -0.     0.002]
 [-0.    -0.026 -0.001]
 [ 0.002 -0.001 -0.009]]
----------------------------------------------------------------------------------------
   Cr2   Cr2   (  2,  -3,   0)  0.0255   ( 0.000, 17.057, -5.909) 18.051 
J_iso:  0.0255 
[Testing!] Jprime: 0.001,  B: -0.004
[Testing!] DMI: ( 0.0011  0.0006  0.0002)
[Testing!]J_ani:
[[-0.04  -0.     0.002]
 [-0.    -0.026 -0.001]
 [ 0.002 -0.001 -0.009]]
----------------------------------------------------------------------------------------
   Cr1   Cr1   (  3,  -2,   0)  0.0050   ( 0.000, 17.057,  5.909) 18.051 
J_iso:  0.0050 
[Testing!] Jprime: 0.005,  B: -0.002
[Testing!] DMI: (-0.0011  0.0010 -0.0000)
[Testing!]J_ani:
[[-0.006 -0.    -0.002]
 [-0.    -0.002  0.   ]
 [-0.002  0.    -0.004]]
----------------------------------------------------------------------------------------
   Cr1   Cr2   ( -2,  -2,   0)  0.0262   ( 0.000,  0.000, -19.695) 19.695 
J_iso:  0.0262 
[Testing!] Jprime: 0.010,  B: -0.002
[Testing!] DMI: (-0.0000 -0.0000 -0.0000)
[Testing!]J_ani:
[[-0.023 -0.008 -0.005]
 [-0.008 -0.02  -0.004]
 [-0.005 -0.004 -0.005]]
----------------------------------------------------------------------------------------
   Cr2   Cr1   (  2,   2,   0)  0.0262   ( 0.000,  0.000, 19.695) 19.695 
J_iso:  0.0262 
[Testing!] Jprime: 0.010,  B: -0.002
[Testing!] DMI: ( 0.0000  0.0000  0.0000)
[Testing!]J_ani:
[[-0.023 -0.008 -0.005]
 [-0.008 -0.02  -0.004]
 [-0.005 -0.004 -0.005]]
----------------------------------------------------------------------------------------
   Cr2   Cr1   ( -3,   2,   0)  0.0100   ( 0.000, -17.057, -9.848) 19.695 
J_iso:  0.0100 
[Testing!] Jprime: 0.001,  B: 0.001
[Testing!] DMI: (-0.0000  0.0000 -0.0000)
[Testing!]J_ani:
[[-0.01   0.004 -0.001]
 [ 0.004 -0.007  0.001]
 [-0.001  0.001  0.001]]
----------------------------------------------------------------------------------------
   Cr1   Cr2   ( -2,   3,   0)  0.0039   ( 0.000, -17.057,  9.848) 19.695 
J_iso:  0.0039 
[Testing!] Jprime: 0.016,  B: -0.006
[Testing!] DMI: ( 0.0000  0.0000 -0.0000)
[Testing!]J_ani:
[[ 0.008 -0.006  0.   ]
 [-0.006 -0.008 -0.002]
 [ 0.    -0.002 -0.012]]
----------------------------------------------------------------------------------------
   Cr2   Cr1   (  2,  -3,   0)  0.0039   ( 0.000, 17.057, -9.848) 19.695 
J_iso:  0.0039 
[Testing!] Jprime: 0.016,  B: -0.006
[Testing!] DMI: (-0.0000 -0.0000  0.0000)
[Testing!]J_ani:
[[ 0.008 -0.006  0.   ]
 [-0.006 -0.008 -0.002]
 [ 0.    -0.002 -0.012]]
----------------------------------------------------------------------------------------
   Cr1   Cr2   (  3,  -2,   0)  0.0100   ( 0.000, 17.057,  9.848) 19.695 
J_iso:  0.0100 
[Testing!] Jprime: 0.001,  B: 0.001
[Testing!] DMI: ( 0.0000 -0.0000  0.0000)
[Testing!]J_ani:
[[-0.01   0.004 -0.001]
 [ 0.004 -0.007  0.001]
 [-0.001  0.001  0.001]]
----------------------------------------------------------------------------------------
   Cr1   Cr1   ( -3,   0,   0)  0.0241   ( 0.000, -10.234, -17.726) 20.468 
J_iso:  0.0241 
[Testing!] Jprime: 0.001,  B: 0.001
[Testing!] DMI: (-0.0006  0.0001 -0.0001)
[Testing!]J_ani:
[[-0.016 -0.001  0.   ]
 [-0.001 -0.028 -0.   ]
 [ 0.    -0.     0.001]]
----------------------------------------------------------------------------------------
   Cr2   Cr2   ( -3,   0,   0)  0.0241   ( 0.000, -10.234, -17.726) 20.468 
J_iso:  0.0241 
[Testing!] Jprime: 0.001,  B: 0.001
[Testing!] DMI: ( 0.0006 -0.0001  0.0001)
[Testing!]J_ani:
[[-0.016 -0.001  0.   ]
 [-0.001 -0.028 -0.   ]
 [ 0.    -0.     0.001]]
----------------------------------------------------------------------------------------
   Cr1   Cr1   (  0,  -3,   0) -0.0114   ( 0.000, 10.234, -17.726) 20.468 
J_iso: -0.0114 
[Testing!] Jprime: -0.000,  B: -0.005
[Testing!] DMI: ( 0.0013 -0.0002  0.0001)
[Testing!]J_ani:
[[-0.001 -0.    -0.   ]
 [-0.     0.002  0.   ]
 [-0.     0.    -0.011]]
----------------------------------------------------------------------------------------
   Cr2   Cr2   (  0,  -3,   0) -0.0114   ( 0.000, 10.234, -17.726) 20.468 
J_iso: -0.0114 
[Testing!] Jprime: -0.000,  B: -0.005
[Testing!] DMI: (-0.0013  0.0002 -0.0001)
[Testing!]J_ani:
[[-0.001 -0.    -0.   ]
 [-0.     0.002  0.   ]
 [-0.     0.    -0.011]]
----------------------------------------------------------------------------------------
   Cr1   Cr1   (  0,   3,   0) -0.0114   ( 0.000, -10.234, 17.726) 20.468 
J_iso: -0.0114 
[Testing!] Jprime: -0.000,  B: -0.005
[Testing!] DMI: (-0.0013  0.0002 -0.0001)
[Testing!]J_ani:
[[-0.001 -0.    -0.   ]
 [-0.     0.002  0.   ]
 [-0.     0.    -0.011]]
----------------------------------------------------------------------------------------
   Cr2   Cr2   (  0,   3,   0) -0.0114   ( 0.000, -10.234, 17.726) 20.468 
J_iso: -0.0114 
[Testing!] Jprime: -0.000,  B: -0.005
[Testing!] DMI: ( 0.0013 -0.0002  0.0001)
[Testing!]J_ani:
[[-0.001 -0.    -0.   ]
 [-0.     0.002  0.   ]
 [-0.     0.    -0.011]]
----------------------------------------------------------------------------------------
   Cr1   Cr1   (  3,   0,   0)  0.0241   ( 0.000, 10.234, 17.726) 20.468 
J_iso:  0.0241 
[Testing!] Jprime: 0.001,  B: 0.001
[Testing!] DMI: ( 0.0006 -0.0001  0.0001)
[Testing!]J_ani:
[[-0.016 -0.001  0.   ]
 [-0.001 -0.028 -0.   ]
 [ 0.    -0.     0.001]]
----------------------------------------------------------------------------------------
   Cr2   Cr2   (  3,   0,   0)  0.0241   ( 0.000, 10.234, 17.726) 20.468 
J_iso:  0.0241 
[Testing!] Jprime: 0.001,  B: 0.001
[Testing!] DMI: (-0.0006  0.0001 -0.0001)
[Testing!]J_ani:
[[-0.016 -0.001  0.   ]
 [-0.001 -0.028 -0.   ]
 [ 0.    -0.     0.001]]
----------------------------------------------------------------------------------------
   Cr1   Cr1   ( -3,   3,   0)  0.0571   ( 0.000, -20.468,  0.000) 20.468 
J_iso:  0.0571 
[Testing!] Jprime: 0.000,  B: -0.004
[Testing!] DMI: ( 0.0001 -0.0003  0.0003)
[Testing!]J_ani:
[[-0.066  0.001 -0.   ]
 [ 0.001 -0.062  0.   ]
 [-0.     0.    -0.007]]
----------------------------------------------------------------------------------------
   Cr2   Cr2   ( -3,   3,   0)  0.0571   ( 0.000, -20.468,  0.000) 20.468 
J_iso:  0.0571 
[Testing!] Jprime: 0.000,  B: -0.004
[Testing!] DMI: (-0.0001  0.0003 -0.0003)
[Testing!]J_ani:
[[-0.066  0.001 -0.   ]
 [ 0.001 -0.062  0.   ]
 [-0.     0.    -0.007]]
----------------------------------------------------------------------------------------
   Cr1   Cr1   (  3,  -3,   0)  0.0571   ( 0.000, 20.468,  0.000) 20.468 
J_iso:  0.0571 
[Testing!] Jprime: 0.000,  B: -0.004
[Testing!] DMI: (-0.0001  0.0003 -0.0003)
[Testing!]J_ani:
[[-0.066  0.001 -0.   ]
 [ 0.001 -0.062  0.   ]
 [-0.     0.    -0.007]]
----------------------------------------------------------------------------------------
   Cr2   Cr2   (  3,  -3,   0)  0.0571   ( 0.000, 20.468,  0.000) 20.468 
J_iso:  0.0571 
[Testing!] Jprime: 0.000,  B: -0.004
[Testing!] DMI: ( 0.0001 -0.0003  0.0003)
[Testing!]J_ani:
[[-0.066  0.001 -0.   ]
 [ 0.001 -0.062  0.   ]
 [-0.     0.    -0.007]]
----------------------------------------------------------------------------------------
   Cr2   Cr1   ( -3,   1,   0)  0.0145   ( 0.000, -13.645, -15.756) 20.844 
J_iso:  0.0145 
[Testing!] Jprime: -0.005,  B: 0.002
[Testing!] DMI: (-0.0000  0.0000 -0.0000)
[Testing!]J_ani:
[[-0.028  0.    -0.   ]
 [ 0.    -0.001 -0.   ]
 [-0.    -0.     0.004]]
----------------------------------------------------------------------------------------
   Cr1   Cr2   ( -1,   3,   0) -0.0002   ( 0.000, -13.645, 15.756) 20.844 
J_iso: -0.0002 
[Testing!] Jprime: 0.019,  B: -0.008
[Testing!] DMI: ( 0.0000  0.0000  0.0000)
[Testing!]J_ani:
[[ 0.008  0.     0.001]
 [ 0.     0.    -0.   ]
 [ 0.001 -0.    -0.016]]
----------------------------------------------------------------------------------------
   Cr2   Cr1   (  1,  -3,   0) -0.0002   ( 0.000, 13.645, -15.756) 20.844 
J_iso: -0.0002 
[Testing!] Jprime: 0.019,  B: -0.008
[Testing!] DMI: (-0.0000 -0.0000 -0.0000)
[Testing!]J_ani:
[[ 0.008  0.     0.001]
 [ 0.     0.    -0.   ]
 [ 0.001 -0.    -0.016]]
----------------------------------------------------------------------------------------
   Cr1   Cr2   (  3,  -1,   0)  0.0145   ( 0.000, 13.645, 15.756) 20.844 
J_iso:  0.0145 
[Testing!] Jprime: -0.005,  B: 0.002
[Testing!] DMI: ( 0.0000 -0.0000  0.0000)
[Testing!]J_ani:
[[-0.028  0.    -0.   ]
 [ 0.    -0.001 -0.   ]
 [-0.    -0.     0.004]]
----------------------------------------------------------------------------------------
   Cr1   Cr2   ( -3,  -1,   0)  0.0194   ( 0.000, -6.823, -19.695) 20.844 
J_iso:  0.0194 
[Testing!] Jprime: -0.002,  B: 0.001
[Testing!] DMI: ( 0.0000 -0.0000 -0.0000)
[Testing!]J_ani:
[[-0.033  0.004  0.   ]
 [ 0.004 -0.004 -0.   ]
 [ 0.    -0.     0.003]]
----------------------------------------------------------------------------------------
   Cr1   Cr2   ( -1,  -3,   0)  0.0078   ( 0.000,  6.823, -19.695) 20.844 
J_iso:  0.0078 
[Testing!] Jprime: 0.014,  B: -0.005
[Testing!] DMI: ( 0.0000 -0.0000  0.0000)
[Testing!]J_ani:
[[-0.003  0.004  0.002]
 [ 0.004 -0.005 -0.001]
 [ 0.002 -0.001 -0.011]]
----------------------------------------------------------------------------------------
   Cr2   Cr1   (  1,   3,   0)  0.0078   ( 0.000, -6.823, 19.695) 20.844 
J_iso:  0.0078 
[Testing!] Jprime: 0.014,  B: -0.005
[Testing!] DMI: (-0.0000  0.0000 -0.0000)
[Testing!]J_ani:
[[-0.003  0.004  0.002]
 [ 0.004 -0.005 -0.001]
 [ 0.002 -0.001 -0.011]]
----------------------------------------------------------------------------------------
   Cr2   Cr1   (  3,   1,   0)  0.0194   ( 0.000,  6.823, 19.695) 20.844 
J_iso:  0.0194 
[Testing!] Jprime: -0.002,  B: 0.001
[Testing!] DMI: (-0.0000  0.0000  0.0000)
[Testing!]J_ani:
[[-0.033  0.004  0.   ]
 [ 0.004 -0.004 -0.   ]
 [ 0.    -0.     0.003]]
----------------------------------------------------------------------------------------
   Cr1   Cr2   ( -3,   3,   0)  0.0157   ( 0.000, -20.468,  3.939) 20.844 
J_iso:  0.0157 
[Testing!] Jprime: 0.013,  B: -0.005
[Testing!] DMI: ( 0.0000  0.0000 -0.0000)
[Testing!]J_ani:
[[-0.014 -0.009 -0.001]
 [-0.009 -0.012 -0.001]
 [-0.001 -0.001 -0.011]]
----------------------------------------------------------------------------------------
   Cr2   Cr1   ( -3,   3,   0)  0.0121   ( 0.000, -20.468, -3.939) 20.844 
J_iso:  0.0121 
[Testing!] Jprime: 0.009,  B: -0.003
[Testing!] DMI: (-0.0000  0.0000 -0.0000)
[Testing!]J_ani:
[[-0.002 -0.01  -0.   ]
 [-0.01  -0.015  0.   ]
 [-0.     0.    -0.006]]
----------------------------------------------------------------------------------------
   Cr1   Cr2   (  3,  -3,   0)  0.0121   ( 0.000, 20.468,  3.939) 20.844 
J_iso:  0.0121 
[Testing!] Jprime: 0.009,  B: -0.003
[Testing!] DMI: ( 0.0000 -0.0000  0.0000)
[Testing!]J_ani:
[[-0.002 -0.01  -0.   ]
 [-0.01  -0.015  0.   ]
 [-0.     0.    -0.006]]
----------------------------------------------------------------------------------------
   Cr2   Cr1   (  3,  -3,   0)  0.0157   ( 0.000, 20.468, -3.939) 20.844 
J_iso:  0.0157 
[Testing!] Jprime: 0.013,  B: -0.005
[Testing!] DMI: (-0.0000 -0.0000  0.0000)
[Testing!]J_ani:
[[-0.014 -0.009 -0.001]
 [-0.009 -0.012 -0.001]
 [-0.001 -0.001 -0.011]]
----------------------------------------------------------------------------------------
   Cr2   Cr1   ( -2,  -1,   0)  0.0153   ( 0.000, -3.411, -21.665) 21.932 
J_iso:  0.0153 
[Testing!] Jprime: 0.005,  B: -0.003
[Testing!] DMI: ( 0.0000 -0.0000  0.0000)
[Testing!]J_ani:
[[-0.019 -0.004  0.001]
 [-0.004 -0.016  0.001]
 [ 0.001  0.001 -0.007]]
----------------------------------------------------------------------------------------
   Cr2   Cr1   ( -1,  -2,   0)  0.0050   ( 0.000,  3.411, -21.665) 21.932 
J_iso:  0.0050 
[Testing!] Jprime: 0.012,  B: -0.007
[Testing!] DMI: ( 0.0000 -0.0000 -0.0000)
[Testing!]J_ani:
[[-0.006 -0.004 -0.   ]
 [-0.004 -0.007 -0.   ]
 [-0.    -0.    -0.013]]
----------------------------------------------------------------------------------------
   Cr1   Cr2   (  1,   2,   0)  0.0050   ( 0.000, -3.411, 21.665) 21.932 
J_iso:  0.0050 
[Testing!] Jprime: 0.012,  B: -0.007
[Testing!] DMI: (-0.0000  0.0000  0.0000)
[Testing!]J_ani:
[[-0.006 -0.004 -0.   ]
 [-0.004 -0.007 -0.   ]
 [-0.    -0.    -0.013]]
----------------------------------------------------------------------------------------
   Cr1   Cr2   (  2,   1,   0)  0.0153   ( 0.000,  3.411, 21.665) 21.932 
J_iso:  0.0153 
[Testing!] Jprime: 0.005,  B: -0.003
[Testing!] DMI: (-0.0000  0.0000 -0.0000)
[Testing!]J_ani:
[[-0.019 -0.004  0.001]
 [-0.004 -0.016  0.001]
 [ 0.001  0.001 -0.007]]
----------------------------------------------------------------------------------------
   Cr1   Cr1   ( -2,  -2,   0)  0.0053   ( 0.000,  0.000, -23.634) 23.634 
J_iso:  0.0053 
[Testing!] Jprime: -0.002,  B: -0.003
[Testing!] DMI: ( 0.0004  0.0018 -0.0001)
[Testing!]J_ani:
[[-0.016 -0.     0.   ]
 [-0.    -0.011 -0.   ]
 [ 0.    -0.    -0.006]]
----------------------------------------------------------------------------------------
   Cr2   Cr2   ( -2,  -2,   0)  0.0053   ( 0.000,  0.000, -23.634) 23.634 
J_iso:  0.0053 
[Testing!] Jprime: -0.002,  B: -0.003
[Testing!] DMI: (-0.0004 -0.0018  0.0001)
[Testing!]J_ani:
[[-0.016 -0.     0.   ]
 [-0.    -0.011 -0.   ]
 [ 0.    -0.    -0.006]]
----------------------------------------------------------------------------------------
   Cr1   Cr1   (  2,   2,   0)  0.0053   ( 0.000,  0.000, 23.634) 23.634 
J_iso:  0.0053 
[Testing!] Jprime: -0.002,  B: -0.003
[Testing!] DMI: (-0.0004 -0.0018  0.0001)
[Testing!]J_ani:
[[-0.016 -0.     0.   ]
 [-0.    -0.011 -0.   ]
 [ 0.    -0.    -0.006]]
----------------------------------------------------------------------------------------
   Cr2   Cr2   (  2,   2,   0)  0.0053   ( 0.000,  0.000, 23.634) 23.634 
J_iso:  0.0053 
[Testing!] Jprime: -0.002,  B: -0.003
[Testing!] DMI: ( 0.0004  0.0018 -0.0001)
[Testing!]J_ani:
[[-0.016 -0.     0.   ]
 [-0.    -0.011 -0.   ]
 [ 0.    -0.    -0.006]]
----------------------------------------------------------------------------------------
   Cr2   Cr1   ( -3,   0,   0)  0.0153   ( 0.000, -10.234, -21.665) 23.960 
J_iso:  0.0153 
[Testing!] Jprime: -0.003,  B: 0.001
[Testing!] DMI: ( 0.0000 -0.0000  0.0000)
[Testing!]J_ani:
[[-0.033 -0.001 -0.001]
 [-0.001 -0.001  0.001]
 [-0.001  0.001  0.002]]
----------------------------------------------------------------------------------------
   Cr2   Cr1   (  0,  -3,   0) -0.0002   ( 0.000, 10.234, -21.665) 23.960 
J_iso: -0.0002 
[Testing!] Jprime: 0.018,  B: -0.008
[Testing!] DMI: (-0.0000 -0.0000 -0.0000)
[Testing!]J_ani:
[[ 0.005  0.     0.   ]
 [ 0.     0.    -0.   ]
 [ 0.    -0.    -0.016]]
----------------------------------------------------------------------------------------
   Cr1   Cr2   (  0,   3,   0) -0.0002   ( 0.000, -10.234, 21.665) 23.960 
J_iso: -0.0002 
[Testing!] Jprime: 0.018,  B: -0.008
[Testing!] DMI: ( 0.0000  0.0000  0.0000)
[Testing!]J_ani:
[[ 0.005  0.     0.   ]
 [ 0.     0.    -0.   ]
 [ 0.    -0.    -0.016]]
----------------------------------------------------------------------------------------
   Cr1   Cr2   (  3,   0,   0)  0.0153   ( 0.000, 10.234, 21.665) 23.960 
J_iso:  0.0153 
[Testing!] Jprime: -0.003,  B: 0.001
[Testing!] DMI: (-0.0000  0.0000 -0.0000)
[Testing!]J_ani:
[[-0.033 -0.001 -0.001]
 [-0.001 -0.001  0.001]
 [-0.001  0.001  0.002]]
----------------------------------------------------------------------------------------
   Cr1   Cr1   ( -3,  -1,   0)  0.0165   ( 0.000, -6.823, -23.634) 24.599 
J_iso:  0.0165 
[Testing!] Jprime: 0.002,  B: -0.001
[Testing!] DMI: ( 0.0018  0.0011 -0.0001)
[Testing!]J_ani:
[[-0.012  0.001  0.   ]
 [ 0.001 -0.019 -0.   ]
 [ 0.    -0.    -0.001]]
----------------------------------------------------------------------------------------
   Cr2   Cr2   ( -3,  -1,   0)  0.0165   ( 0.000, -6.823, -23.634) 24.599 
J_iso:  0.0165 
[Testing!] Jprime: 0.002,  B: -0.001
[Testing!] DMI: (-0.0018 -0.0011  0.0001)
[Testing!]J_ani:
[[-0.012  0.001  0.   ]
 [ 0.001 -0.019 -0.   ]
 [ 0.    -0.    -0.001]]
----------------------------------------------------------------------------------------
   Cr1   Cr1   ( -1,  -3,   0) -0.0094   ( 0.000,  6.823, -23.634) 24.599 
J_iso: -0.0094 
[Testing!] Jprime: 0.002,  B: -0.005
[Testing!] DMI: ( 0.0008  0.0000  0.0000)
[Testing!]J_ani:
[[-0.    -0.    -0.001]
 [-0.     0.003  0.   ]
 [-0.001  0.    -0.01 ]]
----------------------------------------------------------------------------------------
   Cr2   Cr2   ( -1,  -3,   0) -0.0094   ( 0.000,  6.823, -23.634) 24.599 
J_iso: -0.0094 
[Testing!] Jprime: 0.002,  B: -0.005
[Testing!] DMI: (-0.0008 -0.0000 -0.0000)
[Testing!]J_ani:
[[-0.    -0.    -0.001]
 [-0.     0.003  0.   ]
 [-0.001  0.    -0.01 ]]
----------------------------------------------------------------------------------------
   Cr1   Cr1   (  1,   3,   0) -0.0094   ( 0.000, -6.823, 23.634) 24.599 
J_iso: -0.0094 
[Testing!] Jprime: 0.002,  B: -0.005
[Testing!] DMI: (-0.0008 -0.0000 -0.0000)
[Testing!]J_ani:
[[-0.    -0.    -0.001]
 [-0.     0.003  0.   ]
 [-0.001  0.    -0.01 ]]
----------------------------------------------------------------------------------------
   Cr2   Cr2   (  1,   3,   0) -0.0094   ( 0.000, -6.823, 23.634) 24.599 
J_iso: -0.0094 
[Testing!] Jprime: 0.002,  B: -0.005
[Testing!] DMI: ( 0.0008  0.0000  0.0000)
[Testing!]J_ani:
[[-0.    -0.    -0.001]
 [-0.     0.003  0.   ]
 [-0.001  0.    -0.01 ]]
----------------------------------------------------------------------------------------
   Cr1   Cr1   (  3,   1,   0)  0.0165   ( 0.000,  6.823, 23.634) 24.599 
J_iso:  0.0165 
[Testing!] Jprime: 0.002,  B: -0.001
[Testing!] DMI: (-0.0018 -0.0011  0.0001)
[Testing!]J_ani:
[[-0.012  0.001  0.   ]
 [ 0.001 -0.019 -0.   ]
 [ 0.    -0.    -0.001]]
----------------------------------------------------------------------------------------
   Cr2   Cr2   (  3,   1,   0)  0.0165   ( 0.000,  6.823, 23.634) 24.599 
J_iso:  0.0165 
[Testing!] Jprime: 0.002,  B: -0.001
[Testing!] DMI: ( 0.0018  0.0011 -0.0001)
[Testing!]J_ani:
[[-0.012  0.001  0.   ]
 [ 0.001 -0.019 -0.   ]
 [ 0.    -0.    -0.001]]
----------------------------------------------------------------------------------------
   Cr1   Cr2   ( -3,  -2,   0)  0.0159   ( 0.000, -3.411, -25.604) 25.830 
J_iso:  0.0159 
[Testing!] Jprime: 0.007,  B: -0.002
[Testing!] DMI: ( 0.0000 -0.0000  0.0000)
[Testing!]J_ani:
[[-0.014 -0.003 -0.002]
 [-0.003 -0.01  -0.   ]
 [-0.002 -0.    -0.003]]
----------------------------------------------------------------------------------------
   Cr1   Cr2   ( -2,  -3,   0)  0.0043   ( 0.000,  3.411, -25.604) 25.830 
J_iso:  0.0043 
[Testing!] Jprime: 0.013,  B: -0.005
[Testing!] DMI: ( 0.0000 -0.0000  0.0000)
[Testing!]J_ani:
[[-0.     0.     0.001]
 [ 0.    -0.002 -0.   ]
 [ 0.001 -0.    -0.01 ]]
----------------------------------------------------------------------------------------
   Cr2   Cr1   (  2,   3,   0)  0.0043   ( 0.000, -3.411, 25.604) 25.830 
J_iso:  0.0043 
[Testing!] Jprime: 0.013,  B: -0.005
[Testing!] DMI: (-0.0000  0.0000 -0.0000)
[Testing!]J_ani:
[[-0.     0.     0.001]
 [ 0.    -0.002 -0.   ]
 [ 0.001 -0.    -0.01 ]]
----------------------------------------------------------------------------------------
   Cr2   Cr1   (  3,   2,   0)  0.0159   ( 0.000,  3.411, 25.604) 25.830 
J_iso:  0.0159 
[Testing!] Jprime: 0.007,  B: -0.002
[Testing!] DMI: (-0.0000  0.0000 -0.0000)
[Testing!]J_ani:
[[-0.014 -0.003 -0.002]
 [-0.003 -0.01  -0.   ]
 [-0.002 -0.    -0.003]]
----------------------------------------------------------------------------------------
   Cr2   Cr1   ( -2,  -2,   0)  0.0039   ( 0.000,  0.000, -27.573) 27.573 
J_iso:  0.0039 
[Testing!] Jprime: 0.013,  B: -0.007
[Testing!] DMI: ( 0.0000 -0.0000 -0.0000)
[Testing!]J_ani:
[[-0.002 -0.001  0.002]
 [-0.001 -0.007  0.   ]
 [ 0.002  0.    -0.014]]
----------------------------------------------------------------------------------------
   Cr1   Cr2   (  2,   2,   0)  0.0039   ( 0.000,  0.000, 27.573) 27.573 
J_iso:  0.0039 
[Testing!] Jprime: 0.013,  B: -0.007
[Testing!] DMI: (-0.0000  0.0000  0.0000)
[Testing!]J_ani:
[[-0.002 -0.001  0.002]
 [-0.001 -0.007  0.   ]
 [ 0.002  0.    -0.014]]
----------------------------------------------------------------------------------------
   Cr2   Cr1   ( -3,  -1,   0)  0.0055   ( 0.000, -6.823, -27.573) 28.405 
J_iso:  0.0055 
[Testing!] Jprime: -0.000,  B: -0.002
[Testing!] DMI: ( 0.0000 -0.0000  0.0000)
[Testing!]J_ani:
[[-0.018  0.002 -0.001]
 [ 0.002  0.     0.   ]
 [-0.001  0.    -0.003]]
----------------------------------------------------------------------------------------
   Cr2   Cr1   ( -1,  -3,   0) -0.0031   ( 0.000,  6.823, -27.573) 28.405 
J_iso: -0.0031 
[Testing!] Jprime: 0.015,  B: -0.008
[Testing!] DMI: (-0.0000 -0.0000 -0.0000)
[Testing!]J_ani:
[[ 0.007  0.     0.   ]
 [ 0.     0.     0.   ]
 [ 0.     0.    -0.015]]
----------------------------------------------------------------------------------------
   Cr1   Cr2   (  1,   3,   0) -0.0031   ( 0.000, -6.823, 27.573) 28.405 
J_iso: -0.0031 
[Testing!] Jprime: 0.015,  B: -0.008
[Testing!] DMI: ( 0.0000  0.0000  0.0000)
[Testing!]J_ani:
[[ 0.007  0.     0.   ]
 [ 0.     0.     0.   ]
 [ 0.     0.    -0.015]]
----------------------------------------------------------------------------------------
   Cr1   Cr2   (  3,   1,   0)  0.0055   ( 0.000,  6.823, 27.573) 28.405 
J_iso:  0.0055 
[Testing!] Jprime: -0.000,  B: -0.002
[Testing!] DMI: (-0.0000  0.0000 -0.0000)
[Testing!]J_ani:
[[-0.018  0.002 -0.001]
 [ 0.002  0.     0.   ]
 [-0.001  0.    -0.003]]
----------------------------------------------------------------------------------------
   Cr1   Cr1   ( -3,  -2,   0)  0.0078   ( 0.000, -3.411, -29.543) 29.739 
J_iso:  0.0078 
[Testing!] Jprime: -0.001,  B: -0.002
[Testing!] DMI: ( 0.0013  0.0018  0.0002)
[Testing!]J_ani:
[[-0.008  0.001  0.   ]
 [ 0.001 -0.018 -0.   ]
 [ 0.    -0.    -0.004]]
----------------------------------------------------------------------------------------
   Cr2   Cr2   ( -3,  -2,   0)  0.0078   ( 0.000, -3.411, -29.543) 29.739 
J_iso:  0.0078 
[Testing!] Jprime: -0.001,  B: -0.002
[Testing!] DMI: (-0.0013 -0.0018 -0.0002)
[Testing!]J_ani:
[[-0.008  0.001  0.   ]
 [ 0.001 -0.018 -0.   ]
 [ 0.    -0.    -0.004]]
----------------------------------------------------------------------------------------
   Cr1   Cr1   ( -2,  -3,   0) -0.0072   ( 0.000,  3.411, -29.543) 29.739 
J_iso: -0.0072 
[Testing!] Jprime: 0.003,  B: -0.004
[Testing!] DMI: (-0.0011  0.0003  0.0000)
[Testing!]J_ani:
[[-0.001  0.    -0.001]
 [ 0.     0.003  0.   ]
 [-0.001  0.    -0.009]]
----------------------------------------------------------------------------------------
   Cr2   Cr2   ( -2,  -3,   0) -0.0072   ( 0.000,  3.411, -29.543) 29.739 
J_iso: -0.0072 
[Testing!] Jprime: 0.003,  B: -0.004
[Testing!] DMI: ( 0.0011 -0.0003 -0.0000)
[Testing!]J_ani:
[[-0.001  0.    -0.001]
 [ 0.     0.003  0.   ]
 [-0.001  0.    -0.009]]
----------------------------------------------------------------------------------------
   Cr1   Cr1   (  2,   3,   0) -0.0072   ( 0.000, -3.411, 29.543) 29.739 
J_iso: -0.0072 
[Testing!] Jprime: 0.003,  B: -0.004
[Testing!] DMI: ( 0.0011 -0.0003 -0.0000)
[Testing!]J_ani:
[[-0.001  0.    -0.001]
 [ 0.     0.003  0.   ]
 [-0.001  0.    -0.009]]
----------------------------------------------------------------------------------------
   Cr2   Cr2   (  2,   3,   0) -0.0072   ( 0.000, -3.411, 29.543) 29.739 
J_iso: -0.0072 
[Testing!] Jprime: 0.003,  B: -0.004
[Testing!] DMI: (-0.0011  0.0003  0.0000)
[Testing!]J_ani:
[[-0.001  0.    -0.001]
 [ 0.     0.003  0.   ]
 [-0.001  0.    -0.009]]
----------------------------------------------------------------------------------------
   Cr1   Cr1   (  3,   2,   0)  0.0078   ( 0.000,  3.411, 29.543) 29.739 
J_iso:  0.0078 
[Testing!] Jprime: -0.001,  B: -0.002
[Testing!] DMI: (-0.0013 -0.0018 -0.0002)
[Testing!]J_ani:
[[-0.008  0.001  0.   ]
 [ 0.001 -0.018 -0.   ]
 [ 0.    -0.    -0.004]]
----------------------------------------------------------------------------------------
   Cr2   Cr2   (  3,   2,   0)  0.0078   ( 0.000,  3.411, 29.543) 29.739 
J_iso:  0.0078 
[Testing!] Jprime: -0.001,  B: -0.002
[Testing!] DMI: ( 0.0013  0.0018  0.0002)
[Testing!]J_ani:
[[-0.008  0.001  0.   ]
 [ 0.001 -0.018 -0.   ]
 [ 0.    -0.    -0.004]]
----------------------------------------------------------------------------------------
   Cr1   Cr2   ( -3,  -3,   0)  0.0064   ( 0.000,  0.000, -31.512) 31.512 
J_iso:  0.0064 
[Testing!] Jprime: 0.012,  B: -0.004
[Testing!] DMI: ( 0.0000 -0.0000  0.0000)
[Testing!]J_ani:
[[ 0.004 -0.002 -0.001]
 [-0.002 -0.009 -0.001]
 [-0.001 -0.001 -0.008]]
----------------------------------------------------------------------------------------
   Cr2   Cr1   (  3,   3,   0)  0.0064   ( 0.000,  0.000, 31.512) 31.512 
J_iso:  0.0064 
[Testing!] Jprime: 0.012,  B: -0.004
[Testing!] DMI: (-0.0000  0.0000 -0.0000)
[Testing!]J_ani:
[[ 0.004 -0.002 -0.001]
 [-0.002 -0.009 -0.001]
 [-0.001 -0.001 -0.008]]
----------------------------------------------------------------------------------------
   Cr2   Cr1   ( -3,  -2,   0) -0.0001   ( 0.000, -3.411, -33.482) 33.655 
J_iso: -0.0001 
[Testing!] Jprime: 0.007,  B: -0.005
[Testing!] DMI: (-0.0000 -0.0000  0.0000)
[Testing!]J_ani:
[[ 0.004  0.004  0.001]
 [ 0.004 -0.007 -0.   ]
 [ 0.001 -0.    -0.009]]
----------------------------------------------------------------------------------------
   Cr2   Cr1   ( -2,  -3,   0)  0.0024   ( 0.000,  3.411, -33.482) 33.655 
J_iso:  0.0024 
[Testing!] Jprime: 0.012,  B: -0.006
[Testing!] DMI: (-0.0000 -0.0000 -0.0000)
[Testing!]J_ani:
[[ 0.002  0.007  0.002]
 [ 0.007 -0.007  0.   ]
 [ 0.002  0.    -0.012]]
----------------------------------------------------------------------------------------
   Cr1   Cr2   (  2,   3,   0)  0.0024   ( 0.000, -3.411, 33.482) 33.655 
J_iso:  0.0024 
[Testing!] Jprime: 0.012,  B: -0.006
[Testing!] DMI: ( 0.0000  0.0000  0.0000)
[Testing!]J_ani:
[[ 0.002  0.007  0.002]
 [ 0.007 -0.007  0.   ]
 [ 0.002  0.    -0.012]]
----------------------------------------------------------------------------------------
   Cr1   Cr2   (  3,   2,   0) -0.0001   ( 0.000,  3.411, 33.482) 33.655 
J_iso: -0.0001 
[Testing!] Jprime: 0.007,  B: -0.005
[Testing!] DMI: ( 0.0000  0.0000 -0.0000)
[Testing!]J_ani:
[[ 0.004  0.004  0.001]
 [ 0.004 -0.007 -0.   ]
 [ 0.001 -0.    -0.009]]
----------------------------------------------------------------------------------------
   Cr1   Cr1   ( -3,  -3,   0)  0.0023   ( 0.000,  0.000, -35.451) 35.451 
J_iso:  0.0023 
[Testing!] Jprime: -0.001,  B: -0.004
[Testing!] DMI: (-0.0020  0.0013  0.0000)
[Testing!]J_ani:
[[-0.018 -0.    -0.   ]
 [-0.    -0.002  0.   ]
 [-0.     0.    -0.007]]
----------------------------------------------------------------------------------------
   Cr2   Cr2   ( -3,  -3,   0)  0.0023   ( 0.000,  0.000, -35.451) 35.451 
J_iso:  0.0023 
[Testing!] Jprime: -0.001,  B: -0.004
[Testing!] DMI: ( 0.0020 -0.0013 -0.0000)
[Testing!]J_ani:
[[-0.018 -0.    -0.   ]
 [-0.    -0.002  0.   ]
 [-0.     0.    -0.007]]
----------------------------------------------------------------------------------------
   Cr1   Cr1   (  3,   3,   0)  0.0023   ( 0.000,  0.000, 35.451) 35.451 
J_iso:  0.0023 
[Testing!] Jprime: -0.001,  B: -0.004
[Testing!] DMI: ( 0.0020 -0.0013 -0.0000)
[Testing!]J_ani:
[[-0.018 -0.    -0.   ]
 [-0.    -0.002  0.   ]
 [-0.     0.    -0.007]]
----------------------------------------------------------------------------------------
   Cr2   Cr2   (  3,   3,   0)  0.0023   ( 0.000,  0.000, 35.451) 35.451 
J_iso:  0.0023 
[Testing!] Jprime: -0.001,  B: -0.004
[Testing!] DMI: (-0.0020  0.0013  0.0000)
[Testing!]J_ani:
[[-0.018 -0.    -0.   ]
 [-0.    -0.002  0.   ]
 [-0.     0.    -0.007]]
----------------------------------------------------------------------------------------
   Cr2   Cr1   ( -3,  -3,   0)  0.0230   ( 0.000,  0.000, -39.391) 39.391 
J_iso:  0.0230 
[Testing!] Jprime: 0.012,  B: -0.005
[Testing!] DMI: (-0.0000 -0.0000  0.0000)
[Testing!]J_ani:
[[-0.021  0.022  0.001]
 [ 0.022 -0.021  0.001]
 [ 0.001  0.001 -0.01 ]]
----------------------------------------------------------------------------------------
   Cr1   Cr2   (  3,   3,   0)  0.0230   ( 0.000,  0.000, 39.391) 39.391 
J_iso:  0.0230 
[Testing!] Jprime: 0.012,  B: -0.005
[Testing!] DMI: ( 0.0000  0.0000 -0.0000)
[Testing!]J_ani:
[[-0.021  0.022  0.001]
 [ 0.022 -0.021  0.001]
 [ 0.001  0.001 -0.01 ]]
