==========================================================================================
Information: 
Exchange parameters generated by TB2J 0.7.6.1
Generation time: 23/05/19 12:02:38
 Input from collinear Wannier90 data.
 Tight binding data from ./. 
 Prefix of wannier function files:SrMnO3_up and SrMnO3_down.
Warning: Please check if the noise level of Wannier function Hamiltonian to make sure it is much smaller than the exchange values.

==========================================================================================
Cell (Angstrom):
 3.810   0.000   0.000
 0.000   3.810   0.000
 0.000   0.000   3.810

==========================================================================================
Atoms:  
(Note: charge and magmoms only count the wannier functions.)
Atom number      x         y         z     w_charge  w_magmom 
Sr1             0.0000    0.0000    0.0000    0.0000    0.0000
Mn1             1.9050    1.9050    1.9050    4.6526    3.1582
O1              0.0000    1.9050    1.9050    5.4597    0.0044
O2              1.9050    0.0000    1.9050    5.4597    0.0044
O3              1.9050    1.9050    0.0000    5.4597    0.0044
Total                                        21.0317    3.1714

==========================================================================================
Orbitals used in decomposition: 
The name of the orbitals for the decomposition: 
Mn1 : ['orb_1', 'orb_2', 'orb_3', 'orb_4', 'orb_5']

==========================================================================================
Exchange: 
    i      j          R        J_iso(meV)          vector          distance(A) 
----------------------------------------------------------------------------------------
   Mn1   Mn1   (  0,   0,   1) -7.9193   ( 0.000,  0.000,  3.810)  3.810 
J_iso: -7.9193 
Orbital contributions:
 isotropic J:
 [[ 4.207 -0.    -0.     0.     0.   ]
 [-0.    -5.952 -0.     0.    -0.   ]
 [-0.    -0.    -5.952  0.    -0.   ]
 [ 0.    -0.    -0.    -0.167  0.   ]
 [ 0.     0.     0.     0.    -0.056]] 
----------------------------------------------------------------------------------------
   Mn1   Mn1   (  0,   1,   0) -7.9186   ( 0.000,  3.810,  0.000)  3.810 
J_iso: -7.9186 
Orbital contributions:
 isotropic J:
 [[ 0.664  0.    -0.     0.263  0.   ]
 [ 0.    -0.056  0.     0.     0.   ]
 [ 0.    -0.    -5.952 -0.    -0.   ]
 [ 0.263  0.    -0.     2.851 -0.   ]
 [ 0.    -0.    -0.     0.    -5.952]] 
----------------------------------------------------------------------------------------
   Mn1   Mn1   (  1,   0,   0) -7.9186   ( 3.810,  0.000,  0.000)  3.810 
J_iso: -7.9186 
Orbital contributions:
 isotropic J:
 [[ 0.664 -0.     0.     0.263  0.   ]
 [ 0.    -5.952 -0.    -0.    -0.   ]
 [ 0.     0.    -0.056  0.     0.   ]
 [ 0.263 -0.     0.     2.851 -0.   ]
 [ 0.    -0.    -0.     0.    -5.952]] 
----------------------------------------------------------------------------------------
   Mn1   Mn1   ( -1,   0,   0) -7.9186   (-3.810,  0.000,  0.000)  3.810 
J_iso: -7.9186 
Orbital contributions:
 isotropic J:
 [[ 0.664  0.     0.     0.263  0.   ]
 [-0.    -5.952  0.    -0.    -0.   ]
 [ 0.    -0.    -0.056  0.    -0.   ]
 [ 0.263 -0.     0.     2.851  0.   ]
 [ 0.    -0.     0.    -0.    -5.952]] 
----------------------------------------------------------------------------------------
   Mn1   Mn1   (  0,  -1,   0) -7.9186   ( 0.000, -3.810,  0.000)  3.810 
J_iso: -7.9186 
Orbital contributions:
 isotropic J:
 [[ 0.664  0.     0.     0.263  0.   ]
 [ 0.    -0.056 -0.     0.    -0.   ]
 [-0.     0.    -5.952 -0.    -0.   ]
 [ 0.263  0.    -0.     2.851  0.   ]
 [ 0.     0.    -0.    -0.    -5.952]] 
----------------------------------------------------------------------------------------
   Mn1   Mn1   (  0,   0,  -1) -7.9193   ( 0.000,  0.000, -3.810)  3.810 
J_iso: -7.9193 
Orbital contributions:
 isotropic J:
 [[ 4.207 -0.    -0.     0.     0.   ]
 [-0.    -5.952 -0.    -0.     0.   ]
 [-0.    -0.    -5.952 -0.     0.   ]
 [ 0.     0.     0.    -0.167  0.   ]
 [ 0.    -0.    -0.     0.    -0.056]] 
----------------------------------------------------------------------------------------
   Mn1   Mn1   ( -1,  -1,   0) -0.3734   (-3.810, -3.810,  0.000)  5.388 
J_iso: -0.3734 
Orbital contributions:
 isotropic J:
 [[ 0.001  0.     0.    -0.     0.186]
 [ 0.     0.002 -0.01   0.    -0.   ]
 [ 0.    -0.01   0.002  0.    -0.   ]
 [ 0.     0.     0.    -0.008  0.   ]
 [ 0.186 -0.    -0.     0.    -0.723]] 
----------------------------------------------------------------------------------------
   Mn1   Mn1   ( -1,   0,  -1) -0.3733   (-3.810,  0.000, -3.810)  5.388 
J_iso: -0.3733 
Orbital contributions:
 isotropic J:
 [[-0.01   0.047  0.     0.004  0.   ]
 [ 0.047 -0.723 -0.     0.14  -0.   ]
 [ 0.    -0.     0.002  0.    -0.01 ]
 [ 0.004  0.14   0.    -0.006  0.   ]
 [ 0.    -0.    -0.01   0.     0.002]] 
----------------------------------------------------------------------------------------
   Mn1   Mn1   ( -1,   0,   1) -0.3735   (-3.810,  0.000,  3.810)  5.388 
J_iso: -0.3735 
Orbital contributions:
 isotropic J:
 [[-0.01   0.047  0.     0.004  0.   ]
 [ 0.046 -0.723 -0.     0.14  -0.   ]
 [ 0.    -0.     0.002  0.    -0.01 ]
 [ 0.004  0.14   0.    -0.006  0.   ]
 [ 0.    -0.    -0.01   0.     0.002]] 
----------------------------------------------------------------------------------------
   Mn1   Mn1   ( -1,   1,   0) -0.3735   (-3.810,  3.810,  0.000)  5.388 
J_iso: -0.3735 
Orbital contributions:
 isotropic J:
 [[ 0.001  0.     0.    -0.     0.186]
 [ 0.     0.002 -0.01   0.    -0.   ]
 [ 0.    -0.01   0.002  0.    -0.   ]
 [-0.     0.     0.    -0.008  0.   ]
 [ 0.186 -0.    -0.     0.    -0.723]] 
----------------------------------------------------------------------------------------
   Mn1   Mn1   (  0,  -1,  -1) -0.3733   ( 0.000, -3.810, -3.810)  5.388 
J_iso: -0.3733 
Orbital contributions:
 isotropic J:
 [[-0.01   0.     0.047  0.004  0.   ]
 [ 0.     0.002 -0.     0.    -0.01 ]
 [ 0.047 -0.    -0.723  0.14  -0.   ]
 [ 0.004  0.     0.14  -0.006  0.   ]
 [ 0.    -0.01  -0.     0.     0.002]] 
----------------------------------------------------------------------------------------
   Mn1   Mn1   (  0,  -1,   1) -0.3735   ( 0.000, -3.810,  3.810)  5.388 
J_iso: -0.3735 
Orbital contributions:
 isotropic J:
 [[-0.01   0.     0.047  0.004  0.   ]
 [ 0.     0.002 -0.     0.    -0.01 ]
 [ 0.046 -0.    -0.723  0.14  -0.   ]
 [ 0.004  0.     0.14  -0.006  0.   ]
 [ 0.    -0.01  -0.     0.     0.002]] 
----------------------------------------------------------------------------------------
   Mn1   Mn1   (  0,   1,  -1) -0.3735   ( 0.000,  3.810, -3.810)  5.388 
J_iso: -0.3735 
Orbital contributions:
 isotropic J:
 [[-0.01   0.     0.046  0.004  0.   ]
 [ 0.     0.002 -0.     0.    -0.01 ]
 [ 0.047 -0.    -0.723  0.14  -0.   ]
 [ 0.004  0.     0.14  -0.006  0.   ]
 [ 0.    -0.01  -0.     0.     0.002]] 
----------------------------------------------------------------------------------------
   Mn1   Mn1   (  0,   1,   1) -0.3733   ( 0.000,  3.810,  3.810)  5.388 
J_iso: -0.3733 
Orbital contributions:
 isotropic J:
 [[-0.01   0.     0.047  0.004  0.   ]
 [ 0.     0.002 -0.     0.    -0.01 ]
 [ 0.047 -0.    -0.723  0.14  -0.   ]
 [ 0.004  0.     0.14  -0.006  0.   ]
 [ 0.    -0.01  -0.     0.     0.002]] 
----------------------------------------------------------------------------------------
   Mn1   Mn1   (  1,  -1,   0) -0.3735   ( 3.810, -3.810,  0.000)  5.388 
J_iso: -0.3735 
Orbital contributions:
 isotropic J:
 [[ 0.001  0.     0.    -0.     0.186]
 [ 0.     0.002 -0.01   0.    -0.   ]
 [ 0.    -0.01   0.002  0.    -0.   ]
 [-0.     0.     0.    -0.008  0.   ]
 [ 0.186 -0.    -0.     0.    -0.723]] 
----------------------------------------------------------------------------------------
   Mn1   Mn1   (  1,   0,  -1) -0.3735   ( 3.810,  0.000, -3.810)  5.388 
J_iso: -0.3735 
Orbital contributions:
 isotropic J:
 [[-0.01   0.046  0.     0.004  0.   ]
 [ 0.047 -0.723 -0.     0.14  -0.   ]
 [ 0.    -0.     0.002  0.    -0.01 ]
 [ 0.004  0.14   0.    -0.006  0.   ]
 [ 0.    -0.    -0.01   0.     0.002]] 
----------------------------------------------------------------------------------------
   Mn1   Mn1   (  1,   0,   1) -0.3733   ( 3.810,  0.000,  3.810)  5.388 
J_iso: -0.3733 
Orbital contributions:
 isotropic J:
 [[-0.01   0.047  0.     0.004  0.   ]
 [ 0.047 -0.723 -0.     0.14  -0.   ]
 [ 0.    -0.     0.002  0.    -0.01 ]
 [ 0.004  0.14   0.    -0.006  0.   ]
 [ 0.    -0.    -0.01   0.     0.002]] 
----------------------------------------------------------------------------------------
   Mn1   Mn1   (  1,   1,   0) -0.3734   ( 3.810,  3.810,  0.000)  5.388 
J_iso: -0.3734 
Orbital contributions:
 isotropic J:
 [[ 0.001  0.     0.     0.     0.186]
 [ 0.     0.002 -0.01   0.    -0.   ]
 [ 0.    -0.01   0.002  0.    -0.   ]
 [-0.     0.     0.    -0.008  0.   ]
 [ 0.186 -0.    -0.     0.    -0.723]] 
----------------------------------------------------------------------------------------
   Mn1   Mn1   ( -1,   1,   1) -0.0574   (-3.810,  3.810,  3.810)  6.599 
J_iso: -0.0574 
Orbital contributions:
 isotropic J:
 [[ 0.    -0.002 -0.002  0.    -0.006]
 [-0.002 -0.007  0.    -0.005  0.   ]
 [-0.002  0.    -0.007 -0.005  0.   ]
 [ 0.    -0.005 -0.005  0.     0.   ]
 [-0.006  0.     0.     0.    -0.007]] 
----------------------------------------------------------------------------------------
   Mn1   Mn1   (  1,  -1,   1) -0.0574   ( 3.810, -3.810,  3.810)  6.599 
J_iso: -0.0574 
Orbital contributions:
 isotropic J:
 [[ 0.    -0.002 -0.002  0.    -0.006]
 [-0.002 -0.007  0.    -0.005  0.   ]
 [-0.002  0.    -0.007 -0.005  0.   ]
 [ 0.    -0.005 -0.005  0.     0.   ]
 [-0.006  0.     0.     0.    -0.007]] 
----------------------------------------------------------------------------------------
   Mn1   Mn1   (  1,   1,  -1) -0.0574   ( 3.810,  3.810, -3.810)  6.599 
J_iso: -0.0574 
Orbital contributions:
 isotropic J:
 [[ 0.    -0.002 -0.002  0.    -0.006]
 [-0.002 -0.007  0.    -0.005  0.   ]
 [-0.002  0.    -0.007 -0.005  0.   ]
 [ 0.    -0.005 -0.005  0.    -0.   ]
 [-0.006  0.     0.    -0.    -0.007]] 
----------------------------------------------------------------------------------------
   Mn1   Mn1   (  1,   1,   1) -0.0574   ( 3.810,  3.810,  3.810)  6.599 
J_iso: -0.0574 
Orbital contributions:
 isotropic J:
 [[ 0.    -0.002 -0.002  0.    -0.006]
 [-0.002 -0.007  0.    -0.005  0.   ]
 [-0.002  0.    -0.007 -0.005  0.   ]
 [ 0.    -0.005 -0.005  0.    -0.   ]
 [-0.006  0.     0.     0.    -0.007]] 
----------------------------------------------------------------------------------------
   Mn1   Mn1   ( -1,  -1,  -1) -0.0574   (-3.810, -3.810, -3.810)  6.599 
J_iso: -0.0574 
Orbital contributions:
 isotropic J:
 [[ 0.    -0.002 -0.002  0.    -0.006]
 [-0.002 -0.007  0.    -0.005  0.   ]
 [-0.002  0.    -0.007 -0.005  0.   ]
 [ 0.    -0.005 -0.005  0.     0.   ]
 [-0.006  0.     0.    -0.    -0.007]] 
----------------------------------------------------------------------------------------
   Mn1   Mn1   ( -1,  -1,   1) -0.0574   (-3.810, -3.810,  3.810)  6.599 
J_iso: -0.0574 
Orbital contributions:
 isotropic J:
 [[ 0.    -0.002 -0.002  0.    -0.006]
 [-0.002 -0.007  0.    -0.005  0.   ]
 [-0.002  0.    -0.007 -0.005  0.   ]
 [ 0.    -0.005 -0.005  0.    -0.   ]
 [-0.006  0.     0.    -0.    -0.007]] 
----------------------------------------------------------------------------------------
   Mn1   Mn1   ( -1,   1,  -1) -0.0574   (-3.810,  3.810, -3.810)  6.599 
J_iso: -0.0574 
Orbital contributions:
 isotropic J:
 [[ 0.    -0.002 -0.002  0.    -0.006]
 [-0.002 -0.007  0.    -0.005  0.   ]
 [-0.002  0.    -0.007 -0.005  0.   ]
 [ 0.    -0.005 -0.005  0.     0.   ]
 [-0.006  0.     0.     0.    -0.007]] 
----------------------------------------------------------------------------------------
   Mn1   Mn1   (  1,  -1,  -1) -0.0574   ( 3.810, -3.810, -3.810)  6.599 
J_iso: -0.0574 
Orbital contributions:
 isotropic J:
 [[ 0.    -0.002 -0.002  0.    -0.006]
 [-0.002 -0.007  0.    -0.005  0.   ]
 [-0.002  0.    -0.007 -0.005  0.   ]
 [ 0.    -0.005 -0.005  0.     0.   ]
 [-0.006  0.     0.     0.    -0.007]] 
----------------------------------------------------------------------------------------
   Mn1   Mn1   ( -2,   0,   0)  0.2119   (-7.620,  0.000,  0.000)  7.620 
J_iso:  0.2119 
Orbital contributions:
 isotropic J:
 [[ 0.196  0.     0.    -0.202  0.   ]
 [ 0.     0.128  0.     0.    -0.   ]
 [ 0.     0.     0.001  0.     0.   ]
 [-0.202  0.     0.     0.162  0.   ]
 [ 0.    -0.     0.     0.     0.128]] 
----------------------------------------------------------------------------------------
   Mn1   Mn1   (  0,  -2,   0)  0.2119   ( 0.000, -7.620,  0.000)  7.620 
J_iso:  0.2119 
Orbital contributions:
 isotropic J:
 [[ 0.196  0.     0.    -0.202  0.   ]
 [ 0.     0.001  0.     0.     0.   ]
 [ 0.     0.     0.128  0.    -0.   ]
 [-0.202  0.     0.     0.162  0.   ]
 [ 0.     0.    -0.     0.     0.128]] 
----------------------------------------------------------------------------------------
   Mn1   Mn1   (  0,   0,  -2)  0.2115   ( 0.000,  0.000, -7.620)  7.620 
J_iso:  0.2115 
Orbital contributions:
 isotropic J:
 [[-0.057  0.     0.     0.     0.   ]
 [ 0.     0.128 -0.     0.     0.   ]
 [ 0.    -0.     0.128  0.     0.   ]
 [ 0.     0.     0.     0.011  0.   ]
 [ 0.     0.     0.     0.     0.001]] 
----------------------------------------------------------------------------------------
   Mn1   Mn1   (  0,   0,   2)  0.2115   ( 0.000,  0.000,  7.620)  7.620 
J_iso:  0.2115 
Orbital contributions:
 isotropic J:
 [[-0.057  0.     0.     0.     0.   ]
 [ 0.     0.128 -0.     0.     0.   ]
 [ 0.    -0.     0.128  0.     0.   ]
 [ 0.     0.     0.     0.011  0.   ]
 [ 0.     0.     0.     0.     0.001]] 
----------------------------------------------------------------------------------------
   Mn1   Mn1   (  0,   2,   0)  0.2119   ( 0.000,  7.620,  0.000)  7.620 
J_iso:  0.2119 
Orbital contributions:
 isotropic J:
 [[ 0.196  0.     0.    -0.202  0.   ]
 [ 0.     0.001  0.     0.     0.   ]
 [ 0.     0.     0.128  0.    -0.   ]
 [-0.202  0.     0.     0.162  0.   ]
 [ 0.     0.    -0.     0.     0.128]] 
----------------------------------------------------------------------------------------
   Mn1   Mn1   (  2,   0,   0)  0.2119   ( 7.620,  0.000,  0.000)  7.620 
J_iso:  0.2119 
Orbital contributions:
 isotropic J:
 [[ 0.196  0.     0.    -0.202  0.   ]
 [ 0.     0.128  0.     0.    -0.   ]
 [ 0.     0.     0.001  0.     0.   ]
 [-0.202  0.     0.     0.162  0.   ]
 [ 0.    -0.     0.     0.     0.128]] 
----------------------------------------------------------------------------------------
   Mn1   Mn1   ( -2,  -1,   0)  0.2000   (-7.620, -3.810,  0.000)  8.519 
J_iso:  0.2000 
Orbital contributions:
 isotropic J:
 [[ 0.002  0.     0.    -0.002 -0.   ]
 [ 0.    -0.003  0.     0.     0.   ]
 [ 0.     0.     0.     0.    -0.   ]
 [-0.002  0.     0.     0.168  0.021]
 [-0.     0.    -0.     0.021 -0.005]] 
----------------------------------------------------------------------------------------
   Mn1   Mn1   ( -2,   0,  -1)  0.2000   (-7.620,  0.000, -3.810)  8.519 
J_iso:  0.2000 
Orbital contributions:
 isotropic J:
 [[ 0.061  0.011  0.     0.041  0.   ]
 [ 0.011 -0.005 -0.     0.01   0.   ]
 [ 0.    -0.     0.    -0.     0.   ]
 [ 0.041  0.01   0.     0.022  0.   ]
 [ 0.     0.     0.     0.    -0.003]] 
----------------------------------------------------------------------------------------
   Mn1   Mn1   ( -2,   0,   1)  0.1999   (-7.620,  0.000,  3.810)  8.519 
J_iso:  0.1999 
Orbital contributions:
 isotropic J:
 [[ 0.061  0.011  0.     0.041  0.   ]
 [ 0.011 -0.005 -0.     0.01   0.   ]
 [ 0.    -0.     0.     0.     0.   ]
 [ 0.041  0.01  -0.     0.022  0.   ]
 [ 0.     0.     0.     0.    -0.003]] 
----------------------------------------------------------------------------------------
   Mn1   Mn1   ( -2,   1,   0)  0.1999   (-7.620,  3.810,  0.000)  8.519 
J_iso:  0.1999 
Orbital contributions:
 isotropic J:
 [[ 0.002  0.     0.    -0.002 -0.   ]
 [ 0.    -0.003  0.     0.     0.   ]
 [ 0.     0.     0.     0.    -0.   ]
 [-0.002  0.     0.     0.168  0.021]
 [-0.     0.    -0.     0.021 -0.005]] 
----------------------------------------------------------------------------------------
   Mn1   Mn1   ( -1,  -2,   0)  0.2000   (-3.810, -7.620,  0.000)  8.519 
J_iso:  0.2000 
Orbital contributions:
 isotropic J:
 [[ 0.002  0.     0.    -0.002 -0.   ]
 [ 0.     0.     0.     0.    -0.   ]
 [ 0.     0.    -0.003  0.     0.   ]
 [-0.002  0.     0.     0.168  0.021]
 [-0.    -0.     0.     0.021 -0.005]] 
----------------------------------------------------------------------------------------
   Mn1   Mn1   ( -1,   0,  -2)  0.2000   (-3.810,  0.000, -7.620)  8.519 
J_iso:  0.2000 
Orbital contributions:
 isotropic J:
 [[ 0.129  0.021  0.     0.016 -0.   ]
 [ 0.021 -0.005  0.    -0.    -0.   ]
 [ 0.     0.    -0.003  0.     0.   ]
 [ 0.016 -0.     0.     0.003  0.   ]
 [-0.    -0.     0.     0.     0.   ]] 
----------------------------------------------------------------------------------------
   Mn1   Mn1   ( -1,   0,   2)  0.2000   (-3.810,  0.000,  7.620)  8.519 
J_iso:  0.2000 
Orbital contributions:
 isotropic J:
 [[ 0.129  0.021  0.     0.016 -0.   ]
 [ 0.021 -0.005  0.    -0.    -0.   ]
 [ 0.     0.    -0.003  0.     0.   ]
 [ 0.016 -0.     0.     0.003  0.   ]
 [-0.    -0.     0.     0.     0.   ]] 
----------------------------------------------------------------------------------------
   Mn1   Mn1   ( -1,   2,   0)  0.1999   (-3.810,  7.620,  0.000)  8.519 
J_iso:  0.1999 
Orbital contributions:
 isotropic J:
 [[ 0.002  0.     0.    -0.002 -0.   ]
 [ 0.     0.     0.     0.    -0.   ]
 [ 0.     0.    -0.003  0.     0.   ]
 [-0.002  0.     0.     0.168  0.021]
 [-0.    -0.     0.     0.021 -0.005]] 
----------------------------------------------------------------------------------------
   Mn1   Mn1   (  0,  -2,  -1)  0.2000   ( 0.000, -7.620, -3.810)  8.519 
J_iso:  0.2000 
Orbital contributions:
 isotropic J:
 [[ 0.061  0.     0.011  0.041  0.   ]
 [ 0.     0.    -0.    -0.     0.   ]
 [ 0.011 -0.    -0.005  0.01   0.   ]
 [ 0.041  0.     0.01   0.022  0.   ]
 [ 0.     0.     0.     0.    -0.003]] 
----------------------------------------------------------------------------------------
   Mn1   Mn1   (  0,  -2,   1)  0.1999   ( 0.000, -7.620,  3.810)  8.519 
J_iso:  0.1999 
Orbital contributions:
 isotropic J:
 [[ 0.061  0.     0.011  0.041  0.   ]
 [ 0.     0.    -0.     0.     0.   ]
 [ 0.011 -0.    -0.005  0.01   0.   ]
 [ 0.041 -0.     0.01   0.022  0.   ]
 [ 0.     0.     0.     0.    -0.003]] 
----------------------------------------------------------------------------------------
   Mn1   Mn1   (  0,  -1,  -2)  0.2000   ( 0.000, -3.810, -7.620)  8.519 
J_iso:  0.2000 
Orbital contributions:
 isotropic J:
 [[ 0.129  0.     0.021  0.016 -0.   ]
 [ 0.    -0.003  0.     0.     0.   ]
 [ 0.021  0.    -0.005 -0.    -0.   ]
 [ 0.016  0.    -0.     0.003  0.   ]
 [-0.     0.    -0.     0.     0.   ]] 
----------------------------------------------------------------------------------------
   Mn1   Mn1   (  0,  -1,   2)  0.2000   ( 0.000, -3.810,  7.620)  8.519 
J_iso:  0.2000 
Orbital contributions:
 isotropic J:
 [[ 0.129  0.     0.021  0.016 -0.   ]
 [ 0.    -0.003  0.     0.     0.   ]
 [ 0.021  0.    -0.005 -0.    -0.   ]
 [ 0.016  0.    -0.     0.003  0.   ]
 [-0.     0.    -0.     0.     0.   ]] 
----------------------------------------------------------------------------------------
   Mn1   Mn1   (  0,   1,  -2)  0.2000   ( 0.000,  3.810, -7.620)  8.519 
J_iso:  0.2000 
Orbital contributions:
 isotropic J:
 [[ 0.129  0.     0.021  0.016 -0.   ]
 [ 0.    -0.003  0.     0.     0.   ]
 [ 0.021  0.    -0.005 -0.    -0.   ]
 [ 0.016  0.    -0.     0.003  0.   ]
 [-0.     0.    -0.     0.     0.   ]] 
----------------------------------------------------------------------------------------
   Mn1   Mn1   (  0,   1,   2)  0.2000   ( 0.000,  3.810,  7.620)  8.519 
J_iso:  0.2000 
Orbital contributions:
 isotropic J:
 [[ 0.129  0.     0.021  0.016 -0.   ]
 [ 0.    -0.003  0.     0.     0.   ]
 [ 0.021  0.    -0.005 -0.    -0.   ]
 [ 0.016  0.    -0.     0.003  0.   ]
 [-0.     0.    -0.     0.     0.   ]] 
----------------------------------------------------------------------------------------
   Mn1   Mn1   (  0,   2,  -1)  0.1999   ( 0.000,  7.620, -3.810)  8.519 
J_iso:  0.1999 
Orbital contributions:
 isotropic J:
 [[ 0.061  0.     0.011  0.041  0.   ]
 [ 0.     0.    -0.    -0.     0.   ]
 [ 0.011 -0.    -0.005  0.01   0.   ]
 [ 0.041  0.     0.01   0.022  0.   ]
 [ 0.     0.     0.     0.    -0.003]] 
----------------------------------------------------------------------------------------
   Mn1   Mn1   (  0,   2,   1)  0.2000   ( 0.000,  7.620,  3.810)  8.519 
J_iso:  0.2000 
Orbital contributions:
 isotropic J:
 [[ 0.061  0.     0.011  0.041  0.   ]
 [ 0.     0.    -0.     0.     0.   ]
 [ 0.011 -0.    -0.005  0.01   0.   ]
 [ 0.041 -0.     0.01   0.022  0.   ]
 [ 0.     0.     0.     0.    -0.003]] 
----------------------------------------------------------------------------------------
   Mn1   Mn1   (  1,  -2,   0)  0.1999   ( 3.810, -7.620,  0.000)  8.519 
J_iso:  0.1999 
Orbital contributions:
 isotropic J:
 [[ 0.002  0.     0.    -0.002 -0.   ]
 [ 0.     0.     0.     0.    -0.   ]
 [ 0.     0.    -0.003  0.     0.   ]
 [-0.002  0.     0.     0.168  0.021]
 [-0.    -0.     0.     0.021 -0.005]] 
----------------------------------------------------------------------------------------
   Mn1   Mn1   (  1,   0,  -2)  0.2000   ( 3.810,  0.000, -7.620)  8.519 
J_iso:  0.2000 
Orbital contributions:
 isotropic J:
 [[ 0.129  0.021  0.     0.016 -0.   ]
 [ 0.021 -0.005  0.    -0.    -0.   ]
 [ 0.     0.    -0.003  0.     0.   ]
 [ 0.016 -0.     0.     0.003  0.   ]
 [-0.    -0.     0.     0.     0.   ]] 
----------------------------------------------------------------------------------------
   Mn1   Mn1   (  1,   0,   2)  0.2000   ( 3.810,  0.000,  7.620)  8.519 
J_iso:  0.2000 
Orbital contributions:
 isotropic J:
 [[ 0.129  0.021  0.     0.016 -0.   ]
 [ 0.021 -0.005  0.    -0.    -0.   ]
 [ 0.     0.    -0.003  0.     0.   ]
 [ 0.016 -0.     0.     0.003  0.   ]
 [-0.    -0.     0.     0.     0.   ]] 
----------------------------------------------------------------------------------------
   Mn1   Mn1   (  1,   2,   0)  0.2000   ( 3.810,  7.620,  0.000)  8.519 
J_iso:  0.2000 
Orbital contributions:
 isotropic J:
 [[ 0.002  0.     0.    -0.002 -0.   ]
 [ 0.     0.     0.     0.    -0.   ]
 [ 0.     0.    -0.003  0.     0.   ]
 [-0.002  0.     0.     0.168  0.021]
 [-0.    -0.     0.     0.021 -0.005]] 
----------------------------------------------------------------------------------------
   Mn1   Mn1   (  2,  -1,   0)  0.1999   ( 7.620, -3.810,  0.000)  8.519 
J_iso:  0.1999 
Orbital contributions:
 isotropic J:
 [[ 0.002  0.     0.    -0.002 -0.   ]
 [ 0.    -0.003  0.     0.     0.   ]
 [ 0.     0.     0.     0.    -0.   ]
 [-0.002  0.     0.     0.168  0.021]
 [-0.     0.    -0.     0.021 -0.005]] 
----------------------------------------------------------------------------------------
   Mn1   Mn1   (  2,   0,  -1)  0.1999   ( 7.620,  0.000, -3.810)  8.519 
J_iso:  0.1999 
Orbital contributions:
 isotropic J:
 [[ 0.061  0.011  0.     0.041  0.   ]
 [ 0.011 -0.005 -0.     0.01   0.   ]
 [ 0.    -0.     0.    -0.     0.   ]
 [ 0.041  0.01   0.     0.022  0.   ]
 [ 0.     0.     0.     0.    -0.003]] 
----------------------------------------------------------------------------------------
   Mn1   Mn1   (  2,   0,   1)  0.2000   ( 7.620,  0.000,  3.810)  8.519 
J_iso:  0.2000 
Orbital contributions:
 isotropic J:
 [[ 0.061  0.011  0.     0.041  0.   ]
 [ 0.011 -0.005 -0.     0.01   0.   ]
 [ 0.    -0.     0.     0.     0.   ]
 [ 0.041  0.01  -0.     0.022  0.   ]
 [ 0.     0.     0.     0.    -0.003]] 
----------------------------------------------------------------------------------------
   Mn1   Mn1   (  2,   1,   0)  0.2000   ( 7.620,  3.810,  0.000)  8.519 
J_iso:  0.2000 
Orbital contributions:
 isotropic J:
 [[ 0.002  0.     0.    -0.002 -0.   ]
 [ 0.    -0.003  0.     0.     0.   ]
 [ 0.     0.     0.     0.    -0.   ]
 [-0.002  0.     0.     0.168  0.021]
 [-0.     0.    -0.     0.021 -0.005]] 
----------------------------------------------------------------------------------------
   Mn1   Mn1   ( -2,  -1,  -1) -0.0036   (-7.620, -3.810, -3.810)  9.333 
J_iso: -0.0036 
Orbital contributions:
 isotropic J:
 [[-0.     0.    -0.001  0.     0.   ]
 [ 0.    -0.     0.     0.     0.   ]
 [-0.001  0.    -0.    -0.002  0.   ]
 [ 0.     0.    -0.002  0.001  0.   ]
 [ 0.     0.     0.     0.    -0.   ]] 
----------------------------------------------------------------------------------------
   Mn1   Mn1   ( -2,  -1,   1) -0.0036   (-7.620, -3.810,  3.810)  9.333 
J_iso: -0.0036 
Orbital contributions:
 isotropic J:
 [[-0.     0.    -0.001  0.     0.   ]
 [ 0.    -0.     0.     0.     0.   ]
 [-0.001  0.    -0.    -0.002  0.   ]
 [ 0.     0.    -0.002  0.001  0.   ]
 [ 0.     0.     0.     0.    -0.   ]] 
----------------------------------------------------------------------------------------
   Mn1   Mn1   ( -2,   1,  -1) -0.0036   (-7.620,  3.810, -3.810)  9.333 
J_iso: -0.0036 
Orbital contributions:
 isotropic J:
 [[-0.     0.    -0.001  0.     0.   ]
 [ 0.    -0.     0.     0.     0.   ]
 [-0.001  0.    -0.    -0.002  0.   ]
 [ 0.     0.    -0.002  0.001  0.   ]
 [ 0.     0.     0.     0.    -0.   ]] 
----------------------------------------------------------------------------------------
   Mn1   Mn1   ( -2,   1,   1) -0.0036   (-7.620,  3.810,  3.810)  9.333 
J_iso: -0.0036 
Orbital contributions:
 isotropic J:
 [[-0.     0.    -0.001  0.     0.   ]
 [ 0.    -0.     0.     0.     0.   ]
 [-0.001  0.    -0.    -0.002  0.   ]
 [ 0.     0.    -0.002  0.001  0.   ]
 [ 0.     0.     0.     0.    -0.   ]] 
----------------------------------------------------------------------------------------
   Mn1   Mn1   ( -1,  -2,  -1) -0.0036   (-3.810, -7.620, -3.810)  9.333 
J_iso: -0.0036 
Orbital contributions:
 isotropic J:
 [[-0.    -0.001  0.     0.     0.   ]
 [-0.001 -0.     0.    -0.002  0.   ]
 [ 0.     0.    -0.     0.     0.   ]
 [ 0.    -0.002  0.     0.001  0.   ]
 [ 0.     0.     0.     0.    -0.   ]] 
----------------------------------------------------------------------------------------
   Mn1   Mn1   ( -1,  -2,   1) -0.0036   (-3.810, -7.620,  3.810)  9.333 
J_iso: -0.0036 
Orbital contributions:
 isotropic J:
 [[-0.    -0.001  0.     0.     0.   ]
 [-0.001 -0.     0.    -0.002  0.   ]
 [ 0.     0.    -0.     0.     0.   ]
 [ 0.    -0.002  0.     0.001  0.   ]
 [ 0.     0.     0.     0.    -0.   ]] 
----------------------------------------------------------------------------------------
   Mn1   Mn1   ( -1,  -1,  -2) -0.0036   (-3.810, -3.810, -7.620)  9.333 
J_iso: -0.0036 
Orbital contributions:
 isotropic J:
 [[ 0.001  0.     0.     0.    -0.003]
 [ 0.    -0.     0.     0.     0.   ]
 [ 0.     0.    -0.     0.     0.   ]
 [ 0.     0.     0.    -0.     0.   ]
 [-0.003  0.     0.     0.    -0.   ]] 
----------------------------------------------------------------------------------------
   Mn1   Mn1   ( -1,  -1,   2) -0.0036   (-3.810, -3.810,  7.620)  9.333 
J_iso: -0.0036 
Orbital contributions:
 isotropic J:
 [[ 0.001  0.     0.     0.    -0.003]
 [ 0.    -0.     0.     0.     0.   ]
 [ 0.     0.    -0.     0.     0.   ]
 [ 0.     0.     0.    -0.     0.   ]
 [-0.003  0.     0.     0.    -0.   ]] 
----------------------------------------------------------------------------------------
   Mn1   Mn1   ( -1,   1,  -2) -0.0036   (-3.810,  3.810, -7.620)  9.333 
J_iso: -0.0036 
Orbital contributions:
 isotropic J:
 [[ 0.001  0.     0.    -0.    -0.003]
 [ 0.    -0.     0.     0.     0.   ]
 [ 0.     0.    -0.     0.     0.   ]
 [-0.     0.     0.    -0.    -0.   ]
 [-0.003  0.     0.    -0.    -0.   ]] 
----------------------------------------------------------------------------------------
   Mn1   Mn1   ( -1,   1,   2) -0.0036   (-3.810,  3.810,  7.620)  9.333 
J_iso: -0.0036 
Orbital contributions:
 isotropic J:
 [[ 0.001  0.     0.    -0.    -0.003]
 [ 0.    -0.     0.     0.     0.   ]
 [ 0.     0.    -0.     0.     0.   ]
 [-0.     0.     0.    -0.    -0.   ]
 [-0.003  0.     0.    -0.    -0.   ]] 
----------------------------------------------------------------------------------------
   Mn1   Mn1   ( -1,   2,  -1) -0.0036   (-3.810,  7.620, -3.810)  9.333 
J_iso: -0.0036 
Orbital contributions:
 isotropic J:
 [[-0.    -0.001  0.     0.     0.   ]
 [-0.001 -0.     0.    -0.002  0.   ]
 [ 0.     0.    -0.     0.     0.   ]
 [ 0.    -0.002  0.     0.001  0.   ]
 [ 0.     0.     0.     0.    -0.   ]] 
----------------------------------------------------------------------------------------
   Mn1   Mn1   ( -1,   2,   1) -0.0036   (-3.810,  7.620,  3.810)  9.333 
J_iso: -0.0036 
Orbital contributions:
 isotropic J:
 [[-0.    -0.001  0.     0.     0.   ]
 [-0.001 -0.     0.    -0.002  0.   ]
 [ 0.     0.    -0.     0.     0.   ]
 [ 0.    -0.002  0.     0.001  0.   ]
 [ 0.     0.     0.     0.    -0.   ]] 
----------------------------------------------------------------------------------------
   Mn1   Mn1   (  1,  -2,  -1) -0.0036   ( 3.810, -7.620, -3.810)  9.333 
J_iso: -0.0036 
Orbital contributions:
 isotropic J:
 [[-0.    -0.001  0.     0.     0.   ]
 [-0.001 -0.     0.    -0.002  0.   ]
 [ 0.     0.    -0.     0.     0.   ]
 [ 0.    -0.002  0.     0.001  0.   ]
 [ 0.     0.     0.     0.    -0.   ]] 
----------------------------------------------------------------------------------------
   Mn1   Mn1   (  1,  -2,   1) -0.0036   ( 3.810, -7.620,  3.810)  9.333 
J_iso: -0.0036 
Orbital contributions:
 isotropic J:
 [[-0.    -0.001  0.     0.     0.   ]
 [-0.001 -0.     0.    -0.002  0.   ]
 [ 0.     0.    -0.     0.     0.   ]
 [ 0.    -0.002  0.     0.001  0.   ]
 [ 0.     0.     0.     0.    -0.   ]] 
----------------------------------------------------------------------------------------
   Mn1   Mn1   (  1,  -1,  -2) -0.0036   ( 3.810, -3.810, -7.620)  9.333 
J_iso: -0.0036 
Orbital contributions:
 isotropic J:
 [[ 0.001  0.     0.    -0.    -0.003]
 [ 0.    -0.     0.     0.     0.   ]
 [ 0.     0.    -0.     0.     0.   ]
 [-0.     0.     0.    -0.    -0.   ]
 [-0.003  0.     0.    -0.    -0.   ]] 
----------------------------------------------------------------------------------------
   Mn1   Mn1   (  1,  -1,   2) -0.0036   ( 3.810, -3.810,  7.620)  9.333 
J_iso: -0.0036 
Orbital contributions:
 isotropic J:
 [[ 0.001  0.     0.    -0.    -0.003]
 [ 0.    -0.     0.     0.     0.   ]
 [ 0.     0.    -0.     0.     0.   ]
 [-0.     0.     0.    -0.    -0.   ]
 [-0.003  0.     0.    -0.    -0.   ]] 
----------------------------------------------------------------------------------------
   Mn1   Mn1   (  1,   1,  -2) -0.0036   ( 3.810,  3.810, -7.620)  9.333 
J_iso: -0.0036 
Orbital contributions:
 isotropic J:
 [[ 0.001  0.     0.     0.    -0.003]
 [ 0.    -0.     0.     0.     0.   ]
 [ 0.     0.    -0.     0.     0.   ]
 [ 0.     0.     0.    -0.     0.   ]
 [-0.003  0.     0.     0.    -0.   ]] 
----------------------------------------------------------------------------------------
   Mn1   Mn1   (  1,   1,   2) -0.0036   ( 3.810,  3.810,  7.620)  9.333 
J_iso: -0.0036 
Orbital contributions:
 isotropic J:
 [[ 0.001  0.     0.     0.    -0.003]
 [ 0.    -0.     0.     0.     0.   ]
 [ 0.     0.    -0.     0.     0.   ]
 [ 0.     0.     0.    -0.     0.   ]
 [-0.003  0.     0.     0.    -0.   ]] 
----------------------------------------------------------------------------------------
   Mn1   Mn1   (  1,   2,  -1) -0.0036   ( 3.810,  7.620, -3.810)  9.333 
J_iso: -0.0036 
Orbital contributions:
 isotropic J:
 [[-0.    -0.001  0.     0.     0.   ]
 [-0.001 -0.     0.    -0.002  0.   ]
 [ 0.     0.    -0.     0.     0.   ]
 [ 0.    -0.002  0.     0.001  0.   ]
 [ 0.     0.     0.     0.    -0.   ]] 
----------------------------------------------------------------------------------------
   Mn1   Mn1   (  1,   2,   1) -0.0036   ( 3.810,  7.620,  3.810)  9.333 
J_iso: -0.0036 
Orbital contributions:
 isotropic J:
 [[-0.    -0.001  0.     0.     0.   ]
 [-0.001 -0.     0.    -0.002  0.   ]
 [ 0.     0.    -0.     0.     0.   ]
 [ 0.    -0.002  0.     0.001  0.   ]
 [ 0.     0.     0.     0.    -0.   ]] 
----------------------------------------------------------------------------------------
   Mn1   Mn1   (  2,  -1,  -1) -0.0036   ( 7.620, -3.810, -3.810)  9.333 
J_iso: -0.0036 
Orbital contributions:
 isotropic J:
 [[-0.     0.    -0.001  0.     0.   ]
 [ 0.    -0.     0.     0.     0.   ]
 [-0.001  0.    -0.    -0.002  0.   ]
 [ 0.     0.    -0.002  0.001  0.   ]
 [ 0.     0.     0.     0.    -0.   ]] 
----------------------------------------------------------------------------------------
   Mn1   Mn1   (  2,  -1,   1) -0.0036   ( 7.620, -3.810,  3.810)  9.333 
J_iso: -0.0036 
Orbital contributions:
 isotropic J:
 [[-0.     0.    -0.001  0.     0.   ]
 [ 0.    -0.     0.     0.     0.   ]
 [-0.001  0.    -0.    -0.002  0.   ]
 [ 0.     0.    -0.002  0.001  0.   ]
 [ 0.     0.     0.     0.    -0.   ]] 
----------------------------------------------------------------------------------------
   Mn1   Mn1   (  2,   1,  -1) -0.0036   ( 7.620,  3.810, -3.810)  9.333 
J_iso: -0.0036 
Orbital contributions:
 isotropic J:
 [[-0.     0.    -0.001  0.     0.   ]
 [ 0.    -0.     0.     0.     0.   ]
 [-0.001  0.    -0.    -0.002  0.   ]
 [ 0.     0.    -0.002  0.001  0.   ]
 [ 0.     0.     0.     0.    -0.   ]] 
----------------------------------------------------------------------------------------
   Mn1   Mn1   (  2,   1,   1) -0.0036   ( 7.620,  3.810,  3.810)  9.333 
J_iso: -0.0036 
Orbital contributions:
 isotropic J:
 [[-0.     0.    -0.001  0.     0.   ]
 [ 0.    -0.     0.     0.     0.   ]
 [-0.001  0.    -0.    -0.002  0.   ]
 [ 0.     0.    -0.002  0.001  0.   ]
 [ 0.     0.     0.     0.    -0.   ]] 
----------------------------------------------------------------------------------------
   Mn1   Mn1   ( -2,  -2,   0) -0.1265   (-7.620, -7.620,  0.000) 10.776 
J_iso: -0.1265 
Orbital contributions:
 isotropic J:
 [[-0.001 -0.    -0.     0.    -0.002]
 [-0.    -0.    -0.    -0.     0.   ]
 [-0.    -0.    -0.    -0.     0.   ]
 [ 0.     0.     0.    -0.105  0.   ]
 [-0.002 -0.    -0.     0.    -0.016]] 
----------------------------------------------------------------------------------------
   Mn1   Mn1   ( -2,   0,  -2) -0.1265   (-7.620,  0.000, -7.620) 10.776 
J_iso: -0.1265 
Orbital contributions:
 isotropic J:
 [[-0.051 -0.    -0.    -0.028  0.   ]
 [-0.    -0.016 -0.    -0.001 -0.   ]
 [-0.     0.    -0.    -0.    -0.   ]
 [-0.028 -0.001 -0.     0.001 -0.   ]
 [ 0.     0.    -0.    -0.    -0.   ]] 
----------------------------------------------------------------------------------------
   Mn1   Mn1   ( -2,   0,   2) -0.1268   (-7.620,  0.000,  7.620) 10.776 
J_iso: -0.1268 
Orbital contributions:
 isotropic J:
 [[-0.051 -0.    -0.    -0.028  0.   ]
 [-0.    -0.016  0.    -0.001  0.   ]
 [-0.     0.    -0.    -0.    -0.   ]
 [-0.028 -0.001 -0.     0.001 -0.   ]
 [ 0.     0.    -0.    -0.    -0.   ]] 
----------------------------------------------------------------------------------------
   Mn1   Mn1   ( -2,   2,   0) -0.1267   (-7.620,  7.620,  0.000) 10.776 
J_iso: -0.1267 
Orbital contributions:
 isotropic J:
 [[-0.001 -0.    -0.    -0.    -0.002]
 [-0.    -0.    -0.    -0.     0.   ]
 [-0.    -0.    -0.     0.     0.   ]
 [-0.     0.    -0.    -0.105  0.   ]
 [-0.002  0.     0.     0.    -0.016]] 
----------------------------------------------------------------------------------------
   Mn1   Mn1   (  0,  -2,  -2) -0.1265   ( 0.000, -7.620, -7.620) 10.776 
J_iso: -0.1265 
Orbital contributions:
 isotropic J:
 [[-0.051 -0.    -0.    -0.028  0.   ]
 [-0.    -0.     0.    -0.    -0.   ]
 [-0.    -0.    -0.016 -0.001 -0.   ]
 [-0.028 -0.    -0.001  0.001 -0.   ]
 [ 0.    -0.     0.    -0.    -0.   ]] 
----------------------------------------------------------------------------------------
   Mn1   Mn1   (  0,  -2,   2) -0.1268   ( 0.000, -7.620,  7.620) 10.776 
J_iso: -0.1268 
Orbital contributions:
 isotropic J:
 [[-0.051 -0.    -0.    -0.028  0.   ]
 [-0.    -0.     0.    -0.    -0.   ]
 [-0.     0.    -0.016 -0.001  0.   ]
 [-0.028 -0.    -0.001  0.001 -0.   ]
 [ 0.    -0.     0.    -0.    -0.   ]] 
----------------------------------------------------------------------------------------
   Mn1   Mn1   (  0,   2,  -2) -0.1268   ( 0.000,  7.620, -7.620) 10.776 
J_iso: -0.1268 
Orbital contributions:
 isotropic J:
 [[-0.051 -0.    -0.    -0.028  0.   ]
 [-0.    -0.     0.    -0.    -0.   ]
 [-0.     0.    -0.016 -0.001  0.   ]
 [-0.028 -0.    -0.001  0.001 -0.   ]
 [ 0.    -0.     0.    -0.    -0.   ]] 
----------------------------------------------------------------------------------------
   Mn1   Mn1   (  0,   2,   2) -0.1265   ( 0.000,  7.620,  7.620) 10.776 
J_iso: -0.1265 
Orbital contributions:
 isotropic J:
 [[-0.051 -0.    -0.    -0.028  0.   ]
 [-0.    -0.    -0.    -0.    -0.   ]
 [-0.     0.    -0.016 -0.001  0.   ]
 [-0.028 -0.    -0.001  0.001 -0.   ]
 [ 0.    -0.    -0.    -0.    -0.   ]] 
----------------------------------------------------------------------------------------
   Mn1   Mn1   (  2,  -2,   0) -0.1267   ( 7.620, -7.620,  0.000) 10.776 
J_iso: -0.1267 
Orbital contributions:
 isotropic J:
 [[-0.001 -0.    -0.    -0.    -0.002]
 [-0.    -0.    -0.     0.     0.   ]
 [-0.    -0.    -0.    -0.     0.   ]
 [-0.    -0.     0.    -0.105  0.   ]
 [-0.002  0.     0.     0.    -0.016]] 
----------------------------------------------------------------------------------------
   Mn1   Mn1   (  2,   0,  -2) -0.1268   ( 7.620,  0.000, -7.620) 10.776 
J_iso: -0.1268 
Orbital contributions:
 isotropic J:
 [[-0.051 -0.    -0.    -0.028  0.   ]
 [-0.    -0.016  0.    -0.001  0.   ]
 [-0.     0.    -0.    -0.    -0.   ]
 [-0.028 -0.001 -0.     0.001 -0.   ]
 [ 0.     0.    -0.    -0.    -0.   ]] 
----------------------------------------------------------------------------------------
   Mn1   Mn1   (  2,   0,   2) -0.1265   ( 7.620,  0.000,  7.620) 10.776 
J_iso: -0.1265 
Orbital contributions:
 isotropic J:
 [[-0.051 -0.    -0.    -0.028  0.   ]
 [-0.    -0.016  0.    -0.001  0.   ]
 [-0.    -0.    -0.    -0.    -0.   ]
 [-0.028 -0.001 -0.     0.001 -0.   ]
 [ 0.    -0.    -0.    -0.    -0.   ]] 
----------------------------------------------------------------------------------------
   Mn1   Mn1   (  2,   2,   0) -0.1265   ( 7.620,  7.620,  0.000) 10.776 
J_iso: -0.1265 
Orbital contributions:
 isotropic J:
 [[-0.001 -0.    -0.     0.    -0.002]
 [-0.    -0.    -0.     0.    -0.   ]
 [-0.    -0.    -0.     0.    -0.   ]
 [ 0.    -0.    -0.    -0.105  0.   ]
 [-0.002  0.     0.     0.    -0.016]] 
----------------------------------------------------------------------------------------
   Mn1   Mn1   ( -2,  -2,  -1)  0.0020   (-7.620, -7.620, -3.810) 11.430 
J_iso:  0.0020 
Orbital contributions:
 isotropic J:
 [[-0.001  0.     0.     0.     0.   ]
 [ 0.    -0.     0.    -0.    -0.   ]
 [ 0.     0.    -0.    -0.    -0.   ]
 [ 0.    -0.    -0.     0.004  0.   ]
 [ 0.    -0.    -0.     0.    -0.001]] 
----------------------------------------------------------------------------------------
   Mn1   Mn1   ( -2,  -2,   1)  0.0020   (-7.620, -7.620,  3.810) 11.430 
J_iso:  0.0020 
Orbital contributions:
 isotropic J:
 [[-0.001  0.     0.     0.     0.   ]
 [ 0.    -0.     0.    -0.    -0.   ]
 [ 0.     0.    -0.    -0.    -0.   ]
 [ 0.    -0.    -0.     0.004  0.   ]
 [ 0.    -0.    -0.    -0.    -0.001]] 
----------------------------------------------------------------------------------------
   Mn1   Mn1   ( -2,  -1,  -2)  0.0020   (-7.620, -3.810, -7.620) 11.430 
J_iso:  0.0020 
Orbital contributions:
 isotropic J:
 [[ 0.003  0.    -0.    -0.    -0.   ]
 [ 0.    -0.001 -0.     0.    -0.   ]
 [-0.    -0.    -0.    -0.     0.   ]
 [-0.     0.    -0.     0.     0.   ]
 [-0.    -0.     0.     0.    -0.   ]] 
----------------------------------------------------------------------------------------
   Mn1   Mn1   ( -2,  -1,   2)  0.0020   (-7.620, -3.810,  7.620) 11.430 
J_iso:  0.0020 
Orbital contributions:
 isotropic J:
 [[ 0.003  0.    -0.    -0.    -0.   ]
 [ 0.    -0.001 -0.     0.    -0.   ]
 [-0.    -0.    -0.    -0.     0.   ]
 [-0.     0.    -0.     0.     0.   ]
 [-0.    -0.     0.     0.    -0.   ]] 
----------------------------------------------------------------------------------------
   Mn1   Mn1   ( -2,   1,  -2)  0.0020   (-7.620,  3.810, -7.620) 11.430 
J_iso:  0.0020 
Orbital contributions:
 isotropic J:
 [[ 0.003  0.    -0.    -0.    -0.   ]
 [ 0.    -0.001 -0.     0.    -0.   ]
 [-0.    -0.    -0.    -0.     0.   ]
 [-0.     0.    -0.     0.     0.   ]
 [-0.    -0.     0.     0.    -0.   ]] 
----------------------------------------------------------------------------------------
   Mn1   Mn1   ( -2,   1,   2)  0.0020   (-7.620,  3.810,  7.620) 11.430 
J_iso:  0.0020 
Orbital contributions:
 isotropic J:
 [[ 0.003  0.    -0.    -0.    -0.   ]
 [ 0.    -0.001 -0.     0.    -0.   ]
 [-0.    -0.    -0.    -0.     0.   ]
 [-0.     0.    -0.     0.     0.   ]
 [-0.    -0.     0.     0.    -0.   ]] 
----------------------------------------------------------------------------------------
   Mn1   Mn1   ( -2,   2,  -1)  0.0020   (-7.620,  7.620, -3.810) 11.430 
J_iso:  0.0020 
Orbital contributions:
 isotropic J:
 [[-0.001  0.     0.    -0.     0.   ]
 [ 0.    -0.     0.    -0.    -0.   ]
 [ 0.     0.    -0.    -0.    -0.   ]
 [ 0.    -0.    -0.     0.004  0.   ]
 [ 0.    -0.    -0.    -0.    -0.001]] 
----------------------------------------------------------------------------------------
   Mn1   Mn1   ( -2,   2,   1)  0.0020   (-7.620,  7.620,  3.810) 11.430 
J_iso:  0.0020 
Orbital contributions:
 isotropic J:
 [[-0.001  0.     0.     0.     0.   ]
 [ 0.    -0.     0.    -0.    -0.   ]
 [ 0.     0.    -0.    -0.    -0.   ]
 [-0.    -0.    -0.     0.004 -0.   ]
 [ 0.    -0.    -0.     0.    -0.001]] 
----------------------------------------------------------------------------------------
   Mn1   Mn1   ( -1,  -2,  -2)  0.0020   (-3.810, -7.620, -7.620) 11.430 
J_iso:  0.0020 
Orbital contributions:
 isotropic J:
 [[ 0.003 -0.     0.    -0.    -0.   ]
 [-0.    -0.    -0.    -0.     0.   ]
 [ 0.    -0.    -0.001  0.    -0.   ]
 [-0.    -0.     0.     0.     0.   ]
 [-0.     0.    -0.     0.    -0.   ]] 
----------------------------------------------------------------------------------------
   Mn1   Mn1   ( -1,  -2,   2)  0.0020   (-3.810, -7.620,  7.620) 11.430 
J_iso:  0.0020 
Orbital contributions:
 isotropic J:
 [[ 0.003 -0.     0.    -0.    -0.   ]
 [-0.    -0.    -0.    -0.     0.   ]
 [ 0.    -0.    -0.001  0.    -0.   ]
 [-0.    -0.     0.     0.     0.   ]
 [-0.     0.    -0.     0.    -0.   ]] 
----------------------------------------------------------------------------------------
   Mn1   Mn1   ( -1,   2,  -2)  0.0020   (-3.810,  7.620, -7.620) 11.430 
J_iso:  0.0020 
Orbital contributions:
 isotropic J:
 [[ 0.003 -0.     0.    -0.    -0.   ]
 [-0.    -0.    -0.    -0.     0.   ]
 [ 0.    -0.    -0.001  0.    -0.   ]
 [-0.    -0.     0.     0.     0.   ]
 [-0.     0.    -0.     0.    -0.   ]] 
----------------------------------------------------------------------------------------
   Mn1   Mn1   ( -1,   2,   2)  0.0020   (-3.810,  7.620,  7.620) 11.430 
J_iso:  0.0020 
Orbital contributions:
 isotropic J:
 [[ 0.003 -0.     0.    -0.    -0.   ]
 [-0.    -0.    -0.    -0.     0.   ]
 [ 0.    -0.    -0.001  0.    -0.   ]
 [-0.    -0.     0.     0.     0.   ]
 [-0.     0.    -0.     0.    -0.   ]] 
----------------------------------------------------------------------------------------
   Mn1   Mn1   (  1,  -2,  -2)  0.0020   ( 3.810, -7.620, -7.620) 11.430 
J_iso:  0.0020 
Orbital contributions:
 isotropic J:
 [[ 0.003 -0.     0.    -0.    -0.   ]
 [-0.    -0.    -0.    -0.     0.   ]
 [ 0.    -0.    -0.001  0.    -0.   ]
 [-0.    -0.     0.     0.     0.   ]
 [-0.     0.    -0.     0.    -0.   ]] 
----------------------------------------------------------------------------------------
   Mn1   Mn1   (  1,  -2,   2)  0.0020   ( 3.810, -7.620,  7.620) 11.430 
J_iso:  0.0020 
Orbital contributions:
 isotropic J:
 [[ 0.003 -0.     0.    -0.    -0.   ]
 [-0.    -0.    -0.    -0.     0.   ]
 [ 0.    -0.    -0.001  0.    -0.   ]
 [-0.    -0.     0.     0.     0.   ]
 [-0.     0.    -0.     0.    -0.   ]] 
----------------------------------------------------------------------------------------
   Mn1   Mn1   (  1,   2,  -2)  0.0020   ( 3.810,  7.620, -7.620) 11.430 
J_iso:  0.0020 
Orbital contributions:
 isotropic J:
 [[ 0.003 -0.     0.    -0.    -0.   ]
 [-0.    -0.    -0.    -0.     0.   ]
 [ 0.    -0.    -0.001  0.    -0.   ]
 [-0.    -0.     0.     0.     0.   ]
 [-0.     0.    -0.     0.    -0.   ]] 
----------------------------------------------------------------------------------------
   Mn1   Mn1   (  1,   2,   2)  0.0020   ( 3.810,  7.620,  7.620) 11.430 
J_iso:  0.0020 
Orbital contributions:
 isotropic J:
 [[ 0.003 -0.     0.    -0.    -0.   ]
 [-0.    -0.    -0.    -0.     0.   ]
 [ 0.    -0.    -0.001  0.    -0.   ]
 [-0.    -0.     0.     0.     0.   ]
 [-0.     0.    -0.     0.    -0.   ]] 
----------------------------------------------------------------------------------------
   Mn1   Mn1   (  2,  -2,  -1)  0.0020   ( 7.620, -7.620, -3.810) 11.430 
J_iso:  0.0020 
Orbital contributions:
 isotropic J:
 [[-0.001  0.     0.    -0.     0.   ]
 [ 0.    -0.     0.    -0.    -0.   ]
 [ 0.     0.    -0.    -0.    -0.   ]
 [ 0.    -0.    -0.     0.004  0.   ]
 [ 0.    -0.    -0.    -0.    -0.001]] 
----------------------------------------------------------------------------------------
   Mn1   Mn1   (  2,  -2,   1)  0.0020   ( 7.620, -7.620,  3.810) 11.430 
J_iso:  0.0020 
Orbital contributions:
 isotropic J:
 [[-0.001  0.     0.     0.     0.   ]
 [ 0.    -0.     0.    -0.    -0.   ]
 [ 0.     0.    -0.    -0.    -0.   ]
 [-0.    -0.    -0.     0.004 -0.   ]
 [ 0.    -0.    -0.     0.    -0.001]] 
----------------------------------------------------------------------------------------
   Mn1   Mn1   (  2,  -1,  -2)  0.0020   ( 7.620, -3.810, -7.620) 11.430 
J_iso:  0.0020 
Orbital contributions:
 isotropic J:
 [[ 0.003  0.    -0.    -0.    -0.   ]
 [ 0.    -0.001 -0.     0.    -0.   ]
 [-0.    -0.    -0.    -0.     0.   ]
 [-0.     0.    -0.     0.     0.   ]
 [-0.    -0.     0.     0.    -0.   ]] 
----------------------------------------------------------------------------------------
   Mn1   Mn1   (  2,  -1,   2)  0.0020   ( 7.620, -3.810,  7.620) 11.430 
J_iso:  0.0020 
Orbital contributions:
 isotropic J:
 [[ 0.003  0.    -0.    -0.    -0.   ]
 [ 0.    -0.001 -0.     0.    -0.   ]
 [-0.    -0.    -0.    -0.     0.   ]
 [-0.     0.    -0.     0.     0.   ]
 [-0.    -0.     0.     0.    -0.   ]] 
----------------------------------------------------------------------------------------
   Mn1   Mn1   (  2,   1,  -2)  0.0020   ( 7.620,  3.810, -7.620) 11.430 
J_iso:  0.0020 
Orbital contributions:
 isotropic J:
 [[ 0.003  0.    -0.    -0.    -0.   ]
 [ 0.    -0.001 -0.     0.    -0.   ]
 [-0.    -0.    -0.    -0.     0.   ]
 [-0.     0.    -0.     0.     0.   ]
 [-0.    -0.     0.     0.    -0.   ]] 
----------------------------------------------------------------------------------------
   Mn1   Mn1   (  2,   1,   2)  0.0020   ( 7.620,  3.810,  7.620) 11.430 
J_iso:  0.0020 
Orbital contributions:
 isotropic J:
 [[ 0.003  0.    -0.    -0.    -0.   ]
 [ 0.    -0.001 -0.     0.    -0.   ]
 [-0.    -0.    -0.    -0.     0.   ]
 [-0.     0.    -0.     0.     0.   ]
 [-0.    -0.     0.     0.    -0.   ]] 
----------------------------------------------------------------------------------------
   Mn1   Mn1   (  2,   2,  -1)  0.0020   ( 7.620,  7.620, -3.810) 11.430 
J_iso:  0.0020 
Orbital contributions:
 isotropic J:
 [[-0.001  0.     0.     0.     0.   ]
 [ 0.    -0.     0.    -0.    -0.   ]
 [ 0.     0.    -0.    -0.    -0.   ]
 [ 0.    -0.    -0.     0.004 -0.   ]
 [ 0.    -0.    -0.     0.    -0.001]] 
----------------------------------------------------------------------------------------
   Mn1   Mn1   (  2,   2,   1)  0.0020   ( 7.620,  7.620,  3.810) 11.430 
J_iso:  0.0020 
Orbital contributions:
 isotropic J:
 [[-0.001  0.     0.     0.     0.   ]
 [ 0.    -0.     0.    -0.    -0.   ]
 [ 0.     0.    -0.    -0.    -0.   ]
 [ 0.    -0.    -0.     0.004  0.   ]
 [ 0.    -0.    -0.     0.    -0.001]] 
----------------------------------------------------------------------------------------
   Mn1   Mn1   ( -2,  -2,  -2)  0.0070   (-7.620, -7.620, -7.620) 13.198 
J_iso:  0.0070 
Orbital contributions:
 isotropic J:
 [[ 0.003  0.     0.     0.     0.   ]
 [ 0.    -0.     0.     0.     0.   ]
 [ 0.     0.    -0.     0.     0.   ]
 [ 0.     0.     0.     0.003  0.   ]
 [ 0.     0.     0.     0.    -0.   ]] 
----------------------------------------------------------------------------------------
   Mn1   Mn1   ( -2,  -2,   2)  0.0070   (-7.620, -7.620,  7.620) 13.198 
J_iso:  0.0070 
Orbital contributions:
 isotropic J:
 [[ 0.003  0.     0.     0.     0.   ]
 [ 0.    -0.     0.     0.     0.   ]
 [ 0.     0.    -0.     0.     0.   ]
 [ 0.     0.     0.     0.003  0.   ]
 [ 0.     0.     0.     0.    -0.   ]] 
----------------------------------------------------------------------------------------
   Mn1   Mn1   ( -2,   2,  -2)  0.0070   (-7.620,  7.620, -7.620) 13.198 
J_iso:  0.0070 
Orbital contributions:
 isotropic J:
 [[ 0.003  0.     0.    -0.     0.   ]
 [ 0.    -0.     0.     0.     0.   ]
 [ 0.     0.    -0.     0.     0.   ]
 [-0.     0.     0.     0.003 -0.   ]
 [ 0.     0.     0.    -0.    -0.   ]] 
----------------------------------------------------------------------------------------
   Mn1   Mn1   ( -2,   2,   2)  0.0070   (-7.620,  7.620,  7.620) 13.198 
J_iso:  0.0070 
Orbital contributions:
 isotropic J:
 [[ 0.003  0.     0.    -0.     0.   ]
 [ 0.    -0.     0.     0.     0.   ]
 [ 0.     0.    -0.     0.     0.   ]
 [-0.     0.     0.     0.003 -0.   ]
 [ 0.     0.     0.    -0.    -0.   ]] 
----------------------------------------------------------------------------------------
   Mn1   Mn1   (  2,  -2,  -2)  0.0070   ( 7.620, -7.620, -7.620) 13.198 
J_iso:  0.0070 
Orbital contributions:
 isotropic J:
 [[ 0.003  0.     0.    -0.     0.   ]
 [ 0.    -0.     0.     0.     0.   ]
 [ 0.     0.    -0.     0.     0.   ]
 [-0.     0.     0.     0.003 -0.   ]
 [ 0.     0.     0.    -0.    -0.   ]] 
----------------------------------------------------------------------------------------
   Mn1   Mn1   (  2,  -2,   2)  0.0070   ( 7.620, -7.620,  7.620) 13.198 
J_iso:  0.0070 
Orbital contributions:
 isotropic J:
 [[ 0.003  0.     0.    -0.     0.   ]
 [ 0.    -0.     0.     0.     0.   ]
 [ 0.     0.    -0.     0.     0.   ]
 [-0.     0.     0.     0.003 -0.   ]
 [ 0.     0.     0.    -0.    -0.   ]] 
----------------------------------------------------------------------------------------
   Mn1   Mn1   (  2,   2,  -2)  0.0070   ( 7.620,  7.620, -7.620) 13.198 
J_iso:  0.0070 
Orbital contributions:
 isotropic J:
 [[ 0.003  0.     0.     0.     0.   ]
 [ 0.    -0.     0.     0.     0.   ]
 [ 0.     0.    -0.     0.     0.   ]
 [ 0.     0.     0.     0.003  0.   ]
 [ 0.     0.     0.     0.    -0.   ]] 
----------------------------------------------------------------------------------------
   Mn1   Mn1   (  2,   2,   2)  0.0070   ( 7.620,  7.620,  7.620) 13.198 
J_iso:  0.0070 
Orbital contributions:
 isotropic J:
 [[ 0.003  0.     0.     0.     0.   ]
 [ 0.    -0.     0.     0.     0.   ]
 [ 0.     0.    -0.     0.     0.   ]
 [ 0.     0.     0.     0.003  0.   ]
 [ 0.     0.     0.     0.    -0.   ]] 
