==========================================================================================
Information: 
Exchange parameters generated by TB2J 0.7.6.1
Generation time: 23/06/26 16:57:27
 Input from collinear Wannier90 data.
 Tight binding data from ./. 
 Prefix of wannier function files:wannier90.up and wannier90.dn.
Warning: Please check if the noise level of Wannier function Hamiltonian to make sure it is much smaller than the exchange values.

==========================================================================================
Cell (Angstrom):
 0.000   3.810   3.810
 3.810   0.000   3.810
 3.810   3.810   0.000

==========================================================================================
Atoms:  
(Note: charge and magmoms only count the wannier functions.)
Atom number      x         y         z     w_charge  w_magmom 
Sr1             0.0000    0.0000    0.0000    0.0000    0.0000
Sr2             3.8100    3.8100    3.8100    0.0000    0.0000
Mn1             1.9050    1.9050    1.9050    4.6954    2.8087
Mn2             5.7150    5.7150    5.7150    4.6954   -2.8087
O1              5.7150    1.9050    3.8100    5.4294    0.0000
O2              5.7150    5.7150    3.8100    5.4294    0.0000
O3              3.8100    5.7150    1.9050    5.4294    0.0000
O4              3.8100    5.7150    5.7150    5.4294    0.0000
O5              5.7150    3.8100    1.9050    5.4294    0.0000
O6              1.9050    3.8100    1.9050    5.4294    0.0000
Total                                        41.9672   -0.0000

==========================================================================================
Orbitals used in decomposition: 
The name of the orbitals for the decomposition: 
Mn1 : ['orb_1', 'orb_2', 'orb_3', 'orb_4', 'orb_5']
Mn2 : ['orb_1', 'orb_2', 'orb_3', 'orb_4', 'orb_5']

==========================================================================================
Exchange: 
    i      j          R        J_iso(meV)          vector          distance(A) 
----------------------------------------------------------------------------------------
   Mn1   Mn2   ( -1,   0,   0) -8.5580   ( 3.810, -0.000, -0.000)  3.810 
J_iso: -8.5580 
Orbital contributions:
 isotropic J:
 [[ 0.204  0.    -0.    -0.204  0.   ]
 [-0.    -4.292  0.     0.    -0.   ]
 [ 0.    -0.    -0.036 -0.     0.   ]
 [-0.204  0.     0.     0.266 -0.   ]
 [-0.    -0.    -0.    -0.    -4.292]] 
----------------------------------------------------------------------------------------
   Mn1   Mn2   (  0,  -1,   0) -8.5580   (-0.000,  3.810, -0.000)  3.810 
J_iso: -8.5580 
Orbital contributions:
 isotropic J:
 [[ 0.204 -0.     0.    -0.204 -0.   ]
 [ 0.    -0.036 -0.     0.     0.   ]
 [-0.     0.    -4.292 -0.     0.   ]
 [-0.204  0.    -0.     0.266 -0.   ]
 [ 0.    -0.     0.    -0.    -4.292]] 
----------------------------------------------------------------------------------------
   Mn1   Mn2   (  0,   0,  -1) -8.5581   (-0.000, -0.000,  3.810)  3.810 
J_iso: -8.5581 
Orbital contributions:
 isotropic J:
 [[ 0.093  0.    -0.     0.     0.   ]
 [ 0.    -4.292  0.    -0.    -0.   ]
 [-0.     0.    -4.292 -0.    -0.   ]
 [ 0.    -0.    -0.    -0.031 -0.   ]
 [ 0.    -0.     0.    -0.    -0.036]] 
----------------------------------------------------------------------------------------
   Mn2   Mn1   (  0,   0,   1) -8.5581   ( 0.000,  0.000, -3.810)  3.810 
J_iso: -8.5581 
Orbital contributions:
 isotropic J:
 [[ 0.093  0.    -0.     0.     0.   ]
 [ 0.    -4.292  0.    -0.    -0.   ]
 [-0.     0.    -4.292 -0.     0.   ]
 [ 0.    -0.    -0.    -0.031 -0.   ]
 [ 0.    -0.    -0.    -0.    -0.036]] 
----------------------------------------------------------------------------------------
   Mn2   Mn1   (  0,   1,   0) -8.5580   ( 0.000, -3.810,  0.000)  3.810 
J_iso: -8.5580 
Orbital contributions:
 isotropic J:
 [[ 0.204  0.    -0.    -0.204  0.   ]
 [-0.    -0.036  0.     0.    -0.   ]
 [ 0.    -0.    -4.292 -0.     0.   ]
 [-0.204  0.    -0.     0.266 -0.   ]
 [-0.     0.     0.    -0.    -4.292]] 
----------------------------------------------------------------------------------------
   Mn2   Mn1   (  1,   0,   0) -8.5580   (-3.810,  0.000,  0.000)  3.810 
J_iso: -8.5580 
Orbital contributions:
 isotropic J:
 [[ 0.204 -0.     0.    -0.204 -0.   ]
 [ 0.    -4.292 -0.     0.    -0.   ]
 [-0.     0.    -0.036  0.    -0.   ]
 [-0.204  0.    -0.     0.266 -0.   ]
 [ 0.    -0.     0.    -0.    -4.292]] 
----------------------------------------------------------------------------------------
   Mn1   Mn2   ( -1,  -1,   0) -8.5580   (-0.000, -0.000, -3.810)  3.810 
J_iso: -8.5580 
Orbital contributions:
 isotropic J:
 [[ 0.093 -0.     0.    -0.     0.   ]
 [ 0.    -4.292 -0.     0.     0.   ]
 [ 0.    -0.    -4.292 -0.     0.   ]
 [-0.    -0.     0.    -0.031  0.   ]
 [ 0.    -0.    -0.     0.    -0.036]] 
----------------------------------------------------------------------------------------
   Mn1   Mn2   ( -1,   0,  -1) -8.5581   (-0.000, -3.810, -0.000)  3.810 
J_iso: -8.5581 
Orbital contributions:
 isotropic J:
 [[ 0.204 -0.    -0.    -0.204 -0.   ]
 [ 0.    -0.036  0.     0.     0.   ]
 [-0.    -0.    -4.292  0.    -0.   ]
 [-0.204  0.     0.     0.266  0.   ]
 [ 0.    -0.     0.    -0.    -4.292]] 
----------------------------------------------------------------------------------------
   Mn1   Mn2   (  0,  -1,  -1) -8.5581   (-3.810, -0.000, -0.000)  3.810 
J_iso: -8.5581 
Orbital contributions:
 isotropic J:
 [[ 0.204 -0.     0.    -0.204  0.   ]
 [ 0.    -4.292  0.    -0.    -0.   ]
 [ 0.     0.    -0.036  0.     0.   ]
 [-0.204  0.     0.     0.266 -0.   ]
 [ 0.    -0.    -0.     0.    -4.292]] 
----------------------------------------------------------------------------------------
   Mn2   Mn1   (  0,   1,   1) -8.5581   ( 3.810,  0.000,  0.000)  3.810 
J_iso: -8.5581 
Orbital contributions:
 isotropic J:
 [[ 0.204  0.     0.    -0.204  0.   ]
 [-0.    -4.292  0.     0.    -0.   ]
 [ 0.     0.    -0.036  0.    -0.   ]
 [-0.204 -0.     0.     0.266  0.   ]
 [ 0.    -0.     0.    -0.    -4.292]] 
----------------------------------------------------------------------------------------
   Mn2   Mn1   (  1,   0,   1) -8.5581   ( 0.000,  3.810,  0.000)  3.810 
J_iso: -8.5581 
Orbital contributions:
 isotropic J:
 [[ 0.204  0.    -0.    -0.204  0.   ]
 [-0.    -0.036 -0.     0.    -0.   ]
 [-0.     0.    -4.292  0.     0.   ]
 [-0.204  0.     0.     0.266 -0.   ]
 [-0.     0.    -0.     0.    -4.292]] 
----------------------------------------------------------------------------------------
   Mn2   Mn1   (  1,   1,   0) -8.5580   ( 0.000,  0.000,  3.810)  3.810 
J_iso: -8.5580 
Orbital contributions:
 isotropic J:
 [[ 0.093  0.     0.    -0.     0.   ]
 [-0.    -4.292 -0.    -0.    -0.   ]
 [ 0.    -0.    -4.292  0.    -0.   ]
 [-0.     0.    -0.    -0.031  0.   ]
 [ 0.     0.     0.     0.    -0.036]] 
----------------------------------------------------------------------------------------
   Mn1   Mn1   ( -1,   0,   0) -0.4576   ( 0.000, -3.810, -3.810)  5.388 
J_iso: -0.4576 
Orbital contributions:
 isotropic J:
 [[ 0.037  0.     0.03   0.017  0.   ]
 [ 0.     0.003  0.    -0.    -0.011]
 [ 0.03  -0.    -0.749  0.089 -0.   ]
 [ 0.017 -0.     0.089 -0.003 -0.   ]
 [ 0.    -0.011  0.     0.     0.003]] 
----------------------------------------------------------------------------------------
   Mn2   Mn2   ( -1,   0,   0) -0.4576   ( 0.000, -3.810, -3.810)  5.388 
J_iso: -0.4576 
Orbital contributions:
 isotropic J:
 [[ 0.037 -0.     0.03   0.017 -0.   ]
 [-0.     0.003  0.    -0.    -0.011]
 [ 0.03  -0.    -0.749  0.089 -0.   ]
 [ 0.017 -0.     0.089 -0.003  0.   ]
 [-0.    -0.011  0.    -0.     0.003]] 
----------------------------------------------------------------------------------------
   Mn1   Mn1   ( -1,   0,   1) -0.4576   ( 3.810,  0.000, -3.810)  5.388 
J_iso: -0.4576 
Orbital contributions:
 isotropic J:
 [[ 0.037  0.03   0.     0.017  0.   ]
 [ 0.03  -0.749  0.     0.089 -0.   ]
 [ 0.    -0.     0.003  0.    -0.011]
 [ 0.017  0.089 -0.    -0.003  0.   ]
 [-0.    -0.    -0.011 -0.     0.003]] 
----------------------------------------------------------------------------------------
   Mn1   Mn1   ( -1,   1,   0) -0.4576   ( 3.810, -3.810,  0.000)  5.388 
J_iso: -0.4576 
Orbital contributions:
 isotropic J:
 [[-0.006 -0.     0.     0.     0.119]
 [-0.     0.003 -0.011 -0.    -0.   ]
 [-0.    -0.011  0.003 -0.    -0.   ]
 [-0.     0.    -0.     0.075  0.   ]
 [ 0.119 -0.     0.    -0.    -0.749]] 
----------------------------------------------------------------------------------------
   Mn1   Mn1   (  0,  -1,   0) -0.4576   (-3.810,  0.000, -3.810)  5.388 
J_iso: -0.4576 
Orbital contributions:
 isotropic J:
 [[ 0.037  0.03   0.     0.017 -0.   ]
 [ 0.03  -0.749  0.     0.089 -0.   ]
 [ 0.     0.     0.003 -0.    -0.011]
 [ 0.017  0.089 -0.    -0.003  0.   ]
 [-0.    -0.    -0.011  0.     0.003]] 
----------------------------------------------------------------------------------------
   Mn2   Mn2   (  0,  -1,   0) -0.4576   (-3.810,  0.000, -3.810)  5.388 
J_iso: -0.4576 
Orbital contributions:
 isotropic J:
 [[ 0.037  0.03   0.     0.017 -0.   ]
 [ 0.03  -0.749 -0.     0.089  0.   ]
 [ 0.    -0.     0.003  0.    -0.011]
 [ 0.017  0.089 -0.    -0.003  0.   ]
 [ 0.    -0.    -0.011 -0.     0.003]] 
----------------------------------------------------------------------------------------
   Mn1   Mn1   (  0,  -1,   1) -0.4576   ( 0.000,  3.810, -3.810)  5.388 
J_iso: -0.4576 
Orbital contributions:
 isotropic J:
 [[ 0.037  0.     0.03   0.017  0.   ]
 [-0.     0.003  0.     0.    -0.011]
 [ 0.03  -0.    -0.749  0.089  0.   ]
 [ 0.017  0.     0.089 -0.003 -0.   ]
 [ 0.    -0.011  0.     0.     0.003]] 
----------------------------------------------------------------------------------------
   Mn1   Mn1   (  0,   0,  -1) -0.4576   (-3.810, -3.810,  0.000)  5.388 
J_iso: -0.4576 
Orbital contributions:
 isotropic J:
 [[-0.006  0.    -0.     0.     0.119]
 [-0.     0.003 -0.011 -0.    -0.   ]
 [ 0.    -0.011  0.003  0.     0.   ]
 [ 0.     0.    -0.     0.075 -0.   ]
 [ 0.119 -0.    -0.    -0.    -0.749]] 
----------------------------------------------------------------------------------------
   Mn2   Mn2   (  0,   0,  -1) -0.4576   (-3.810, -3.810,  0.000)  5.388 
J_iso: -0.4576 
Orbital contributions:
 isotropic J:
 [[-0.006 -0.    -0.    -0.     0.119]
 [-0.     0.003 -0.011  0.     0.   ]
 [ 0.    -0.011  0.003 -0.     0.   ]
 [-0.     0.     0.     0.075 -0.   ]
 [ 0.119 -0.    -0.    -0.    -0.749]] 
----------------------------------------------------------------------------------------
   Mn1   Mn1   (  0,   0,   1) -0.4576   ( 3.810,  3.810,  0.000)  5.388 
J_iso: -0.4576 
Orbital contributions:
 isotropic J:
 [[-0.006 -0.     0.     0.     0.119]
 [ 0.     0.003 -0.011  0.    -0.   ]
 [-0.    -0.011  0.003 -0.    -0.   ]
 [ 0.    -0.     0.     0.075 -0.   ]
 [ 0.119 -0.     0.    -0.    -0.749]] 
----------------------------------------------------------------------------------------
   Mn1   Mn1   (  0,   1,  -1) -0.4576   ( 0.000, -3.810,  3.810)  5.388 
J_iso: -0.4576 
Orbital contributions:
 isotropic J:
 [[ 0.037 -0.     0.03   0.017  0.   ]
 [ 0.     0.003 -0.     0.    -0.011]
 [ 0.03   0.    -0.749  0.089  0.   ]
 [ 0.017  0.     0.089 -0.003  0.   ]
 [ 0.    -0.011  0.    -0.     0.003]] 
----------------------------------------------------------------------------------------
   Mn1   Mn1   (  0,   1,   0) -0.4576   ( 3.810,  0.000,  3.810)  5.388 
J_iso: -0.4576 
Orbital contributions:
 isotropic J:
 [[ 0.037  0.03   0.     0.017 -0.   ]
 [ 0.03  -0.749  0.     0.089 -0.   ]
 [ 0.     0.     0.003 -0.    -0.011]
 [ 0.017  0.089 -0.    -0.003  0.   ]
 [-0.    -0.    -0.011  0.     0.003]] 
----------------------------------------------------------------------------------------
   Mn1   Mn1   (  1,  -1,   0) -0.4576   (-3.810,  3.810,  0.000)  5.388 
J_iso: -0.4576 
Orbital contributions:
 isotropic J:
 [[-0.006 -0.    -0.    -0.     0.119]
 [-0.     0.003 -0.011  0.    -0.   ]
 [ 0.    -0.011  0.003 -0.     0.   ]
 [ 0.    -0.    -0.     0.075 -0.   ]
 [ 0.119 -0.    -0.     0.    -0.749]] 
----------------------------------------------------------------------------------------
   Mn1   Mn1   (  1,   0,  -1) -0.4576   (-3.810,  0.000,  3.810)  5.388 
J_iso: -0.4576 
Orbital contributions:
 isotropic J:
 [[ 0.037  0.03   0.     0.017 -0.   ]
 [ 0.03  -0.749 -0.     0.089 -0.   ]
 [ 0.     0.     0.003 -0.    -0.011]
 [ 0.017  0.089  0.    -0.003 -0.   ]
 [ 0.    -0.    -0.011  0.     0.003]] 
----------------------------------------------------------------------------------------
   Mn1   Mn1   (  1,   0,   0) -0.4576   ( 0.000,  3.810,  3.810)  5.388 
J_iso: -0.4576 
Orbital contributions:
 isotropic J:
 [[ 0.037  0.     0.03   0.017  0.   ]
 [ 0.     0.003 -0.    -0.    -0.011]
 [ 0.03   0.    -0.749  0.089  0.   ]
 [ 0.017 -0.     0.089 -0.003  0.   ]
 [ 0.    -0.011 -0.    -0.     0.003]] 
----------------------------------------------------------------------------------------
   Mn2   Mn2   ( -1,   0,   1) -0.4576   ( 3.810,  0.000, -3.810)  5.388 
J_iso: -0.4576 
Orbital contributions:
 isotropic J:
 [[ 0.037  0.03  -0.     0.017  0.   ]
 [ 0.03  -0.749  0.     0.089 -0.   ]
 [ 0.     0.     0.003  0.    -0.011]
 [ 0.017  0.089 -0.    -0.003  0.   ]
 [ 0.     0.    -0.011 -0.     0.003]] 
----------------------------------------------------------------------------------------
   Mn2   Mn2   ( -1,   1,   0) -0.4576   ( 3.810, -3.810,  0.000)  5.388 
J_iso: -0.4576 
Orbital contributions:
 isotropic J:
 [[-0.006 -0.     0.    -0.     0.119]
 [ 0.     0.003 -0.011  0.     0.   ]
 [-0.    -0.011  0.003 -0.    -0.   ]
 [ 0.    -0.     0.     0.075  0.   ]
 [ 0.119  0.    -0.    -0.    -0.749]] 
----------------------------------------------------------------------------------------
   Mn2   Mn2   (  0,  -1,   1) -0.4576   ( 0.000,  3.810, -3.810)  5.388 
J_iso: -0.4576 
Orbital contributions:
 isotropic J:
 [[ 0.037 -0.     0.03   0.017 -0.   ]
 [-0.     0.003  0.    -0.    -0.011]
 [ 0.03  -0.    -0.749  0.089  0.   ]
 [ 0.017  0.     0.089 -0.003 -0.   ]
 [ 0.    -0.011  0.     0.     0.003]] 
----------------------------------------------------------------------------------------
   Mn2   Mn2   (  0,   0,   1) -0.4576   ( 3.810,  3.810,  0.000)  5.388 
J_iso: -0.4576 
Orbital contributions:
 isotropic J:
 [[-0.006 -0.     0.    -0.     0.119]
 [-0.     0.003 -0.011  0.    -0.   ]
 [-0.    -0.011  0.003  0.    -0.   ]
 [-0.     0.    -0.     0.075 -0.   ]
 [ 0.119  0.     0.    -0.    -0.749]] 
----------------------------------------------------------------------------------------
   Mn2   Mn2   (  0,   1,  -1) -0.4576   ( 0.000, -3.810,  3.810)  5.388 
J_iso: -0.4576 
Orbital contributions:
 isotropic J:
 [[ 0.037 -0.     0.03   0.017  0.   ]
 [-0.     0.003 -0.     0.    -0.011]
 [ 0.03   0.    -0.749  0.089  0.   ]
 [ 0.017 -0.     0.089 -0.003  0.   ]
 [-0.    -0.011  0.    -0.     0.003]] 
----------------------------------------------------------------------------------------
   Mn2   Mn2   (  0,   1,   0) -0.4576   ( 3.810,  0.000,  3.810)  5.388 
J_iso: -0.4576 
Orbital contributions:
 isotropic J:
 [[ 0.037  0.03   0.     0.017  0.   ]
 [ 0.03  -0.749 -0.     0.089 -0.   ]
 [ 0.    -0.     0.003 -0.    -0.011]
 [ 0.017  0.089  0.    -0.003 -0.   ]
 [-0.     0.    -0.011  0.     0.003]] 
----------------------------------------------------------------------------------------
   Mn2   Mn2   (  1,  -1,   0) -0.4576   (-3.810,  3.810,  0.000)  5.388 
J_iso: -0.4576 
Orbital contributions:
 isotropic J:
 [[-0.006  0.    -0.     0.     0.119]
 [-0.     0.003 -0.011 -0.     0.   ]
 [ 0.    -0.011  0.003  0.    -0.   ]
 [-0.     0.    -0.     0.075 -0.   ]
 [ 0.119  0.    -0.     0.    -0.749]] 
----------------------------------------------------------------------------------------
   Mn2   Mn2   (  1,   0,  -1) -0.4576   (-3.810,  0.000,  3.810)  5.388 
J_iso: -0.4576 
Orbital contributions:
 isotropic J:
 [[ 0.037  0.03   0.     0.017  0.   ]
 [ 0.03  -0.749  0.     0.089  0.   ]
 [-0.     0.     0.003 -0.    -0.011]
 [ 0.017  0.089  0.    -0.003 -0.   ]
 [ 0.    -0.    -0.011  0.     0.003]] 
----------------------------------------------------------------------------------------
   Mn2   Mn2   (  1,   0,   0) -0.4576   ( 0.000,  3.810,  3.810)  5.388 
J_iso: -0.4576 
Orbital contributions:
 isotropic J:
 [[ 0.037 -0.     0.03   0.017 -0.   ]
 [-0.     0.003 -0.    -0.    -0.011]
 [ 0.03   0.    -0.749  0.089  0.   ]
 [ 0.017 -0.     0.089 -0.003 -0.   ]
 [-0.    -0.011 -0.     0.     0.003]] 
----------------------------------------------------------------------------------------
   Mn1   Mn2   (  0,   0,   0) -0.0186   ( 3.810,  3.810,  3.810)  6.599 
J_iso: -0.0186 
Orbital contributions:
 isotropic J:
 [[-0.001 -0.    -0.     0.    -0.001]
 [-0.    -0.003  0.    -0.001  0.   ]
 [-0.     0.    -0.003 -0.001  0.   ]
 [ 0.    -0.001 -0.001 -0.001 -0.   ]
 [-0.001  0.     0.    -0.    -0.003]] 
----------------------------------------------------------------------------------------
   Mn2   Mn1   (  0,   0,   0) -0.0186   (-3.810, -3.810, -3.810)  6.599 
J_iso: -0.0186 
Orbital contributions:
 isotropic J:
 [[-0.001 -0.    -0.     0.    -0.001]
 [-0.    -0.003  0.    -0.001  0.   ]
 [-0.     0.    -0.003 -0.001  0.   ]
 [ 0.    -0.001 -0.001 -0.001 -0.   ]
 [-0.001  0.     0.    -0.    -0.003]] 
----------------------------------------------------------------------------------------
   Mn1   Mn2   ( -1,  -1,   1) -0.0186   ( 3.810,  3.810, -3.810)  6.599 
J_iso: -0.0186 
Orbital contributions:
 isotropic J:
 [[-0.001 -0.    -0.     0.    -0.001]
 [-0.    -0.003  0.    -0.001  0.   ]
 [-0.     0.    -0.003 -0.001  0.   ]
 [ 0.    -0.001 -0.001 -0.001  0.   ]
 [-0.001  0.     0.     0.    -0.003]] 
----------------------------------------------------------------------------------------
   Mn1   Mn2   ( -1,   1,  -1) -0.0186   ( 3.810, -3.810,  3.810)  6.599 
J_iso: -0.0186 
Orbital contributions:
 isotropic J:
 [[-0.001 -0.    -0.     0.    -0.001]
 [-0.    -0.003  0.    -0.001  0.   ]
 [-0.     0.    -0.003 -0.001  0.   ]
 [ 0.    -0.001 -0.001 -0.001 -0.   ]
 [-0.001  0.     0.    -0.    -0.003]] 
----------------------------------------------------------------------------------------
   Mn2   Mn1   ( -1,   1,   1) -0.0186   ( 3.810, -3.810, -3.810)  6.599 
J_iso: -0.0186 
Orbital contributions:
 isotropic J:
 [[-0.001 -0.    -0.     0.    -0.001]
 [-0.    -0.003  0.    -0.001  0.   ]
 [-0.     0.    -0.003 -0.001  0.   ]
 [ 0.    -0.001 -0.001 -0.001  0.   ]
 [-0.001  0.     0.    -0.    -0.003]] 
----------------------------------------------------------------------------------------
   Mn1   Mn2   (  1,  -1,  -1) -0.0186   (-3.810,  3.810,  3.810)  6.599 
J_iso: -0.0186 
Orbital contributions:
 isotropic J:
 [[-0.001 -0.    -0.     0.    -0.001]
 [-0.    -0.003  0.    -0.001  0.   ]
 [-0.     0.    -0.003 -0.001  0.   ]
 [ 0.    -0.001 -0.001 -0.001 -0.   ]
 [-0.001  0.     0.     0.    -0.003]] 
----------------------------------------------------------------------------------------
   Mn2   Mn1   (  1,  -1,   1) -0.0186   (-3.810,  3.810, -3.810)  6.599 
J_iso: -0.0186 
Orbital contributions:
 isotropic J:
 [[-0.001 -0.    -0.     0.    -0.001]
 [-0.    -0.003  0.    -0.001  0.   ]
 [-0.     0.    -0.003 -0.001  0.   ]
 [ 0.    -0.001 -0.001 -0.001 -0.   ]
 [-0.001  0.     0.    -0.    -0.003]] 
----------------------------------------------------------------------------------------
   Mn2   Mn1   (  1,   1,  -1) -0.0186   (-3.810, -3.810,  3.810)  6.599 
J_iso: -0.0186 
Orbital contributions:
 isotropic J:
 [[-0.001 -0.    -0.     0.    -0.001]
 [-0.    -0.003  0.    -0.001  0.   ]
 [-0.     0.    -0.003 -0.001  0.   ]
 [ 0.    -0.001 -0.001 -0.001  0.   ]
 [-0.001  0.     0.     0.    -0.003]] 
----------------------------------------------------------------------------------------
   Mn1   Mn2   ( -2,   0,   0) -0.0186   ( 3.810, -3.810, -3.810)  6.599 
J_iso: -0.0186 
Orbital contributions:
 isotropic J:
 [[-0.001 -0.    -0.     0.    -0.001]
 [-0.    -0.003  0.    -0.001  0.   ]
 [-0.     0.    -0.003 -0.001  0.   ]
 [ 0.    -0.001 -0.001 -0.001  0.   ]
 [-0.001  0.     0.    -0.    -0.003]] 
----------------------------------------------------------------------------------------
   Mn1   Mn2   ( -1,  -1,  -1) -0.0186   (-3.810, -3.810, -3.810)  6.599 
J_iso: -0.0186 
Orbital contributions:
 isotropic J:
 [[-0.001 -0.    -0.     0.    -0.001]
 [-0.    -0.003  0.    -0.001  0.   ]
 [-0.     0.    -0.003 -0.001  0.   ]
 [ 0.    -0.001 -0.001 -0.001 -0.   ]
 [-0.001  0.     0.    -0.    -0.003]] 
----------------------------------------------------------------------------------------
   Mn1   Mn2   (  0,  -2,   0) -0.0186   (-3.810,  3.810, -3.810)  6.599 
J_iso: -0.0186 
Orbital contributions:
 isotropic J:
 [[-0.001 -0.    -0.    -0.    -0.001]
 [-0.    -0.003  0.    -0.001  0.   ]
 [-0.     0.    -0.003 -0.001  0.   ]
 [ 0.    -0.001 -0.001 -0.001 -0.   ]
 [-0.001  0.     0.     0.    -0.003]] 
----------------------------------------------------------------------------------------
   Mn1   Mn2   (  0,   0,  -2) -0.0186   (-3.810, -3.810,  3.810)  6.599 
J_iso: -0.0186 
Orbital contributions:
 isotropic J:
 [[-0.001 -0.    -0.     0.    -0.001]
 [-0.    -0.003  0.    -0.001  0.   ]
 [-0.     0.    -0.003 -0.001  0.   ]
 [ 0.    -0.001 -0.001 -0.001  0.   ]
 [-0.001  0.     0.     0.    -0.003]] 
----------------------------------------------------------------------------------------
   Mn2   Mn1   (  0,   0,   2) -0.0186   ( 3.810,  3.810, -3.810)  6.599 
J_iso: -0.0186 
Orbital contributions:
 isotropic J:
 [[-0.001 -0.    -0.     0.    -0.001]
 [-0.    -0.003  0.    -0.001  0.   ]
 [-0.     0.    -0.003 -0.001  0.   ]
 [ 0.    -0.001 -0.001 -0.001  0.   ]
 [-0.001  0.     0.     0.    -0.003]] 
----------------------------------------------------------------------------------------
   Mn2   Mn1   (  0,   2,   0) -0.0186   ( 3.810, -3.810,  3.810)  6.599 
J_iso: -0.0186 
Orbital contributions:
 isotropic J:
 [[-0.001 -0.    -0.     0.    -0.001]
 [-0.    -0.003  0.    -0.001  0.   ]
 [-0.     0.    -0.003 -0.001  0.   ]
 [-0.    -0.001 -0.001 -0.001  0.   ]
 [-0.001  0.     0.    -0.    -0.003]] 
----------------------------------------------------------------------------------------
   Mn2   Mn1   (  1,   1,   1) -0.0186   ( 3.810,  3.810,  3.810)  6.599 
J_iso: -0.0186 
Orbital contributions:
 isotropic J:
 [[-0.001 -0.    -0.     0.    -0.001]
 [-0.    -0.003  0.    -0.001  0.   ]
 [-0.     0.    -0.003 -0.001  0.   ]
 [ 0.    -0.001 -0.001 -0.001 -0.   ]
 [-0.001  0.     0.    -0.    -0.003]] 
----------------------------------------------------------------------------------------
   Mn2   Mn1   (  2,   0,   0) -0.0186   (-3.810,  3.810,  3.810)  6.599 
J_iso: -0.0186 
Orbital contributions:
 isotropic J:
 [[-0.001 -0.    -0.     0.    -0.001]
 [-0.    -0.003  0.    -0.001  0.   ]
 [-0.     0.    -0.003 -0.001  0.   ]
 [ 0.    -0.001 -0.001 -0.001 -0.   ]
 [-0.001  0.     0.     0.    -0.003]] 
----------------------------------------------------------------------------------------
   Mn1   Mn1   ( -1,  -1,   1) -0.7539   ( 0.000,  0.000, -7.620)  7.620 
J_iso: -0.7539 
Orbital contributions:
 isotropic J:
 [[-0.801  0.     0.     0.     0.   ]
 [-0.     0.025  0.    -0.     0.   ]
 [ 0.     0.     0.025  0.     0.   ]
 [-0.    -0.    -0.    -0.003  0.   ]
 [ 0.     0.     0.     0.     0.   ]] 
----------------------------------------------------------------------------------------
   Mn2   Mn2   ( -1,  -1,   1) -0.7539   ( 0.000,  0.000, -7.620)  7.620 
J_iso: -0.7539 
Orbital contributions:
 isotropic J:
 [[-0.801  0.     0.    -0.    -0.   ]
 [ 0.     0.025  0.     0.     0.   ]
 [-0.    -0.     0.025  0.    -0.   ]
 [ 0.    -0.    -0.    -0.003 -0.   ]
 [-0.    -0.     0.     0.     0.   ]] 
----------------------------------------------------------------------------------------
   Mn1   Mn1   ( -1,   1,  -1) -0.7539   ( 0.000, -7.620,  0.000)  7.620 
J_iso: -0.7539 
Orbital contributions:
 isotropic J:
 [[-0.066 -0.     0.    -0.136  0.   ]
 [-0.     0.     0.     0.     0.   ]
 [ 0.    -0.     0.025  0.     0.   ]
 [-0.136  0.    -0.    -0.465 -0.   ]
 [ 0.    -0.     0.    -0.     0.025]] 
----------------------------------------------------------------------------------------
   Mn2   Mn2   ( -1,   1,  -1) -0.7539   ( 0.000, -7.620,  0.000)  7.620 
J_iso: -0.7539 
Orbital contributions:
 isotropic J:
 [[-0.066 -0.     0.    -0.136  0.   ]
 [-0.     0.    -0.     0.    -0.   ]
 [ 0.     0.     0.025 -0.     0.   ]
 [-0.136  0.     0.    -0.465  0.   ]
 [ 0.     0.     0.    -0.     0.025]] 
----------------------------------------------------------------------------------------
   Mn1   Mn1   ( -1,   1,   1) -0.7539   ( 7.620,  0.000,  0.000)  7.620 
J_iso: -0.7539 
Orbital contributions:
 isotropic J:
 [[-0.066  0.     0.    -0.136  0.   ]
 [-0.     0.025  0.    -0.     0.   ]
 [ 0.     0.     0.     0.     0.   ]
 [-0.136  0.    -0.    -0.465 -0.   ]
 [-0.    -0.     0.    -0.     0.025]] 
----------------------------------------------------------------------------------------
   Mn1   Mn1   (  1,  -1,  -1) -0.7539   (-7.620,  0.000,  0.000)  7.620 
J_iso: -0.7539 
Orbital contributions:
 isotropic J:
 [[-0.066 -0.     0.    -0.136 -0.   ]
 [ 0.     0.025  0.     0.    -0.   ]
 [ 0.     0.     0.    -0.     0.   ]
 [-0.136 -0.     0.    -0.465 -0.   ]
 [ 0.     0.     0.    -0.     0.025]] 
----------------------------------------------------------------------------------------
   Mn2   Mn2   (  1,  -1,  -1) -0.7539   (-7.620,  0.000,  0.000)  7.620 
J_iso: -0.7539 
Orbital contributions:
 isotropic J:
 [[-0.066 -0.     0.    -0.136  0.   ]
 [-0.     0.025 -0.    -0.     0.   ]
 [ 0.    -0.     0.     0.     0.   ]
 [-0.136 -0.     0.    -0.465 -0.   ]
 [-0.    -0.     0.    -0.     0.025]] 
----------------------------------------------------------------------------------------
   Mn1   Mn1   (  1,  -1,   1) -0.7539   ( 0.000,  7.620,  0.000)  7.620 
J_iso: -0.7539 
Orbital contributions:
 isotropic J:
 [[-0.066 -0.     0.    -0.136  0.   ]
 [-0.     0.    -0.     0.    -0.   ]
 [ 0.     0.     0.025 -0.     0.   ]
 [-0.136  0.     0.    -0.465 -0.   ]
 [ 0.     0.     0.    -0.     0.025]] 
----------------------------------------------------------------------------------------
   Mn1   Mn1   (  1,   1,  -1) -0.7539   ( 0.000,  0.000,  7.620)  7.620 
J_iso: -0.7539 
Orbital contributions:
 isotropic J:
 [[-0.801 -0.     0.    -0.     0.   ]
 [ 0.     0.025  0.    -0.     0.   ]
 [ 0.     0.     0.025 -0.     0.   ]
 [ 0.    -0.     0.    -0.003  0.   ]
 [ 0.     0.     0.     0.     0.   ]] 
----------------------------------------------------------------------------------------
   Mn2   Mn2   ( -1,   1,   1) -0.7539   ( 7.620,  0.000,  0.000)  7.620 
J_iso: -0.7539 
Orbital contributions:
 isotropic J:
 [[-0.066 -0.     0.    -0.136 -0.   ]
 [-0.     0.025 -0.    -0.    -0.   ]
 [ 0.    -0.     0.     0.     0.   ]
 [-0.136 -0.     0.    -0.465 -0.   ]
 [ 0.     0.     0.    -0.     0.025]] 
----------------------------------------------------------------------------------------
   Mn2   Mn2   (  1,  -1,   1) -0.7539   ( 0.000,  7.620,  0.000)  7.620 
J_iso: -0.7539 
Orbital contributions:
 isotropic J:
 [[-0.066 -0.     0.    -0.136  0.   ]
 [-0.     0.     0.     0.     0.   ]
 [ 0.    -0.     0.025  0.     0.   ]
 [-0.136  0.    -0.    -0.465 -0.   ]
 [ 0.    -0.     0.     0.     0.025]] 
----------------------------------------------------------------------------------------
   Mn2   Mn2   (  1,   1,  -1) -0.7539   ( 0.000,  0.000,  7.620)  7.620 
J_iso: -0.7539 
Orbital contributions:
 isotropic J:
 [[-0.801  0.    -0.     0.    -0.   ]
 [ 0.     0.025 -0.    -0.    -0.   ]
 [ 0.     0.     0.025 -0.     0.   ]
 [-0.     0.     0.    -0.003  0.   ]
 [-0.     0.    -0.    -0.     0.   ]] 
----------------------------------------------------------------------------------------
   Mn2   Mn1   ( -1,   1,   2)  0.0975   ( 7.620,  0.000, -3.810)  8.519 
J_iso:  0.0975 
Orbital contributions:
 isotropic J:
 [[-0.001  0.017  0.     0.001 -0.   ]
 [ 0.017 -0.005  0.     0.035  0.   ]
 [ 0.    -0.     0.     0.     0.   ]
 [ 0.001  0.035  0.    -0.     0.   ]
 [ 0.     0.     0.     0.    -0.003]] 
----------------------------------------------------------------------------------------
   Mn2   Mn1   ( -1,   2,   1)  0.0975   ( 7.620, -3.810,  0.000)  8.519 
J_iso:  0.0975 
Orbital contributions:
 isotropic J:
 [[ 0.001  0.    -0.     0.     0.009]
 [-0.    -0.003  0.     0.     0.   ]
 [-0.     0.     0.    -0.     0.   ]
 [ 0.     0.    -0.     0.001  0.043]
 [ 0.009  0.    -0.     0.043 -0.005]] 
----------------------------------------------------------------------------------------
   Mn2   Mn1   (  0,   1,   2)  0.0975   ( 7.620,  3.810,  0.000)  8.519 
J_iso:  0.0975 
Orbital contributions:
 isotropic J:
 [[ 0.001 -0.     0.     0.     0.009]
 [ 0.    -0.003  0.     0.     0.   ]
 [-0.     0.     0.    -0.     0.   ]
 [ 0.     0.     0.     0.001  0.043]
 [ 0.009 -0.     0.     0.043 -0.005]] 
----------------------------------------------------------------------------------------
   Mn2   Mn1   (  0,   2,   1)  0.0975   ( 7.620,  0.000,  3.810)  8.519 
J_iso:  0.0975 
Orbital contributions:
 isotropic J:
 [[-0.001  0.017  0.     0.001 -0.   ]
 [ 0.017 -0.005  0.     0.035  0.   ]
 [-0.    -0.     0.    -0.     0.   ]
 [ 0.001  0.035 -0.    -0.     0.   ]
 [ 0.     0.     0.    -0.    -0.003]] 
----------------------------------------------------------------------------------------
   Mn2   Mn1   (  1,  -1,   2)  0.0975   ( 0.000,  7.620, -3.810)  8.519 
J_iso:  0.0975 
Orbital contributions:
 isotropic J:
 [[-0.001  0.     0.017  0.001  0.   ]
 [-0.     0.    -0.     0.     0.   ]
 [ 0.017 -0.    -0.005  0.035 -0.   ]
 [ 0.001 -0.     0.035 -0.    -0.   ]
 [ 0.     0.     0.     0.    -0.003]] 
----------------------------------------------------------------------------------------
   Mn2   Mn1   (  1,   0,   2)  0.0975   ( 3.810,  7.620,  0.000)  8.519 
J_iso:  0.0975 
Orbital contributions:
 isotropic J:
 [[ 0.001 -0.    -0.     0.     0.009]
 [-0.     0.     0.     0.     0.   ]
 [ 0.     0.    -0.003  0.     0.   ]
 [ 0.    -0.     0.     0.001  0.043]
 [ 0.009  0.    -0.     0.043 -0.005]] 
----------------------------------------------------------------------------------------
   Mn2   Mn1   (  1,   2,  -1)  0.0975   ( 0.000, -3.810,  7.620)  8.519 
J_iso:  0.0975 
Orbital contributions:
 isotropic J:
 [[ 0.001 -0.     0.052  0.001  0.   ]
 [ 0.    -0.003  0.    -0.     0.   ]
 [ 0.052  0.    -0.005 -0.    -0.   ]
 [ 0.001 -0.    -0.    -0.     0.   ]
 [-0.     0.     0.     0.     0.   ]] 
----------------------------------------------------------------------------------------
   Mn2   Mn1   (  1,   2,   0)  0.0975   ( 3.810,  0.000,  7.620)  8.519 
J_iso:  0.0975 
Orbital contributions:
 isotropic J:
 [[ 0.001  0.052  0.     0.001  0.   ]
 [ 0.052 -0.005  0.    -0.     0.   ]
 [ 0.     0.    -0.003  0.     0.   ]
 [ 0.001 -0.     0.    -0.    -0.   ]
 [-0.     0.     0.    -0.     0.   ]] 
----------------------------------------------------------------------------------------
   Mn2   Mn1   (  2,  -1,   1)  0.0975   (-3.810,  7.620,  0.000)  8.519 
J_iso:  0.0975 
Orbital contributions:
 isotropic J:
 [[ 0.001  0.     0.     0.     0.009]
 [ 0.     0.     0.    -0.     0.   ]
 [ 0.     0.    -0.003  0.     0.   ]
 [ 0.     0.     0.     0.001  0.043]
 [ 0.009 -0.     0.     0.043 -0.005]] 
----------------------------------------------------------------------------------------
   Mn2   Mn1   (  2,   0,   1)  0.0975   ( 0.000,  7.620,  3.810)  8.519 
J_iso:  0.0975 
Orbital contributions:
 isotropic J:
 [[-0.001 -0.     0.017  0.001  0.   ]
 [ 0.     0.    -0.    -0.     0.   ]
 [ 0.017  0.    -0.005  0.035  0.   ]
 [ 0.001  0.     0.035 -0.    -0.   ]
 [ 0.     0.     0.    -0.    -0.003]] 
----------------------------------------------------------------------------------------
   Mn2   Mn1   (  2,   1,  -1)  0.0975   (-3.810,  0.000,  7.620)  8.519 
J_iso:  0.0975 
Orbital contributions:
 isotropic J:
 [[ 0.001  0.052  0.     0.001  0.   ]
 [ 0.052 -0.005  0.    -0.    -0.   ]
 [-0.     0.    -0.003  0.     0.   ]
 [ 0.001 -0.     0.    -0.    -0.   ]
 [ 0.    -0.     0.    -0.     0.   ]] 
----------------------------------------------------------------------------------------
   Mn2   Mn1   (  2,   1,   0)  0.0975   ( 0.000,  3.810,  7.620)  8.519 
J_iso:  0.0975 
Orbital contributions:
 isotropic J:
 [[ 0.001  0.     0.052  0.001  0.   ]
 [ 0.    -0.003  0.     0.     0.   ]
 [ 0.052  0.    -0.005 -0.     0.   ]
 [ 0.001 -0.    -0.    -0.    -0.   ]
 [-0.     0.    -0.     0.     0.   ]] 
----------------------------------------------------------------------------------------
   Mn1   Mn2   ( -2,   0,   1)  0.0975   ( 7.620, -0.000, -3.810)  8.519 
J_iso:  0.0975 
Orbital contributions:
 isotropic J:
 [[-0.001  0.017 -0.     0.001  0.   ]
 [ 0.017 -0.005  0.     0.035  0.   ]
 [ 0.     0.     0.     0.     0.   ]
 [ 0.001  0.035 -0.    -0.    -0.   ]
 [-0.     0.     0.    -0.    -0.003]] 
----------------------------------------------------------------------------------------
   Mn1   Mn2   ( -2,   1,   0)  0.0975   ( 7.620, -3.810, -0.000)  8.519 
J_iso:  0.0975 
Orbital contributions:
 isotropic J:
 [[ 0.001 -0.    -0.     0.     0.009]
 [-0.    -0.003  0.    -0.     0.   ]
 [-0.     0.     0.    -0.     0.   ]
 [ 0.    -0.     0.     0.001  0.043]
 [ 0.009  0.    -0.     0.043 -0.005]] 
----------------------------------------------------------------------------------------
   Mn1   Mn2   ( -1,   0,   1)  0.0975   ( 7.620,  3.810, -0.000)  8.519 
J_iso:  0.0975 
Orbital contributions:
 isotropic J:
 [[ 0.001 -0.    -0.     0.     0.009]
 [ 0.    -0.003  0.     0.    -0.   ]
 [-0.     0.     0.    -0.    -0.   ]
 [ 0.    -0.    -0.     0.001  0.043]
 [ 0.009 -0.     0.     0.043 -0.005]] 
----------------------------------------------------------------------------------------
   Mn2   Mn1   ( -1,   0,   1)  0.0975   ( 0.000, -3.810, -7.620)  8.519 
J_iso:  0.0975 
Orbital contributions:
 isotropic J:
 [[ 0.001  0.     0.052  0.001 -0.   ]
 [-0.    -0.003 -0.     0.     0.   ]
 [ 0.052 -0.    -0.005 -0.    -0.   ]
 [ 0.001  0.    -0.    -0.     0.   ]
 [-0.     0.     0.    -0.     0.   ]] 
----------------------------------------------------------------------------------------
   Mn2   Mn1   ( -1,   0,   2)  0.0975   ( 3.810,  0.000, -7.620)  8.519 
J_iso:  0.0975 
Orbital contributions:
 isotropic J:
 [[ 0.001  0.052 -0.     0.001 -0.   ]
 [ 0.052 -0.005 -0.    -0.    -0.   ]
 [ 0.     0.    -0.003  0.     0.   ]
 [ 0.001 -0.    -0.    -0.    -0.   ]
 [-0.    -0.     0.     0.     0.   ]] 
----------------------------------------------------------------------------------------
   Mn1   Mn2   ( -1,   1,   0)  0.0975   ( 7.620, -0.000,  3.810)  8.519 
J_iso:  0.0975 
Orbital contributions:
 isotropic J:
 [[-0.001  0.017 -0.     0.001 -0.   ]
 [ 0.017 -0.005 -0.     0.035 -0.   ]
 [ 0.     0.     0.    -0.     0.   ]
 [ 0.001  0.035  0.    -0.    -0.   ]
 [-0.    -0.     0.    -0.    -0.003]] 
----------------------------------------------------------------------------------------
   Mn2   Mn1   ( -1,   1,   0)  0.0975   ( 0.000, -7.620, -3.810)  8.519 
J_iso:  0.0975 
Orbital contributions:
 isotropic J:
 [[-0.001 -0.     0.017  0.001  0.   ]
 [-0.     0.    -0.    -0.     0.   ]
 [ 0.017 -0.    -0.005  0.035 -0.   ]
 [ 0.001 -0.     0.035 -0.     0.   ]
 [ 0.     0.     0.    -0.    -0.003]] 
----------------------------------------------------------------------------------------
   Mn2   Mn1   ( -1,   2,   0)  0.0975   ( 3.810, -7.620,  0.000)  8.519 
J_iso:  0.0975 
Orbital contributions:
 isotropic J:
 [[ 0.001  0.     0.     0.     0.009]
 [-0.     0.     0.    -0.     0.   ]
 [-0.     0.    -0.003 -0.     0.   ]
 [ 0.    -0.    -0.     0.001  0.043]
 [ 0.009 -0.     0.     0.043 -0.005]] 
----------------------------------------------------------------------------------------
   Mn1   Mn2   (  0,  -2,   1)  0.0975   (-0.000,  7.620, -3.810)  8.519 
J_iso:  0.0975 
Orbital contributions:
 isotropic J:
 [[-0.001 -0.     0.017  0.001  0.   ]
 [-0.     0.    -0.     0.     0.   ]
 [ 0.017  0.    -0.005  0.035  0.   ]
 [ 0.001 -0.     0.035 -0.    -0.   ]
 [ 0.     0.    -0.     0.    -0.003]] 
----------------------------------------------------------------------------------------
   Mn1   Mn2   (  0,  -1,   1)  0.0975   ( 3.810,  7.620, -0.000)  8.519 
J_iso:  0.0975 
Orbital contributions:
 isotropic J:
 [[ 0.001 -0.    -0.     0.     0.009]
 [ 0.     0.     0.     0.    -0.   ]
 [ 0.     0.    -0.003 -0.    -0.   ]
 [ 0.     0.    -0.     0.001  0.043]
 [ 0.009  0.    -0.     0.043 -0.005]] 
----------------------------------------------------------------------------------------
   Mn2   Mn1   (  0,  -1,   1)  0.0975   (-3.810,  0.000, -7.620)  8.519 
J_iso:  0.0975 
Orbital contributions:
 isotropic J:
 [[ 0.001  0.052 -0.     0.001 -0.   ]
 [ 0.052 -0.005 -0.    -0.    -0.   ]
 [ 0.    -0.    -0.003  0.     0.   ]
 [ 0.001 -0.     0.    -0.    -0.   ]
 [ 0.    -0.     0.    -0.     0.   ]] 
----------------------------------------------------------------------------------------
   Mn2   Mn1   (  0,  -1,   2)  0.0975   ( 0.000,  3.810, -7.620)  8.519 
J_iso:  0.0975 
Orbital contributions:
 isotropic J:
 [[ 0.001  0.     0.052  0.001  0.   ]
 [-0.    -0.003 -0.     0.     0.   ]
 [ 0.052 -0.    -0.005 -0.     0.   ]
 [ 0.001  0.    -0.    -0.     0.   ]
 [ 0.     0.    -0.    -0.     0.   ]] 
----------------------------------------------------------------------------------------
   Mn1   Mn2   (  0,   1,  -2)  0.0975   (-0.000, -3.810,  7.620)  8.519 
J_iso:  0.0975 
Orbital contributions:
 isotropic J:
 [[ 0.001 -0.     0.052  0.001  0.   ]
 [ 0.    -0.003 -0.     0.     0.   ]
 [ 0.052 -0.    -0.005 -0.    -0.   ]
 [ 0.001  0.    -0.    -0.    -0.   ]
 [ 0.     0.     0.     0.     0.   ]] 
----------------------------------------------------------------------------------------
   Mn1   Mn2   (  0,   1,  -1)  0.0975   ( 3.810, -0.000,  7.620)  8.519 
J_iso:  0.0975 
Orbital contributions:
 isotropic J:
 [[ 0.001  0.052  0.     0.001  0.   ]
 [ 0.052 -0.005 -0.    -0.    -0.   ]
 [-0.    -0.    -0.003  0.     0.   ]
 [ 0.001 -0.     0.    -0.    -0.   ]
 [-0.    -0.     0.    -0.     0.   ]] 
----------------------------------------------------------------------------------------
   Mn2   Mn1   (  0,   1,  -1)  0.0975   (-3.810, -7.620,  0.000)  8.519 
J_iso:  0.0975 
Orbital contributions:
 isotropic J:
 [[ 0.001  0.     0.     0.     0.009]
 [-0.     0.     0.     0.     0.   ]
 [-0.     0.    -0.003 -0.    -0.   ]
 [ 0.     0.    -0.     0.001  0.043]
 [ 0.009 -0.    -0.     0.043 -0.005]] 
----------------------------------------------------------------------------------------
   Mn2   Mn1   (  0,   2,  -1)  0.0975   ( 0.000, -7.620,  3.810)  8.519 
J_iso:  0.0975 
Orbital contributions:
 isotropic J:
 [[-0.001 -0.     0.017  0.001  0.   ]
 [-0.     0.     0.    -0.     0.   ]
 [ 0.017 -0.    -0.005  0.035 -0.   ]
 [ 0.001  0.     0.035 -0.     0.   ]
 [ 0.     0.     0.    -0.    -0.003]] 
----------------------------------------------------------------------------------------
   Mn1   Mn2   (  1,  -2,   0)  0.0975   (-3.810,  7.620, -0.000)  8.519 
J_iso:  0.0975 
Orbital contributions:
 isotropic J:
 [[ 0.001 -0.    -0.     0.     0.009]
 [ 0.     0.     0.    -0.    -0.   ]
 [ 0.     0.    -0.003 -0.     0.   ]
 [ 0.    -0.    -0.     0.001  0.043]
 [ 0.009  0.     0.     0.043 -0.005]] 
----------------------------------------------------------------------------------------
   Mn1   Mn2   (  1,  -1,   0)  0.0975   (-0.000,  7.620,  3.810)  8.519 
J_iso:  0.0975 
Orbital contributions:
 isotropic J:
 [[-0.001 -0.     0.017  0.001  0.   ]
 [-0.     0.    -0.    -0.     0.   ]
 [ 0.017 -0.    -0.005  0.035  0.   ]
 [ 0.001 -0.     0.035 -0.    -0.   ]
 [ 0.     0.    -0.     0.    -0.003]] 
----------------------------------------------------------------------------------------
   Mn2   Mn1   (  1,  -1,   0)  0.0975   (-7.620,  0.000, -3.810)  8.519 
J_iso:  0.0975 
Orbital contributions:
 isotropic J:
 [[-0.001  0.017  0.     0.001 -0.   ]
 [ 0.017 -0.005  0.     0.035 -0.   ]
 [-0.    -0.     0.     0.     0.   ]
 [ 0.001  0.035 -0.    -0.    -0.   ]
 [-0.    -0.     0.    -0.    -0.003]] 
----------------------------------------------------------------------------------------
   Mn1   Mn2   (  1,   0,  -2)  0.0975   (-3.810, -0.000,  7.620)  8.519 
J_iso:  0.0975 
Orbital contributions:
 isotropic J:
 [[ 0.001  0.052  0.     0.001 -0.   ]
 [ 0.052 -0.005  0.    -0.    -0.   ]
 [-0.    -0.    -0.003 -0.     0.   ]
 [ 0.001 -0.     0.    -0.     0.   ]
 [-0.    -0.     0.    -0.     0.   ]] 
----------------------------------------------------------------------------------------
   Mn1   Mn2   (  1,   0,  -1)  0.0975   (-0.000,  3.810,  7.620)  8.519 
J_iso:  0.0975 
Orbital contributions:
 isotropic J:
 [[ 0.001 -0.     0.052  0.001 -0.   ]
 [ 0.    -0.003 -0.     0.     0.   ]
 [ 0.052 -0.    -0.005 -0.     0.   ]
 [ 0.001  0.    -0.    -0.    -0.   ]
 [-0.     0.    -0.     0.     0.   ]] 
----------------------------------------------------------------------------------------
   Mn2   Mn1   (  1,   0,  -1)  0.0975   (-7.620, -3.810,  0.000)  8.519 
J_iso:  0.0975 
Orbital contributions:
 isotropic J:
 [[ 0.001  0.    -0.     0.     0.009]
 [-0.    -0.003  0.    -0.    -0.   ]
 [-0.     0.     0.    -0.     0.   ]
 [ 0.     0.    -0.     0.001  0.043]
 [ 0.009 -0.    -0.     0.043 -0.005]] 
----------------------------------------------------------------------------------------
   Mn2   Mn1   (  2,  -1,   0)  0.0975   (-7.620,  3.810,  0.000)  8.519 
J_iso:  0.0975 
Orbital contributions:
 isotropic J:
 [[ 0.001 -0.    -0.     0.     0.009]
 [-0.    -0.003  0.    -0.     0.   ]
 [-0.     0.     0.     0.    -0.   ]
 [ 0.    -0.    -0.     0.001  0.043]
 [ 0.009  0.     0.     0.043 -0.005]] 
----------------------------------------------------------------------------------------
   Mn2   Mn1   (  2,   0,  -1)  0.0975   (-7.620,  0.000,  3.810)  8.519 
J_iso:  0.0975 
Orbital contributions:
 isotropic J:
 [[-0.001  0.017  0.     0.001 -0.   ]
 [ 0.017 -0.005  0.     0.035  0.   ]
 [-0.     0.     0.    -0.     0.   ]
 [ 0.001  0.035  0.    -0.    -0.   ]
 [ 0.     0.     0.    -0.    -0.003]] 
----------------------------------------------------------------------------------------
   Mn1   Mn2   ( -2,  -1,   0)  0.0975   (-0.000, -3.810, -7.620)  8.519 
J_iso:  0.0975 
Orbital contributions:
 isotropic J:
 [[ 0.001  0.     0.052  0.001 -0.   ]
 [ 0.    -0.003  0.    -0.     0.   ]
 [ 0.052  0.    -0.005 -0.    -0.   ]
 [ 0.001  0.    -0.    -0.     0.   ]
 [ 0.     0.     0.    -0.     0.   ]] 
----------------------------------------------------------------------------------------
   Mn1   Mn2   ( -2,  -1,   1)  0.0975   ( 3.810, -0.000, -7.620)  8.519 
J_iso:  0.0975 
Orbital contributions:
 isotropic J:
 [[ 0.001  0.052 -0.     0.001  0.   ]
 [ 0.052 -0.005  0.    -0.    -0.   ]
 [ 0.     0.    -0.003  0.     0.   ]
 [ 0.001 -0.     0.    -0.    -0.   ]
 [ 0.    -0.     0.    -0.     0.   ]] 
----------------------------------------------------------------------------------------
   Mn1   Mn2   ( -2,   0,  -1)  0.0975   (-0.000, -7.620, -3.810)  8.519 
J_iso:  0.0975 
Orbital contributions:
 isotropic J:
 [[-0.001  0.     0.017  0.001  0.   ]
 [-0.     0.     0.     0.     0.   ]
 [ 0.017 -0.    -0.005  0.035  0.   ]
 [ 0.001 -0.     0.035 -0.    -0.   ]
 [ 0.     0.     0.    -0.    -0.003]] 
----------------------------------------------------------------------------------------
   Mn1   Mn2   ( -2,   1,  -1)  0.0975   ( 3.810, -7.620, -0.000)  8.519 
J_iso:  0.0975 
Orbital contributions:
 isotropic J:
 [[ 0.001  0.     0.     0.     0.009]
 [ 0.     0.     0.     0.    -0.   ]
 [ 0.     0.    -0.003  0.     0.   ]
 [ 0.    -0.     0.     0.001  0.043]
 [ 0.009  0.     0.     0.043 -0.005]] 
----------------------------------------------------------------------------------------
   Mn1   Mn2   ( -1,  -2,   0)  0.0975   (-3.810, -0.000, -7.620)  8.519 
J_iso:  0.0975 
Orbital contributions:
 isotropic J:
 [[ 0.001  0.052  0.     0.001 -0.   ]
 [ 0.052 -0.005  0.    -0.     0.   ]
 [ 0.     0.    -0.003  0.     0.   ]
 [ 0.001 -0.     0.    -0.    -0.   ]
 [ 0.     0.     0.    -0.     0.   ]] 
----------------------------------------------------------------------------------------
   Mn1   Mn2   ( -1,  -2,   1)  0.0975   (-0.000,  3.810, -7.620)  8.519 
J_iso:  0.0975 
Orbital contributions:
 isotropic J:
 [[ 0.001  0.     0.052  0.001 -0.   ]
 [-0.    -0.003  0.    -0.     0.   ]
 [ 0.052  0.    -0.005 -0.     0.   ]
 [ 0.001 -0.    -0.    -0.     0.   ]
 [ 0.     0.    -0.     0.     0.   ]] 
----------------------------------------------------------------------------------------
   Mn1   Mn2   ( -1,   0,  -2)  0.0975   (-3.810, -7.620, -0.000)  8.519 
J_iso:  0.0975 
Orbital contributions:
 isotropic J:
 [[ 0.001 -0.     0.     0.     0.009]
 [-0.     0.     0.    -0.     0.   ]
 [-0.     0.    -0.003  0.    -0.   ]
 [ 0.     0.     0.     0.001  0.043]
 [ 0.009  0.     0.     0.043 -0.005]] 
----------------------------------------------------------------------------------------
   Mn1   Mn2   ( -1,   1,  -2)  0.0975   (-0.000, -7.620,  3.810)  8.519 
J_iso:  0.0975 
Orbital contributions:
 isotropic J:
 [[-0.001 -0.     0.017  0.001  0.   ]
 [ 0.     0.    -0.    -0.     0.   ]
 [ 0.017 -0.    -0.005  0.035  0.   ]
 [ 0.001  0.     0.035 -0.     0.   ]
 [ 0.     0.    -0.    -0.    -0.003]] 
----------------------------------------------------------------------------------------
   Mn1   Mn2   (  0,  -2,  -1)  0.0975   (-7.620, -0.000, -3.810)  8.519 
J_iso:  0.0975 
Orbital contributions:
 isotropic J:
 [[-0.001  0.017 -0.     0.001  0.   ]
 [ 0.017 -0.005 -0.     0.035  0.   ]
 [ 0.     0.     0.    -0.     0.   ]
 [ 0.001  0.035 -0.    -0.    -0.   ]
 [-0.     0.     0.     0.    -0.003]] 
----------------------------------------------------------------------------------------
   Mn1   Mn2   (  0,  -1,  -2)  0.0975   (-7.620, -3.810, -0.000)  8.519 
J_iso:  0.0975 
Orbital contributions:
 isotropic J:
 [[ 0.001  0.    -0.     0.     0.009]
 [-0.    -0.003  0.     0.    -0.   ]
 [ 0.     0.     0.     0.     0.   ]
 [ 0.     0.    -0.     0.001  0.043]
 [ 0.009  0.     0.     0.043 -0.005]] 
----------------------------------------------------------------------------------------
   Mn1   Mn2   (  1,  -2,  -1)  0.0975   (-7.620,  3.810, -0.000)  8.519 
J_iso:  0.0975 
Orbital contributions:
 isotropic J:
 [[ 0.001 -0.    -0.     0.     0.009]
 [ 0.    -0.003  0.     0.     0.   ]
 [-0.     0.     0.    -0.    -0.   ]
 [ 0.     0.    -0.     0.001  0.043]
 [ 0.009  0.     0.     0.043 -0.005]] 
----------------------------------------------------------------------------------------
   Mn1   Mn2   (  1,  -1,  -2)  0.0975   (-7.620, -0.000,  3.810)  8.519 
J_iso:  0.0975 
Orbital contributions:
 isotropic J:
 [[-0.001  0.017  0.     0.001  0.   ]
 [ 0.017 -0.005 -0.     0.035  0.   ]
 [ 0.     0.     0.     0.     0.   ]
 [ 0.001  0.035  0.    -0.     0.   ]
 [-0.     0.     0.     0.    -0.003]] 
----------------------------------------------------------------------------------------
   Mn1   Mn1   ( -2,   0,   1)  0.0005   ( 3.810, -3.810, -7.620)  9.333 
J_iso:  0.0005 
Orbital contributions:
 isotropic J:
 [[-0.  0.  0.  0. -0.]
 [ 0.  0. -0. -0.  0.]
 [ 0. -0.  0. -0.  0.]
 [ 0. -0. -0.  0.  0.]
 [-0.  0.  0. -0.  0.]] 
----------------------------------------------------------------------------------------
   Mn2   Mn2   ( -2,   0,   1)  0.0005   ( 3.810, -3.810, -7.620)  9.333 
J_iso:  0.0005 
Orbital contributions:
 isotropic J:
 [[-0.  0.  0.  0. -0.]
 [ 0.  0. -0. -0.  0.]
 [ 0. -0.  0. -0.  0.]
 [ 0. -0. -0.  0.  0.]
 [-0.  0.  0.  0.  0.]] 
----------------------------------------------------------------------------------------
   Mn1   Mn1   ( -2,   1,   0)  0.0005   ( 3.810, -7.620, -3.810)  9.333 
J_iso:  0.0005 
Orbital contributions:
 isotropic J:
 [[ 0. -0. -0. -0.  0.]
 [-0.  0.  0. -0.  0.]
 [-0.  0.  0.  0. -0.]
 [-0. -0.  0. -0.  0.]
 [ 0.  0. -0.  0.  0.]] 
----------------------------------------------------------------------------------------
   Mn2   Mn2   ( -2,   1,   0)  0.0005   ( 3.810, -7.620, -3.810)  9.333 
J_iso:  0.0005 
Orbital contributions:
 isotropic J:
 [[ 0. -0. -0. -0.  0.]
 [-0.  0.  0. -0.  0.]
 [-0.  0.  0.  0. -0.]
 [-0. -0.  0. -0.  0.]
 [ 0.  0. -0.  0.  0.]] 
----------------------------------------------------------------------------------------
   Mn1   Mn1   ( -2,   1,   1)  0.0005   ( 7.620, -3.810, -3.810)  9.333 
J_iso:  0.0005 
Orbital contributions:
 isotropic J:
 [[ 0. -0. -0. -0.  0.]
 [-0.  0.  0.  0. -0.]
 [-0.  0.  0. -0.  0.]
 [-0.  0. -0. -0.  0.]
 [ 0. -0.  0.  0.  0.]] 
----------------------------------------------------------------------------------------
   Mn2   Mn2   ( -2,   1,   1)  0.0005   ( 7.620, -3.810, -3.810)  9.333 
J_iso:  0.0005 
Orbital contributions:
 isotropic J:
 [[ 0. -0. -0. -0.  0.]
 [-0.  0.  0.  0. -0.]
 [-0.  0.  0. -0.  0.]
 [-0.  0. -0. -0.  0.]
 [ 0. -0.  0.  0.  0.]] 
----------------------------------------------------------------------------------------
   Mn1   Mn1   ( -1,  -1,   0)  0.0005   (-3.810, -3.810, -7.620)  9.333 
J_iso:  0.0005 
Orbital contributions:
 isotropic J:
 [[-0.  0.  0. -0. -0.]
 [ 0.  0. -0. -0.  0.]
 [ 0. -0.  0. -0.  0.]
 [-0. -0. -0.  0. -0.]
 [-0.  0.  0. -0.  0.]] 
----------------------------------------------------------------------------------------
   Mn2   Mn2   ( -1,  -1,   0)  0.0005   (-3.810, -3.810, -7.620)  9.333 
J_iso:  0.0005 
Orbital contributions:
 isotropic J:
 [[-0.  0.  0.  0. -0.]
 [ 0.  0. -0. -0.  0.]
 [ 0. -0.  0. -0.  0.]
 [ 0. -0. -0.  0. -0.]
 [-0.  0.  0.  0.  0.]] 
----------------------------------------------------------------------------------------
   Mn1   Mn1   ( -1,  -1,   2)  0.0005   ( 3.810,  3.810, -7.620)  9.333 
J_iso:  0.0005 
Orbital contributions:
 isotropic J:
 [[-0.  0.  0.  0. -0.]
 [ 0.  0. -0. -0.  0.]
 [ 0. -0.  0. -0.  0.]
 [ 0. -0. -0.  0.  0.]
 [-0.  0.  0.  0.  0.]] 
----------------------------------------------------------------------------------------
   Mn2   Mn2   ( -1,  -1,   2)  0.0005   ( 3.810,  3.810, -7.620)  9.333 
J_iso:  0.0005 
Orbital contributions:
 isotropic J:
 [[-0.  0.  0.  0. -0.]
 [ 0.  0. -0. -0.  0.]
 [ 0. -0.  0. -0.  0.]
 [ 0. -0. -0.  0.  0.]
 [-0.  0.  0. -0.  0.]] 
----------------------------------------------------------------------------------------
   Mn1   Mn1   ( -1,   0,  -1)  0.0005   (-3.810, -7.620, -3.810)  9.333 
J_iso:  0.0005 
Orbital contributions:
 isotropic J:
 [[ 0. -0. -0. -0.  0.]
 [-0.  0.  0. -0.  0.]
 [-0.  0.  0.  0. -0.]
 [-0. -0.  0. -0.  0.]
 [ 0.  0. -0.  0.  0.]] 
----------------------------------------------------------------------------------------
   Mn2   Mn2   ( -1,   0,  -1)  0.0005   (-3.810, -7.620, -3.810)  9.333 
J_iso:  0.0005 
Orbital contributions:
 isotropic J:
 [[ 0. -0. -0. -0.  0.]
 [-0.  0.  0. -0.  0.]
 [-0.  0.  0.  0. -0.]
 [-0. -0.  0. -0.  0.]
 [ 0.  0. -0.  0.  0.]] 
----------------------------------------------------------------------------------------
   Mn1   Mn1   ( -1,   0,   2)  0.0005   ( 7.620,  3.810, -3.810)  9.333 
J_iso:  0.0005 
Orbital contributions:
 isotropic J:
 [[ 0. -0. -0. -0.  0.]
 [-0.  0.  0.  0. -0.]
 [-0.  0.  0. -0.  0.]
 [-0.  0. -0. -0.  0.]
 [ 0. -0.  0.  0.  0.]] 
----------------------------------------------------------------------------------------
   Mn2   Mn2   ( -1,   0,   2)  0.0005   ( 7.620,  3.810, -3.810)  9.333 
J_iso:  0.0005 
Orbital contributions:
 isotropic J:
 [[ 0. -0. -0. -0.  0.]
 [-0.  0.  0.  0. -0.]
 [-0.  0.  0. -0.  0.]
 [-0.  0. -0. -0.  0.]
 [ 0. -0.  0.  0.  0.]] 
----------------------------------------------------------------------------------------
   Mn1   Mn1   ( -1,   2,  -1)  0.0005   ( 3.810, -7.620,  3.810)  9.333 
J_iso:  0.0005 
Orbital contributions:
 isotropic J:
 [[ 0. -0. -0. -0.  0.]
 [-0.  0.  0. -0.  0.]
 [-0.  0.  0.  0. -0.]
 [-0. -0.  0. -0.  0.]
 [ 0.  0. -0.  0.  0.]] 
----------------------------------------------------------------------------------------
   Mn2   Mn2   ( -1,   2,  -1)  0.0005   ( 3.810, -7.620,  3.810)  9.333 
J_iso:  0.0005 
Orbital contributions:
 isotropic J:
 [[ 0. -0. -0. -0.  0.]
 [-0.  0.  0. -0.  0.]
 [-0.  0.  0.  0. -0.]
 [-0. -0.  0. -0.  0.]
 [ 0.  0. -0.  0.  0.]] 
----------------------------------------------------------------------------------------
   Mn1   Mn1   ( -1,   2,   0)  0.0005   ( 7.620, -3.810,  3.810)  9.333 
J_iso:  0.0005 
Orbital contributions:
 isotropic J:
 [[ 0. -0. -0. -0.  0.]
 [-0.  0.  0.  0. -0.]
 [-0.  0.  0. -0.  0.]
 [-0.  0. -0. -0.  0.]
 [ 0. -0.  0.  0.  0.]] 
----------------------------------------------------------------------------------------
   Mn1   Mn1   (  0,  -2,   1)  0.0005   (-3.810,  3.810, -7.620)  9.333 
J_iso:  0.0005 
Orbital contributions:
 isotropic J:
 [[-0.  0.  0.  0. -0.]
 [ 0.  0. -0. -0.  0.]
 [ 0. -0.  0. -0.  0.]
 [ 0. -0. -0.  0.  0.]
 [-0.  0.  0.  0.  0.]] 
----------------------------------------------------------------------------------------
   Mn2   Mn2   (  0,  -2,   1)  0.0005   (-3.810,  3.810, -7.620)  9.333 
J_iso:  0.0005 
Orbital contributions:
 isotropic J:
 [[-0.  0.  0.  0. -0.]
 [ 0.  0. -0. -0.  0.]
 [ 0. -0.  0. -0.  0.]
 [ 0. -0. -0.  0.  0.]
 [-0.  0.  0. -0.  0.]] 
----------------------------------------------------------------------------------------
   Mn1   Mn1   (  0,  -1,  -1)  0.0005   (-7.620, -3.810, -3.810)  9.333 
J_iso:  0.0005 
Orbital contributions:
 isotropic J:
 [[ 0. -0. -0. -0.  0.]
 [-0.  0.  0.  0. -0.]
 [-0.  0.  0. -0.  0.]
 [-0.  0. -0. -0.  0.]
 [ 0. -0.  0.  0.  0.]] 
----------------------------------------------------------------------------------------
   Mn2   Mn2   (  0,  -1,  -1)  0.0005   (-7.620, -3.810, -3.810)  9.333 
J_iso:  0.0005 
Orbital contributions:
 isotropic J:
 [[ 0. -0. -0. -0.  0.]
 [-0.  0.  0.  0. -0.]
 [-0.  0.  0. -0.  0.]
 [-0.  0. -0. -0.  0.]
 [ 0. -0.  0.  0.  0.]] 
----------------------------------------------------------------------------------------
   Mn1   Mn1   (  0,  -1,   2)  0.0005   ( 3.810,  7.620, -3.810)  9.333 
J_iso:  0.0005 
Orbital contributions:
 isotropic J:
 [[ 0. -0. -0. -0.  0.]
 [-0.  0.  0. -0.  0.]
 [-0.  0.  0.  0. -0.]
 [-0. -0.  0. -0.  0.]
 [ 0.  0. -0.  0.  0.]] 
----------------------------------------------------------------------------------------
   Mn2   Mn2   (  0,  -1,   2)  0.0005   ( 3.810,  7.620, -3.810)  9.333 
J_iso:  0.0005 
Orbital contributions:
 isotropic J:
 [[ 0. -0. -0. -0.  0.]
 [-0.  0.  0. -0.  0.]
 [-0.  0.  0.  0. -0.]
 [-0. -0.  0. -0.  0.]
 [ 0.  0. -0.  0.  0.]] 
----------------------------------------------------------------------------------------
   Mn1   Mn1   (  0,   1,  -2)  0.0005   (-3.810, -7.620,  3.810)  9.333 
J_iso:  0.0005 
Orbital contributions:
 isotropic J:
 [[ 0. -0. -0. -0.  0.]
 [-0.  0.  0. -0.  0.]
 [-0.  0.  0.  0. -0.]
 [-0. -0.  0. -0.  0.]
 [ 0.  0. -0.  0.  0.]] 
----------------------------------------------------------------------------------------
   Mn2   Mn2   (  0,   1,  -2)  0.0005   (-3.810, -7.620,  3.810)  9.333 
J_iso:  0.0005 
Orbital contributions:
 isotropic J:
 [[ 0. -0. -0. -0.  0.]
 [-0.  0.  0. -0.  0.]
 [-0.  0.  0.  0. -0.]
 [-0. -0.  0. -0.  0.]
 [ 0.  0. -0.  0.  0.]] 
----------------------------------------------------------------------------------------
   Mn1   Mn1   (  0,   1,   1)  0.0005   ( 7.620,  3.810,  3.810)  9.333 
J_iso:  0.0005 
Orbital contributions:
 isotropic J:
 [[ 0. -0. -0. -0.  0.]
 [-0.  0.  0.  0. -0.]
 [-0.  0.  0. -0.  0.]
 [-0.  0. -0. -0.  0.]
 [ 0. -0.  0.  0.  0.]] 
----------------------------------------------------------------------------------------
   Mn1   Mn1   (  0,   2,  -1)  0.0005   ( 3.810, -3.810,  7.620)  9.333 
J_iso:  0.0005 
Orbital contributions:
 isotropic J:
 [[-0.  0.  0.  0. -0.]
 [ 0.  0. -0. -0.  0.]
 [ 0. -0.  0. -0.  0.]
 [ 0. -0. -0.  0.  0.]
 [-0.  0.  0.  0.  0.]] 
----------------------------------------------------------------------------------------
   Mn1   Mn1   (  1,  -2,   0)  0.0005   (-7.620,  3.810, -3.810)  9.333 
J_iso:  0.0005 
Orbital contributions:
 isotropic J:
 [[ 0. -0. -0. -0.  0.]
 [-0.  0.  0.  0. -0.]
 [-0.  0.  0. -0.  0.]
 [-0.  0. -0. -0.  0.]
 [ 0. -0.  0.  0.  0.]] 
----------------------------------------------------------------------------------------
   Mn2   Mn2   (  1,  -2,   0)  0.0005   (-7.620,  3.810, -3.810)  9.333 
J_iso:  0.0005 
Orbital contributions:
 isotropic J:
 [[ 0. -0. -0. -0.  0.]
 [-0.  0.  0.  0. -0.]
 [-0.  0.  0. -0.  0.]
 [-0.  0. -0. -0.  0.]
 [ 0. -0.  0.  0.  0.]] 
----------------------------------------------------------------------------------------
   Mn1   Mn1   (  1,  -2,   1)  0.0005   (-3.810,  7.620, -3.810)  9.333 
J_iso:  0.0005 
Orbital contributions:
 isotropic J:
 [[ 0. -0. -0. -0.  0.]
 [-0.  0.  0. -0.  0.]
 [-0.  0.  0.  0. -0.]
 [-0. -0.  0. -0.  0.]
 [ 0.  0. -0.  0.  0.]] 
----------------------------------------------------------------------------------------
   Mn2   Mn2   (  1,  -2,   1)  0.0005   (-3.810,  7.620, -3.810)  9.333 
J_iso:  0.0005 
Orbital contributions:
 isotropic J:
 [[ 0. -0. -0. -0.  0.]
 [-0.  0.  0. -0.  0.]
 [-0.  0.  0.  0. -0.]
 [-0. -0.  0. -0.  0.]
 [ 0.  0. -0.  0.  0.]] 
----------------------------------------------------------------------------------------
   Mn1   Mn1   (  1,   0,  -2)  0.0005   (-7.620, -3.810,  3.810)  9.333 
J_iso:  0.0005 
Orbital contributions:
 isotropic J:
 [[ 0. -0. -0. -0.  0.]
 [-0.  0.  0.  0. -0.]
 [-0.  0.  0. -0.  0.]
 [-0.  0. -0. -0.  0.]
 [ 0. -0.  0.  0.  0.]] 
----------------------------------------------------------------------------------------
   Mn2   Mn2   (  1,   0,  -2)  0.0005   (-7.620, -3.810,  3.810)  9.333 
J_iso:  0.0005 
Orbital contributions:
 isotropic J:
 [[ 0. -0. -0. -0.  0.]
 [-0.  0.  0.  0. -0.]
 [-0.  0.  0. -0.  0.]
 [-0.  0. -0. -0.  0.]
 [ 0. -0.  0.  0.  0.]] 
----------------------------------------------------------------------------------------
   Mn1   Mn1   (  1,   0,   1)  0.0005   ( 3.810,  7.620,  3.810)  9.333 
J_iso:  0.0005 
Orbital contributions:
 isotropic J:
 [[ 0. -0. -0. -0.  0.]
 [-0.  0.  0. -0.  0.]
 [-0.  0.  0.  0. -0.]
 [-0. -0.  0. -0.  0.]
 [ 0.  0. -0.  0.  0.]] 
----------------------------------------------------------------------------------------
   Mn1   Mn1   (  1,   1,  -2)  0.0005   (-3.810, -3.810,  7.620)  9.333 
J_iso:  0.0005 
Orbital contributions:
 isotropic J:
 [[-0.  0.  0.  0. -0.]
 [ 0.  0. -0. -0.  0.]
 [ 0. -0.  0. -0.  0.]
 [ 0. -0. -0.  0.  0.]
 [-0.  0.  0.  0.  0.]] 
----------------------------------------------------------------------------------------
   Mn2   Mn2   (  1,   1,  -2)  0.0005   (-3.810, -3.810,  7.620)  9.333 
J_iso:  0.0005 
Orbital contributions:
 isotropic J:
 [[-0.  0.  0.  0. -0.]
 [ 0.  0. -0. -0.  0.]
 [ 0. -0.  0. -0.  0.]
 [ 0. -0. -0.  0. -0.]
 [-0.  0.  0.  0.  0.]] 
----------------------------------------------------------------------------------------
   Mn1   Mn1   (  1,   1,   0)  0.0005   ( 3.810,  3.810,  7.620)  9.333 
J_iso:  0.0005 
Orbital contributions:
 isotropic J:
 [[-0.  0.  0. -0. -0.]
 [ 0.  0. -0. -0.  0.]
 [ 0. -0.  0. -0.  0.]
 [-0. -0. -0.  0. -0.]
 [-0.  0.  0. -0.  0.]] 
----------------------------------------------------------------------------------------
   Mn1   Mn1   (  2,  -1,  -1)  0.0005   (-7.620,  3.810,  3.810)  9.333 
J_iso:  0.0005 
Orbital contributions:
 isotropic J:
 [[ 0. -0. -0. -0.  0.]
 [-0.  0.  0.  0. -0.]
 [-0.  0.  0. -0.  0.]
 [-0.  0. -0. -0.  0.]
 [ 0. -0.  0.  0.  0.]] 
----------------------------------------------------------------------------------------
   Mn2   Mn2   (  2,  -1,  -1)  0.0005   (-7.620,  3.810,  3.810)  9.333 
J_iso:  0.0005 
Orbital contributions:
 isotropic J:
 [[ 0. -0. -0. -0.  0.]
 [-0.  0.  0.  0. -0.]
 [-0.  0.  0. -0.  0.]
 [-0.  0. -0. -0.  0.]
 [ 0. -0.  0.  0.  0.]] 
----------------------------------------------------------------------------------------
   Mn1   Mn1   (  2,  -1,   0)  0.0005   (-3.810,  7.620,  3.810)  9.333 
J_iso:  0.0005 
Orbital contributions:
 isotropic J:
 [[ 0. -0. -0. -0.  0.]
 [-0.  0.  0. -0.  0.]
 [-0.  0.  0.  0. -0.]
 [-0. -0.  0. -0.  0.]
 [ 0.  0. -0.  0.  0.]] 
----------------------------------------------------------------------------------------
   Mn1   Mn1   (  2,   0,  -1)  0.0005   (-3.810,  3.810,  7.620)  9.333 
J_iso:  0.0005 
Orbital contributions:
 isotropic J:
 [[-0.  0.  0.  0. -0.]
 [ 0.  0. -0. -0.  0.]
 [ 0. -0.  0. -0.  0.]
 [ 0. -0. -0.  0. -0.]
 [-0.  0.  0.  0.  0.]] 
----------------------------------------------------------------------------------------
   Mn2   Mn2   ( -1,   2,   0)  0.0005   ( 7.620, -3.810,  3.810)  9.333 
J_iso:  0.0005 
Orbital contributions:
 isotropic J:
 [[ 0. -0. -0. -0.  0.]
 [-0.  0.  0.  0. -0.]
 [-0.  0.  0. -0.  0.]
 [-0.  0. -0. -0.  0.]
 [ 0. -0.  0.  0.  0.]] 
----------------------------------------------------------------------------------------
   Mn2   Mn2   (  0,   1,   1)  0.0005   ( 7.620,  3.810,  3.810)  9.333 
J_iso:  0.0005 
Orbital contributions:
 isotropic J:
 [[ 0. -0. -0. -0.  0.]
 [-0.  0.  0.  0. -0.]
 [-0.  0.  0. -0.  0.]
 [-0.  0. -0. -0.  0.]
 [ 0. -0.  0.  0.  0.]] 
----------------------------------------------------------------------------------------
   Mn2   Mn2   (  0,   2,  -1)  0.0005   ( 3.810, -3.810,  7.620)  9.333 
J_iso:  0.0005 
Orbital contributions:
 isotropic J:
 [[-0.  0.  0.  0. -0.]
 [ 0.  0. -0. -0.  0.]
 [ 0. -0.  0. -0.  0.]
 [ 0. -0. -0.  0. -0.]
 [-0.  0.  0.  0.  0.]] 
----------------------------------------------------------------------------------------
   Mn2   Mn2   (  1,   0,   1)  0.0005   ( 3.810,  7.620,  3.810)  9.333 
J_iso:  0.0005 
Orbital contributions:
 isotropic J:
 [[ 0. -0. -0. -0.  0.]
 [-0.  0.  0. -0.  0.]
 [-0.  0.  0.  0. -0.]
 [-0. -0.  0. -0.  0.]
 [ 0.  0. -0.  0.  0.]] 
----------------------------------------------------------------------------------------
   Mn2   Mn2   (  1,   1,   0)  0.0005   ( 3.810,  3.810,  7.620)  9.333 
J_iso:  0.0005 
Orbital contributions:
 isotropic J:
 [[-0.  0.  0.  0. -0.]
 [ 0.  0. -0. -0.  0.]
 [ 0. -0.  0. -0.  0.]
 [ 0. -0. -0.  0.  0.]
 [-0.  0.  0. -0.  0.]] 
----------------------------------------------------------------------------------------
   Mn2   Mn2   (  2,  -1,   0)  0.0005   (-3.810,  7.620,  3.810)  9.333 
J_iso:  0.0005 
Orbital contributions:
 isotropic J:
 [[ 0. -0. -0. -0.  0.]
 [-0.  0.  0. -0.  0.]
 [-0.  0.  0.  0. -0.]
 [-0. -0.  0. -0.  0.]
 [ 0.  0. -0.  0.  0.]] 
----------------------------------------------------------------------------------------
   Mn2   Mn2   (  2,   0,  -1)  0.0005   (-3.810,  3.810,  7.620)  9.333 
J_iso:  0.0005 
Orbital contributions:
 isotropic J:
 [[-0.  0.  0.  0. -0.]
 [ 0.  0. -0. -0.  0.]
 [ 0. -0.  0. -0.  0.]
 [ 0. -0. -0.  0.  0.]
 [-0.  0.  0.  0.  0.]] 
